---------------------------------------------------------------
[ 2020-09-16T22:59:53+08:00 ] 0.0.0.0 GET localhost/shop/
[运行时间：1.279807s] [吞吐率：0.78req/s] [内存消耗：3,018.27kb] [文件加载：65]
[ info ] [ LANG ] D:\phpStudy\WWW\shop\thinkphp\lang\zh-cn.php
[ info ] [ ROUTE ] array (
  'type' => 'module',
  'module' => 
  array (
    0 => '',
    1 => NULL,
    2 => NULL,
  ),
)
[ info ] [ HEADER ] array (
  'cookie' => 'username=V1BVXVs; password=BwYLAABT; cart=a%3A1%3A%7Bs%3A8%3A%2240-64%2C65%22%3Bs%3A1%3A%221%22%3B%7D',
  'accept-language' => 'zh-CN,zh;q=0.9,zh-TW;q=0.8,en-US;q=0.7,en;q=0.6',
  'accept-encoding' => 'gzip, deflate, br',
  'referer' => 'http://localhost/',
  'sec-fetch-mode' => 'navigate',
  'sec-fetch-site' => 'same-origin',
  'accept' => 'text/html,application/xhtml+xml,application/xml;q=0.9,image/webp,image/apng,*/*;q=0.8,application/signed-exchange;v=b3',
  'sec-fetch-user' => '?1',
  'user-agent' => 'Mozilla/5.0 (Windows NT 10.0; WOW64) AppleWebKit/537.36 (KHTML, like Gecko) Chrome/78.0.3904.87 Safari/537.36',
  'upgrade-insecure-requests' => '1',
  'connection' => 'close',
  'host' => 'localhost',
)
[ info ] [ PARAM ] array (
)
[ info ] [ DB ] INIT mysql
[ info ] [ CACHE ] INIT File
[ info ] [ RUN ] app\index\controller\Index->index[ D:\phpStudy\WWW\shop\application\index\controller\Index.php ]
[ info ] [ VIEW ] D:\phpStudy\WWW\shop/application/index\view\index\index.htm [ array (
  0 => 'helpCateRes',
  1 => 'shopInfoRes',
  2 => 'navRes',
  3 => 'configs',
  4 => 'cateRes',
  5 => 'show_right',
  6 => 'show_nav',
  7 => 'indexGoodsRes',
  8 => 'anment',
  9 => 'salesRes',
  10 => 'alterImg',
) ]
[ info ] [ LOG ] INIT File
[ sql ] [ DB ] CONNECT:[ UseTime:0.092372s ] mysql:host=127.0.0.1;dbname=tpshop;charset=utf8
[ sql ] [ SQL ] SHOW COLUMNS FROM `tp_cate` [ RunTime:0.045170s ]
[ sql ] [ SQL ] SELECT * FROM `tp_cate` WHERE  `cate_type` = 3 ORDER BY `id` ASC [ RunTime:0.024379s ]
[ sql ] [ SQL ] SHOW COLUMNS FROM `tp_article` [ RunTime:0.001082s ]
[ sql ] [ SQL ] SELECT * FROM `tp_article` WHERE  `cate_id` = 4 [ RunTime:0.016105s ]
[ sql ] [ SQL ] SELECT * FROM `tp_article` WHERE  `cate_id` = 52 [ RunTime:0.000732s ]
[ sql ] [ SQL ] SELECT * FROM `tp_article` WHERE  `cate_id` = 62 [ RunTime:0.000737s ]
[ sql ] [ SQL ] SELECT * FROM `tp_article` WHERE  `cate_id` = 63 [ RunTime:0.000583s ]
[ sql ] [ SQL ] SELECT `id`,`title` FROM `tp_article` WHERE  `cate_id` = 3 [ RunTime:0.000635s ]
[ sql ] [ SQL ] SHOW COLUMNS FROM `tp_nav` [ RunTime:0.000918s ]
[ sql ] [ SQL ] SELECT * FROM `tp_nav` ORDER BY `sort` DESC [ RunTime:0.000534s ]
[ sql ] [ SQL ] SHOW COLUMNS FROM `tp_conf` [ RunTime:0.000961s ]
[ sql ] [ SQL ] SELECT `ename`,`value` FROM `tp_conf` [ RunTime:0.000724s ]
[ sql ] [ SQL ] SHOW COLUMNS FROM `tp_category` [ RunTime:0.001009s ]
[ sql ] [ SQL ] SELECT * FROM `tp_category` WHERE  `pid` = 0 [ RunTime:0.026056s ]
[ sql ] [ SQL ] SELECT * FROM `tp_category` WHERE  `pid` = 15 [ RunTime:0.000524s ]
[ sql ] [ SQL ] SELECT * FROM `tp_category` WHERE  `pid` = 32 [ RunTime:0.000511s ]
[ sql ] [ SQL ] SELECT * FROM `tp_category` WHERE  `pid` = 37 [ RunTime:0.000471s ]
[ sql ] [ SQL ] SELECT * FROM `tp_category` WHERE  `pid` = 54 [ RunTime:0.000401s ]
[ sql ] [ SQL ] SHOW COLUMNS FROM `tp_alternate_img` [ RunTime:0.001135s ]
[ sql ] [ SQL ] SELECT * FROM `tp_alternate_img` WHERE  `status` = 1 ORDER BY `sort` DESC [ RunTime:0.017010s ]
[ sql ] [ SQL ] SELECT * FROM `tp_article` WHERE  `cate_id` = 66 LIMIT 3 [ RunTime:0.001062s ]
[ sql ] [ SQL ] SELECT * FROM `tp_article` WHERE  `cate_id` = 72 LIMIT 3 [ RunTime:0.000557s ]
[ sql ] [ SQL ] SHOW COLUMNS FROM `tp_rec_item` [ RunTime:0.001391s ]
[ sql ] [ SQL ] SELECT * FROM `tp_rec_item` WHERE  `value_type` = 1  AND `recpos_id` = 7 [ RunTime:0.000543s ]
[ sql ] [ SQL ] SHOW COLUMNS FROM `tp_goods` [ RunTime:0.000998s ]
[ sql ] [ SQL ] SELECT `id`,`mid_thumb`,`goods_name`,`shop_price`,`markte_price` FROM `tp_goods` WHERE  `id` IN (21,30,34,36,35,29,33,32,31,28,26,24,25,20,7,40) LIMIT 20 [ RunTime:0.064291s ]
[ sql ] [ SQL ] SELECT * FROM `tp_rec_item` WHERE  `recpos_id` = 4  AND `value_type` = 2 [ RunTime:0.001167s ]
[ sql ] [ SQL ] SELECT * FROM `tp_category` WHERE  `id` = 47  AND `pid` = 0 LIMIT 1 [ RunTime:0.016013s ]
[ sql ] [ SQL ] SELECT * FROM `tp_category` WHERE  `id` = 33  AND `pid` = 0 LIMIT 1 [ RunTime:0.000445s ]
[ sql ] [ SQL ] SELECT * FROM `tp_category` WHERE  `id` = 38  AND `pid` = 0 LIMIT 1 [ RunTime:0.000391s ]
[ sql ] [ SQL ] SELECT * FROM `tp_category` WHERE  `id` = 37  AND `pid` = 0 LIMIT 1 [ RunTime:0.000379s ]
[ sql ] [ SQL ] SELECT * FROM `tp_category` WHERE  `id` = 32  AND `pid` = 0 LIMIT 1 [ RunTime:0.000346s ]
[ sql ] [ SQL ] SELECT * FROM `tp_category` WHERE  `id` = 15  AND `pid` = 0 LIMIT 1 [ RunTime:0.000411s ]
[ sql ] [ SQL ] SELECT * FROM `tp_category` WHERE  `id` = 39  AND `pid` = 0 LIMIT 1 [ RunTime:0.000326s ]
[ sql ] [ SQL ] SELECT * FROM `tp_category` WHERE  `id` = 16  AND `pid` = 0 LIMIT 1 [ RunTime:0.000364s ]
[ sql ] [ SQL ] SELECT * FROM `tp_category` WHERE  `id` = 17  AND `pid` = 0 LIMIT 1 [ RunTime:0.000402s ]
[ sql ] [ SQL ] SELECT * FROM `tp_category` WHERE  `id` = 28  AND `pid` = 0 LIMIT 1 [ RunTime:0.000288s ]
[ sql ] [ SQL ] SELECT * FROM `tp_category` WHERE  `id` = 54  AND `pid` = 0 LIMIT 1 [ RunTime:0.000398s ]
[ sql ] [ SQL ] SELECT * FROM `tp_category` WHERE  `id` = 55  AND `pid` = 0 LIMIT 1 [ RunTime:0.000314s ]
[ sql ] [ SQL ] SELECT * FROM `tp_rec_item` WHERE  `recpos_id` = 4  AND `value_type` = 2 [ RunTime:0.000310s ]
[ sql ] [ SQL ] SELECT * FROM `tp_category` WHERE  `id` = 47  AND `pid` = 37 LIMIT 1 [ RunTime:0.000358s ]
[ sql ] [ SQL ] SELECT * FROM `tp_category` WHERE  `id` = 33  AND `pid` = 37 LIMIT 1 [ RunTime:0.000390s ]
[ sql ] [ SQL ] SELECT * FROM `tp_category` WHERE  `id` = 38  AND `pid` = 37 LIMIT 1 [ RunTime:0.000321s ]
[ sql ] [ SQL ] SELECT * FROM `tp_category` WHERE  `id` = 37  AND `pid` = 37 LIMIT 1 [ RunTime:0.000423s ]
[ sql ] [ SQL ] SELECT * FROM `tp_category` WHERE  `id` = 32  AND `pid` = 37 LIMIT 1 [ RunTime:0.000821s ]
[ sql ] [ SQL ] SELECT * FROM `tp_category` WHERE  `id` = 15  AND `pid` = 37 LIMIT 1 [ RunTime:0.000372s ]
[ sql ] [ SQL ] SELECT * FROM `tp_category` WHERE  `id` = 39  AND `pid` = 37 LIMIT 1 [ RunTime:0.000428s ]
[ sql ] [ SQL ] SELECT * FROM `tp_category` WHERE  `id` = 16  AND `pid` = 37 LIMIT 1 [ RunTime:0.000541s ]
[ sql ] [ SQL ] SELECT * FROM `tp_category` WHERE  `id` = 17  AND `pid` = 37 LIMIT 1 [ RunTime:0.000599s ]
[ sql ] [ SQL ] SELECT * FROM `tp_category` WHERE  `id` = 28  AND `pid` = 37 LIMIT 1 [ RunTime:0.000589s ]
[ sql ] [ SQL ] SELECT * FROM `tp_category` WHERE  `id` = 54  AND `pid` = 37 LIMIT 1 [ RunTime:0.000686s ]
[ sql ] [ SQL ] SELECT * FROM `tp_category` WHERE  `id` = 55  AND `pid` = 37 LIMIT 1 [ RunTime:0.000368s ]
[ sql ] [ SQL ] SELECT `id`,`pid` FROM `tp_category` [ RunTime:0.000483s ]
[ sql ] [ SQL ] SELECT * FROM `tp_rec_item` WHERE  `value_type` = 1  AND `recpos_id` = 6 [ RunTime:0.000361s ]
[ sql ] [ SQL ] SELECT * FROM `tp_goods` WHERE  `category_id` IN (44,45,46,38)  AND `id` IN (15,29,31,32,33,34,36,40) ORDER BY `id` DESC LIMIT 6 [ RunTime:0.022168s ]
[ sql ] [ SQL ] SELECT `id`,`pid` FROM `tp_category` [ RunTime:0.000404s ]
[ sql ] [ SQL ] SELECT * FROM `tp_rec_item` WHERE  `value_type` = 1  AND `recpos_id` = 6 [ RunTime:0.000404s ]
[ sql ] [ SQL ] SELECT * FROM `tp_goods` WHERE  `category_id` IN (40,41,42,43,39)  AND `id` IN (15,29,31,32,33,34,36,40) ORDER BY `id` DESC LIMIT 6 [ RunTime:0.000457s ]
[ sql ] [ SQL ] SELECT `id`,`pid` FROM `tp_category` [ RunTime:0.000341s ]
[ sql ] [ SQL ] SELECT * FROM `tp_rec_item` WHERE  `value_type` = 1  AND `recpos_id` = 3 [ RunTime:0.000432s ]
[ sql ] [ SQL ] SELECT * FROM `tp_goods` WHERE  `category_id` IN (38,44,45,46,39,40,41,42,43,37)  AND `id` IN (17,20,22,23,24,25,26,27,7,28,29,30,31,35,21,39,40) ORDER BY `id` DESC LIMIT 6 [ RunTime:0.000895s ]
[ sql ] [ SQL ] SHOW COLUMNS FROM `tp_category_brands` [ RunTime:0.000724s ]
[ sql ] [ SQL ] SELECT * FROM `tp_category_brands` WHERE  `category_id` = 37 LIMIT 1 [ RunTime:0.000512s ]
[ sql ] [ SQL ] SHOW COLUMNS FROM `tp_brand` [ RunTime:0.000657s ]
[ sql ] [ SQL ] SELECT * FROM `tp_brand` WHERE  `id` = 27 LIMIT 1 [ RunTime:0.006744s ]
[ sql ] [ SQL ] SELECT * FROM `tp_brand` WHERE  `id` = 28 LIMIT 1 [ RunTime:0.000489s ]
[ sql ] [ SQL ] SHOW COLUMNS FROM `tp_category_ad` [ RunTime:0.001027s ]
[ sql ] [ SQL ] SELECT * FROM `tp_category_ad` WHERE  `category_id` = 37 [ RunTime:0.022914s ]
[ sql ] [ SQL ] SELECT * FROM `tp_rec_item` WHERE  `recpos_id` = 4  AND `value_type` = 2 [ RunTime:0.000500s ]
[ sql ] [ SQL ] SELECT * FROM `tp_category` WHERE  `id` = 47  AND `pid` = 32 LIMIT 1 [ RunTime:0.000301s ]
[ sql ] [ SQL ] SELECT * FROM `tp_category` WHERE  `id` = 33  AND `pid` = 32 LIMIT 1 [ RunTime:0.000691s ]
[ sql ] [ SQL ] SELECT * FROM `tp_category` WHERE  `id` = 38  AND `pid` = 32 LIMIT 1 [ RunTime:0.000364s ]
[ sql ] [ SQL ] SELECT * FROM `tp_category` WHERE  `id` = 37  AND `pid` = 32 LIMIT 1 [ RunTime:0.000477s ]
[ sql ] [ SQL ] SELECT * FROM `tp_category` WHERE  `id` = 32  AND `pid` = 32 LIMIT 1 [ RunTime:0.000344s ]
[ sql ] [ SQL ] SELECT * FROM `tp_category` WHERE  `id` = 15  AND `pid` = 32 LIMIT 1 [ RunTime:0.000264s ]
[ sql ] [ SQL ] SELECT * FROM `tp_category` WHERE  `id` = 39  AND `pid` = 32 LIMIT 1 [ RunTime:0.000337s ]
[ sql ] [ SQL ] SELECT * FROM `tp_category` WHERE  `id` = 16  AND `pid` = 32 LIMIT 1 [ RunTime:0.000267s ]
[ sql ] [ SQL ] SELECT * FROM `tp_category` WHERE  `id` = 17  AND `pid` = 32 LIMIT 1 [ RunTime:0.000385s ]
[ sql ] [ SQL ] SELECT * FROM `tp_category` WHERE  `id` = 28  AND `pid` = 32 LIMIT 1 [ RunTime:0.000351s ]
[ sql ] [ SQL ] SELECT * FROM `tp_category` WHERE  `id` = 54  AND `pid` = 32 LIMIT 1 [ RunTime:0.000376s ]
[ sql ] [ SQL ] SELECT * FROM `tp_category` WHERE  `id` = 55  AND `pid` = 32 LIMIT 1 [ RunTime:0.000351s ]
[ sql ] [ SQL ] SELECT `id`,`pid` FROM `tp_category` [ RunTime:0.000459s ]
[ sql ] [ SQL ] SELECT * FROM `tp_rec_item` WHERE  `value_type` = 1  AND `recpos_id` = 6 [ RunTime:0.000416s ]
[ sql ] [ SQL ] SELECT * FROM `tp_goods` WHERE  `category_id` IN (48,49,50,47)  AND `id` IN (15,29,31,32,33,34,36,40) ORDER BY `id` DESC LIMIT 6 [ RunTime:0.000390s ]
[ sql ] [ SQL ] SELECT `id`,`pid` FROM `tp_category` [ RunTime:0.000317s ]
[ sql ] [ SQL ] SELECT * FROM `tp_rec_item` WHERE  `value_type` = 1  AND `recpos_id` = 6 [ RunTime:0.000270s ]
[ sql ] [ SQL ] SELECT * FROM `tp_goods` WHERE  `category_id` IN (34,35,36,33)  AND `id` IN (15,29,31,32,33,34,36,40) ORDER BY `id` DESC LIMIT 6 [ RunTime:0.000447s ]
[ sql ] [ SQL ] SELECT `id`,`pid` FROM `tp_category` [ RunTime:0.000259s ]
[ sql ] [ SQL ] SELECT * FROM `tp_rec_item` WHERE  `value_type` = 1  AND `recpos_id` = 3 [ RunTime:0.000330s ]
[ sql ] [ SQL ] SELECT * FROM `tp_goods` WHERE  `category_id` IN (33,34,35,36,47,48,49,50,32)  AND `id` IN (17,20,22,23,24,25,26,27,7,28,29,30,31,35,21,39,40) ORDER BY `id` DESC LIMIT 6 [ RunTime:0.000479s ]
[ sql ] [ SQL ] SELECT * FROM `tp_category_brands` WHERE  `category_id` = 32 LIMIT 1 [ RunTime:0.000481s ]
[ sql ] [ SQL ] SELECT * FROM `tp_brand` WHERE  `id` = 27 LIMIT 1 [ RunTime:0.000340s ]
[ sql ] [ SQL ] SELECT * FROM `tp_category_ad` WHERE  `category_id` = 32 [ RunTime:0.000245s ]
[ sql ] [ SQL ] SELECT * FROM `tp_rec_item` WHERE  `recpos_id` = 4  AND `value_type` = 2 [ RunTime:0.000287s ]
[ sql ] [ SQL ] SELECT * FROM `tp_category` WHERE  `id` = 47  AND `pid` = 15 LIMIT 1 [ RunTime:0.000253s ]
[ sql ] [ SQL ] SELECT * FROM `tp_category` WHERE  `id` = 33  AND `pid` = 15 LIMIT 1 [ RunTime:0.000243s ]
[ sql ] [ SQL ] SELECT * FROM `tp_category` WHERE  `id` = 38  AND `pid` = 15 LIMIT 1 [ RunTime:0.000524s ]
[ sql ] [ SQL ] SELECT * FROM `tp_category` WHERE  `id` = 37  AND `pid` = 15 LIMIT 1 [ RunTime:0.000392s ]
[ sql ] [ SQL ] SELECT * FROM `tp_category` WHERE  `id` = 32  AND `pid` = 15 LIMIT 1 [ RunTime:0.000301s ]
[ sql ] [ SQL ] SELECT * FROM `tp_category` WHERE  `id` = 15  AND `pid` = 15 LIMIT 1 [ RunTime:0.000242s ]
[ sql ] [ SQL ] SELECT * FROM `tp_category` WHERE  `id` = 39  AND `pid` = 15 LIMIT 1 [ RunTime:0.000242s ]
[ sql ] [ SQL ] SELECT * FROM `tp_category` WHERE  `id` = 16  AND `pid` = 15 LIMIT 1 [ RunTime:0.000261s ]
[ sql ] [ SQL ] SELECT * FROM `tp_category` WHERE  `id` = 17  AND `pid` = 15 LIMIT 1 [ RunTime:0.000235s ]
[ sql ] [ SQL ] SELECT * FROM `tp_category` WHERE  `id` = 28  AND `pid` = 15 LIMIT 1 [ RunTime:0.000265s ]
[ sql ] [ SQL ] SELECT * FROM `tp_category` WHERE  `id` = 54  AND `pid` = 15 LIMIT 1 [ RunTime:0.000241s ]
[ sql ] [ SQL ] SELECT * FROM `tp_category` WHERE  `id` = 55  AND `pid` = 15 LIMIT 1 [ RunTime:0.000230s ]
[ sql ] [ SQL ] SELECT `id`,`pid` FROM `tp_category` [ RunTime:0.000274s ]
[ sql ] [ SQL ] SELECT * FROM `tp_rec_item` WHERE  `value_type` = 1  AND `recpos_id` = 6 [ RunTime:0.000256s ]
[ sql ] [ SQL ] SELECT * FROM `tp_goods` WHERE  `category_id` IN (18,19,20,21,22,23,24,16)  AND `id` IN (15,29,31,32,33,34,36,40) ORDER BY `id` DESC LIMIT 6 [ RunTime:0.000746s ]
[ sql ] [ SQL ] SELECT `id`,`pid` FROM `tp_category` [ RunTime:0.000205s ]
[ sql ] [ SQL ] SELECT * FROM `tp_rec_item` WHERE  `value_type` = 1  AND `recpos_id` = 6 [ RunTime:0.000242s ]
[ sql ] [ SQL ] SELECT * FROM `tp_goods` WHERE  `category_id` IN (25,26,27,17)  AND `id` IN (15,29,31,32,33,34,36,40) ORDER BY `id` DESC LIMIT 6 [ RunTime:0.000335s ]
[ sql ] [ SQL ] SELECT `id`,`pid` FROM `tp_category` [ RunTime:0.000182s ]
[ sql ] [ SQL ] SELECT * FROM `tp_rec_item` WHERE  `value_type` = 1  AND `recpos_id` = 6 [ RunTime:0.000230s ]
[ sql ] [ SQL ] SELECT * FROM `tp_goods` WHERE  `category_id` IN (29,30,31,28)  AND `id` IN (15,29,31,32,33,34,36,40) ORDER BY `id` DESC LIMIT 6 [ RunTime:0.000266s ]
[ sql ] [ SQL ] SELECT `id`,`pid` FROM `tp_category` [ RunTime:0.000180s ]
[ sql ] [ SQL ] SELECT * FROM `tp_rec_item` WHERE  `value_type` = 1  AND `recpos_id` = 3 [ RunTime:0.000206s ]
[ sql ] [ SQL ] SELECT * FROM `tp_goods` WHERE  `category_id` IN (16,18,19,20,21,22,23,24,17,25,26,27,28,29,30,31,15)  AND `id` IN (17,20,22,23,24,25,26,27,7,28,29,30,31,35,21,39,40) ORDER BY `id` DESC LIMIT 6 [ RunTime:0.000427s ]
[ sql ] [ SQL ] SELECT * FROM `tp_category_brands` WHERE  `category_id` = 15 LIMIT 1 [ RunTime:0.000248s ]
[ sql ] [ SQL ] SELECT * FROM `tp_brand` WHERE  `id` = 28 LIMIT 1 [ RunTime:0.000220s ]
[ sql ] [ SQL ] SELECT * FROM `tp_category_ad` WHERE  `category_id` = 15 [ RunTime:0.000189s ]
[ sql ] [ SQL ] SELECT * FROM `tp_rec_item` WHERE  `recpos_id` = 4  AND `value_type` = 2 [ RunTime:0.000200s ]
[ sql ] [ SQL ] SELECT * FROM `tp_category` WHERE  `id` = 47  AND `pid` = 54 LIMIT 1 [ RunTime:0.000224s ]
[ sql ] [ SQL ] SELECT * FROM `tp_category` WHERE  `id` = 33  AND `pid` = 54 LIMIT 1 [ RunTime:0.000187s ]
[ sql ] [ SQL ] SELECT * FROM `tp_category` WHERE  `id` = 38  AND `pid` = 54 LIMIT 1 [ RunTime:0.000209s ]
[ sql ] [ SQL ] SELECT * FROM `tp_category` WHERE  `id` = 37  AND `pid` = 54 LIMIT 1 [ RunTime:0.000372s ]
[ sql ] [ SQL ] SELECT * FROM `tp_category` WHERE  `id` = 32  AND `pid` = 54 LIMIT 1 [ RunTime:0.000214s ]
[ sql ] [ SQL ] SELECT * FROM `tp_category` WHERE  `id` = 15  AND `pid` = 54 LIMIT 1 [ RunTime:0.000249s ]
[ sql ] [ SQL ] SELECT * FROM `tp_category` WHERE  `id` = 39  AND `pid` = 54 LIMIT 1 [ RunTime:0.000194s ]
[ sql ] [ SQL ] SELECT * FROM `tp_category` WHERE  `id` = 16  AND `pid` = 54 LIMIT 1 [ RunTime:0.000185s ]
[ sql ] [ SQL ] SELECT * FROM `tp_category` WHERE  `id` = 17  AND `pid` = 54 LIMIT 1 [ RunTime:0.000180s ]
[ sql ] [ SQL ] SELECT * FROM `tp_category` WHERE  `id` = 28  AND `pid` = 54 LIMIT 1 [ RunTime:0.000187s ]
[ sql ] [ SQL ] SELECT * FROM `tp_category` WHERE  `id` = 54  AND `pid` = 54 LIMIT 1 [ RunTime:0.000186s ]
[ sql ] [ SQL ] SELECT * FROM `tp_category` WHERE  `id` = 55  AND `pid` = 54 LIMIT 1 [ RunTime:0.000187s ]
[ sql ] [ SQL ] SELECT `id`,`pid` FROM `tp_category` [ RunTime:0.000194s ]
[ sql ] [ SQL ] SELECT * FROM `tp_rec_item` WHERE  `value_type` = 1  AND `recpos_id` = 6 [ RunTime:0.000199s ]
[ sql ] [ SQL ] SELECT * FROM `tp_goods` WHERE  `category_id` IN (56,55)  AND `id` IN (15,29,31,32,33,34,36,40) ORDER BY `id` DESC LIMIT 6 [ RunTime:0.000334s ]
[ sql ] [ SQL ] SELECT `id`,`pid` FROM `tp_category` [ RunTime:0.000185s ]
[ sql ] [ SQL ] SELECT * FROM `tp_rec_item` WHERE  `value_type` = 1  AND `recpos_id` = 3 [ RunTime:0.000196s ]
[ sql ] [ SQL ] SELECT * FROM `tp_goods` WHERE  `category_id` IN (55,56,54)  AND `id` IN (17,20,22,23,24,25,26,27,7,28,29,30,31,35,21,39,40) ORDER BY `id` DESC LIMIT 6 [ RunTime:0.000285s ]
[ sql ] [ SQL ] SELECT * FROM `tp_category_brands` WHERE  `category_id` = 54 LIMIT 1 [ RunTime:0.000188s ]
[ sql ] [ SQL ] SELECT * FROM `tp_brand` WHERE  `id` = 0 LIMIT 1 [ RunTime:0.000166s ]
[ sql ] [ SQL ] SELECT * FROM `tp_category_ad` WHERE  `category_id` = 54 [ RunTime:0.000178s ]
---------------------------------------------------------------
[ 2020-09-16T22:59:58+08:00 ] 0.0.0.0 GET localhost/shop/index.php
[运行时间：0.133786s] [吞吐率：7.47req/s] [内存消耗：3,029.02kb] [文件加载：64]
[ info ] [ LANG ] D:\phpStudy\WWW\shop\thinkphp\lang\zh-cn.php
[ info ] [ ROUTE ] array (
  'type' => 'module',
  'module' => 
  array (
    0 => '',
    1 => NULL,
    2 => NULL,
  ),
)
[ info ] [ HEADER ] array (
  'cookie' => 'username=V1BVXVs; password=BwYLAABT; cart=a%3A1%3A%7Bs%3A8%3A%2240-64%2C65%22%3Bs%3A1%3A%221%22%3B%7D',
  'accept-language' => 'zh-CN,zh;q=0.9,zh-TW;q=0.8,en-US;q=0.7,en;q=0.6',
  'accept-encoding' => 'gzip, deflate, br',
  'sec-fetch-mode' => 'navigate',
  'sec-fetch-site' => 'none',
  'purpose' => 'prefetch',
  'accept' => 'text/html,application/xhtml+xml,application/xml;q=0.9,image/webp,image/apng,*/*;q=0.8,application/signed-exchange;v=b3',
  'sec-fetch-user' => '?1',
  'user-agent' => 'Mozilla/5.0 (Windows NT 10.0; WOW64) AppleWebKit/537.36 (KHTML, like Gecko) Chrome/78.0.3904.87 Safari/537.36',
  'upgrade-insecure-requests' => '1',
  'connection' => 'close',
  'host' => 'localhost',
)
[ info ] [ PARAM ] array (
)
[ info ] [ DB ] INIT mysql
[ info ] [ CACHE ] INIT File
[ info ] [ RUN ] app\index\controller\Index->index[ D:\phpStudy\WWW\shop\application\index\controller\Index.php ]
[ info ] [ VIEW ] D:\phpStudy\WWW\shop/application/index\view\index\index.htm [ array (
  0 => 'helpCateRes',
  1 => 'shopInfoRes',
  2 => 'navRes',
  3 => 'configs',
  4 => 'cateRes',
  5 => 'show_right',
  6 => 'show_nav',
  7 => 'indexGoodsRes',
  8 => 'anment',
  9 => 'salesRes',
  10 => 'alterImg',
) ]
[ info ] [ LOG ] INIT File
[ sql ] [ DB ] CONNECT:[ UseTime:0.001515s ] mysql:host=127.0.0.1;dbname=tpshop;charset=utf8
[ sql ] [ SQL ] SHOW COLUMNS FROM `tp_category` [ RunTime:0.000877s ]
[ sql ] [ SQL ] SELECT * FROM `tp_category` WHERE  `pid` = 0 [ RunTime:0.000578s ]
[ sql ] [ SQL ] SELECT * FROM `tp_category` WHERE  `pid` = 15 [ RunTime:0.000532s ]
[ sql ] [ SQL ] SELECT * FROM `tp_category` WHERE  `pid` = 32 [ RunTime:0.000408s ]
[ sql ] [ SQL ] SELECT * FROM `tp_category` WHERE  `pid` = 37 [ RunTime:0.000367s ]
[ sql ] [ SQL ] SELECT * FROM `tp_category` WHERE  `pid` = 54 [ RunTime:0.000441s ]
[ sql ] [ SQL ] SHOW COLUMNS FROM `tp_alternate_img` [ RunTime:0.000940s ]
[ sql ] [ SQL ] SELECT * FROM `tp_alternate_img` WHERE  `status` = 1 ORDER BY `sort` DESC [ RunTime:0.000483s ]
[ sql ] [ SQL ] SHOW COLUMNS FROM `tp_article` [ RunTime:0.000736s ]
[ sql ] [ SQL ] SELECT * FROM `tp_article` WHERE  `cate_id` = 66 LIMIT 3 [ RunTime:0.000372s ]
[ sql ] [ SQL ] SELECT * FROM `tp_article` WHERE  `cate_id` = 72 LIMIT 3 [ RunTime:0.000333s ]
[ sql ] [ SQL ] SHOW COLUMNS FROM `tp_rec_item` [ RunTime:0.000947s ]
[ sql ] [ SQL ] SELECT * FROM `tp_rec_item` WHERE  `value_type` = 1  AND `recpos_id` = 7 [ RunTime:0.000415s ]
[ sql ] [ SQL ] SHOW COLUMNS FROM `tp_goods` [ RunTime:0.001263s ]
[ sql ] [ SQL ] SELECT `id`,`mid_thumb`,`goods_name`,`shop_price`,`markte_price` FROM `tp_goods` WHERE  `id` IN (21,30,34,36,35,29,33,32,31,28,26,24,25,20,7,40) LIMIT 20 [ RunTime:0.000790s ]
[ sql ] [ SQL ] SELECT * FROM `tp_rec_item` WHERE  `recpos_id` = 4  AND `value_type` = 2 [ RunTime:0.000503s ]
[ sql ] [ SQL ] SELECT * FROM `tp_category` WHERE  `id` = 47  AND `pid` = 0 LIMIT 1 [ RunTime:0.000404s ]
[ sql ] [ SQL ] SELECT * FROM `tp_category` WHERE  `id` = 33  AND `pid` = 0 LIMIT 1 [ RunTime:0.000355s ]
[ sql ] [ SQL ] SELECT * FROM `tp_category` WHERE  `id` = 38  AND `pid` = 0 LIMIT 1 [ RunTime:0.000308s ]
[ sql ] [ SQL ] SELECT * FROM `tp_category` WHERE  `id` = 37  AND `pid` = 0 LIMIT 1 [ RunTime:0.000312s ]
[ sql ] [ SQL ] SELECT * FROM `tp_category` WHERE  `id` = 32  AND `pid` = 0 LIMIT 1 [ RunTime:0.000279s ]
[ sql ] [ SQL ] SELECT * FROM `tp_category` WHERE  `id` = 15  AND `pid` = 0 LIMIT 1 [ RunTime:0.000270s ]
[ sql ] [ SQL ] SELECT * FROM `tp_category` WHERE  `id` = 39  AND `pid` = 0 LIMIT 1 [ RunTime:0.000260s ]
[ sql ] [ SQL ] SELECT * FROM `tp_category` WHERE  `id` = 16  AND `pid` = 0 LIMIT 1 [ RunTime:0.000284s ]
[ sql ] [ SQL ] SELECT * FROM `tp_category` WHERE  `id` = 17  AND `pid` = 0 LIMIT 1 [ RunTime:0.000344s ]
[ sql ] [ SQL ] SELECT * FROM `tp_category` WHERE  `id` = 28  AND `pid` = 0 LIMIT 1 [ RunTime:0.000252s ]
[ sql ] [ SQL ] SELECT * FROM `tp_category` WHERE  `id` = 54  AND `pid` = 0 LIMIT 1 [ RunTime:0.000233s ]
[ sql ] [ SQL ] SELECT * FROM `tp_category` WHERE  `id` = 55  AND `pid` = 0 LIMIT 1 [ RunTime:0.000206s ]
[ sql ] [ SQL ] SELECT * FROM `tp_rec_item` WHERE  `recpos_id` = 4  AND `value_type` = 2 [ RunTime:0.000222s ]
[ sql ] [ SQL ] SELECT * FROM `tp_category` WHERE  `id` = 47  AND `pid` = 37 LIMIT 1 [ RunTime:0.000247s ]
[ sql ] [ SQL ] SELECT * FROM `tp_category` WHERE  `id` = 33  AND `pid` = 37 LIMIT 1 [ RunTime:0.000259s ]
[ sql ] [ SQL ] SELECT * FROM `tp_category` WHERE  `id` = 38  AND `pid` = 37 LIMIT 1 [ RunTime:0.000217s ]
[ sql ] [ SQL ] SELECT * FROM `tp_category` WHERE  `id` = 37  AND `pid` = 37 LIMIT 1 [ RunTime:0.000214s ]
[ sql ] [ SQL ] SELECT * FROM `tp_category` WHERE  `id` = 32  AND `pid` = 37 LIMIT 1 [ RunTime:0.000200s ]
[ sql ] [ SQL ] SELECT * FROM `tp_category` WHERE  `id` = 15  AND `pid` = 37 LIMIT 1 [ RunTime:0.000215s ]
[ sql ] [ SQL ] SELECT * FROM `tp_category` WHERE  `id` = 39  AND `pid` = 37 LIMIT 1 [ RunTime:0.000208s ]
[ sql ] [ SQL ] SELECT * FROM `tp_category` WHERE  `id` = 16  AND `pid` = 37 LIMIT 1 [ RunTime:0.000203s ]
[ sql ] [ SQL ] SELECT * FROM `tp_category` WHERE  `id` = 17  AND `pid` = 37 LIMIT 1 [ RunTime:0.000225s ]
[ sql ] [ SQL ] SELECT * FROM `tp_category` WHERE  `id` = 28  AND `pid` = 37 LIMIT 1 [ RunTime:0.000275s ]
[ sql ] [ SQL ] SELECT * FROM `tp_category` WHERE  `id` = 54  AND `pid` = 37 LIMIT 1 [ RunTime:0.000250s ]
[ sql ] [ SQL ] SELECT * FROM `tp_category` WHERE  `id` = 55  AND `pid` = 37 LIMIT 1 [ RunTime:0.000235s ]
[ sql ] [ SQL ] SELECT `id`,`pid` FROM `tp_category` [ RunTime:0.000217s ]
[ sql ] [ SQL ] SELECT * FROM `tp_rec_item` WHERE  `value_type` = 1  AND `recpos_id` = 6 [ RunTime:0.000222s ]
[ sql ] [ SQL ] SELECT * FROM `tp_goods` WHERE  `category_id` IN (44,45,46,38)  AND `id` IN (15,29,31,32,33,34,36,40) ORDER BY `id` DESC LIMIT 6 [ RunTime:0.000362s ]
[ sql ] [ SQL ] SELECT `id`,`pid` FROM `tp_category` [ RunTime:0.000205s ]
[ sql ] [ SQL ] SELECT * FROM `tp_rec_item` WHERE  `value_type` = 1  AND `recpos_id` = 6 [ RunTime:0.000214s ]
[ sql ] [ SQL ] SELECT * FROM `tp_goods` WHERE  `category_id` IN (40,41,42,43,39)  AND `id` IN (15,29,31,32,33,34,36,40) ORDER BY `id` DESC LIMIT 6 [ RunTime:0.000296s ]
[ sql ] [ SQL ] SELECT `id`,`pid` FROM `tp_category` [ RunTime:0.000199s ]
[ sql ] [ SQL ] SELECT * FROM `tp_rec_item` WHERE  `value_type` = 1  AND `recpos_id` = 3 [ RunTime:0.000224s ]
[ sql ] [ SQL ] SELECT * FROM `tp_goods` WHERE  `category_id` IN (38,44,45,46,39,40,41,42,43,37)  AND `id` IN (17,20,22,23,24,25,26,27,7,28,29,30,31,35,21,39,40) ORDER BY `id` DESC LIMIT 6 [ RunTime:0.000367s ]
[ sql ] [ SQL ] SHOW COLUMNS FROM `tp_category_brands` [ RunTime:0.000514s ]
[ sql ] [ SQL ] SELECT * FROM `tp_category_brands` WHERE  `category_id` = 37 LIMIT 1 [ RunTime:0.000236s ]
[ sql ] [ SQL ] SHOW COLUMNS FROM `tp_brand` [ RunTime:0.000476s ]
[ sql ] [ SQL ] SELECT * FROM `tp_brand` WHERE  `id` = 27 LIMIT 1 [ RunTime:0.000234s ]
[ sql ] [ SQL ] SELECT * FROM `tp_brand` WHERE  `id` = 28 LIMIT 1 [ RunTime:0.000211s ]
[ sql ] [ SQL ] SHOW COLUMNS FROM `tp_category_ad` [ RunTime:0.000587s ]
[ sql ] [ SQL ] SELECT * FROM `tp_category_ad` WHERE  `category_id` = 37 [ RunTime:0.000317s ]
[ sql ] [ SQL ] SELECT * FROM `tp_rec_item` WHERE  `recpos_id` = 4  AND `value_type` = 2 [ RunTime:0.000245s ]
[ sql ] [ SQL ] SELECT * FROM `tp_category` WHERE  `id` = 47  AND `pid` = 32 LIMIT 1 [ RunTime:0.000243s ]
[ sql ] [ SQL ] SELECT * FROM `tp_category` WHERE  `id` = 33  AND `pid` = 32 LIMIT 1 [ RunTime:0.000210s ]
[ sql ] [ SQL ] SELECT * FROM `tp_category` WHERE  `id` = 38  AND `pid` = 32 LIMIT 1 [ RunTime:0.000204s ]
[ sql ] [ SQL ] SELECT * FROM `tp_category` WHERE  `id` = 37  AND `pid` = 32 LIMIT 1 [ RunTime:0.000230s ]
[ sql ] [ SQL ] SELECT * FROM `tp_category` WHERE  `id` = 32  AND `pid` = 32 LIMIT 1 [ RunTime:0.000254s ]
[ sql ] [ SQL ] SELECT * FROM `tp_category` WHERE  `id` = 15  AND `pid` = 32 LIMIT 1 [ RunTime:0.000242s ]
[ sql ] [ SQL ] SELECT * FROM `tp_category` WHERE  `id` = 39  AND `pid` = 32 LIMIT 1 [ RunTime:0.000221s ]
[ sql ] [ SQL ] SELECT * FROM `tp_category` WHERE  `id` = 16  AND `pid` = 32 LIMIT 1 [ RunTime:0.000211s ]
[ sql ] [ SQL ] SELECT * FROM `tp_category` WHERE  `id` = 17  AND `pid` = 32 LIMIT 1 [ RunTime:0.000252s ]
[ sql ] [ SQL ] SELECT * FROM `tp_category` WHERE  `id` = 28  AND `pid` = 32 LIMIT 1 [ RunTime:0.000265s ]
[ sql ] [ SQL ] SELECT * FROM `tp_category` WHERE  `id` = 54  AND `pid` = 32 LIMIT 1 [ RunTime:0.000293s ]
[ sql ] [ SQL ] SELECT * FROM `tp_category` WHERE  `id` = 55  AND `pid` = 32 LIMIT 1 [ RunTime:0.000304s ]
[ sql ] [ SQL ] SELECT `id`,`pid` FROM `tp_category` [ RunTime:0.000329s ]
[ sql ] [ SQL ] SELECT * FROM `tp_rec_item` WHERE  `value_type` = 1  AND `recpos_id` = 6 [ RunTime:0.000297s ]
[ sql ] [ SQL ] SELECT * FROM `tp_goods` WHERE  `category_id` IN (48,49,50,47)  AND `id` IN (15,29,31,32,33,34,36,40) ORDER BY `id` DESC LIMIT 6 [ RunTime:0.000477s ]
[ sql ] [ SQL ] SELECT `id`,`pid` FROM `tp_category` [ RunTime:0.000361s ]
[ sql ] [ SQL ] SELECT * FROM `tp_rec_item` WHERE  `value_type` = 1  AND `recpos_id` = 6 [ RunTime:0.000435s ]
[ sql ] [ SQL ] SELECT * FROM `tp_goods` WHERE  `category_id` IN (34,35,36,33)  AND `id` IN (15,29,31,32,33,34,36,40) ORDER BY `id` DESC LIMIT 6 [ RunTime:0.000466s ]
[ sql ] [ SQL ] SELECT `id`,`pid` FROM `tp_category` [ RunTime:0.000374s ]
[ sql ] [ SQL ] SELECT * FROM `tp_rec_item` WHERE  `value_type` = 1  AND `recpos_id` = 3 [ RunTime:0.000468s ]
[ sql ] [ SQL ] SELECT * FROM `tp_goods` WHERE  `category_id` IN (33,34,35,36,47,48,49,50,32)  AND `id` IN (17,20,22,23,24,25,26,27,7,28,29,30,31,35,21,39,40) ORDER BY `id` DESC LIMIT 6 [ RunTime:0.000548s ]
[ sql ] [ SQL ] SELECT * FROM `tp_category_brands` WHERE  `category_id` = 32 LIMIT 1 [ RunTime:0.000255s ]
[ sql ] [ SQL ] SELECT * FROM `tp_brand` WHERE  `id` = 27 LIMIT 1 [ RunTime:0.000329s ]
[ sql ] [ SQL ] SELECT * FROM `tp_category_ad` WHERE  `category_id` = 32 [ RunTime:0.000309s ]
[ sql ] [ SQL ] SELECT * FROM `tp_rec_item` WHERE  `recpos_id` = 4  AND `value_type` = 2 [ RunTime:0.000334s ]
[ sql ] [ SQL ] SELECT * FROM `tp_category` WHERE  `id` = 47  AND `pid` = 15 LIMIT 1 [ RunTime:0.000425s ]
[ sql ] [ SQL ] SELECT * FROM `tp_category` WHERE  `id` = 33  AND `pid` = 15 LIMIT 1 [ RunTime:0.000404s ]
[ sql ] [ SQL ] SELECT * FROM `tp_category` WHERE  `id` = 38  AND `pid` = 15 LIMIT 1 [ RunTime:0.000462s ]
[ sql ] [ SQL ] SELECT * FROM `tp_category` WHERE  `id` = 37  AND `pid` = 15 LIMIT 1 [ RunTime:0.000307s ]
[ sql ] [ SQL ] SELECT * FROM `tp_category` WHERE  `id` = 32  AND `pid` = 15 LIMIT 1 [ RunTime:0.000315s ]
[ sql ] [ SQL ] SELECT * FROM `tp_category` WHERE  `id` = 15  AND `pid` = 15 LIMIT 1 [ RunTime:0.000286s ]
[ sql ] [ SQL ] SELECT * FROM `tp_category` WHERE  `id` = 39  AND `pid` = 15 LIMIT 1 [ RunTime:0.000249s ]
[ sql ] [ SQL ] SELECT * FROM `tp_category` WHERE  `id` = 16  AND `pid` = 15 LIMIT 1 [ RunTime:0.000247s ]
[ sql ] [ SQL ] SELECT * FROM `tp_category` WHERE  `id` = 17  AND `pid` = 15 LIMIT 1 [ RunTime:0.000386s ]
[ sql ] [ SQL ] SELECT * FROM `tp_category` WHERE  `id` = 28  AND `pid` = 15 LIMIT 1 [ RunTime:0.000347s ]
[ sql ] [ SQL ] SELECT * FROM `tp_category` WHERE  `id` = 54  AND `pid` = 15 LIMIT 1 [ RunTime:0.000432s ]
[ sql ] [ SQL ] SELECT * FROM `tp_category` WHERE  `id` = 55  AND `pid` = 15 LIMIT 1 [ RunTime:0.000442s ]
[ sql ] [ SQL ] SELECT `id`,`pid` FROM `tp_category` [ RunTime:0.000369s ]
[ sql ] [ SQL ] SELECT * FROM `tp_rec_item` WHERE  `value_type` = 1  AND `recpos_id` = 6 [ RunTime:0.000286s ]
[ sql ] [ SQL ] SELECT * FROM `tp_goods` WHERE  `category_id` IN (18,19,20,21,22,23,24,16)  AND `id` IN (15,29,31,32,33,34,36,40) ORDER BY `id` DESC LIMIT 6 [ RunTime:0.000448s ]
[ sql ] [ SQL ] SELECT `id`,`pid` FROM `tp_category` [ RunTime:0.000252s ]
[ sql ] [ SQL ] SELECT * FROM `tp_rec_item` WHERE  `value_type` = 1  AND `recpos_id` = 6 [ RunTime:0.000310s ]
[ sql ] [ SQL ] SELECT * FROM `tp_goods` WHERE  `category_id` IN (25,26,27,17)  AND `id` IN (15,29,31,32,33,34,36,40) ORDER BY `id` DESC LIMIT 6 [ RunTime:0.000396s ]
[ sql ] [ SQL ] SELECT `id`,`pid` FROM `tp_category` [ RunTime:0.000215s ]
[ sql ] [ SQL ] SELECT * FROM `tp_rec_item` WHERE  `value_type` = 1  AND `recpos_id` = 6 [ RunTime:0.000220s ]
[ sql ] [ SQL ] SELECT * FROM `tp_goods` WHERE  `category_id` IN (29,30,31,28)  AND `id` IN (15,29,31,32,33,34,36,40) ORDER BY `id` DESC LIMIT 6 [ RunTime:0.000283s ]
[ sql ] [ SQL ] SELECT `id`,`pid` FROM `tp_category` [ RunTime:0.000200s ]
[ sql ] [ SQL ] SELECT * FROM `tp_rec_item` WHERE  `value_type` = 1  AND `recpos_id` = 3 [ RunTime:0.000230s ]
[ sql ] [ SQL ] SELECT * FROM `tp_goods` WHERE  `category_id` IN (16,18,19,20,21,22,23,24,17,25,26,27,28,29,30,31,15)  AND `id` IN (17,20,22,23,24,25,26,27,7,28,29,30,31,35,21,39,40) ORDER BY `id` DESC LIMIT 6 [ RunTime:0.000659s ]
[ sql ] [ SQL ] SELECT * FROM `tp_category_brands` WHERE  `category_id` = 15 LIMIT 1 [ RunTime:0.000282s ]
[ sql ] [ SQL ] SELECT * FROM `tp_brand` WHERE  `id` = 28 LIMIT 1 [ RunTime:0.000264s ]
[ sql ] [ SQL ] SELECT * FROM `tp_category_ad` WHERE  `category_id` = 15 [ RunTime:0.000254s ]
[ sql ] [ SQL ] SELECT * FROM `tp_rec_item` WHERE  `recpos_id` = 4  AND `value_type` = 2 [ RunTime:0.000257s ]
[ sql ] [ SQL ] SELECT * FROM `tp_category` WHERE  `id` = 47  AND `pid` = 54 LIMIT 1 [ RunTime:0.000262s ]
[ sql ] [ SQL ] SELECT * FROM `tp_category` WHERE  `id` = 33  AND `pid` = 54 LIMIT 1 [ RunTime:0.000255s ]
[ sql ] [ SQL ] SELECT * FROM `tp_category` WHERE  `id` = 38  AND `pid` = 54 LIMIT 1 [ RunTime:0.000275s ]
[ sql ] [ SQL ] SELECT * FROM `tp_category` WHERE  `id` = 37  AND `pid` = 54 LIMIT 1 [ RunTime:0.000274s ]
[ sql ] [ SQL ] SELECT * FROM `tp_category` WHERE  `id` = 32  AND `pid` = 54 LIMIT 1 [ RunTime:0.000227s ]
[ sql ] [ SQL ] SELECT * FROM `tp_category` WHERE  `id` = 15  AND `pid` = 54 LIMIT 1 [ RunTime:0.000224s ]
[ sql ] [ SQL ] SELECT * FROM `tp_category` WHERE  `id` = 39  AND `pid` = 54 LIMIT 1 [ RunTime:0.000218s ]
[ sql ] [ SQL ] SELECT * FROM `tp_category` WHERE  `id` = 16  AND `pid` = 54 LIMIT 1 [ RunTime:0.000219s ]
[ sql ] [ SQL ] SELECT * FROM `tp_category` WHERE  `id` = 17  AND `pid` = 54 LIMIT 1 [ RunTime:0.000219s ]
[ sql ] [ SQL ] SELECT * FROM `tp_category` WHERE  `id` = 28  AND `pid` = 54 LIMIT 1 [ RunTime:0.000294s ]
[ sql ] [ SQL ] SELECT * FROM `tp_category` WHERE  `id` = 54  AND `pid` = 54 LIMIT 1 [ RunTime:0.000295s ]
[ sql ] [ SQL ] SELECT * FROM `tp_category` WHERE  `id` = 55  AND `pid` = 54 LIMIT 1 [ RunTime:0.000229s ]
[ sql ] [ SQL ] SELECT `id`,`pid` FROM `tp_category` [ RunTime:0.000212s ]
[ sql ] [ SQL ] SELECT * FROM `tp_rec_item` WHERE  `value_type` = 1  AND `recpos_id` = 6 [ RunTime:0.000218s ]
[ sql ] [ SQL ] SELECT * FROM `tp_goods` WHERE  `category_id` IN (56,55)  AND `id` IN (15,29,31,32,33,34,36,40) ORDER BY `id` DESC LIMIT 6 [ RunTime:0.000406s ]
[ sql ] [ SQL ] SELECT `id`,`pid` FROM `tp_category` [ RunTime:0.000219s ]
[ sql ] [ SQL ] SELECT * FROM `tp_rec_item` WHERE  `value_type` = 1  AND `recpos_id` = 3 [ RunTime:0.000230s ]
[ sql ] [ SQL ] SELECT * FROM `tp_goods` WHERE  `category_id` IN (55,56,54)  AND `id` IN (17,20,22,23,24,25,26,27,7,28,29,30,31,35,21,39,40) ORDER BY `id` DESC LIMIT 6 [ RunTime:0.000352s ]
[ sql ] [ SQL ] SELECT * FROM `tp_category_brands` WHERE  `category_id` = 54 LIMIT 1 [ RunTime:0.000223s ]
[ sql ] [ SQL ] SELECT * FROM `tp_brand` WHERE  `id` = 0 LIMIT 1 [ RunTime:0.000187s ]
[ sql ] [ SQL ] SELECT * FROM `tp_category_ad` WHERE  `category_id` = 54 [ RunTime:0.000230s ]
---------------------------------------------------------------
[ 2020-09-16T22:59:59+08:00 ] 0.0.0.0 POST localhost/shop/index.php/index/flow/cartgoodsnum.html
[运行时间：0.079645s] [吞吐率：12.56req/s] [内存消耗：2,558.09kb] [文件加载：58]
[ info ] [ LANG ] D:\phpStudy\WWW\shop\thinkphp\lang\zh-cn.php
[ info ] [ ROUTE ] array (
  'type' => 'module',
  'module' => 
  array (
    0 => 'index',
    1 => 'flow',
    2 => 'cartgoodsnum',
  ),
)
[ info ] [ HEADER ] array (
  'cookie' => 'username=V1BVXVs; password=BwYLAABT; cart=a%3A1%3A%7Bs%3A8%3A%2240-64%2C65%22%3Bs%3A1%3A%221%22%3B%7D',
  'accept-language' => 'zh-CN,zh;q=0.9,zh-TW;q=0.8,en-US;q=0.7,en;q=0.6',
  'accept-encoding' => 'gzip, deflate, br',
  'referer' => 'http://localhost/shop/index.php',
  'sec-fetch-mode' => 'cors',
  'sec-fetch-site' => 'same-origin',
  'user-agent' => 'Mozilla/5.0 (Windows NT 10.0; WOW64) AppleWebKit/537.36 (KHTML, like Gecko) Chrome/78.0.3904.87 Safari/537.36',
  'x-requested-with' => 'XMLHttpRequest',
  'origin' => 'http://localhost',
  'accept' => 'application/json, text/javascript, */*; q=0.01',
  'content-length' => '0',
  'connection' => 'close',
  'host' => 'localhost',
)
[ info ] [ PARAM ] array (
)
[ info ] [ DB ] INIT mysql
[ info ] [ CACHE ] INIT File
[ info ] [ RUN ] app\index\controller\Flow->cartGoodsNum[ D:\phpStudy\WWW\shop\application\index\controller\Flow.php ]
[ info ] [ LOG ] INIT File
[ sql ] [ DB ] CONNECT:[ UseTime:0.004194s ] mysql:host=127.0.0.1;dbname=tpshop;charset=utf8
[ sql ] [ SQL ] SHOW COLUMNS FROM `tp_category` [ RunTime:0.001085s ]
[ sql ] [ SQL ] SELECT * FROM `tp_category` WHERE  `pid` = 0 [ RunTime:0.000659s ]
[ sql ] [ SQL ] SELECT * FROM `tp_category` WHERE  `pid` = 15 [ RunTime:0.000534s ]
[ sql ] [ SQL ] SELECT * FROM `tp_category` WHERE  `pid` = 32 [ RunTime:0.000442s ]
[ sql ] [ SQL ] SELECT * FROM `tp_category` WHERE  `pid` = 37 [ RunTime:0.000427s ]
[ sql ] [ SQL ] SELECT * FROM `tp_category` WHERE  `pid` = 54 [ RunTime:0.000391s ]
---------------------------------------------------------------
[ 2020-09-16T22:59:59+08:00 ] 0.0.0.0 POST localhost/shop/index.php/index/category/getcateinfo.html
[运行时间：0.146179s] [吞吐率：6.84req/s] [内存消耗：2,591.89kb] [文件加载：59]
[ info ] [ LANG ] D:\phpStudy\WWW\shop\thinkphp\lang\zh-cn.php
[ info ] [ ROUTE ] array (
  'type' => 'module',
  'module' => 
  array (
    0 => 'index',
    1 => 'category',
    2 => 'getcateinfo',
  ),
)
[ info ] [ HEADER ] array (
  'cookie' => 'username=V1BVXVs; password=BwYLAABT; cart=a%3A1%3A%7Bs%3A8%3A%2240-64%2C65%22%3Bs%3A1%3A%221%22%3B%7D',
  'accept-language' => 'zh-CN,zh;q=0.9,zh-TW;q=0.8,en-US;q=0.7,en;q=0.6',
  'accept-encoding' => 'gzip, deflate, br',
  'referer' => 'http://localhost/shop/index.php',
  'sec-fetch-mode' => 'cors',
  'sec-fetch-site' => 'same-origin',
  'content-type' => 'application/x-www-form-urlencoded; charset=UTF-8',
  'user-agent' => 'Mozilla/5.0 (Windows NT 10.0; WOW64) AppleWebKit/537.36 (KHTML, like Gecko) Chrome/78.0.3904.87 Safari/537.36',
  'x-requested-with' => 'XMLHttpRequest',
  'origin' => 'http://localhost',
  'accept' => 'application/json, text/javascript, */*; q=0.01',
  'content-length' => '5',
  'connection' => 'close',
  'host' => 'localhost',
)
[ info ] [ PARAM ] array (
  'id' => '37',
)
[ info ] [ DB ] INIT mysql
[ info ] [ CACHE ] INIT File
[ info ] [ RUN ] app\index\controller\Category->getCateInfo[ D:\phpStudy\WWW\shop\application\index\controller\Category.php ]
[ info ] [ LOG ] INIT File
[ sql ] [ DB ] CONNECT:[ UseTime:0.001549s ] mysql:host=127.0.0.1;dbname=tpshop;charset=utf8
[ sql ] [ SQL ] SHOW COLUMNS FROM `tp_category` [ RunTime:0.001015s ]
[ sql ] [ SQL ] SELECT * FROM `tp_category` WHERE  `pid` = 0 [ RunTime:0.000476s ]
[ sql ] [ SQL ] SELECT * FROM `tp_category` WHERE  `pid` = 15 [ RunTime:0.000322s ]
[ sql ] [ SQL ] SELECT * FROM `tp_category` WHERE  `pid` = 32 [ RunTime:0.000362s ]
[ sql ] [ SQL ] SELECT * FROM `tp_category` WHERE  `pid` = 37 [ RunTime:0.000432s ]
[ sql ] [ SQL ] SELECT * FROM `tp_category` WHERE  `pid` = 54 [ RunTime:0.000360s ]
[ sql ] [ SQL ] SELECT * FROM `tp_category` WHERE  `pid` = 37 [ RunTime:0.000289s ]
[ sql ] [ SQL ] SELECT * FROM `tp_category` WHERE  `pid` = 38 [ RunTime:0.000372s ]
[ sql ] [ SQL ] SELECT * FROM `tp_category` WHERE  `pid` = 39 [ RunTime:0.000671s ]
[ sql ] [ SQL ] SHOW COLUMNS FROM `tp_category_words` [ RunTime:0.020876s ]
[ sql ] [ SQL ] SELECT * FROM `tp_category_words` WHERE  `category_id` = 37 [ RunTime:0.016617s ]
[ sql ] [ SQL ] SHOW COLUMNS FROM `tp_category_brands` [ RunTime:0.001413s ]
[ sql ] [ SQL ] SELECT * FROM `tp_category_brands` WHERE  `category_id` = 37 LIMIT 1 [ RunTime:0.000361s ]
[ sql ] [ SQL ] SHOW COLUMNS FROM `tp_brand` [ RunTime:0.014451s ]
[ sql ] [ SQL ] SELECT * FROM `tp_brand` WHERE  `id` = 27 LIMIT 1 [ RunTime:0.000444s ]
[ sql ] [ SQL ] SELECT * FROM `tp_brand` WHERE  `id` = 28 LIMIT 1 [ RunTime:0.000323s ]
---------------------------------------------------------------
[ 2020-09-16T23:00:00+08:00 ] 0.0.0.0 GET localhost/shop/index.php/member/account/checklogin.html
[运行时间：0.271960s] [吞吐率：3.68req/s] [内存消耗：2,666.07kb] [文件加载：61]
[ info ] [ LANG ] D:\phpStudy\WWW\shop\thinkphp\lang\zh-cn.php
[ info ] [ ROUTE ] array (
  'type' => 'module',
  'module' => 
  array (
    0 => 'member',
    1 => 'account',
    2 => 'checklogin',
  ),
)
[ info ] [ HEADER ] array (
  'cookie' => 'username=V1BVXVs; password=BwYLAABT; cart=a%3A1%3A%7Bs%3A8%3A%2240-64%2C65%22%3Bs%3A1%3A%221%22%3B%7D',
  'accept-language' => 'zh-CN,zh;q=0.9,zh-TW;q=0.8,en-US;q=0.7,en;q=0.6',
  'accept-encoding' => 'gzip, deflate, br',
  'referer' => 'http://localhost/shop/index.php',
  'sec-fetch-mode' => 'cors',
  'sec-fetch-site' => 'same-origin',
  'user-agent' => 'Mozilla/5.0 (Windows NT 10.0; WOW64) AppleWebKit/537.36 (KHTML, like Gecko) Chrome/78.0.3904.87 Safari/537.36',
  'x-requested-with' => 'XMLHttpRequest',
  'accept' => 'application/json, text/javascript, */*; q=0.01',
  'connection' => 'close',
  'host' => 'localhost',
)
[ info ] [ PARAM ] array (
)
[ info ] [ DB ] INIT mysql
[ info ] [ CACHE ] INIT File
[ info ] [ RUN ] app\member\controller\Account->checkLogin[ D:\phpStudy\WWW\shop\application\member\controller\Account.php ]
[ info ] [ SESSION ] INIT array (
  'id' => '',
  'var_session_id' => '',
  'prefix' => 'think',
  'type' => '',
  'auto_start' => true,
)
[ info ] [ LOG ] INIT File
[ sql ] [ DB ] CONNECT:[ UseTime:0.001680s ] mysql:host=127.0.0.1;dbname=tpshop;charset=utf8
[ sql ] [ SQL ] SHOW COLUMNS FROM `tp_category` [ RunTime:0.001538s ]
[ sql ] [ SQL ] SELECT * FROM `tp_category` WHERE  `pid` = 0 [ RunTime:0.000534s ]
[ sql ] [ SQL ] SELECT * FROM `tp_category` WHERE  `pid` = 15 [ RunTime:0.000325s ]
[ sql ] [ SQL ] SELECT * FROM `tp_category` WHERE  `pid` = 32 [ RunTime:0.000427s ]
[ sql ] [ SQL ] SELECT * FROM `tp_category` WHERE  `pid` = 37 [ RunTime:0.000329s ]
[ sql ] [ SQL ] SELECT * FROM `tp_category` WHERE  `pid` = 54 [ RunTime:0.000259s ]
[ sql ] [ SQL ] SHOW COLUMNS FROM `tp_user` [ RunTime:0.001981s ]
[ sql ] [ SQL ] SELECT * FROM `tp_user` WHERE  `username` = 'admin' OR `email` = 'admin'  OR `mobile_phone` = 'admin' LIMIT 1 [ RunTime:0.025611s ]
[ sql ] [ SQL ] SHOW COLUMNS FROM `tp_member_level` [ RunTime:0.001750s ]
[ sql ] [ SQL ] SELECT * FROM `tp_member_level` WHERE  `bom_point` <= 15200  AND `top_point` >= 15200 LIMIT 1 [ RunTime:0.008512s ]
---------------------------------------------------------------
[ 2020-09-16T23:00:00+08:00 ] 0.0.0.0 POST localhost/shop/index.php/index/category/getcateinfo.html
[运行时间：0.075695s] [吞吐率：13.21req/s] [内存消耗：2,592.07kb] [文件加载：59]
[ info ] [ LANG ] D:\phpStudy\WWW\shop\thinkphp\lang\zh-cn.php
[ info ] [ ROUTE ] array (
  'type' => 'module',
  'module' => 
  array (
    0 => 'index',
    1 => 'category',
    2 => 'getcateinfo',
  ),
)
[ info ] [ HEADER ] array (
  'cookie' => 'username=V1BVXVs; password=BwYLAABT; cart=a%3A1%3A%7Bs%3A8%3A%2240-64%2C65%22%3Bs%3A1%3A%221%22%3B%7D; PHPSESSID=v2vbujol17plv8pv5d4cbf7up6',
  'accept-language' => 'zh-CN,zh;q=0.9,zh-TW;q=0.8,en-US;q=0.7,en;q=0.6',
  'accept-encoding' => 'gzip, deflate, br',
  'referer' => 'http://localhost/shop/index.php',
  'sec-fetch-mode' => 'cors',
  'sec-fetch-site' => 'same-origin',
  'content-type' => 'application/x-www-form-urlencoded; charset=UTF-8',
  'user-agent' => 'Mozilla/5.0 (Windows NT 10.0; WOW64) AppleWebKit/537.36 (KHTML, like Gecko) Chrome/78.0.3904.87 Safari/537.36',
  'x-requested-with' => 'XMLHttpRequest',
  'origin' => 'http://localhost',
  'accept' => 'application/json, text/javascript, */*; q=0.01',
  'content-length' => '5',
  'connection' => 'close',
  'host' => 'localhost',
)
[ info ] [ PARAM ] array (
  'id' => '15',
)
[ info ] [ DB ] INIT mysql
[ info ] [ CACHE ] INIT File
[ info ] [ RUN ] app\index\controller\Category->getCateInfo[ D:\phpStudy\WWW\shop\application\index\controller\Category.php ]
[ info ] [ LOG ] INIT File
[ sql ] [ DB ] CONNECT:[ UseTime:0.002077s ] mysql:host=127.0.0.1;dbname=tpshop;charset=utf8
[ sql ] [ SQL ] SHOW COLUMNS FROM `tp_category` [ RunTime:0.001529s ]
[ sql ] [ SQL ] SELECT * FROM `tp_category` WHERE  `pid` = 0 [ RunTime:0.000864s ]
[ sql ] [ SQL ] SELECT * FROM `tp_category` WHERE  `pid` = 15 [ RunTime:0.000754s ]
[ sql ] [ SQL ] SELECT * FROM `tp_category` WHERE  `pid` = 32 [ RunTime:0.000540s ]
[ sql ] [ SQL ] SELECT * FROM `tp_category` WHERE  `pid` = 37 [ RunTime:0.000448s ]
[ sql ] [ SQL ] SELECT * FROM `tp_category` WHERE  `pid` = 54 [ RunTime:0.000896s ]
[ sql ] [ SQL ] SELECT * FROM `tp_category` WHERE  `pid` = 15 [ RunTime:0.000635s ]
[ sql ] [ SQL ] SELECT * FROM `tp_category` WHERE  `pid` = 16 [ RunTime:0.000662s ]
[ sql ] [ SQL ] SELECT * FROM `tp_category` WHERE  `pid` = 17 [ RunTime:0.000796s ]
[ sql ] [ SQL ] SELECT * FROM `tp_category` WHERE  `pid` = 28 [ RunTime:0.001117s ]
[ sql ] [ SQL ] SHOW COLUMNS FROM `tp_category_words` [ RunTime:0.001263s ]
[ sql ] [ SQL ] SELECT * FROM `tp_category_words` WHERE  `category_id` = 15 [ RunTime:0.000650s ]
[ sql ] [ SQL ] SHOW COLUMNS FROM `tp_category_brands` [ RunTime:0.001432s ]
[ sql ] [ SQL ] SELECT * FROM `tp_category_brands` WHERE  `category_id` = 15 LIMIT 1 [ RunTime:0.000389s ]
[ sql ] [ SQL ] SHOW COLUMNS FROM `tp_brand` [ RunTime:0.001381s ]
[ sql ] [ SQL ] SELECT * FROM `tp_brand` WHERE  `id` = 28 LIMIT 1 [ RunTime:0.000367s ]
---------------------------------------------------------------
[ 2020-09-16T23:00:00+08:00 ] 0.0.0.0 POST localhost/shop/index.php/index/category/getcateinfo.html
[运行时间：0.058724s] [吞吐率：17.03req/s] [内存消耗：2,591.26kb] [文件加载：59]
[ info ] [ LANG ] D:\phpStudy\WWW\shop\thinkphp\lang\zh-cn.php
[ info ] [ ROUTE ] array (
  'type' => 'module',
  'module' => 
  array (
    0 => 'index',
    1 => 'category',
    2 => 'getcateinfo',
  ),
)
[ info ] [ HEADER ] array (
  'cookie' => 'username=V1BVXVs; password=BwYLAABT; cart=a%3A1%3A%7Bs%3A8%3A%2240-64%2C65%22%3Bs%3A1%3A%221%22%3B%7D',
  'accept-language' => 'zh-CN,zh;q=0.9,zh-TW;q=0.8,en-US;q=0.7,en;q=0.6',
  'accept-encoding' => 'gzip, deflate, br',
  'referer' => 'http://localhost/shop/index.php',
  'sec-fetch-mode' => 'cors',
  'sec-fetch-site' => 'same-origin',
  'content-type' => 'application/x-www-form-urlencoded; charset=UTF-8',
  'user-agent' => 'Mozilla/5.0 (Windows NT 10.0; WOW64) AppleWebKit/537.36 (KHTML, like Gecko) Chrome/78.0.3904.87 Safari/537.36',
  'x-requested-with' => 'XMLHttpRequest',
  'origin' => 'http://localhost',
  'accept' => 'application/json, text/javascript, */*; q=0.01',
  'content-length' => '5',
  'connection' => 'close',
  'host' => 'localhost',
)
[ info ] [ PARAM ] array (
  'id' => '32',
)
[ info ] [ DB ] INIT mysql
[ info ] [ CACHE ] INIT File
[ info ] [ RUN ] app\index\controller\Category->getCateInfo[ D:\phpStudy\WWW\shop\application\index\controller\Category.php ]
[ info ] [ LOG ] INIT File
[ sql ] [ DB ] CONNECT:[ UseTime:0.001585s ] mysql:host=127.0.0.1;dbname=tpshop;charset=utf8
[ sql ] [ SQL ] SHOW COLUMNS FROM `tp_category` [ RunTime:0.001104s ]
[ sql ] [ SQL ] SELECT * FROM `tp_category` WHERE  `pid` = 0 [ RunTime:0.000569s ]
[ sql ] [ SQL ] SELECT * FROM `tp_category` WHERE  `pid` = 15 [ RunTime:0.000505s ]
[ sql ] [ SQL ] SELECT * FROM `tp_category` WHERE  `pid` = 32 [ RunTime:0.000703s ]
[ sql ] [ SQL ] SELECT * FROM `tp_category` WHERE  `pid` = 37 [ RunTime:0.000497s ]
[ sql ] [ SQL ] SELECT * FROM `tp_category` WHERE  `pid` = 54 [ RunTime:0.000450s ]
[ sql ] [ SQL ] SELECT * FROM `tp_category` WHERE  `pid` = 32 [ RunTime:0.000668s ]
[ sql ] [ SQL ] SELECT * FROM `tp_category` WHERE  `pid` = 33 [ RunTime:0.000529s ]
[ sql ] [ SQL ] SELECT * FROM `tp_category` WHERE  `pid` = 47 [ RunTime:0.000462s ]
[ sql ] [ SQL ] SHOW COLUMNS FROM `tp_category_words` [ RunTime:0.001165s ]
[ sql ] [ SQL ] SELECT * FROM `tp_category_words` WHERE  `category_id` = 32 [ RunTime:0.000604s ]
[ sql ] [ SQL ] SHOW COLUMNS FROM `tp_category_brands` [ RunTime:0.000974s ]
[ sql ] [ SQL ] SELECT * FROM `tp_category_brands` WHERE  `category_id` = 32 LIMIT 1 [ RunTime:0.000466s ]
[ sql ] [ SQL ] SHOW COLUMNS FROM `tp_brand` [ RunTime:0.000945s ]
[ sql ] [ SQL ] SELECT * FROM `tp_brand` WHERE  `id` = 27 LIMIT 1 [ RunTime:0.000626s ]
---------------------------------------------------------------
[ 2020-09-16T23:00:01+08:00 ] 0.0.0.0 POST localhost/shop/index.php/index/category/getcateinfo.html
[运行时间：0.065427s] [吞吐率：15.28req/s] [内存消耗：2,590.68kb] [文件加载：59]
[ info ] [ LANG ] D:\phpStudy\WWW\shop\thinkphp\lang\zh-cn.php
[ info ] [ ROUTE ] array (
  'type' => 'module',
  'module' => 
  array (
    0 => 'index',
    1 => 'category',
    2 => 'getcateinfo',
  ),
)
[ info ] [ HEADER ] array (
  'cookie' => 'username=V1BVXVs; password=BwYLAABT; cart=a%3A1%3A%7Bs%3A8%3A%2240-64%2C65%22%3Bs%3A1%3A%221%22%3B%7D; PHPSESSID=v2vbujol17plv8pv5d4cbf7up6',
  'accept-language' => 'zh-CN,zh;q=0.9,zh-TW;q=0.8,en-US;q=0.7,en;q=0.6',
  'accept-encoding' => 'gzip, deflate, br',
  'referer' => 'http://localhost/shop/index.php',
  'sec-fetch-mode' => 'cors',
  'sec-fetch-site' => 'same-origin',
  'content-type' => 'application/x-www-form-urlencoded; charset=UTF-8',
  'user-agent' => 'Mozilla/5.0 (Windows NT 10.0; WOW64) AppleWebKit/537.36 (KHTML, like Gecko) Chrome/78.0.3904.87 Safari/537.36',
  'x-requested-with' => 'XMLHttpRequest',
  'origin' => 'http://localhost',
  'accept' => 'application/json, text/javascript, */*; q=0.01',
  'content-length' => '5',
  'connection' => 'close',
  'host' => 'localhost',
)
[ info ] [ PARAM ] array (
  'id' => '54',
)
[ info ] [ DB ] INIT mysql
[ info ] [ CACHE ] INIT File
[ info ] [ RUN ] app\index\controller\Category->getCateInfo[ D:\phpStudy\WWW\shop\application\index\controller\Category.php ]
[ info ] [ LOG ] INIT File
[ sql ] [ DB ] CONNECT:[ UseTime:0.002552s ] mysql:host=127.0.0.1;dbname=tpshop;charset=utf8
[ sql ] [ SQL ] SHOW COLUMNS FROM `tp_category` [ RunTime:0.001115s ]
[ sql ] [ SQL ] SELECT * FROM `tp_category` WHERE  `pid` = 0 [ RunTime:0.000594s ]
[ sql ] [ SQL ] SELECT * FROM `tp_category` WHERE  `pid` = 15 [ RunTime:0.000488s ]
[ sql ] [ SQL ] SELECT * FROM `tp_category` WHERE  `pid` = 32 [ RunTime:0.000428s ]
[ sql ] [ SQL ] SELECT * FROM `tp_category` WHERE  `pid` = 37 [ RunTime:0.000447s ]
[ sql ] [ SQL ] SELECT * FROM `tp_category` WHERE  `pid` = 54 [ RunTime:0.000414s ]
[ sql ] [ SQL ] SELECT * FROM `tp_category` WHERE  `pid` = 54 [ RunTime:0.000419s ]
[ sql ] [ SQL ] SELECT * FROM `tp_category` WHERE  `pid` = 55 [ RunTime:0.000444s ]
[ sql ] [ SQL ] SHOW COLUMNS FROM `tp_category_words` [ RunTime:0.000919s ]
[ sql ] [ SQL ] SELECT * FROM `tp_category_words` WHERE  `category_id` = 54 [ RunTime:0.000375s ]
[ sql ] [ SQL ] SHOW COLUMNS FROM `tp_category_brands` [ RunTime:0.000860s ]
[ sql ] [ SQL ] SELECT * FROM `tp_category_brands` WHERE  `category_id` = 54 LIMIT 1 [ RunTime:0.000447s ]
[ sql ] [ SQL ] SHOW COLUMNS FROM `tp_brand` [ RunTime:0.001070s ]
[ sql ] [ SQL ] SELECT * FROM `tp_brand` WHERE  `id` = 0 LIMIT 1 [ RunTime:0.002148s ]
---------------------------------------------------------------
[ 2020-09-16T23:00:02+08:00 ] 0.0.0.0 POST localhost/shop/index.php/index/brand/lst.html
[运行时间：0.156095s] [吞吐率：6.41req/s] [内存消耗：2,058.17kb] [文件加载：54]
[ info ] [ LANG ] D:\phpStudy\WWW\shop\thinkphp\lang\zh-cn.php
[ info ] [ ROUTE ] array (
  'type' => 'module',
  'module' => 
  array (
    0 => 'index',
    1 => 'brand',
    2 => 'lst',
  ),
)
[ info ] [ HEADER ] array (
  'cookie' => 'username=V1BVXVs; password=BwYLAABT; cart=a%3A1%3A%7Bs%3A8%3A%2240-64%2C65%22%3Bs%3A1%3A%221%22%3B%7D',
  'accept-language' => 'zh-CN,zh;q=0.9,zh-TW;q=0.8,en-US;q=0.7,en;q=0.6',
  'accept-encoding' => 'gzip, deflate, br',
  'referer' => 'http://localhost/shop/index.php',
  'sec-fetch-mode' => 'cors',
  'sec-fetch-site' => 'same-origin',
  'content-type' => 'application/x-www-form-urlencoded; charset=UTF-8',
  'user-agent' => 'Mozilla/5.0 (Windows NT 10.0; WOW64) AppleWebKit/537.36 (KHTML, like Gecko) Chrome/78.0.3904.87 Safari/537.36',
  'x-requested-with' => 'XMLHttpRequest',
  'origin' => 'http://localhost',
  'accept' => 'application/json, text/javascript, */*; q=0.01',
  'content-length' => '6',
  'connection' => 'close',
  'host' => 'localhost',
)
[ info ] [ PARAM ] array (
  'page' => '1',
)
[ info ] [ RUN ] app\index\controller\Brand->lst[ D:\phpStudy\WWW\shop\application\index\controller\Brand.php ]
[ info ] [ DB ] INIT mysql
[ info ] [ LOG ] INIT File
[ sql ] [ DB ] CONNECT:[ UseTime:0.005729s ] mysql:host=127.0.0.1;dbname=tpshop;charset=utf8
[ sql ] [ SQL ] SHOW COLUMNS FROM `tp_brand` [ RunTime:0.001457s ]
[ sql ] [ SQL ] SELECT COUNT(*) AS tp_count FROM `tp_brand` LIMIT 1 [ RunTime:0.032676s ]
[ sql ] [ SQL ] SELECT * FROM `tp_brand` ORDER BY `id` DESC LIMIT 0,17 [ RunTime:0.000698s ]
---------------------------------------------------------------
[ 2020-09-16T23:00:03+08:00 ] 0.0.0.0 GET localhost/shop/index.php/goods/39.html
[运行时间：0.179129s] [吞吐率：5.58req/s] [内存消耗：2,683.73kb] [文件加载：60]
[ info ] [ LANG ] D:\phpStudy\WWW\shop\thinkphp\lang\zh-cn.php
[ info ] [ ROUTE ] array (
  'type' => 'module',
  'module' => 
  array (
    0 => 'index',
    1 => 'Goods',
    2 => 'index',
  ),
  'convert' => false,
)
[ info ] [ HEADER ] array (
  'cookie' => 'username=V1BVXVs; password=BwYLAABT; cart=a%3A1%3A%7Bs%3A8%3A%2240-64%2C65%22%3Bs%3A1%3A%221%22%3B%7D; PHPSESSID=v2vbujol17plv8pv5d4cbf7up6',
  'accept-language' => 'zh-CN,zh;q=0.9,zh-TW;q=0.8,en-US;q=0.7,en;q=0.6',
  'accept-encoding' => 'gzip, deflate, br',
  'referer' => 'http://localhost/shop/index.php',
  'sec-fetch-mode' => 'navigate',
  'sec-fetch-site' => 'same-origin',
  'accept' => 'text/html,application/xhtml+xml,application/xml;q=0.9,image/webp,image/apng,*/*;q=0.8,application/signed-exchange;v=b3',
  'sec-fetch-user' => '?1',
  'user-agent' => 'Mozilla/5.0 (Windows NT 10.0; WOW64) AppleWebKit/537.36 (KHTML, like Gecko) Chrome/78.0.3904.87 Safari/537.36',
  'upgrade-insecure-requests' => '1',
  'connection' => 'close',
  'host' => 'localhost',
)
[ info ] [ PARAM ] array (
  'id' => '39',
)
[ info ] [ DB ] INIT mysql
[ info ] [ CACHE ] INIT File
[ info ] [ RUN ] app\index\controller\Goods->index[ D:\phpStudy\WWW\shop\application\index\controller\Goods.php ]
[ info ] [ VIEW ] D:\phpStudy\WWW\shop/application/index\view\goods\goods.htm [ array (
  0 => 'helpCateRes',
  1 => 'shopInfoRes',
  2 => 'navRes',
  3 => 'configs',
  4 => 'cateRes',
  5 => 'show_right',
  6 => 'goodsInfo',
  7 => 'goodsPhotoRes',
  8 => 'radioArr',
  9 => 'uniArr',
) ]
[ info ] [ LOG ] INIT File
[ sql ] [ DB ] CONNECT:[ UseTime:0.001146s ] mysql:host=127.0.0.1;dbname=tpshop;charset=utf8
[ sql ] [ SQL ] SHOW COLUMNS FROM `tp_category` [ RunTime:0.001113s ]
[ sql ] [ SQL ] SELECT * FROM `tp_category` WHERE  `pid` = 0 [ RunTime:0.000550s ]
[ sql ] [ SQL ] SELECT * FROM `tp_category` WHERE  `pid` = 15 [ RunTime:0.000601s ]
[ sql ] [ SQL ] SELECT * FROM `tp_category` WHERE  `pid` = 32 [ RunTime:0.000426s ]
[ sql ] [ SQL ] SELECT * FROM `tp_category` WHERE  `pid` = 37 [ RunTime:0.000416s ]
[ sql ] [ SQL ] SELECT * FROM `tp_category` WHERE  `pid` = 54 [ RunTime:0.000462s ]
[ sql ] [ SQL ] SHOW COLUMNS FROM `tp_goods` [ RunTime:0.000981s ]
[ sql ] [ SQL ] SELECT * FROM `tp_goods` WHERE  `id` = 39 LIMIT 1 [ RunTime:0.000495s ]
[ sql ] [ SQL ] SHOW COLUMNS FROM `tp_goods_photo` [ RunTime:0.001387s ]
[ sql ] [ SQL ] SELECT `sm_photo`,`mid_photo`,`big_photo`,`og_photo` FROM `tp_goods_photo` WHERE  `goods_id` = 39 [ RunTime:0.035924s ]
[ sql ] [ SQL ] SHOW COLUMNS FROM `tp_goods_attr` [ RunTime:0.001328s ]
[ sql ] [ SQL ] SELECT `ga`.*,`a`.`attr_name`,`a`.`attr_type` FROM `tp_goods_attr` `ga` INNER JOIN `tp_attr` `a` ON `ga`.`attr_id`=`a`.`id` WHERE  `ga`.`goods_id` = '39' [ RunTime:0.042259s ]
---------------------------------------------------------------
[ 2020-09-16T23:00:03+08:00 ] 0.0.0.0 POST localhost/shop/index.php/index/goods/ajaxgetmemberprice.html
[运行时间：0.097044s] [吞吐率：10.30req/s] [内存消耗：2,579.34kb] [文件加载：59]
[ info ] [ LANG ] D:\phpStudy\WWW\shop\thinkphp\lang\zh-cn.php
[ info ] [ ROUTE ] array (
  'type' => 'module',
  'module' => 
  array (
    0 => 'index',
    1 => 'goods',
    2 => 'ajaxgetmemberprice',
  ),
)
[ info ] [ HEADER ] array (
  'cookie' => 'username=V1BVXVs; password=BwYLAABT; cart=a%3A1%3A%7Bs%3A8%3A%2240-64%2C65%22%3Bs%3A1%3A%221%22%3B%7D; PHPSESSID=v2vbujol17plv8pv5d4cbf7up6',
  'accept-language' => 'zh-CN,zh;q=0.9,zh-TW;q=0.8,en-US;q=0.7,en;q=0.6',
  'accept-encoding' => 'gzip, deflate, br',
  'referer' => 'http://localhost/shop/index.php/goods/39.html',
  'sec-fetch-mode' => 'cors',
  'sec-fetch-site' => 'same-origin',
  'content-type' => 'application/x-www-form-urlencoded; charset=UTF-8',
  'user-agent' => 'Mozilla/5.0 (Windows NT 10.0; WOW64) AppleWebKit/537.36 (KHTML, like Gecko) Chrome/78.0.3904.87 Safari/537.36',
  'x-requested-with' => 'XMLHttpRequest',
  'origin' => 'http://localhost',
  'accept' => 'application/json, text/javascript, */*; q=0.01',
  'content-length' => '11',
  'connection' => 'close',
  'host' => 'localhost',
)
[ info ] [ PARAM ] array (
  'goods_id' => '39',
)
[ info ] [ DB ] INIT mysql
[ info ] [ CACHE ] INIT File
[ info ] [ RUN ] app\index\controller\Goods->ajaxGetMemberPrice[ D:\phpStudy\WWW\shop\application\index\controller\Goods.php ]
[ info ] [ SESSION ] INIT array (
  'id' => '',
  'var_session_id' => '',
  'prefix' => 'think',
  'type' => '',
  'auto_start' => true,
)
[ info ] [ LOG ] INIT File
[ sql ] [ DB ] CONNECT:[ UseTime:0.001785s ] mysql:host=127.0.0.1;dbname=tpshop;charset=utf8
[ sql ] [ SQL ] SHOW COLUMNS FROM `tp_category` [ RunTime:0.001452s ]
[ sql ] [ SQL ] SELECT * FROM `tp_category` WHERE  `pid` = 0 [ RunTime:0.000861s ]
[ sql ] [ SQL ] SELECT * FROM `tp_category` WHERE  `pid` = 15 [ RunTime:0.001382s ]
[ sql ] [ SQL ] SELECT * FROM `tp_category` WHERE  `pid` = 32 [ RunTime:0.000825s ]
[ sql ] [ SQL ] SELECT * FROM `tp_category` WHERE  `pid` = 37 [ RunTime:0.000679s ]
[ sql ] [ SQL ] SELECT * FROM `tp_category` WHERE  `pid` = 54 [ RunTime:0.000622s ]
[ sql ] [ SQL ] SHOW COLUMNS FROM `tp_goods` [ RunTime:0.001613s ]
[ sql ] [ SQL ] SELECT * FROM `tp_goods` WHERE  `id` = 39 LIMIT 1 [ RunTime:0.000968s ]
[ sql ] [ SQL ] SHOW COLUMNS FROM `tp_member_price` [ RunTime:0.002183s ]
[ sql ] [ SQL ] SELECT * FROM `tp_member_price` WHERE  `mlevel_id` = 3  AND `goods_id` = 39 LIMIT 1 [ RunTime:0.001213s ]
---------------------------------------------------------------
[ 2020-09-16T23:00:03+08:00 ] 0.0.0.0 GET localhost/shop/index.php/member/account/checklogin.html
[运行时间：0.067930s] [吞吐率：14.72req/s] [内存消耗：2,599.31kb] [文件加载：59]
[ info ] [ LANG ] D:\phpStudy\WWW\shop\thinkphp\lang\zh-cn.php
[ info ] [ ROUTE ] array (
  'type' => 'module',
  'module' => 
  array (
    0 => 'member',
    1 => 'account',
    2 => 'checklogin',
  ),
)
[ info ] [ HEADER ] array (
  'cookie' => 'username=V1BVXVs; password=BwYLAABT; cart=a%3A1%3A%7Bs%3A8%3A%2240-64%2C65%22%3Bs%3A1%3A%221%22%3B%7D; PHPSESSID=v2vbujol17plv8pv5d4cbf7up6',
  'accept-language' => 'zh-CN,zh;q=0.9,zh-TW;q=0.8,en-US;q=0.7,en;q=0.6',
  'accept-encoding' => 'gzip, deflate, br',
  'referer' => 'http://localhost/shop/index.php/goods/39.html',
  'sec-fetch-mode' => 'cors',
  'sec-fetch-site' => 'same-origin',
  'user-agent' => 'Mozilla/5.0 (Windows NT 10.0; WOW64) AppleWebKit/537.36 (KHTML, like Gecko) Chrome/78.0.3904.87 Safari/537.36',
  'x-requested-with' => 'XMLHttpRequest',
  'accept' => 'application/json, text/javascript, */*; q=0.01',
  'connection' => 'close',
  'host' => 'localhost',
)
[ info ] [ PARAM ] array (
)
[ info ] [ DB ] INIT mysql
[ info ] [ CACHE ] INIT File
[ info ] [ RUN ] app\member\controller\Account->checkLogin[ D:\phpStudy\WWW\shop\application\member\controller\Account.php ]
[ info ] [ SESSION ] INIT array (
  'id' => '',
  'var_session_id' => '',
  'prefix' => 'think',
  'type' => '',
  'auto_start' => true,
)
[ info ] [ LOG ] INIT File
[ sql ] [ DB ] CONNECT:[ UseTime:0.001259s ] mysql:host=127.0.0.1;dbname=tpshop;charset=utf8
[ sql ] [ SQL ] SHOW COLUMNS FROM `tp_category` [ RunTime:0.000857s ]
[ sql ] [ SQL ] SELECT * FROM `tp_category` WHERE  `pid` = 0 [ RunTime:0.000585s ]
[ sql ] [ SQL ] SELECT * FROM `tp_category` WHERE  `pid` = 15 [ RunTime:0.000785s ]
[ sql ] [ SQL ] SELECT * FROM `tp_category` WHERE  `pid` = 32 [ RunTime:0.000801s ]
[ sql ] [ SQL ] SELECT * FROM `tp_category` WHERE  `pid` = 37 [ RunTime:0.001228s ]
[ sql ] [ SQL ] SELECT * FROM `tp_category` WHERE  `pid` = 54 [ RunTime:0.001174s ]
---------------------------------------------------------------
[ 2020-09-16T23:00:04+08:00 ] 0.0.0.0 GET localhost/shop/index.php/goods/favicon.ico
[运行时间：0.072957s] [吞吐率：13.71req/s] [内存消耗：1,114.76kb] [文件加载：38]
[ info ] [ LANG ] D:\phpStudy\WWW\shop\thinkphp\lang\zh-cn.php
[ info ] [ ROUTE ] array (
  'type' => 'module',
  'module' => 
  array (
    0 => 'goods',
    1 => 'favicon.ico',
    2 => NULL,
  ),
)
[ info ] [ HEADER ] array (
  'cookie' => 'username=V1BVXVs; password=BwYLAABT; cart=a%3A1%3A%7Bs%3A8%3A%2240-64%2C65%22%3Bs%3A1%3A%221%22%3B%7D; PHPSESSID=v2vbujol17plv8pv5d4cbf7up6',
  'accept-language' => 'zh-CN,zh;q=0.9,zh-TW;q=0.8,en-US;q=0.7,en;q=0.6',
  'accept-encoding' => 'gzip, deflate, br',
  'referer' => 'http://localhost/shop/index.php/goods/39.html',
  'sec-fetch-mode' => 'no-cors',
  'sec-fetch-site' => 'same-origin',
  'accept' => 'image/webp,image/apng,image/*,*/*;q=0.8',
  'user-agent' => 'Mozilla/5.0 (Windows NT 10.0; WOW64) AppleWebKit/537.36 (KHTML, like Gecko) Chrome/78.0.3904.87 Safari/537.36',
  'connection' => 'close',
  'host' => 'localhost',
)
[ info ] [ PARAM ] array (
)
[ info ] [ LOG ] INIT File
---------------------------------------------------------------
[ 2020-09-16T23:00:04+08:00 ] 0.0.0.0 POST localhost/shop/index.php/index/flow/cartgoodsnum.html
[运行时间：0.048232s] [吞吐率：20.73req/s] [内存消耗：2,558.31kb] [文件加载：58]
[ info ] [ LANG ] D:\phpStudy\WWW\shop\thinkphp\lang\zh-cn.php
[ info ] [ ROUTE ] array (
  'type' => 'module',
  'module' => 
  array (
    0 => 'index',
    1 => 'flow',
    2 => 'cartgoodsnum',
  ),
)
[ info ] [ HEADER ] array (
  'cookie' => 'username=V1BVXVs; password=BwYLAABT; cart=a%3A1%3A%7Bs%3A8%3A%2240-64%2C65%22%3Bs%3A1%3A%221%22%3B%7D; PHPSESSID=v2vbujol17plv8pv5d4cbf7up6',
  'accept-language' => 'zh-CN,zh;q=0.9,zh-TW;q=0.8,en-US;q=0.7,en;q=0.6',
  'accept-encoding' => 'gzip, deflate, br',
  'referer' => 'http://localhost/shop/index.php/goods/39.html',
  'sec-fetch-mode' => 'cors',
  'sec-fetch-site' => 'same-origin',
  'user-agent' => 'Mozilla/5.0 (Windows NT 10.0; WOW64) AppleWebKit/537.36 (KHTML, like Gecko) Chrome/78.0.3904.87 Safari/537.36',
  'x-requested-with' => 'XMLHttpRequest',
  'origin' => 'http://localhost',
  'accept' => 'application/json, text/javascript, */*; q=0.01',
  'content-length' => '0',
  'connection' => 'close',
  'host' => 'localhost',
)
[ info ] [ PARAM ] array (
)
[ info ] [ DB ] INIT mysql
[ info ] [ CACHE ] INIT File
[ info ] [ RUN ] app\index\controller\Flow->cartGoodsNum[ D:\phpStudy\WWW\shop\application\index\controller\Flow.php ]
[ info ] [ LOG ] INIT File
[ sql ] [ DB ] CONNECT:[ UseTime:0.001482s ] mysql:host=127.0.0.1;dbname=tpshop;charset=utf8
[ sql ] [ SQL ] SHOW COLUMNS FROM `tp_category` [ RunTime:0.000974s ]
[ sql ] [ SQL ] SELECT * FROM `tp_category` WHERE  `pid` = 0 [ RunTime:0.000776s ]
[ sql ] [ SQL ] SELECT * FROM `tp_category` WHERE  `pid` = 15 [ RunTime:0.000499s ]
[ sql ] [ SQL ] SELECT * FROM `tp_category` WHERE  `pid` = 32 [ RunTime:0.000437s ]
[ sql ] [ SQL ] SELECT * FROM `tp_category` WHERE  `pid` = 37 [ RunTime:0.000432s ]
[ sql ] [ SQL ] SELECT * FROM `tp_category` WHERE  `pid` = 54 [ RunTime:0.000564s ]
