---------------------------------------------------------------
[ 2020-08-12T23:49:13+08:00 ] 0.0.0.0 GET localhost/shop/index.php/index/flow/images/201703/thumb_img/0_thumb_G_1490203982198.jpg
[运行时间：0.065866s] [吞吐率：15.18req/s] [内存消耗：2,524.56kb] [文件加载：57]
[ info ] [ LANG ] D:\phpStudy\WWW\shop\thinkphp\lang\zh-cn.php
[ info ] [ ROUTE ] array (
  'type' => 'module',
  'module' => 
  array (
    0 => 'index',
    1 => 'flow',
    2 => 'images',
  ),
)
[ info ] [ HEADER ] array (
  'cookie' => 'Webstorm-8eca410e=04526ef6-adf0-4d93-bb13-46e3905d1068; pgv_pvi=7221936128; __gads=ID=b1212375c27b912c:T=1586869645:S=ALNI_MZYuTOaaBcDo4BiLlNlOJNjz0Pgfw; UM_distinctid=1717d2942a858c-00f116fb452871-514f291a-1fa400-1717d2942a927b; Hm_lvt_afc2b8bbe5afca7b1c77c05445eadd98=1587091294,1587111279,1587169185,1587266304; CNZZDATA1261742514=504053808-1586942326-http%253A%252F%252Flocalhost%252F%7C1587262752; Hm_lvt_b393d153aeb26b46e9431fabaf0f6190=1588648817; __utma=111872281.1211606754.1591885490.1591885490.1591885490.1; __utmz=111872281.1591885490.1.1.utmcsr=(direct)|utmccn=(direct)|utmcmd=(none); bdshare_firstime=1591885513160; CNZZDATA2467102=cnzz_eid%3D370380495-1591885516-http%253A%252F%252Flocalhost%252F%26ntime%3D1591885516; Phpstorm-60319ca5=b23f1a5a-3b84-497c-93d1-ed05efad76d0; cart=a%3A2%3A%7Bs%3A8%3A%2240-62%2C67%22%3Bi%3A3%3Bs%3A8%3A%2240-63%2C67%22%3Bi%3A6%3B%7D; PHPSESSID=6pm77hd38a0ldgqkpdhjp736d2; username=V1BVXVs; password=BwYLAABT',
  'accept-language' => 'zh-CN,zh;q=0.9',
  'accept-encoding' => 'gzip, deflate, br',
  'referer' => 'http://localhost/shop/index.php/index/flow/flow2.html',
  'sec-fetch-mode' => 'no-cors',
  'sec-fetch-site' => 'same-origin',
  'accept' => 'image/webp,image/apng,image/*,*/*;q=0.8',
  'user-agent' => 'Mozilla/5.0 (Windows NT 10.0; WOW64) AppleWebKit/537.36 (KHTML, like Gecko) Chrome/78.0.3904.87 Safari/537.36',
  'connection' => 'close',
  'host' => 'localhost',
)
[ info ] [ PARAM ] array (
  0 => 'thumb_img',
)
[ info ] [ DB ] INIT mysql
[ info ] [ CACHE ] INIT File
[ info ] [ LOG ] INIT File
[ sql ] [ DB ] CONNECT:[ UseTime:0.013034s ] mysql:host=127.0.0.1;dbname=tpshop;charset=utf8
[ sql ] [ SQL ] SHOW COLUMNS FROM `tp_category` [ RunTime:0.000874s ]
[ sql ] [ SQL ] SELECT * FROM `tp_category` WHERE  `pid` = 0 [ RunTime:0.000442s ]
[ sql ] [ SQL ] SELECT * FROM `tp_category` WHERE  `pid` = 15 [ RunTime:0.000400s ]
[ sql ] [ SQL ] SELECT * FROM `tp_category` WHERE  `pid` = 32 [ RunTime:0.000400s ]
[ sql ] [ SQL ] SELECT * FROM `tp_category` WHERE  `pid` = 37 [ RunTime:0.000367s ]
[ sql ] [ SQL ] SELECT * FROM `tp_category` WHERE  `pid` = 54 [ RunTime:0.000554s ]
---------------------------------------------------------------
[ 2020-08-12T23:50:22+08:00 ] 0.0.0.0 POST localhost/shop/index.php/index/flow/flow2.html
[运行时间：0.054892s] [吞吐率：18.22req/s] [内存消耗：2,752.73kb] [文件加载：58]
[ info ] [ LANG ] D:\phpStudy\WWW\shop\thinkphp\lang\zh-cn.php
[ info ] [ ROUTE ] array (
  'type' => 'module',
  'module' => 
  array (
    0 => 'index',
    1 => 'flow',
    2 => 'flow2',
  ),
)
[ info ] [ HEADER ] array (
  'cookie' => 'Webstorm-8eca410e=04526ef6-adf0-4d93-bb13-46e3905d1068; pgv_pvi=7221936128; __gads=ID=b1212375c27b912c:T=1586869645:S=ALNI_MZYuTOaaBcDo4BiLlNlOJNjz0Pgfw; UM_distinctid=1717d2942a858c-00f116fb452871-514f291a-1fa400-1717d2942a927b; Hm_lvt_afc2b8bbe5afca7b1c77c05445eadd98=1587091294,1587111279,1587169185,1587266304; CNZZDATA1261742514=504053808-1586942326-http%253A%252F%252Flocalhost%252F%7C1587262752; Hm_lvt_b393d153aeb26b46e9431fabaf0f6190=1588648817; __utma=111872281.1211606754.1591885490.1591885490.1591885490.1; __utmz=111872281.1591885490.1.1.utmcsr=(direct)|utmccn=(direct)|utmcmd=(none); bdshare_firstime=1591885513160; CNZZDATA2467102=cnzz_eid%3D370380495-1591885516-http%253A%252F%252Flocalhost%252F%26ntime%3D1591885516; Phpstorm-60319ca5=b23f1a5a-3b84-497c-93d1-ed05efad76d0; cart=a%3A2%3A%7Bs%3A8%3A%2240-62%2C67%22%3Bi%3A3%3Bs%3A8%3A%2240-63%2C67%22%3Bi%3A6%3B%7D; PHPSESSID=6pm77hd38a0ldgqkpdhjp736d2; username=V1BVXVs; password=BwYLAABT',
  'accept-language' => 'zh-CN,zh;q=0.9',
  'accept-encoding' => 'gzip, deflate, br',
  'referer' => 'http://localhost/shop/index.php/flow1.html',
  'sec-fetch-mode' => 'navigate',
  'sec-fetch-site' => 'same-origin',
  'accept' => 'text/html,application/xhtml+xml,application/xml;q=0.9,image/webp,image/apng,*/*;q=0.8,application/signed-exchange;v=b3',
  'content-type' => 'application/x-www-form-urlencoded',
  'origin' => 'http://localhost',
  'sec-fetch-user' => '?1',
  'user-agent' => 'Mozilla/5.0 (Windows NT 10.0; WOW64) AppleWebKit/537.36 (KHTML, like Gecko) Chrome/78.0.3904.87 Safari/537.36',
  'upgrade-insecure-requests' => '1',
  'cache-control' => 'max-age=0',
  'content-length' => '106',
  'connection' => 'close',
  'host' => 'localhost',
)
[ info ] [ PARAM ] array (
  'goPay' => '去支付',
  'step' => 'checkout',
  'store_seller' => '',
  'cart_value' => '40-62,67@40-63,67',
  'goods_ru' => '',
)
[ info ] [ DB ] INIT mysql
[ info ] [ CACHE ] INIT File
[ info ] [ RUN ] app\index\controller\Flow->flow2[ D:\phpStudy\WWW\shop\application\index\controller\Flow.php ]
[ info ] [ VIEW ] D:\phpStudy\WWW\shop/application/index\view\flow\flow2.htm [ array (
  0 => 'helpCateRes',
  1 => 'shopInfoRes',
  2 => 'navRes',
  3 => 'configs',
  4 => 'cateRes',
) ]
[ info ] [ LOG ] INIT File
[ sql ] [ DB ] CONNECT:[ UseTime:0.010570s ] mysql:host=127.0.0.1;dbname=tpshop;charset=utf8
[ sql ] [ SQL ] SHOW COLUMNS FROM `tp_category` [ RunTime:0.001116s ]
[ sql ] [ SQL ] SELECT * FROM `tp_category` WHERE  `pid` = 0 [ RunTime:0.000515s ]
[ sql ] [ SQL ] SELECT * FROM `tp_category` WHERE  `pid` = 15 [ RunTime:0.000397s ]
[ sql ] [ SQL ] SELECT * FROM `tp_category` WHERE  `pid` = 32 [ RunTime:0.000432s ]
[ sql ] [ SQL ] SELECT * FROM `tp_category` WHERE  `pid` = 37 [ RunTime:0.000347s ]
[ sql ] [ SQL ] SELECT * FROM `tp_category` WHERE  `pid` = 54 [ RunTime:0.000428s ]
---------------------------------------------------------------
[ 2020-08-12T23:50:22+08:00 ] 0.0.0.0 GET localhost/shop/index.php/index/flow/images/201703/thumb_img/0_thumb_G_1490203982198.jpg
[运行时间：0.059238s] [吞吐率：16.88req/s] [内存消耗：2,524.61kb] [文件加载：57]
[ info ] [ LANG ] D:\phpStudy\WWW\shop\thinkphp\lang\zh-cn.php
[ info ] [ ROUTE ] array (
  'type' => 'module',
  'module' => 
  array (
    0 => 'index',
    1 => 'flow',
    2 => 'images',
  ),
)
[ info ] [ HEADER ] array (
  'cookie' => 'Webstorm-8eca410e=04526ef6-adf0-4d93-bb13-46e3905d1068; pgv_pvi=7221936128; __gads=ID=b1212375c27b912c:T=1586869645:S=ALNI_MZYuTOaaBcDo4BiLlNlOJNjz0Pgfw; UM_distinctid=1717d2942a858c-00f116fb452871-514f291a-1fa400-1717d2942a927b; Hm_lvt_afc2b8bbe5afca7b1c77c05445eadd98=1587091294,1587111279,1587169185,1587266304; CNZZDATA1261742514=504053808-1586942326-http%253A%252F%252Flocalhost%252F%7C1587262752; Hm_lvt_b393d153aeb26b46e9431fabaf0f6190=1588648817; __utma=111872281.1211606754.1591885490.1591885490.1591885490.1; __utmz=111872281.1591885490.1.1.utmcsr=(direct)|utmccn=(direct)|utmcmd=(none); bdshare_firstime=1591885513160; CNZZDATA2467102=cnzz_eid%3D370380495-1591885516-http%253A%252F%252Flocalhost%252F%26ntime%3D1591885516; Phpstorm-60319ca5=b23f1a5a-3b84-497c-93d1-ed05efad76d0; cart=a%3A2%3A%7Bs%3A8%3A%2240-62%2C67%22%3Bi%3A3%3Bs%3A8%3A%2240-63%2C67%22%3Bi%3A6%3B%7D; PHPSESSID=6pm77hd38a0ldgqkpdhjp736d2; username=V1BVXVs; password=BwYLAABT',
  'accept-language' => 'zh-CN,zh;q=0.9',
  'accept-encoding' => 'gzip, deflate, br',
  'referer' => 'http://localhost/shop/index.php/index/flow/flow2.html',
  'sec-fetch-mode' => 'no-cors',
  'sec-fetch-site' => 'same-origin',
  'accept' => 'image/webp,image/apng,image/*,*/*;q=0.8',
  'user-agent' => 'Mozilla/5.0 (Windows NT 10.0; WOW64) AppleWebKit/537.36 (KHTML, like Gecko) Chrome/78.0.3904.87 Safari/537.36',
  'connection' => 'close',
  'host' => 'localhost',
)
[ info ] [ PARAM ] array (
  0 => 'thumb_img',
)
[ info ] [ DB ] INIT mysql
[ info ] [ CACHE ] INIT File
[ info ] [ LOG ] INIT File
[ sql ] [ DB ] CONNECT:[ UseTime:0.001611s ] mysql:host=127.0.0.1;dbname=tpshop;charset=utf8
[ sql ] [ SQL ] SHOW COLUMNS FROM `tp_category` [ RunTime:0.001014s ]
[ sql ] [ SQL ] SELECT * FROM `tp_category` WHERE  `pid` = 0 [ RunTime:0.000721s ]
[ sql ] [ SQL ] SELECT * FROM `tp_category` WHERE  `pid` = 15 [ RunTime:0.000629s ]
[ sql ] [ SQL ] SELECT * FROM `tp_category` WHERE  `pid` = 32 [ RunTime:0.000462s ]
[ sql ] [ SQL ] SELECT * FROM `tp_category` WHERE  `pid` = 37 [ RunTime:0.000463s ]
[ sql ] [ SQL ] SELECT * FROM `tp_category` WHERE  `pid` = 54 [ RunTime:0.000436s ]
---------------------------------------------------------------
[ 2020-08-12T23:50:22+08:00 ] 0.0.0.0 GET localhost/shop/index.php/index/flow/images/201703/thumb_img/0_thumb_G_1490209495581.jpg
[运行时间：0.072840s] [吞吐率：13.73req/s] [内存消耗：2,524.61kb] [文件加载：57]
[ info ] [ LANG ] D:\phpStudy\WWW\shop\thinkphp\lang\zh-cn.php
[ info ] [ ROUTE ] array (
  'type' => 'module',
  'module' => 
  array (
    0 => 'index',
    1 => 'flow',
    2 => 'images',
  ),
)
[ info ] [ HEADER ] array (
  'cookie' => 'Webstorm-8eca410e=04526ef6-adf0-4d93-bb13-46e3905d1068; pgv_pvi=7221936128; __gads=ID=b1212375c27b912c:T=1586869645:S=ALNI_MZYuTOaaBcDo4BiLlNlOJNjz0Pgfw; UM_distinctid=1717d2942a858c-00f116fb452871-514f291a-1fa400-1717d2942a927b; Hm_lvt_afc2b8bbe5afca7b1c77c05445eadd98=1587091294,1587111279,1587169185,1587266304; CNZZDATA1261742514=504053808-1586942326-http%253A%252F%252Flocalhost%252F%7C1587262752; Hm_lvt_b393d153aeb26b46e9431fabaf0f6190=1588648817; __utma=111872281.1211606754.1591885490.1591885490.1591885490.1; __utmz=111872281.1591885490.1.1.utmcsr=(direct)|utmccn=(direct)|utmcmd=(none); bdshare_firstime=1591885513160; CNZZDATA2467102=cnzz_eid%3D370380495-1591885516-http%253A%252F%252Flocalhost%252F%26ntime%3D1591885516; Phpstorm-60319ca5=b23f1a5a-3b84-497c-93d1-ed05efad76d0; cart=a%3A2%3A%7Bs%3A8%3A%2240-62%2C67%22%3Bi%3A3%3Bs%3A8%3A%2240-63%2C67%22%3Bi%3A6%3B%7D; PHPSESSID=6pm77hd38a0ldgqkpdhjp736d2; username=V1BVXVs; password=BwYLAABT',
  'accept-language' => 'zh-CN,zh;q=0.9',
  'accept-encoding' => 'gzip, deflate, br',
  'referer' => 'http://localhost/shop/index.php/index/flow/flow2.html',
  'sec-fetch-mode' => 'no-cors',
  'sec-fetch-site' => 'same-origin',
  'accept' => 'image/webp,image/apng,image/*,*/*;q=0.8',
  'user-agent' => 'Mozilla/5.0 (Windows NT 10.0; WOW64) AppleWebKit/537.36 (KHTML, like Gecko) Chrome/78.0.3904.87 Safari/537.36',
  'connection' => 'close',
  'host' => 'localhost',
)
[ info ] [ PARAM ] array (
  0 => 'thumb_img',
)
[ info ] [ DB ] INIT mysql
[ info ] [ CACHE ] INIT File
[ info ] [ LOG ] INIT File
[ sql ] [ DB ] CONNECT:[ UseTime:0.002140s ] mysql:host=127.0.0.1;dbname=tpshop;charset=utf8
[ sql ] [ SQL ] SHOW COLUMNS FROM `tp_category` [ RunTime:0.001359s ]
[ sql ] [ SQL ] SELECT * FROM `tp_category` WHERE  `pid` = 0 [ RunTime:0.000861s ]
[ sql ] [ SQL ] SELECT * FROM `tp_category` WHERE  `pid` = 15 [ RunTime:0.000684s ]
[ sql ] [ SQL ] SELECT * FROM `tp_category` WHERE  `pid` = 32 [ RunTime:0.000731s ]
[ sql ] [ SQL ] SELECT * FROM `tp_category` WHERE  `pid` = 37 [ RunTime:0.000633s ]
[ sql ] [ SQL ] SELECT * FROM `tp_category` WHERE  `pid` = 54 [ RunTime:0.000433s ]
---------------------------------------------------------------
[ 2020-08-12T23:51:14+08:00 ] 0.0.0.0 POST localhost/shop/index.php/index/flow/flow2.html
[运行时间：0.062794s] [吞吐率：15.93req/s] [内存消耗：2,812.27kb] [文件加载：59]
[ info ] [ LANG ] D:\phpStudy\WWW\shop\thinkphp\lang\zh-cn.php
[ info ] [ ROUTE ] array (
  'type' => 'module',
  'module' => 
  array (
    0 => 'index',
    1 => 'flow',
    2 => 'flow2',
  ),
)
[ info ] [ HEADER ] array (
  'cookie' => 'Webstorm-8eca410e=04526ef6-adf0-4d93-bb13-46e3905d1068; pgv_pvi=7221936128; __gads=ID=b1212375c27b912c:T=1586869645:S=ALNI_MZYuTOaaBcDo4BiLlNlOJNjz0Pgfw; UM_distinctid=1717d2942a858c-00f116fb452871-514f291a-1fa400-1717d2942a927b; Hm_lvt_afc2b8bbe5afca7b1c77c05445eadd98=1587091294,1587111279,1587169185,1587266304; CNZZDATA1261742514=504053808-1586942326-http%253A%252F%252Flocalhost%252F%7C1587262752; Hm_lvt_b393d153aeb26b46e9431fabaf0f6190=1588648817; __utma=111872281.1211606754.1591885490.1591885490.1591885490.1; __utmz=111872281.1591885490.1.1.utmcsr=(direct)|utmccn=(direct)|utmcmd=(none); bdshare_firstime=1591885513160; CNZZDATA2467102=cnzz_eid%3D370380495-1591885516-http%253A%252F%252Flocalhost%252F%26ntime%3D1591885516; Phpstorm-60319ca5=b23f1a5a-3b84-497c-93d1-ed05efad76d0; cart=a%3A2%3A%7Bs%3A8%3A%2240-62%2C67%22%3Bi%3A3%3Bs%3A8%3A%2240-63%2C67%22%3Bi%3A6%3B%7D; PHPSESSID=6pm77hd38a0ldgqkpdhjp736d2; username=V1BVXVs; password=BwYLAABT',
  'accept-language' => 'zh-CN,zh;q=0.9',
  'accept-encoding' => 'gzip, deflate, br',
  'referer' => 'http://localhost/shop/index.php/flow1.html',
  'sec-fetch-mode' => 'navigate',
  'sec-fetch-site' => 'same-origin',
  'accept' => 'text/html,application/xhtml+xml,application/xml;q=0.9,image/webp,image/apng,*/*;q=0.8,application/signed-exchange;v=b3',
  'content-type' => 'application/x-www-form-urlencoded',
  'origin' => 'http://localhost',
  'sec-fetch-user' => '?1',
  'user-agent' => 'Mozilla/5.0 (Windows NT 10.0; WOW64) AppleWebKit/537.36 (KHTML, like Gecko) Chrome/78.0.3904.87 Safari/537.36',
  'upgrade-insecure-requests' => '1',
  'cache-control' => 'max-age=0',
  'content-length' => '106',
  'connection' => 'close',
  'host' => 'localhost',
)
[ info ] [ PARAM ] array (
  'goPay' => '去支付',
  'step' => 'checkout',
  'store_seller' => '',
  'cart_value' => '40-62,67@40-63,67',
  'goods_ru' => '',
)
[ info ] [ DB ] INIT mysql
[ info ] [ CACHE ] INIT File
[ info ] [ RUN ] app\index\controller\Flow->flow2[ D:\phpStudy\WWW\shop\application\index\controller\Flow.php ]
[ info ] [ VIEW ] D:\phpStudy\WWW\shop/application/index\view\flow\flow2.htm [ array (
  0 => 'helpCateRes',
  1 => 'shopInfoRes',
  2 => 'navRes',
  3 => 'configs',
  4 => 'cateRes',
) ]
[ info ] [ LOG ] INIT File
[ sql ] [ DB ] CONNECT:[ UseTime:0.011059s ] mysql:host=127.0.0.1;dbname=tpshop;charset=utf8
[ sql ] [ SQL ] SHOW COLUMNS FROM `tp_category` [ RunTime:0.000976s ]
[ sql ] [ SQL ] SELECT * FROM `tp_category` WHERE  `pid` = 0 [ RunTime:0.000593s ]
[ sql ] [ SQL ] SELECT * FROM `tp_category` WHERE  `pid` = 15 [ RunTime:0.000373s ]
[ sql ] [ SQL ] SELECT * FROM `tp_category` WHERE  `pid` = 32 [ RunTime:0.000287s ]
[ sql ] [ SQL ] SELECT * FROM `tp_category` WHERE  `pid` = 37 [ RunTime:0.000263s ]
[ sql ] [ SQL ] SELECT * FROM `tp_category` WHERE  `pid` = 54 [ RunTime:0.000381s ]
---------------------------------------------------------------
[ 2020-08-12T23:51:14+08:00 ] 0.0.0.0 GET localhost/shop/index.php/index/flow/images/201703/thumb_img/0_thumb_G_1490209495581.jpg
[运行时间：0.060101s] [吞吐率：16.64req/s] [内存消耗：2,524.61kb] [文件加载：57]
[ info ] [ LANG ] D:\phpStudy\WWW\shop\thinkphp\lang\zh-cn.php
[ info ] [ ROUTE ] array (
  'type' => 'module',
  'module' => 
  array (
    0 => 'index',
    1 => 'flow',
    2 => 'images',
  ),
)
[ info ] [ HEADER ] array (
  'cookie' => 'Webstorm-8eca410e=04526ef6-adf0-4d93-bb13-46e3905d1068; pgv_pvi=7221936128; __gads=ID=b1212375c27b912c:T=1586869645:S=ALNI_MZYuTOaaBcDo4BiLlNlOJNjz0Pgfw; UM_distinctid=1717d2942a858c-00f116fb452871-514f291a-1fa400-1717d2942a927b; Hm_lvt_afc2b8bbe5afca7b1c77c05445eadd98=1587091294,1587111279,1587169185,1587266304; CNZZDATA1261742514=504053808-1586942326-http%253A%252F%252Flocalhost%252F%7C1587262752; Hm_lvt_b393d153aeb26b46e9431fabaf0f6190=1588648817; __utma=111872281.1211606754.1591885490.1591885490.1591885490.1; __utmz=111872281.1591885490.1.1.utmcsr=(direct)|utmccn=(direct)|utmcmd=(none); bdshare_firstime=1591885513160; CNZZDATA2467102=cnzz_eid%3D370380495-1591885516-http%253A%252F%252Flocalhost%252F%26ntime%3D1591885516; Phpstorm-60319ca5=b23f1a5a-3b84-497c-93d1-ed05efad76d0; cart=a%3A2%3A%7Bs%3A8%3A%2240-62%2C67%22%3Bi%3A3%3Bs%3A8%3A%2240-63%2C67%22%3Bi%3A6%3B%7D; PHPSESSID=6pm77hd38a0ldgqkpdhjp736d2; username=V1BVXVs; password=BwYLAABT',
  'accept-language' => 'zh-CN,zh;q=0.9',
  'accept-encoding' => 'gzip, deflate, br',
  'referer' => 'http://localhost/shop/index.php/index/flow/flow2.html',
  'sec-fetch-mode' => 'no-cors',
  'sec-fetch-site' => 'same-origin',
  'accept' => 'image/webp,image/apng,image/*,*/*;q=0.8',
  'user-agent' => 'Mozilla/5.0 (Windows NT 10.0; WOW64) AppleWebKit/537.36 (KHTML, like Gecko) Chrome/78.0.3904.87 Safari/537.36',
  'connection' => 'close',
  'host' => 'localhost',
)
[ info ] [ PARAM ] array (
  0 => 'thumb_img',
)
[ info ] [ DB ] INIT mysql
[ info ] [ CACHE ] INIT File
[ info ] [ LOG ] INIT File
[ sql ] [ DB ] CONNECT:[ UseTime:0.001786s ] mysql:host=127.0.0.1;dbname=tpshop;charset=utf8
[ sql ] [ SQL ] SHOW COLUMNS FROM `tp_category` [ RunTime:0.001206s ]
[ sql ] [ SQL ] SELECT * FROM `tp_category` WHERE  `pid` = 0 [ RunTime:0.000677s ]
[ sql ] [ SQL ] SELECT * FROM `tp_category` WHERE  `pid` = 15 [ RunTime:0.000627s ]
[ sql ] [ SQL ] SELECT * FROM `tp_category` WHERE  `pid` = 32 [ RunTime:0.000796s ]
[ sql ] [ SQL ] SELECT * FROM `tp_category` WHERE  `pid` = 37 [ RunTime:0.000568s ]
[ sql ] [ SQL ] SELECT * FROM `tp_category` WHERE  `pid` = 54 [ RunTime:0.000484s ]
---------------------------------------------------------------
[ 2020-08-12T23:51:15+08:00 ] 0.0.0.0 GET localhost/shop/index.php/index/flow/images/201703/thumb_img/0_thumb_G_1490203982198.jpg
[运行时间：0.042232s] [吞吐率：23.68req/s] [内存消耗：2,524.61kb] [文件加载：57]
[ info ] [ LANG ] D:\phpStudy\WWW\shop\thinkphp\lang\zh-cn.php
[ info ] [ ROUTE ] array (
  'type' => 'module',
  'module' => 
  array (
    0 => 'index',
    1 => 'flow',
    2 => 'images',
  ),
)
[ info ] [ HEADER ] array (
  'cookie' => 'Webstorm-8eca410e=04526ef6-adf0-4d93-bb13-46e3905d1068; pgv_pvi=7221936128; __gads=ID=b1212375c27b912c:T=1586869645:S=ALNI_MZYuTOaaBcDo4BiLlNlOJNjz0Pgfw; UM_distinctid=1717d2942a858c-00f116fb452871-514f291a-1fa400-1717d2942a927b; Hm_lvt_afc2b8bbe5afca7b1c77c05445eadd98=1587091294,1587111279,1587169185,1587266304; CNZZDATA1261742514=504053808-1586942326-http%253A%252F%252Flocalhost%252F%7C1587262752; Hm_lvt_b393d153aeb26b46e9431fabaf0f6190=1588648817; __utma=111872281.1211606754.1591885490.1591885490.1591885490.1; __utmz=111872281.1591885490.1.1.utmcsr=(direct)|utmccn=(direct)|utmcmd=(none); bdshare_firstime=1591885513160; CNZZDATA2467102=cnzz_eid%3D370380495-1591885516-http%253A%252F%252Flocalhost%252F%26ntime%3D1591885516; Phpstorm-60319ca5=b23f1a5a-3b84-497c-93d1-ed05efad76d0; cart=a%3A2%3A%7Bs%3A8%3A%2240-62%2C67%22%3Bi%3A3%3Bs%3A8%3A%2240-63%2C67%22%3Bi%3A6%3B%7D; PHPSESSID=6pm77hd38a0ldgqkpdhjp736d2; username=V1BVXVs; password=BwYLAABT',
  'accept-language' => 'zh-CN,zh;q=0.9',
  'accept-encoding' => 'gzip, deflate, br',
  'referer' => 'http://localhost/shop/index.php/index/flow/flow2.html',
  'sec-fetch-mode' => 'no-cors',
  'sec-fetch-site' => 'same-origin',
  'accept' => 'image/webp,image/apng,image/*,*/*;q=0.8',
  'user-agent' => 'Mozilla/5.0 (Windows NT 10.0; WOW64) AppleWebKit/537.36 (KHTML, like Gecko) Chrome/78.0.3904.87 Safari/537.36',
  'connection' => 'close',
  'host' => 'localhost',
)
[ info ] [ PARAM ] array (
  0 => 'thumb_img',
)
[ info ] [ DB ] INIT mysql
[ info ] [ CACHE ] INIT File
[ info ] [ LOG ] INIT File
[ sql ] [ DB ] CONNECT:[ UseTime:0.010428s ] mysql:host=127.0.0.1;dbname=tpshop;charset=utf8
[ sql ] [ SQL ] SHOW COLUMNS FROM `tp_category` [ RunTime:0.001038s ]
[ sql ] [ SQL ] SELECT * FROM `tp_category` WHERE  `pid` = 0 [ RunTime:0.000827s ]
[ sql ] [ SQL ] SELECT * FROM `tp_category` WHERE  `pid` = 15 [ RunTime:0.000795s ]
[ sql ] [ SQL ] SELECT * FROM `tp_category` WHERE  `pid` = 32 [ RunTime:0.000509s ]
[ sql ] [ SQL ] SELECT * FROM `tp_category` WHERE  `pid` = 37 [ RunTime:0.000406s ]
[ sql ] [ SQL ] SELECT * FROM `tp_category` WHERE  `pid` = 54 [ RunTime:0.000381s ]
---------------------------------------------------------------
[ 2020-08-12T23:51:32+08:00 ] 0.0.0.0 GET localhost/shop/index.php/index/flow/flow1.html
[运行时间：0.124739s] [吞吐率：8.02req/s] [内存消耗：2,966.91kb] [文件加载：61]
[ info ] [ LANG ] D:\phpStudy\WWW\shop\thinkphp\lang\zh-cn.php
[ info ] [ ROUTE ] array (
  'type' => 'module',
  'module' => 
  array (
    0 => 'index',
    1 => 'Index',
    2 => 'index',
  ),
  'convert' => false,
)
[ info ] [ HEADER ] array (
  'cookie' => 'Webstorm-8eca410e=04526ef6-adf0-4d93-bb13-46e3905d1068; pgv_pvi=7221936128; __gads=ID=b1212375c27b912c:T=1586869645:S=ALNI_MZYuTOaaBcDo4BiLlNlOJNjz0Pgfw; UM_distinctid=1717d2942a858c-00f116fb452871-514f291a-1fa400-1717d2942a927b; Hm_lvt_afc2b8bbe5afca7b1c77c05445eadd98=1587091294,1587111279,1587169185,1587266304; CNZZDATA1261742514=504053808-1586942326-http%253A%252F%252Flocalhost%252F%7C1587262752; Hm_lvt_b393d153aeb26b46e9431fabaf0f6190=1588648817; __utma=111872281.1211606754.1591885490.1591885490.1591885490.1; __utmz=111872281.1591885490.1.1.utmcsr=(direct)|utmccn=(direct)|utmcmd=(none); bdshare_firstime=1591885513160; CNZZDATA2467102=cnzz_eid%3D370380495-1591885516-http%253A%252F%252Flocalhost%252F%26ntime%3D1591885516; Phpstorm-60319ca5=b23f1a5a-3b84-497c-93d1-ed05efad76d0; cart=a%3A2%3A%7Bs%3A8%3A%2240-62%2C67%22%3Bi%3A3%3Bs%3A8%3A%2240-63%2C67%22%3Bi%3A6%3B%7D; PHPSESSID=6pm77hd38a0ldgqkpdhjp736d2; username=V1BVXVs; password=BwYLAABT',
  'accept-language' => 'zh-CN,zh;q=0.9',
  'accept-encoding' => 'gzip, deflate, br',
  'sec-fetch-mode' => 'navigate',
  'sec-fetch-site' => 'none',
  'accept' => 'text/html,application/xhtml+xml,application/xml;q=0.9,image/webp,image/apng,*/*;q=0.8,application/signed-exchange;v=b3',
  'sec-fetch-user' => '?1',
  'user-agent' => 'Mozilla/5.0 (Windows NT 10.0; WOW64) AppleWebKit/537.36 (KHTML, like Gecko) Chrome/78.0.3904.87 Safari/537.36',
  'upgrade-insecure-requests' => '1',
  'connection' => 'close',
  'host' => 'localhost',
)
[ info ] [ PARAM ] array (
  'flow' => 'flow1',
)
[ info ] [ DB ] INIT mysql
[ info ] [ CACHE ] INIT File
[ info ] [ RUN ] app\index\controller\Index->index[ D:\phpStudy\WWW\shop\application\index\controller\Index.php ]
[ info ] [ VIEW ] D:\phpStudy\WWW\shop/application/index\view\index\index.htm [ array (
  0 => 'helpCateRes',
  1 => 'shopInfoRes',
  2 => 'navRes',
  3 => 'configs',
  4 => 'cateRes',
  5 => 'show_right',
  6 => 'show_nav',
  7 => 'indexGoodsRes',
  8 => 'anment',
  9 => 'salesRes',
  10 => 'alterImg',
) ]
[ info ] [ LOG ] INIT File
[ sql ] [ DB ] CONNECT:[ UseTime:0.002077s ] mysql:host=127.0.0.1;dbname=tpshop;charset=utf8
[ sql ] [ SQL ] SHOW COLUMNS FROM `tp_category` [ RunTime:0.001128s ]
[ sql ] [ SQL ] SELECT * FROM `tp_category` WHERE  `pid` = 0 [ RunTime:0.000553s ]
[ sql ] [ SQL ] SELECT * FROM `tp_category` WHERE  `pid` = 15 [ RunTime:0.000599s ]
[ sql ] [ SQL ] SELECT * FROM `tp_category` WHERE  `pid` = 32 [ RunTime:0.000475s ]
[ sql ] [ SQL ] SELECT * FROM `tp_category` WHERE  `pid` = 37 [ RunTime:0.000347s ]
[ sql ] [ SQL ] SELECT * FROM `tp_category` WHERE  `pid` = 54 [ RunTime:0.000346s ]
[ sql ] [ SQL ] SHOW COLUMNS FROM `tp_alternate_img` [ RunTime:0.000707s ]
[ sql ] [ SQL ] SELECT * FROM `tp_alternate_img` WHERE  `status` = 1 ORDER BY `sort` DESC [ RunTime:0.000515s ]
[ sql ] [ SQL ] SHOW COLUMNS FROM `tp_article` [ RunTime:0.004385s ]
[ sql ] [ SQL ] SELECT * FROM `tp_article` WHERE  `cate_id` = 66 LIMIT 3 [ RunTime:0.000822s ]
[ sql ] [ SQL ] SELECT * FROM `tp_article` WHERE  `cate_id` = 72 LIMIT 3 [ RunTime:0.000387s ]
[ sql ] [ SQL ] SHOW COLUMNS FROM `tp_rec_item` [ RunTime:0.000659s ]
[ sql ] [ SQL ] SELECT * FROM `tp_rec_item` WHERE  `value_type` = 1  AND `recpos_id` = 7 [ RunTime:0.000779s ]
[ sql ] [ SQL ] SHOW COLUMNS FROM `tp_goods` [ RunTime:0.000678s ]
[ sql ] [ SQL ] SELECT `id`,`mid_thumb`,`goods_name`,`shop_price`,`markte_price` FROM `tp_goods` WHERE  `id` IN (21,30,34,36,35,29,33,32,31,28,26,24,25,20,7,40) LIMIT 20 [ RunTime:0.000502s ]
[ sql ] [ SQL ] SELECT * FROM `tp_rec_item` WHERE  `recpos_id` = 4  AND `value_type` = 2 [ RunTime:0.000349s ]
[ sql ] [ SQL ] SELECT * FROM `tp_category` WHERE  `id` = 47  AND `pid` = 0 LIMIT 1 [ RunTime:0.000374s ]
[ sql ] [ SQL ] SELECT * FROM `tp_category` WHERE  `id` = 33  AND `pid` = 0 LIMIT 1 [ RunTime:0.000370s ]
[ sql ] [ SQL ] SELECT * FROM `tp_category` WHERE  `id` = 38  AND `pid` = 0 LIMIT 1 [ RunTime:0.000375s ]
[ sql ] [ SQL ] SELECT * FROM `tp_category` WHERE  `id` = 37  AND `pid` = 0 LIMIT 1 [ RunTime:0.000318s ]
[ sql ] [ SQL ] SELECT * FROM `tp_category` WHERE  `id` = 32  AND `pid` = 0 LIMIT 1 [ RunTime:0.000346s ]
[ sql ] [ SQL ] SELECT * FROM `tp_category` WHERE  `id` = 15  AND `pid` = 0 LIMIT 1 [ RunTime:0.000266s ]
[ sql ] [ SQL ] SELECT * FROM `tp_category` WHERE  `id` = 39  AND `pid` = 0 LIMIT 1 [ RunTime:0.000254s ]
[ sql ] [ SQL ] SELECT * FROM `tp_category` WHERE  `id` = 16  AND `pid` = 0 LIMIT 1 [ RunTime:0.000235s ]
[ sql ] [ SQL ] SELECT * FROM `tp_category` WHERE  `id` = 17  AND `pid` = 0 LIMIT 1 [ RunTime:0.000253s ]
[ sql ] [ SQL ] SELECT * FROM `tp_category` WHERE  `id` = 28  AND `pid` = 0 LIMIT 1 [ RunTime:0.000249s ]
[ sql ] [ SQL ] SELECT * FROM `tp_category` WHERE  `id` = 54  AND `pid` = 0 LIMIT 1 [ RunTime:0.000288s ]
[ sql ] [ SQL ] SELECT * FROM `tp_category` WHERE  `id` = 55  AND `pid` = 0 LIMIT 1 [ RunTime:0.000489s ]
[ sql ] [ SQL ] SELECT * FROM `tp_rec_item` WHERE  `recpos_id` = 4  AND `value_type` = 2 [ RunTime:0.000509s ]
[ sql ] [ SQL ] SELECT * FROM `tp_category` WHERE  `id` = 47  AND `pid` = 37 LIMIT 1 [ RunTime:0.001011s ]
[ sql ] [ SQL ] SELECT * FROM `tp_category` WHERE  `id` = 33  AND `pid` = 37 LIMIT 1 [ RunTime:0.000493s ]
[ sql ] [ SQL ] SELECT * FROM `tp_category` WHERE  `id` = 38  AND `pid` = 37 LIMIT 1 [ RunTime:0.001504s ]
[ sql ] [ SQL ] SELECT * FROM `tp_category` WHERE  `id` = 37  AND `pid` = 37 LIMIT 1 [ RunTime:0.000534s ]
[ sql ] [ SQL ] SELECT * FROM `tp_category` WHERE  `id` = 32  AND `pid` = 37 LIMIT 1 [ RunTime:0.000404s ]
[ sql ] [ SQL ] SELECT * FROM `tp_category` WHERE  `id` = 15  AND `pid` = 37 LIMIT 1 [ RunTime:0.000339s ]
[ sql ] [ SQL ] SELECT * FROM `tp_category` WHERE  `id` = 39  AND `pid` = 37 LIMIT 1 [ RunTime:0.000332s ]
[ sql ] [ SQL ] SELECT * FROM `tp_category` WHERE  `id` = 16  AND `pid` = 37 LIMIT 1 [ RunTime:0.000368s ]
[ sql ] [ SQL ] SELECT * FROM `tp_category` WHERE  `id` = 17  AND `pid` = 37 LIMIT 1 [ RunTime:0.000543s ]
[ sql ] [ SQL ] SELECT * FROM `tp_category` WHERE  `id` = 28  AND `pid` = 37 LIMIT 1 [ RunTime:0.000356s ]
[ sql ] [ SQL ] SELECT * FROM `tp_category` WHERE  `id` = 54  AND `pid` = 37 LIMIT 1 [ RunTime:0.000306s ]
[ sql ] [ SQL ] SELECT * FROM `tp_category` WHERE  `id` = 55  AND `pid` = 37 LIMIT 1 [ RunTime:0.000351s ]
[ sql ] [ SQL ] SELECT `id`,`pid` FROM `tp_category` [ RunTime:0.000354s ]
[ sql ] [ SQL ] SELECT * FROM `tp_rec_item` WHERE  `value_type` = 1  AND `recpos_id` = 6 [ RunTime:0.000306s ]
[ sql ] [ SQL ] SELECT * FROM `tp_goods` WHERE  `category_id` IN (44,45,46,38)  AND `id` IN (15,29,31,32,33,34,36,40) ORDER BY `id` DESC LIMIT 6 [ RunTime:0.000523s ]
[ sql ] [ SQL ] SELECT `id`,`pid` FROM `tp_category` [ RunTime:0.000316s ]
[ sql ] [ SQL ] SELECT * FROM `tp_rec_item` WHERE  `value_type` = 1  AND `recpos_id` = 6 [ RunTime:0.000379s ]
[ sql ] [ SQL ] SELECT * FROM `tp_goods` WHERE  `category_id` IN (40,41,42,43,39)  AND `id` IN (15,29,31,32,33,34,36,40) ORDER BY `id` DESC LIMIT 6 [ RunTime:0.000436s ]
[ sql ] [ SQL ] SELECT `id`,`pid` FROM `tp_category` [ RunTime:0.000335s ]
[ sql ] [ SQL ] SELECT * FROM `tp_rec_item` WHERE  `value_type` = 1  AND `recpos_id` = 3 [ RunTime:0.000360s ]
[ sql ] [ SQL ] SELECT * FROM `tp_goods` WHERE  `category_id` IN (38,44,45,46,39,40,41,42,43,37)  AND `id` IN (17,20,22,23,24,25,26,27,7,28,29,30,31,35,21,39,40) ORDER BY `id` DESC LIMIT 6 [ RunTime:0.000432s ]
[ sql ] [ SQL ] SHOW COLUMNS FROM `tp_category_brands` [ RunTime:0.000558s ]
[ sql ] [ SQL ] SELECT * FROM `tp_category_brands` WHERE  `category_id` = 37 LIMIT 1 [ RunTime:0.000271s ]
[ sql ] [ SQL ] SHOW COLUMNS FROM `tp_brand` [ RunTime:0.000542s ]
[ sql ] [ SQL ] SELECT * FROM `tp_brand` WHERE  `id` = 27 LIMIT 1 [ RunTime:0.000486s ]
[ sql ] [ SQL ] SELECT * FROM `tp_brand` WHERE  `id` = 28 LIMIT 1 [ RunTime:0.000499s ]
[ sql ] [ SQL ] SHOW COLUMNS FROM `tp_category_ad` [ RunTime:0.001104s ]
[ sql ] [ SQL ] SELECT * FROM `tp_category_ad` WHERE  `category_id` = 37 [ RunTime:0.001098s ]
[ sql ] [ SQL ] SELECT * FROM `tp_rec_item` WHERE  `recpos_id` = 4  AND `value_type` = 2 [ RunTime:0.000597s ]
[ sql ] [ SQL ] SELECT * FROM `tp_category` WHERE  `id` = 47  AND `pid` = 32 LIMIT 1 [ RunTime:0.000353s ]
[ sql ] [ SQL ] SELECT * FROM `tp_category` WHERE  `id` = 33  AND `pid` = 32 LIMIT 1 [ RunTime:0.000369s ]
[ sql ] [ SQL ] SELECT * FROM `tp_category` WHERE  `id` = 38  AND `pid` = 32 LIMIT 1 [ RunTime:0.000338s ]
[ sql ] [ SQL ] SELECT * FROM `tp_category` WHERE  `id` = 37  AND `pid` = 32 LIMIT 1 [ RunTime:0.000314s ]
[ sql ] [ SQL ] SELECT * FROM `tp_category` WHERE  `id` = 32  AND `pid` = 32 LIMIT 1 [ RunTime:0.000340s ]
[ sql ] [ SQL ] SELECT * FROM `tp_category` WHERE  `id` = 15  AND `pid` = 32 LIMIT 1 [ RunTime:0.000301s ]
[ sql ] [ SQL ] SELECT * FROM `tp_category` WHERE  `id` = 39  AND `pid` = 32 LIMIT 1 [ RunTime:0.000304s ]
[ sql ] [ SQL ] SELECT * FROM `tp_category` WHERE  `id` = 16  AND `pid` = 32 LIMIT 1 [ RunTime:0.000397s ]
[ sql ] [ SQL ] SELECT * FROM `tp_category` WHERE  `id` = 17  AND `pid` = 32 LIMIT 1 [ RunTime:0.000308s ]
[ sql ] [ SQL ] SELECT * FROM `tp_category` WHERE  `id` = 28  AND `pid` = 32 LIMIT 1 [ RunTime:0.000292s ]
[ sql ] [ SQL ] SELECT * FROM `tp_category` WHERE  `id` = 54  AND `pid` = 32 LIMIT 1 [ RunTime:0.000257s ]
[ sql ] [ SQL ] SELECT * FROM `tp_category` WHERE  `id` = 55  AND `pid` = 32 LIMIT 1 [ RunTime:0.000301s ]
[ sql ] [ SQL ] SELECT `id`,`pid` FROM `tp_category` [ RunTime:0.000263s ]
[ sql ] [ SQL ] SELECT * FROM `tp_rec_item` WHERE  `value_type` = 1  AND `recpos_id` = 6 [ RunTime:0.000253s ]
[ sql ] [ SQL ] SELECT * FROM `tp_goods` WHERE  `category_id` IN (48,49,50,47)  AND `id` IN (15,29,31,32,33,34,36,40) ORDER BY `id` DESC LIMIT 6 [ RunTime:0.000377s ]
[ sql ] [ SQL ] SELECT `id`,`pid` FROM `tp_category` [ RunTime:0.000206s ]
[ sql ] [ SQL ] SELECT * FROM `tp_rec_item` WHERE  `value_type` = 1  AND `recpos_id` = 6 [ RunTime:0.000253s ]
[ sql ] [ SQL ] SELECT * FROM `tp_goods` WHERE  `category_id` IN (34,35,36,33)  AND `id` IN (15,29,31,32,33,34,36,40) ORDER BY `id` DESC LIMIT 6 [ RunTime:0.000337s ]
[ sql ] [ SQL ] SELECT `id`,`pid` FROM `tp_category` [ RunTime:0.000197s ]
[ sql ] [ SQL ] SELECT * FROM `tp_rec_item` WHERE  `value_type` = 1  AND `recpos_id` = 3 [ RunTime:0.000245s ]
[ sql ] [ SQL ] SELECT * FROM `tp_goods` WHERE  `category_id` IN (33,34,35,36,47,48,49,50,32)  AND `id` IN (17,20,22,23,24,25,26,27,7,28,29,30,31,35,21,39,40) ORDER BY `id` DESC LIMIT 6 [ RunTime:0.000388s ]
[ sql ] [ SQL ] SELECT * FROM `tp_category_brands` WHERE  `category_id` = 32 LIMIT 1 [ RunTime:0.000255s ]
[ sql ] [ SQL ] SELECT * FROM `tp_brand` WHERE  `id` = 27 LIMIT 1 [ RunTime:0.000239s ]
[ sql ] [ SQL ] SELECT * FROM `tp_category_ad` WHERE  `category_id` = 32 [ RunTime:0.000191s ]
[ sql ] [ SQL ] SELECT * FROM `tp_rec_item` WHERE  `recpos_id` = 4  AND `value_type` = 2 [ RunTime:0.000235s ]
[ sql ] [ SQL ] SELECT * FROM `tp_category` WHERE  `id` = 47  AND `pid` = 15 LIMIT 1 [ RunTime:0.000340s ]
[ sql ] [ SQL ] SELECT * FROM `tp_category` WHERE  `id` = 33  AND `pid` = 15 LIMIT 1 [ RunTime:0.000468s ]
[ sql ] [ SQL ] SELECT * FROM `tp_category` WHERE  `id` = 38  AND `pid` = 15 LIMIT 1 [ RunTime:0.000644s ]
[ sql ] [ SQL ] SELECT * FROM `tp_category` WHERE  `id` = 37  AND `pid` = 15 LIMIT 1 [ RunTime:0.000604s ]
[ sql ] [ SQL ] SELECT * FROM `tp_category` WHERE  `id` = 32  AND `pid` = 15 LIMIT 1 [ RunTime:0.000325s ]
[ sql ] [ SQL ] SELECT * FROM `tp_category` WHERE  `id` = 15  AND `pid` = 15 LIMIT 1 [ RunTime:0.000232s ]
[ sql ] [ SQL ] SELECT * FROM `tp_category` WHERE  `id` = 39  AND `pid` = 15 LIMIT 1 [ RunTime:0.000261s ]
[ sql ] [ SQL ] SELECT * FROM `tp_category` WHERE  `id` = 16  AND `pid` = 15 LIMIT 1 [ RunTime:0.000229s ]
[ sql ] [ SQL ] SELECT * FROM `tp_category` WHERE  `id` = 17  AND `pid` = 15 LIMIT 1 [ RunTime:0.000217s ]
[ sql ] [ SQL ] SELECT * FROM `tp_category` WHERE  `id` = 28  AND `pid` = 15 LIMIT 1 [ RunTime:0.000278s ]
[ sql ] [ SQL ] SELECT * FROM `tp_category` WHERE  `id` = 54  AND `pid` = 15 LIMIT 1 [ RunTime:0.000641s ]
[ sql ] [ SQL ] SELECT * FROM `tp_category` WHERE  `id` = 55  AND `pid` = 15 LIMIT 1 [ RunTime:0.000410s ]
[ sql ] [ SQL ] SELECT `id`,`pid` FROM `tp_category` [ RunTime:0.000399s ]
[ sql ] [ SQL ] SELECT * FROM `tp_rec_item` WHERE  `value_type` = 1  AND `recpos_id` = 6 [ RunTime:0.000450s ]
[ sql ] [ SQL ] SELECT * FROM `tp_goods` WHERE  `category_id` IN (18,19,20,21,22,23,24,16)  AND `id` IN (15,29,31,32,33,34,36,40) ORDER BY `id` DESC LIMIT 6 [ RunTime:0.000729s ]
[ sql ] [ SQL ] SELECT `id`,`pid` FROM `tp_category` [ RunTime:0.000334s ]
[ sql ] [ SQL ] SELECT * FROM `tp_rec_item` WHERE  `value_type` = 1  AND `recpos_id` = 6 [ RunTime:0.000323s ]
[ sql ] [ SQL ] SELECT * FROM `tp_goods` WHERE  `category_id` IN (25,26,27,17)  AND `id` IN (15,29,31,32,33,34,36,40) ORDER BY `id` DESC LIMIT 6 [ RunTime:0.000396s ]
[ sql ] [ SQL ] SELECT `id`,`pid` FROM `tp_category` [ RunTime:0.000297s ]
[ sql ] [ SQL ] SELECT * FROM `tp_rec_item` WHERE  `value_type` = 1  AND `recpos_id` = 6 [ RunTime:0.000306s ]
[ sql ] [ SQL ] SELECT * FROM `tp_goods` WHERE  `category_id` IN (29,30,31,28)  AND `id` IN (15,29,31,32,33,34,36,40) ORDER BY `id` DESC LIMIT 6 [ RunTime:0.000368s ]
[ sql ] [ SQL ] SELECT `id`,`pid` FROM `tp_category` [ RunTime:0.000284s ]
[ sql ] [ SQL ] SELECT * FROM `tp_rec_item` WHERE  `value_type` = 1  AND `recpos_id` = 3 [ RunTime:0.000358s ]
[ sql ] [ SQL ] SELECT * FROM `tp_goods` WHERE  `category_id` IN (16,18,19,20,21,22,23,24,17,25,26,27,28,29,30,31,15)  AND `id` IN (17,20,22,23,24,25,26,27,7,28,29,30,31,35,21,39,40) ORDER BY `id` DESC LIMIT 6 [ RunTime:0.000471s ]
[ sql ] [ SQL ] SELECT * FROM `tp_category_brands` WHERE  `category_id` = 15 LIMIT 1 [ RunTime:0.000564s ]
[ sql ] [ SQL ] SELECT * FROM `tp_brand` WHERE  `id` = 28 LIMIT 1 [ RunTime:0.000392s ]
[ sql ] [ SQL ] SELECT * FROM `tp_category_ad` WHERE  `category_id` = 15 [ RunTime:0.000314s ]
[ sql ] [ SQL ] SELECT * FROM `tp_rec_item` WHERE  `recpos_id` = 4  AND `value_type` = 2 [ RunTime:0.000403s ]
[ sql ] [ SQL ] SELECT * FROM `tp_category` WHERE  `id` = 47  AND `pid` = 54 LIMIT 1 [ RunTime:0.000339s ]
[ sql ] [ SQL ] SELECT * FROM `tp_category` WHERE  `id` = 33  AND `pid` = 54 LIMIT 1 [ RunTime:0.000439s ]
[ sql ] [ SQL ] SELECT * FROM `tp_category` WHERE  `id` = 38  AND `pid` = 54 LIMIT 1 [ RunTime:0.000488s ]
[ sql ] [ SQL ] SELECT * FROM `tp_category` WHERE  `id` = 37  AND `pid` = 54 LIMIT 1 [ RunTime:0.000450s ]
[ sql ] [ SQL ] SELECT * FROM `tp_category` WHERE  `id` = 32  AND `pid` = 54 LIMIT 1 [ RunTime:0.000319s ]
[ sql ] [ SQL ] SELECT * FROM `tp_category` WHERE  `id` = 15  AND `pid` = 54 LIMIT 1 [ RunTime:0.000483s ]
[ sql ] [ SQL ] SELECT * FROM `tp_category` WHERE  `id` = 39  AND `pid` = 54 LIMIT 1 [ RunTime:0.000329s ]
[ sql ] [ SQL ] SELECT * FROM `tp_category` WHERE  `id` = 16  AND `pid` = 54 LIMIT 1 [ RunTime:0.000436s ]
[ sql ] [ SQL ] SELECT * FROM `tp_category` WHERE  `id` = 17  AND `pid` = 54 LIMIT 1 [ RunTime:0.000255s ]
[ sql ] [ SQL ] SELECT * FROM `tp_category` WHERE  `id` = 28  AND `pid` = 54 LIMIT 1 [ RunTime:0.000251s ]
[ sql ] [ SQL ] SELECT * FROM `tp_category` WHERE  `id` = 54  AND `pid` = 54 LIMIT 1 [ RunTime:0.000206s ]
[ sql ] [ SQL ] SELECT * FROM `tp_category` WHERE  `id` = 55  AND `pid` = 54 LIMIT 1 [ RunTime:0.000211s ]
[ sql ] [ SQL ] SELECT `id`,`pid` FROM `tp_category` [ RunTime:0.000181s ]
[ sql ] [ SQL ] SELECT * FROM `tp_rec_item` WHERE  `value_type` = 1  AND `recpos_id` = 6 [ RunTime:0.000191s ]
[ sql ] [ SQL ] SELECT * FROM `tp_goods` WHERE  `category_id` IN (56,55)  AND `id` IN (15,29,31,32,33,34,36,40) ORDER BY `id` DESC LIMIT 6 [ RunTime:0.000279s ]
[ sql ] [ SQL ] SELECT `id`,`pid` FROM `tp_category` [ RunTime:0.000192s ]
[ sql ] [ SQL ] SELECT * FROM `tp_rec_item` WHERE  `value_type` = 1  AND `recpos_id` = 3 [ RunTime:0.000190s ]
[ sql ] [ SQL ] SELECT * FROM `tp_goods` WHERE  `category_id` IN (55,56,54)  AND `id` IN (17,20,22,23,24,25,26,27,7,28,29,30,31,35,21,39,40) ORDER BY `id` DESC LIMIT 6 [ RunTime:0.000271s ]
[ sql ] [ SQL ] SELECT * FROM `tp_category_brands` WHERE  `category_id` = 54 LIMIT 1 [ RunTime:0.000232s ]
[ sql ] [ SQL ] SELECT * FROM `tp_brand` WHERE  `id` = 0 LIMIT 1 [ RunTime:0.000178s ]
[ sql ] [ SQL ] SELECT * FROM `tp_category_ad` WHERE  `category_id` = 54 [ RunTime:0.000186s ]
---------------------------------------------------------------
[ 2020-08-12T23:51:33+08:00 ] 0.0.0.0 POST localhost/shop/index.php/index/flow/cartgoodsnum.html
[运行时间：0.039788s] [吞吐率：25.13req/s] [内存消耗：2,492.96kb] [文件加载：55]
[ info ] [ LANG ] D:\phpStudy\WWW\shop\thinkphp\lang\zh-cn.php
[ info ] [ ROUTE ] array (
  'type' => 'module',
  'module' => 
  array (
    0 => 'index',
    1 => 'flow',
    2 => 'cartgoodsnum',
  ),
)
[ info ] [ HEADER ] array (
  'cookie' => 'Webstorm-8eca410e=04526ef6-adf0-4d93-bb13-46e3905d1068; pgv_pvi=7221936128; __gads=ID=b1212375c27b912c:T=1586869645:S=ALNI_MZYuTOaaBcDo4BiLlNlOJNjz0Pgfw; UM_distinctid=1717d2942a858c-00f116fb452871-514f291a-1fa400-1717d2942a927b; Hm_lvt_afc2b8bbe5afca7b1c77c05445eadd98=1587091294,1587111279,1587169185,1587266304; CNZZDATA1261742514=504053808-1586942326-http%253A%252F%252Flocalhost%252F%7C1587262752; Hm_lvt_b393d153aeb26b46e9431fabaf0f6190=1588648817; __utma=111872281.1211606754.1591885490.1591885490.1591885490.1; __utmz=111872281.1591885490.1.1.utmcsr=(direct)|utmccn=(direct)|utmcmd=(none); bdshare_firstime=1591885513160; CNZZDATA2467102=cnzz_eid%3D370380495-1591885516-http%253A%252F%252Flocalhost%252F%26ntime%3D1591885516; Phpstorm-60319ca5=b23f1a5a-3b84-497c-93d1-ed05efad76d0; cart=a%3A2%3A%7Bs%3A8%3A%2240-62%2C67%22%3Bi%3A3%3Bs%3A8%3A%2240-63%2C67%22%3Bi%3A6%3B%7D; PHPSESSID=6pm77hd38a0ldgqkpdhjp736d2; username=V1BVXVs; password=BwYLAABT',
  'accept-language' => 'zh-CN,zh;q=0.9',
  'accept-encoding' => 'gzip, deflate, br',
  'referer' => 'http://localhost/shop/index.php/index/flow/flow1.html',
  'sec-fetch-mode' => 'cors',
  'sec-fetch-site' => 'same-origin',
  'user-agent' => 'Mozilla/5.0 (Windows NT 10.0; WOW64) AppleWebKit/537.36 (KHTML, like Gecko) Chrome/78.0.3904.87 Safari/537.36',
  'x-requested-with' => 'XMLHttpRequest',
  'origin' => 'http://localhost',
  'accept' => 'application/json, text/javascript, */*; q=0.01',
  'content-length' => '0',
  'connection' => 'close',
  'host' => 'localhost',
)
[ info ] [ PARAM ] array (
)
[ info ] [ DB ] INIT mysql
[ info ] [ CACHE ] INIT File
[ info ] [ RUN ] app\index\controller\Flow->cartGoodsNum[ D:\phpStudy\WWW\shop\application\index\controller\Flow.php ]
[ info ] [ LOG ] INIT File
[ sql ] [ DB ] CONNECT:[ UseTime:0.001968s ] mysql:host=127.0.0.1;dbname=tpshop;charset=utf8
[ sql ] [ SQL ] SHOW COLUMNS FROM `tp_category` [ RunTime:0.001801s ]
[ sql ] [ SQL ] SELECT * FROM `tp_category` WHERE  `pid` = 0 [ RunTime:0.000751s ]
[ sql ] [ SQL ] SELECT * FROM `tp_category` WHERE  `pid` = 15 [ RunTime:0.000908s ]
[ sql ] [ SQL ] SELECT * FROM `tp_category` WHERE  `pid` = 32 [ RunTime:0.000641s ]
[ sql ] [ SQL ] SELECT * FROM `tp_category` WHERE  `pid` = 37 [ RunTime:0.000536s ]
[ sql ] [ SQL ] SELECT * FROM `tp_category` WHERE  `pid` = 54 [ RunTime:0.000619s ]
---------------------------------------------------------------
[ 2020-08-12T23:51:33+08:00 ] 0.0.0.0 GET localhost/shop/index.php/member/account/checklogin.html
[运行时间：0.053911s] [吞吐率：18.55req/s] [内存消耗：2,521.23kb] [文件加载：56]
[ info ] [ LANG ] D:\phpStudy\WWW\shop\thinkphp\lang\zh-cn.php
[ info ] [ ROUTE ] array (
  'type' => 'module',
  'module' => 
  array (
    0 => 'member',
    1 => 'account',
    2 => 'checklogin',
  ),
)
[ info ] [ HEADER ] array (
  'cookie' => 'Webstorm-8eca410e=04526ef6-adf0-4d93-bb13-46e3905d1068; pgv_pvi=7221936128; __gads=ID=b1212375c27b912c:T=1586869645:S=ALNI_MZYuTOaaBcDo4BiLlNlOJNjz0Pgfw; UM_distinctid=1717d2942a858c-00f116fb452871-514f291a-1fa400-1717d2942a927b; Hm_lvt_afc2b8bbe5afca7b1c77c05445eadd98=1587091294,1587111279,1587169185,1587266304; CNZZDATA1261742514=504053808-1586942326-http%253A%252F%252Flocalhost%252F%7C1587262752; Hm_lvt_b393d153aeb26b46e9431fabaf0f6190=1588648817; __utma=111872281.1211606754.1591885490.1591885490.1591885490.1; __utmz=111872281.1591885490.1.1.utmcsr=(direct)|utmccn=(direct)|utmcmd=(none); bdshare_firstime=1591885513160; CNZZDATA2467102=cnzz_eid%3D370380495-1591885516-http%253A%252F%252Flocalhost%252F%26ntime%3D1591885516; Phpstorm-60319ca5=b23f1a5a-3b84-497c-93d1-ed05efad76d0; cart=a%3A2%3A%7Bs%3A8%3A%2240-62%2C67%22%3Bi%3A3%3Bs%3A8%3A%2240-63%2C67%22%3Bi%3A6%3B%7D; PHPSESSID=6pm77hd38a0ldgqkpdhjp736d2; username=V1BVXVs; password=BwYLAABT',
  'accept-language' => 'zh-CN,zh;q=0.9',
  'accept-encoding' => 'gzip, deflate, br',
  'referer' => 'http://localhost/shop/index.php/index/flow/flow1.html',
  'sec-fetch-mode' => 'cors',
  'sec-fetch-site' => 'same-origin',
  'user-agent' => 'Mozilla/5.0 (Windows NT 10.0; WOW64) AppleWebKit/537.36 (KHTML, like Gecko) Chrome/78.0.3904.87 Safari/537.36',
  'x-requested-with' => 'XMLHttpRequest',
  'accept' => 'application/json, text/javascript, */*; q=0.01',
  'connection' => 'close',
  'host' => 'localhost',
)
[ info ] [ PARAM ] array (
)
[ info ] [ DB ] INIT mysql
[ info ] [ CACHE ] INIT File
[ info ] [ RUN ] app\member\controller\Account->checkLogin[ D:\phpStudy\WWW\shop\application\member\controller\Account.php ]
[ info ] [ SESSION ] INIT array (
  'id' => '',
  'var_session_id' => '',
  'prefix' => 'think',
  'type' => '',
  'auto_start' => true,
)
[ info ] [ LOG ] INIT File
[ sql ] [ DB ] CONNECT:[ UseTime:0.003335s ] mysql:host=127.0.0.1;dbname=tpshop;charset=utf8
[ sql ] [ SQL ] SHOW COLUMNS FROM `tp_category` [ RunTime:0.000773s ]
[ sql ] [ SQL ] SELECT * FROM `tp_category` WHERE  `pid` = 0 [ RunTime:0.000481s ]
[ sql ] [ SQL ] SELECT * FROM `tp_category` WHERE  `pid` = 15 [ RunTime:0.000390s ]
[ sql ] [ SQL ] SELECT * FROM `tp_category` WHERE  `pid` = 32 [ RunTime:0.000430s ]
[ sql ] [ SQL ] SELECT * FROM `tp_category` WHERE  `pid` = 37 [ RunTime:0.000373s ]
[ sql ] [ SQL ] SELECT * FROM `tp_category` WHERE  `pid` = 54 [ RunTime:0.000368s ]
---------------------------------------------------------------
[ 2020-08-12T23:51:33+08:00 ] 0.0.0.0 GET localhost/shop/index.php/index/flow/favicon.ico
[运行时间：0.056332s] [吞吐率：17.75req/s] [内存消耗：2,524.07kb] [文件加载：57]
[ info ] [ LANG ] D:\phpStudy\WWW\shop\thinkphp\lang\zh-cn.php
[ info ] [ ROUTE ] array (
  'type' => 'module',
  'module' => 
  array (
    0 => 'index',
    1 => 'flow',
    2 => 'favicon.ico',
  ),
)
[ info ] [ HEADER ] array (
  'cookie' => 'Webstorm-8eca410e=04526ef6-adf0-4d93-bb13-46e3905d1068; pgv_pvi=7221936128; __gads=ID=b1212375c27b912c:T=1586869645:S=ALNI_MZYuTOaaBcDo4BiLlNlOJNjz0Pgfw; UM_distinctid=1717d2942a858c-00f116fb452871-514f291a-1fa400-1717d2942a927b; Hm_lvt_afc2b8bbe5afca7b1c77c05445eadd98=1587091294,1587111279,1587169185,1587266304; CNZZDATA1261742514=504053808-1586942326-http%253A%252F%252Flocalhost%252F%7C1587262752; Hm_lvt_b393d153aeb26b46e9431fabaf0f6190=1588648817; __utma=111872281.1211606754.1591885490.1591885490.1591885490.1; __utmz=111872281.1591885490.1.1.utmcsr=(direct)|utmccn=(direct)|utmcmd=(none); bdshare_firstime=1591885513160; CNZZDATA2467102=cnzz_eid%3D370380495-1591885516-http%253A%252F%252Flocalhost%252F%26ntime%3D1591885516; Phpstorm-60319ca5=b23f1a5a-3b84-497c-93d1-ed05efad76d0; cart=a%3A2%3A%7Bs%3A8%3A%2240-62%2C67%22%3Bi%3A3%3Bs%3A8%3A%2240-63%2C67%22%3Bi%3A6%3B%7D; PHPSESSID=6pm77hd38a0ldgqkpdhjp736d2; username=V1BVXVs; password=BwYLAABT',
  'accept-language' => 'zh-CN,zh;q=0.9',
  'accept-encoding' => 'gzip, deflate, br',
  'referer' => 'http://localhost/shop/index.php/index/flow/flow1.html',
  'sec-fetch-mode' => 'no-cors',
  'sec-fetch-site' => 'same-origin',
  'accept' => 'image/webp,image/apng,image/*,*/*;q=0.8',
  'user-agent' => 'Mozilla/5.0 (Windows NT 10.0; WOW64) AppleWebKit/537.36 (KHTML, like Gecko) Chrome/78.0.3904.87 Safari/537.36',
  'connection' => 'close',
  'host' => 'localhost',
)
[ info ] [ PARAM ] array (
)
[ info ] [ DB ] INIT mysql
[ info ] [ CACHE ] INIT File
[ info ] [ LOG ] INIT File
[ sql ] [ DB ] CONNECT:[ UseTime:0.003348s ] mysql:host=127.0.0.1;dbname=tpshop;charset=utf8
[ sql ] [ SQL ] SHOW COLUMNS FROM `tp_category` [ RunTime:0.001975s ]
[ sql ] [ SQL ] SELECT * FROM `tp_category` WHERE  `pid` = 0 [ RunTime:0.000824s ]
[ sql ] [ SQL ] SELECT * FROM `tp_category` WHERE  `pid` = 15 [ RunTime:0.000473s ]
[ sql ] [ SQL ] SELECT * FROM `tp_category` WHERE  `pid` = 32 [ RunTime:0.000293s ]
[ sql ] [ SQL ] SELECT * FROM `tp_category` WHERE  `pid` = 37 [ RunTime:0.000297s ]
[ sql ] [ SQL ] SELECT * FROM `tp_category` WHERE  `pid` = 54 [ RunTime:0.000372s ]
---------------------------------------------------------------
[ 2020-08-12T23:51:34+08:00 ] 0.0.0.0 POST localhost/shop/index.php/index/brand/lst.html
[运行时间：0.040357s] [吞吐率：24.78req/s] [内存消耗：2,070.83kb] [文件加载：51]
[ info ] [ LANG ] D:\phpStudy\WWW\shop\thinkphp\lang\zh-cn.php
[ info ] [ ROUTE ] array (
  'type' => 'module',
  'module' => 
  array (
    0 => 'index',
    1 => 'brand',
    2 => 'lst',
  ),
)
[ info ] [ HEADER ] array (
  'cookie' => 'Webstorm-8eca410e=04526ef6-adf0-4d93-bb13-46e3905d1068; pgv_pvi=7221936128; __gads=ID=b1212375c27b912c:T=1586869645:S=ALNI_MZYuTOaaBcDo4BiLlNlOJNjz0Pgfw; UM_distinctid=1717d2942a858c-00f116fb452871-514f291a-1fa400-1717d2942a927b; Hm_lvt_afc2b8bbe5afca7b1c77c05445eadd98=1587091294,1587111279,1587169185,1587266304; CNZZDATA1261742514=504053808-1586942326-http%253A%252F%252Flocalhost%252F%7C1587262752; Hm_lvt_b393d153aeb26b46e9431fabaf0f6190=1588648817; __utma=111872281.1211606754.1591885490.1591885490.1591885490.1; __utmz=111872281.1591885490.1.1.utmcsr=(direct)|utmccn=(direct)|utmcmd=(none); bdshare_firstime=1591885513160; CNZZDATA2467102=cnzz_eid%3D370380495-1591885516-http%253A%252F%252Flocalhost%252F%26ntime%3D1591885516; Phpstorm-60319ca5=b23f1a5a-3b84-497c-93d1-ed05efad76d0; cart=a%3A2%3A%7Bs%3A8%3A%2240-62%2C67%22%3Bi%3A3%3Bs%3A8%3A%2240-63%2C67%22%3Bi%3A6%3B%7D; PHPSESSID=6pm77hd38a0ldgqkpdhjp736d2; username=V1BVXVs; password=BwYLAABT',
  'accept-language' => 'zh-CN,zh;q=0.9',
  'accept-encoding' => 'gzip, deflate, br',
  'referer' => 'http://localhost/shop/index.php/index/flow/flow1.html',
  'sec-fetch-mode' => 'cors',
  'sec-fetch-site' => 'same-origin',
  'content-type' => 'application/x-www-form-urlencoded; charset=UTF-8',
  'user-agent' => 'Mozilla/5.0 (Windows NT 10.0; WOW64) AppleWebKit/537.36 (KHTML, like Gecko) Chrome/78.0.3904.87 Safari/537.36',
  'x-requested-with' => 'XMLHttpRequest',
  'origin' => 'http://localhost',
  'accept' => 'application/json, text/javascript, */*; q=0.01',
  'content-length' => '6',
  'connection' => 'close',
  'host' => 'localhost',
)
[ info ] [ PARAM ] array (
  'page' => '1',
)
[ info ] [ RUN ] app\index\controller\Brand->lst[ D:\phpStudy\WWW\shop\application\index\controller\Brand.php ]
[ info ] [ DB ] INIT mysql
[ info ] [ LOG ] INIT File
[ sql ] [ DB ] CONNECT:[ UseTime:0.009923s ] mysql:host=127.0.0.1;dbname=tpshop;charset=utf8
[ sql ] [ SQL ] SHOW COLUMNS FROM `tp_brand` [ RunTime:0.004064s ]
[ sql ] [ SQL ] SELECT COUNT(*) AS tp_count FROM `tp_brand` LIMIT 1 [ RunTime:0.000467s ]
[ sql ] [ SQL ] SELECT * FROM `tp_brand` ORDER BY `id` DESC LIMIT 0,17 [ RunTime:0.000745s ]
---------------------------------------------------------------
[ 2020-08-12T23:51:37+08:00 ] 0.0.0.0 GET localhost/shop/index.php/flow1.html
[运行时间：0.064344s] [吞吐率：15.54req/s] [内存消耗：2,699.66kb] [文件加载：59]
[ info ] [ LANG ] D:\phpStudy\WWW\shop\thinkphp\lang\zh-cn.php
[ info ] [ ROUTE ] array (
  'type' => 'module',
  'module' => 
  array (
    0 => 'index',
    1 => 'Flow',
    2 => 'flow1',
  ),
  'convert' => false,
)
[ info ] [ HEADER ] array (
  'cookie' => 'Webstorm-8eca410e=04526ef6-adf0-4d93-bb13-46e3905d1068; pgv_pvi=7221936128; __gads=ID=b1212375c27b912c:T=1586869645:S=ALNI_MZYuTOaaBcDo4BiLlNlOJNjz0Pgfw; UM_distinctid=1717d2942a858c-00f116fb452871-514f291a-1fa400-1717d2942a927b; Hm_lvt_afc2b8bbe5afca7b1c77c05445eadd98=1587091294,1587111279,1587169185,1587266304; CNZZDATA1261742514=504053808-1586942326-http%253A%252F%252Flocalhost%252F%7C1587262752; Hm_lvt_b393d153aeb26b46e9431fabaf0f6190=1588648817; __utma=111872281.1211606754.1591885490.1591885490.1591885490.1; __utmz=111872281.1591885490.1.1.utmcsr=(direct)|utmccn=(direct)|utmcmd=(none); bdshare_firstime=1591885513160; CNZZDATA2467102=cnzz_eid%3D370380495-1591885516-http%253A%252F%252Flocalhost%252F%26ntime%3D1591885516; Phpstorm-60319ca5=b23f1a5a-3b84-497c-93d1-ed05efad76d0; cart=a%3A2%3A%7Bs%3A8%3A%2240-62%2C67%22%3Bi%3A3%3Bs%3A8%3A%2240-63%2C67%22%3Bi%3A6%3B%7D; PHPSESSID=6pm77hd38a0ldgqkpdhjp736d2; username=V1BVXVs; password=BwYLAABT',
  'accept-language' => 'zh-CN,zh;q=0.9',
  'accept-encoding' => 'gzip, deflate, br',
  'sec-fetch-mode' => 'navigate',
  'sec-fetch-site' => 'none',
  'accept' => 'text/html,application/xhtml+xml,application/xml;q=0.9,image/webp,image/apng,*/*;q=0.8,application/signed-exchange;v=b3',
  'sec-fetch-user' => '?1',
  'user-agent' => 'Mozilla/5.0 (Windows NT 10.0; WOW64) AppleWebKit/537.36 (KHTML, like Gecko) Chrome/78.0.3904.87 Safari/537.36',
  'upgrade-insecure-requests' => '1',
  'connection' => 'close',
  'host' => 'localhost',
)
[ info ] [ PARAM ] array (
)
[ info ] [ DB ] INIT mysql
[ info ] [ CACHE ] INIT File
[ info ] [ RUN ] app\index\controller\Flow->flow1[ D:\phpStudy\WWW\shop\application\index\controller\Flow.php ]
[ info ] [ SESSION ] INIT array (
  'id' => '',
  'var_session_id' => '',
  'prefix' => 'think',
  'type' => '',
  'auto_start' => true,
)
[ info ] [ VIEW ] D:\phpStudy\WWW\shop/application/index\view\flow\flow1.htm [ array (
  0 => 'helpCateRes',
  1 => 'shopInfoRes',
  2 => 'navRes',
  3 => 'configs',
  4 => 'cateRes',
  5 => 'cartGoodsRes',
) ]
[ info ] [ LOG ] INIT File
[ sql ] [ DB ] CONNECT:[ UseTime:0.001286s ] mysql:host=127.0.0.1;dbname=tpshop;charset=utf8
[ sql ] [ SQL ] SHOW COLUMNS FROM `tp_category` [ RunTime:0.003379s ]
[ sql ] [ SQL ] SELECT * FROM `tp_category` WHERE  `pid` = 0 [ RunTime:0.001269s ]
[ sql ] [ SQL ] SELECT * FROM `tp_category` WHERE  `pid` = 15 [ RunTime:0.000366s ]
[ sql ] [ SQL ] SELECT * FROM `tp_category` WHERE  `pid` = 32 [ RunTime:0.000378s ]
[ sql ] [ SQL ] SELECT * FROM `tp_category` WHERE  `pid` = 37 [ RunTime:0.000342s ]
[ sql ] [ SQL ] SELECT * FROM `tp_category` WHERE  `pid` = 54 [ RunTime:0.000426s ]
[ sql ] [ SQL ] SHOW COLUMNS FROM `tp_goods` [ RunTime:0.001057s ]
[ sql ] [ SQL ] SELECT `id`,`goods_name`,`sm_thumb` FROM `tp_goods` WHERE  `id` = 40 LIMIT 1 [ RunTime:0.000305s ]
[ sql ] [ SQL ] SELECT * FROM `tp_goods` WHERE  `id` = 40 LIMIT 1 [ RunTime:0.000745s ]
[ sql ] [ SQL ] SHOW COLUMNS FROM `tp_member_price` [ RunTime:0.000706s ]
[ sql ] [ SQL ] SELECT * FROM `tp_member_price` WHERE  `mlevel_id` = 3  AND `goods_id` = 40 LIMIT 1 [ RunTime:0.000319s ]
[ sql ] [ SQL ] SHOW COLUMNS FROM `tp_goods_attr` [ RunTime:0.000556s ]
[ sql ] [ SQL ] SELECT `ga`.*,`a`.`attr_name` FROM `tp_goods_attr` `ga` INNER JOIN `tp_attr` `a` ON `ga`.`attr_id`=`a`.`id` WHERE  `ga`.`id` IN ('62','67') [ RunTime:0.000438s ]
[ sql ] [ SQL ] SELECT `id`,`goods_name`,`sm_thumb` FROM `tp_goods` WHERE  `id` = 40 LIMIT 1 [ RunTime:0.000305s ]
[ sql ] [ SQL ] SELECT * FROM `tp_goods` WHERE  `id` = 40 LIMIT 1 [ RunTime:0.000537s ]
[ sql ] [ SQL ] SELECT * FROM `tp_member_price` WHERE  `mlevel_id` = 3  AND `goods_id` = 40 LIMIT 1 [ RunTime:0.000429s ]
[ sql ] [ SQL ] SELECT `ga`.*,`a`.`attr_name` FROM `tp_goods_attr` `ga` INNER JOIN `tp_attr` `a` ON `ga`.`attr_id`=`a`.`id` WHERE  `ga`.`id` IN ('63','67') [ RunTime:0.001965s ]
---------------------------------------------------------------
[ 2020-08-12T23:51:37+08:00 ] 0.0.0.0 POST localhost/shop/index.php/index/flow/cartgoodsnum.html
[运行时间：0.054346s] [吞吐率：18.40req/s] [内存消耗：2,492.95kb] [文件加载：55]
[ info ] [ LANG ] D:\phpStudy\WWW\shop\thinkphp\lang\zh-cn.php
[ info ] [ ROUTE ] array (
  'type' => 'module',
  'module' => 
  array (
    0 => 'index',
    1 => 'flow',
    2 => 'cartgoodsnum',
  ),
)
[ info ] [ HEADER ] array (
  'cookie' => 'Webstorm-8eca410e=04526ef6-adf0-4d93-bb13-46e3905d1068; pgv_pvi=7221936128; __gads=ID=b1212375c27b912c:T=1586869645:S=ALNI_MZYuTOaaBcDo4BiLlNlOJNjz0Pgfw; UM_distinctid=1717d2942a858c-00f116fb452871-514f291a-1fa400-1717d2942a927b; Hm_lvt_afc2b8bbe5afca7b1c77c05445eadd98=1587091294,1587111279,1587169185,1587266304; CNZZDATA1261742514=504053808-1586942326-http%253A%252F%252Flocalhost%252F%7C1587262752; Hm_lvt_b393d153aeb26b46e9431fabaf0f6190=1588648817; __utma=111872281.1211606754.1591885490.1591885490.1591885490.1; __utmz=111872281.1591885490.1.1.utmcsr=(direct)|utmccn=(direct)|utmcmd=(none); bdshare_firstime=1591885513160; CNZZDATA2467102=cnzz_eid%3D370380495-1591885516-http%253A%252F%252Flocalhost%252F%26ntime%3D1591885516; Phpstorm-60319ca5=b23f1a5a-3b84-497c-93d1-ed05efad76d0; cart=a%3A2%3A%7Bs%3A8%3A%2240-62%2C67%22%3Bi%3A3%3Bs%3A8%3A%2240-63%2C67%22%3Bi%3A6%3B%7D; PHPSESSID=6pm77hd38a0ldgqkpdhjp736d2; username=V1BVXVs; password=BwYLAABT',
  'accept-language' => 'zh-CN,zh;q=0.9',
  'accept-encoding' => 'gzip, deflate, br',
  'referer' => 'http://localhost/shop/index.php/flow1.html',
  'sec-fetch-mode' => 'cors',
  'sec-fetch-site' => 'same-origin',
  'user-agent' => 'Mozilla/5.0 (Windows NT 10.0; WOW64) AppleWebKit/537.36 (KHTML, like Gecko) Chrome/78.0.3904.87 Safari/537.36',
  'x-requested-with' => 'XMLHttpRequest',
  'origin' => 'http://localhost',
  'accept' => 'application/json, text/javascript, */*; q=0.01',
  'content-length' => '0',
  'connection' => 'close',
  'host' => 'localhost',
)
[ info ] [ PARAM ] array (
)
[ info ] [ DB ] INIT mysql
[ info ] [ CACHE ] INIT File
[ info ] [ RUN ] app\index\controller\Flow->cartGoodsNum[ D:\phpStudy\WWW\shop\application\index\controller\Flow.php ]
[ info ] [ LOG ] INIT File
[ sql ] [ DB ] CONNECT:[ UseTime:0.001421s ] mysql:host=127.0.0.1;dbname=tpshop;charset=utf8
[ sql ] [ SQL ] SHOW COLUMNS FROM `tp_category` [ RunTime:0.001120s ]
[ sql ] [ SQL ] SELECT * FROM `tp_category` WHERE  `pid` = 0 [ RunTime:0.000635s ]
[ sql ] [ SQL ] SELECT * FROM `tp_category` WHERE  `pid` = 15 [ RunTime:0.001044s ]
[ sql ] [ SQL ] SELECT * FROM `tp_category` WHERE  `pid` = 32 [ RunTime:0.000591s ]
[ sql ] [ SQL ] SELECT * FROM `tp_category` WHERE  `pid` = 37 [ RunTime:0.001898s ]
[ sql ] [ SQL ] SELECT * FROM `tp_category` WHERE  `pid` = 54 [ RunTime:0.000688s ]
---------------------------------------------------------------
[ 2020-08-12T23:51:37+08:00 ] 0.0.0.0 GET localhost/shop/index.php/member/account/checklogin.html
[运行时间：0.059174s] [吞吐率：16.90req/s] [内存消耗：2,521.21kb] [文件加载：56]
[ info ] [ LANG ] D:\phpStudy\WWW\shop\thinkphp\lang\zh-cn.php
[ info ] [ ROUTE ] array (
  'type' => 'module',
  'module' => 
  array (
    0 => 'member',
    1 => 'account',
    2 => 'checklogin',
  ),
)
[ info ] [ HEADER ] array (
  'cookie' => 'Webstorm-8eca410e=04526ef6-adf0-4d93-bb13-46e3905d1068; pgv_pvi=7221936128; __gads=ID=b1212375c27b912c:T=1586869645:S=ALNI_MZYuTOaaBcDo4BiLlNlOJNjz0Pgfw; UM_distinctid=1717d2942a858c-00f116fb452871-514f291a-1fa400-1717d2942a927b; Hm_lvt_afc2b8bbe5afca7b1c77c05445eadd98=1587091294,1587111279,1587169185,1587266304; CNZZDATA1261742514=504053808-1586942326-http%253A%252F%252Flocalhost%252F%7C1587262752; Hm_lvt_b393d153aeb26b46e9431fabaf0f6190=1588648817; __utma=111872281.1211606754.1591885490.1591885490.1591885490.1; __utmz=111872281.1591885490.1.1.utmcsr=(direct)|utmccn=(direct)|utmcmd=(none); bdshare_firstime=1591885513160; CNZZDATA2467102=cnzz_eid%3D370380495-1591885516-http%253A%252F%252Flocalhost%252F%26ntime%3D1591885516; Phpstorm-60319ca5=b23f1a5a-3b84-497c-93d1-ed05efad76d0; cart=a%3A2%3A%7Bs%3A8%3A%2240-62%2C67%22%3Bi%3A3%3Bs%3A8%3A%2240-63%2C67%22%3Bi%3A6%3B%7D; PHPSESSID=6pm77hd38a0ldgqkpdhjp736d2; username=V1BVXVs; password=BwYLAABT',
  'accept-language' => 'zh-CN,zh;q=0.9',
  'accept-encoding' => 'gzip, deflate, br',
  'referer' => 'http://localhost/shop/index.php/flow1.html',
  'sec-fetch-mode' => 'cors',
  'sec-fetch-site' => 'same-origin',
  'user-agent' => 'Mozilla/5.0 (Windows NT 10.0; WOW64) AppleWebKit/537.36 (KHTML, like Gecko) Chrome/78.0.3904.87 Safari/537.36',
  'x-requested-with' => 'XMLHttpRequest',
  'accept' => 'application/json, text/javascript, */*; q=0.01',
  'connection' => 'close',
  'host' => 'localhost',
)
[ info ] [ PARAM ] array (
)
[ info ] [ DB ] INIT mysql
[ info ] [ CACHE ] INIT File
[ info ] [ RUN ] app\member\controller\Account->checkLogin[ D:\phpStudy\WWW\shop\application\member\controller\Account.php ]
[ info ] [ SESSION ] INIT array (
  'id' => '',
  'var_session_id' => '',
  'prefix' => 'think',
  'type' => '',
  'auto_start' => true,
)
[ info ] [ LOG ] INIT File
[ sql ] [ DB ] CONNECT:[ UseTime:0.001683s ] mysql:host=127.0.0.1;dbname=tpshop;charset=utf8
[ sql ] [ SQL ] SHOW COLUMNS FROM `tp_category` [ RunTime:0.002415s ]
[ sql ] [ SQL ] SELECT * FROM `tp_category` WHERE  `pid` = 0 [ RunTime:0.000480s ]
[ sql ] [ SQL ] SELECT * FROM `tp_category` WHERE  `pid` = 15 [ RunTime:0.001848s ]
[ sql ] [ SQL ] SELECT * FROM `tp_category` WHERE  `pid` = 32 [ RunTime:0.000318s ]
[ sql ] [ SQL ] SELECT * FROM `tp_category` WHERE  `pid` = 37 [ RunTime:0.000307s ]
[ sql ] [ SQL ] SELECT * FROM `tp_category` WHERE  `pid` = 54 [ RunTime:0.000323s ]
---------------------------------------------------------------
[ 2020-08-12T23:51:38+08:00 ] 0.0.0.0 POST localhost/shop/index.php/index/flow/ajaxcartgoodsamount.html
[运行时间：0.091076s] [吞吐率：10.98req/s] [内存消耗：2,548.14kb] [文件加载：57]
[ info ] [ LANG ] D:\phpStudy\WWW\shop\thinkphp\lang\zh-cn.php
[ info ] [ ROUTE ] array (
  'type' => 'module',
  'module' => 
  array (
    0 => 'index',
    1 => 'flow',
    2 => 'ajaxcartgoodsamount',
  ),
)
[ info ] [ HEADER ] array (
  'cookie' => 'Webstorm-8eca410e=04526ef6-adf0-4d93-bb13-46e3905d1068; pgv_pvi=7221936128; __gads=ID=b1212375c27b912c:T=1586869645:S=ALNI_MZYuTOaaBcDo4BiLlNlOJNjz0Pgfw; UM_distinctid=1717d2942a858c-00f116fb452871-514f291a-1fa400-1717d2942a927b; Hm_lvt_afc2b8bbe5afca7b1c77c05445eadd98=1587091294,1587111279,1587169185,1587266304; CNZZDATA1261742514=504053808-1586942326-http%253A%252F%252Flocalhost%252F%7C1587262752; Hm_lvt_b393d153aeb26b46e9431fabaf0f6190=1588648817; __utma=111872281.1211606754.1591885490.1591885490.1591885490.1; __utmz=111872281.1591885490.1.1.utmcsr=(direct)|utmccn=(direct)|utmcmd=(none); bdshare_firstime=1591885513160; CNZZDATA2467102=cnzz_eid%3D370380495-1591885516-http%253A%252F%252Flocalhost%252F%26ntime%3D1591885516; Phpstorm-60319ca5=b23f1a5a-3b84-497c-93d1-ed05efad76d0; cart=a%3A2%3A%7Bs%3A8%3A%2240-62%2C67%22%3Bi%3A3%3Bs%3A8%3A%2240-63%2C67%22%3Bi%3A6%3B%7D; PHPSESSID=6pm77hd38a0ldgqkpdhjp736d2; username=V1BVXVs; password=BwYLAABT',
  'accept-language' => 'zh-CN,zh;q=0.9',
  'accept-encoding' => 'gzip, deflate, br',
  'referer' => 'http://localhost/shop/index.php/flow1.html',
  'sec-fetch-mode' => 'cors',
  'sec-fetch-site' => 'same-origin',
  'accept' => '*/*',
  'content-type' => 'application/x-www-form-urlencoded',
  'user-agent' => 'Mozilla/5.0 (Windows NT 10.0; WOW64) AppleWebKit/537.36 (KHTML, like Gecko) Chrome/78.0.3904.87 Safari/537.36',
  'origin' => 'http://localhost',
  'content-length' => '24',
  'connection' => 'close',
  'host' => 'localhost',
)
[ info ] [ PARAM ] array (
  'rec_id' => '40-62,67@40-63,67',
)
[ info ] [ DB ] INIT mysql
[ info ] [ CACHE ] INIT File
[ info ] [ RUN ] app\index\controller\Flow->ajaxCartGoodsAmount[ D:\phpStudy\WWW\shop\application\index\controller\Flow.php ]
[ info ] [ SESSION ] INIT array (
  'id' => '',
  'var_session_id' => '',
  'prefix' => 'think',
  'type' => '',
  'auto_start' => true,
)
[ info ] [ LOG ] INIT File
[ sql ] [ DB ] CONNECT:[ UseTime:0.002266s ] mysql:host=127.0.0.1;dbname=tpshop;charset=utf8
[ sql ] [ SQL ] SHOW COLUMNS FROM `tp_category` [ RunTime:0.002261s ]
[ sql ] [ SQL ] SELECT * FROM `tp_category` WHERE  `pid` = 0 [ RunTime:0.001916s ]
[ sql ] [ SQL ] SELECT * FROM `tp_category` WHERE  `pid` = 15 [ RunTime:0.002092s ]
[ sql ] [ SQL ] SELECT * FROM `tp_category` WHERE  `pid` = 32 [ RunTime:0.001747s ]
[ sql ] [ SQL ] SELECT * FROM `tp_category` WHERE  `pid` = 37 [ RunTime:0.001006s ]
[ sql ] [ SQL ] SELECT * FROM `tp_category` WHERE  `pid` = 54 [ RunTime:0.000564s ]
[ sql ] [ SQL ] SHOW COLUMNS FROM `tp_goods` [ RunTime:0.002200s ]
[ sql ] [ SQL ] SELECT * FROM `tp_goods` WHERE  `id` = 40 LIMIT 1 [ RunTime:0.001085s ]
[ sql ] [ SQL ] SHOW COLUMNS FROM `tp_member_price` [ RunTime:0.001761s ]
[ sql ] [ SQL ] SELECT * FROM `tp_member_price` WHERE  `mlevel_id` = 3  AND `goods_id` = 40 LIMIT 1 [ RunTime:0.002676s ]
[ sql ] [ SQL ] SELECT `shop_price` FROM `tp_goods` WHERE  `id` = 40 LIMIT 1 [ RunTime:0.000875s ]
[ sql ] [ SQL ] SHOW COLUMNS FROM `tp_goods_attr` [ RunTime:0.000861s ]
[ sql ] [ SQL ] SELECT `attr_price` FROM `tp_goods_attr` WHERE  `id` IN (62,67) [ RunTime:0.001451s ]
[ sql ] [ SQL ] SELECT * FROM `tp_goods` WHERE  `id` = 40 LIMIT 1 [ RunTime:0.000894s ]
[ sql ] [ SQL ] SELECT * FROM `tp_member_price` WHERE  `mlevel_id` = 3  AND `goods_id` = 40 LIMIT 1 [ RunTime:0.000480s ]
[ sql ] [ SQL ] SELECT `shop_price` FROM `tp_goods` WHERE  `id` = 40 LIMIT 1 [ RunTime:0.000344s ]
[ sql ] [ SQL ] SELECT `attr_price` FROM `tp_goods_attr` WHERE  `id` IN (63,67) [ RunTime:0.000520s ]
---------------------------------------------------------------
[ 2020-08-12T23:51:41+08:00 ] 0.0.0.0 POST localhost/shop/index.php/index/flow/flow2.html
[运行时间：0.045667s] [吞吐率：21.90req/s] [内存消耗：2,618.91kb] [文件加载：57]
[ info ] [ LANG ] D:\phpStudy\WWW\shop\thinkphp\lang\zh-cn.php
[ info ] [ ROUTE ] array (
  'type' => 'module',
  'module' => 
  array (
    0 => 'index',
    1 => 'flow',
    2 => 'flow2',
  ),
)
[ info ] [ HEADER ] array (
  'cookie' => 'Webstorm-8eca410e=04526ef6-adf0-4d93-bb13-46e3905d1068; pgv_pvi=7221936128; __gads=ID=b1212375c27b912c:T=1586869645:S=ALNI_MZYuTOaaBcDo4BiLlNlOJNjz0Pgfw; UM_distinctid=1717d2942a858c-00f116fb452871-514f291a-1fa400-1717d2942a927b; Hm_lvt_afc2b8bbe5afca7b1c77c05445eadd98=1587091294,1587111279,1587169185,1587266304; CNZZDATA1261742514=504053808-1586942326-http%253A%252F%252Flocalhost%252F%7C1587262752; Hm_lvt_b393d153aeb26b46e9431fabaf0f6190=1588648817; __utma=111872281.1211606754.1591885490.1591885490.1591885490.1; __utmz=111872281.1591885490.1.1.utmcsr=(direct)|utmccn=(direct)|utmcmd=(none); bdshare_firstime=1591885513160; CNZZDATA2467102=cnzz_eid%3D370380495-1591885516-http%253A%252F%252Flocalhost%252F%26ntime%3D1591885516; Phpstorm-60319ca5=b23f1a5a-3b84-497c-93d1-ed05efad76d0; cart=a%3A2%3A%7Bs%3A8%3A%2240-62%2C67%22%3Bi%3A3%3Bs%3A8%3A%2240-63%2C67%22%3Bi%3A6%3B%7D; PHPSESSID=6pm77hd38a0ldgqkpdhjp736d2; username=V1BVXVs; password=BwYLAABT',
  'accept-language' => 'zh-CN,zh;q=0.9',
  'accept-encoding' => 'gzip, deflate, br',
  'referer' => 'http://localhost/shop/index.php/flow1.html',
  'sec-fetch-mode' => 'navigate',
  'sec-fetch-site' => 'same-origin',
  'accept' => 'text/html,application/xhtml+xml,application/xml;q=0.9,image/webp,image/apng,*/*;q=0.8,application/signed-exchange;v=b3',
  'sec-fetch-user' => '?1',
  'user-agent' => 'Mozilla/5.0 (Windows NT 10.0; WOW64) AppleWebKit/537.36 (KHTML, like Gecko) Chrome/78.0.3904.87 Safari/537.36',
  'content-type' => 'application/x-www-form-urlencoded',
  'upgrade-insecure-requests' => '1',
  'origin' => 'http://localhost',
  'cache-control' => 'max-age=0',
  'content-length' => '106',
  'connection' => 'close',
  'host' => 'localhost',
)
[ info ] [ PARAM ] array (
  'goPay' => '去支付',
  'step' => 'checkout',
  'store_seller' => '',
  'cart_value' => '40-62,67@40-63,67',
  'goods_ru' => '',
)
[ info ] [ DB ] INIT mysql
[ info ] [ CACHE ] INIT File
[ info ] [ RUN ] app\index\controller\Flow->flow2[ D:\phpStudy\WWW\shop\application\index\controller\Flow.php ]
[ info ] [ VIEW ] D:\phpStudy\WWW\shop/application/index\view\flow\flow2.htm [ array (
  0 => 'helpCateRes',
  1 => 'shopInfoRes',
  2 => 'navRes',
  3 => 'configs',
  4 => 'cateRes',
) ]
[ info ] [ LOG ] INIT File
[ sql ] [ DB ] CONNECT:[ UseTime:0.010848s ] mysql:host=127.0.0.1;dbname=tpshop;charset=utf8
[ sql ] [ SQL ] SHOW COLUMNS FROM `tp_category` [ RunTime:0.001036s ]
[ sql ] [ SQL ] SELECT * FROM `tp_category` WHERE  `pid` = 0 [ RunTime:0.000553s ]
[ sql ] [ SQL ] SELECT * FROM `tp_category` WHERE  `pid` = 15 [ RunTime:0.000389s ]
[ sql ] [ SQL ] SELECT * FROM `tp_category` WHERE  `pid` = 32 [ RunTime:0.000603s ]
[ sql ] [ SQL ] SELECT * FROM `tp_category` WHERE  `pid` = 37 [ RunTime:0.000583s ]
[ sql ] [ SQL ] SELECT * FROM `tp_category` WHERE  `pid` = 54 [ RunTime:0.000738s ]
---------------------------------------------------------------
[ 2020-08-12T23:51:41+08:00 ] 0.0.0.0 GET localhost/shop/index.php/index/flow/images/201703/thumb_img/0_thumb_G_1490203982198.jpg
[运行时间：0.042286s] [吞吐率：23.65req/s] [内存消耗：2,524.61kb] [文件加载：57]
[ info ] [ LANG ] D:\phpStudy\WWW\shop\thinkphp\lang\zh-cn.php
[ info ] [ ROUTE ] array (
  'type' => 'module',
  'module' => 
  array (
    0 => 'index',
    1 => 'flow',
    2 => 'images',
  ),
)
[ info ] [ HEADER ] array (
  'cookie' => 'Webstorm-8eca410e=04526ef6-adf0-4d93-bb13-46e3905d1068; pgv_pvi=7221936128; __gads=ID=b1212375c27b912c:T=1586869645:S=ALNI_MZYuTOaaBcDo4BiLlNlOJNjz0Pgfw; UM_distinctid=1717d2942a858c-00f116fb452871-514f291a-1fa400-1717d2942a927b; Hm_lvt_afc2b8bbe5afca7b1c77c05445eadd98=1587091294,1587111279,1587169185,1587266304; CNZZDATA1261742514=504053808-1586942326-http%253A%252F%252Flocalhost%252F%7C1587262752; Hm_lvt_b393d153aeb26b46e9431fabaf0f6190=1588648817; __utma=111872281.1211606754.1591885490.1591885490.1591885490.1; __utmz=111872281.1591885490.1.1.utmcsr=(direct)|utmccn=(direct)|utmcmd=(none); bdshare_firstime=1591885513160; CNZZDATA2467102=cnzz_eid%3D370380495-1591885516-http%253A%252F%252Flocalhost%252F%26ntime%3D1591885516; Phpstorm-60319ca5=b23f1a5a-3b84-497c-93d1-ed05efad76d0; cart=a%3A2%3A%7Bs%3A8%3A%2240-62%2C67%22%3Bi%3A3%3Bs%3A8%3A%2240-63%2C67%22%3Bi%3A6%3B%7D; PHPSESSID=6pm77hd38a0ldgqkpdhjp736d2; username=V1BVXVs; password=BwYLAABT',
  'accept-language' => 'zh-CN,zh;q=0.9',
  'accept-encoding' => 'gzip, deflate, br',
  'referer' => 'http://localhost/shop/index.php/index/flow/flow2.html',
  'sec-fetch-mode' => 'no-cors',
  'sec-fetch-site' => 'same-origin',
  'accept' => 'image/webp,image/apng,image/*,*/*;q=0.8',
  'user-agent' => 'Mozilla/5.0 (Windows NT 10.0; WOW64) AppleWebKit/537.36 (KHTML, like Gecko) Chrome/78.0.3904.87 Safari/537.36',
  'connection' => 'close',
  'host' => 'localhost',
)
[ info ] [ PARAM ] array (
  0 => 'thumb_img',
)
[ info ] [ DB ] INIT mysql
[ info ] [ CACHE ] INIT File
[ info ] [ LOG ] INIT File
[ sql ] [ DB ] CONNECT:[ UseTime:0.001401s ] mysql:host=127.0.0.1;dbname=tpshop;charset=utf8
[ sql ] [ SQL ] SHOW COLUMNS FROM `tp_category` [ RunTime:0.001131s ]
[ sql ] [ SQL ] SELECT * FROM `tp_category` WHERE  `pid` = 0 [ RunTime:0.000453s ]
[ sql ] [ SQL ] SELECT * FROM `tp_category` WHERE  `pid` = 15 [ RunTime:0.000448s ]
[ sql ] [ SQL ] SELECT * FROM `tp_category` WHERE  `pid` = 32 [ RunTime:0.000608s ]
[ sql ] [ SQL ] SELECT * FROM `tp_category` WHERE  `pid` = 37 [ RunTime:0.000459s ]
[ sql ] [ SQL ] SELECT * FROM `tp_category` WHERE  `pid` = 54 [ RunTime:0.000509s ]
---------------------------------------------------------------
[ 2020-08-12T23:51:42+08:00 ] 0.0.0.0 GET localhost/shop/index.php/index/flow/images/201703/thumb_img/0_thumb_G_1490209495581.jpg
[运行时间：0.040978s] [吞吐率：24.40req/s] [内存消耗：2,524.61kb] [文件加载：57]
[ info ] [ LANG ] D:\phpStudy\WWW\shop\thinkphp\lang\zh-cn.php
[ info ] [ ROUTE ] array (
  'type' => 'module',
  'module' => 
  array (
    0 => 'index',
    1 => 'flow',
    2 => 'images',
  ),
)
[ info ] [ HEADER ] array (
  'cookie' => 'Webstorm-8eca410e=04526ef6-adf0-4d93-bb13-46e3905d1068; pgv_pvi=7221936128; __gads=ID=b1212375c27b912c:T=1586869645:S=ALNI_MZYuTOaaBcDo4BiLlNlOJNjz0Pgfw; UM_distinctid=1717d2942a858c-00f116fb452871-514f291a-1fa400-1717d2942a927b; Hm_lvt_afc2b8bbe5afca7b1c77c05445eadd98=1587091294,1587111279,1587169185,1587266304; CNZZDATA1261742514=504053808-1586942326-http%253A%252F%252Flocalhost%252F%7C1587262752; Hm_lvt_b393d153aeb26b46e9431fabaf0f6190=1588648817; __utma=111872281.1211606754.1591885490.1591885490.1591885490.1; __utmz=111872281.1591885490.1.1.utmcsr=(direct)|utmccn=(direct)|utmcmd=(none); bdshare_firstime=1591885513160; CNZZDATA2467102=cnzz_eid%3D370380495-1591885516-http%253A%252F%252Flocalhost%252F%26ntime%3D1591885516; Phpstorm-60319ca5=b23f1a5a-3b84-497c-93d1-ed05efad76d0; cart=a%3A2%3A%7Bs%3A8%3A%2240-62%2C67%22%3Bi%3A3%3Bs%3A8%3A%2240-63%2C67%22%3Bi%3A6%3B%7D; PHPSESSID=6pm77hd38a0ldgqkpdhjp736d2; username=V1BVXVs; password=BwYLAABT',
  'accept-language' => 'zh-CN,zh;q=0.9',
  'accept-encoding' => 'gzip, deflate, br',
  'referer' => 'http://localhost/shop/index.php/index/flow/flow2.html',
  'sec-fetch-mode' => 'no-cors',
  'sec-fetch-site' => 'same-origin',
  'accept' => 'image/webp,image/apng,image/*,*/*;q=0.8',
  'user-agent' => 'Mozilla/5.0 (Windows NT 10.0; WOW64) AppleWebKit/537.36 (KHTML, like Gecko) Chrome/78.0.3904.87 Safari/537.36',
  'connection' => 'close',
  'host' => 'localhost',
)
[ info ] [ PARAM ] array (
  0 => 'thumb_img',
)
[ info ] [ DB ] INIT mysql
[ info ] [ CACHE ] INIT File
[ info ] [ LOG ] INIT File
[ sql ] [ DB ] CONNECT:[ UseTime:0.010508s ] mysql:host=127.0.0.1;dbname=tpshop;charset=utf8
[ sql ] [ SQL ] SHOW COLUMNS FROM `tp_category` [ RunTime:0.000947s ]
[ sql ] [ SQL ] SELECT * FROM `tp_category` WHERE  `pid` = 0 [ RunTime:0.000629s ]
[ sql ] [ SQL ] SELECT * FROM `tp_category` WHERE  `pid` = 15 [ RunTime:0.000539s ]
[ sql ] [ SQL ] SELECT * FROM `tp_category` WHERE  `pid` = 32 [ RunTime:0.000388s ]
[ sql ] [ SQL ] SELECT * FROM `tp_category` WHERE  `pid` = 37 [ RunTime:0.000437s ]
[ sql ] [ SQL ] SELECT * FROM `tp_category` WHERE  `pid` = 54 [ RunTime:0.000376s ]
