---------------------------------------------------------------
[ 2020-02-04T18:11:07+08:00 ] 0.0.0.0 GET localhost/shop/public/
[运行时间：0.351621s] [吞吐率：2.84req/s] [内存消耗：1,353.54kb] [文件加载：36]
[ info ] [ LANG ] D:\phpStudy\WWW\shop\thinkphp\lang\zh-cn.php
[ info ] [ ROUTE ] array (
  'type' => 'module',
  'module' => 
  array (
    0 => '',
    1 => NULL,
    2 => NULL,
  ),
)
[ info ] [ HEADER ] array (
  'host' => 'localhost',
  'connection' => 'keep-alive',
  'upgrade-insecure-requests' => '1',
  'user-agent' => 'Mozilla/5.0 (Windows NT 10.0; WOW64) AppleWebKit/537.36 (KHTML, like Gecko) Chrome/78.0.3904.87 Safari/537.36',
  'sec-fetch-user' => '?1',
  'accept' => 'text/html,application/xhtml+xml,application/xml;q=0.9,image/webp,image/apng,*/*;q=0.8,application/signed-exchange;v=b3',
  'sec-fetch-site' => 'same-origin',
  'sec-fetch-mode' => 'navigate',
  'referer' => 'http://localhost/shop/',
  'accept-encoding' => 'gzip, deflate, br',
  'accept-language' => 'zh-CN,zh;q=0.9',
  'cookie' => 'Hm_lvt_b393d153aeb26b46e9431fabaf0f6190=1577159677,1578130809; PHPSESSID=4quntfri410mms8ui8bq62vtc6',
)
[ info ] [ PARAM ] array (
)
[ info ] [ RUN ] app\index\controller\Index->index[ D:\phpStudy\WWW\shop\application\index\controller\Index.php ]
[ info ] [ LOG ] INIT File
---------------------------------------------------------------
[ 2020-02-04T18:11:09+08:00 ] 0.0.0.0 GET localhost/shop/public/admin
[运行时间：0.275083s] [吞吐率：3.64req/s] [内存消耗：1,812.53kb] [文件加载：45]
[ info ] [ LANG ] D:\phpStudy\WWW\shop\thinkphp\lang\zh-cn.php
[ info ] [ ROUTE ] array (
  'type' => 'module',
  'module' => 
  array (
    0 => 'admin',
    1 => NULL,
    2 => NULL,
  ),
)
[ info ] [ HEADER ] array (
  'host' => 'localhost',
  'connection' => 'keep-alive',
  'upgrade-insecure-requests' => '1',
  'user-agent' => 'Mozilla/5.0 (Windows NT 10.0; WOW64) AppleWebKit/537.36 (KHTML, like Gecko) Chrome/78.0.3904.87 Safari/537.36',
  'sec-fetch-user' => '?1',
  'accept' => 'text/html,application/xhtml+xml,application/xml;q=0.9,image/webp,image/apng,*/*;q=0.8,application/signed-exchange;v=b3',
  'sec-fetch-site' => 'none',
  'sec-fetch-mode' => 'navigate',
  'accept-encoding' => 'gzip, deflate, br',
  'accept-language' => 'zh-CN,zh;q=0.9',
  'cookie' => 'Hm_lvt_b393d153aeb26b46e9431fabaf0f6190=1577159677,1578130809; PHPSESSID=4quntfri410mms8ui8bq62vtc6',
)
[ info ] [ PARAM ] array (
)
[ info ] [ RUN ] app\admin\controller\Index->index[ D:\phpStudy\WWW\shop\application\admin\controller\Index.php ]
[ info ] [ VIEW ] D:\phpStudy\WWW\shop\public/../application/admin\view\index\index.htm [ array (
) ]
[ info ] [ LOG ] INIT File
---------------------------------------------------------------
[ 2020-02-04T18:11:10+08:00 ] 0.0.0.0 GET localhost/shop/public/static/admin/images/adam-jansen.jpg
[运行时间：0.107535s] [吞吐率：9.30req/s] [内存消耗：1,388.15kb] [文件加载：38]
[ info ] [ LANG ] D:\phpStudy\WWW\shop\thinkphp\lang\zh-cn.php
[ info ] [ ROUTE ] array (
  'type' => 'module',
  'module' => 
  array (
    0 => 'static',
    1 => 'admin',
    2 => 'images',
  ),
)
[ info ] [ HEADER ] array (
  'host' => 'localhost',
  'connection' => 'keep-alive',
  'user-agent' => 'Mozilla/5.0 (Windows NT 10.0; WOW64) AppleWebKit/537.36 (KHTML, like Gecko) Chrome/78.0.3904.87 Safari/537.36',
  'accept' => 'image/webp,image/apng,image/*,*/*;q=0.8',
  'sec-fetch-site' => 'same-origin',
  'sec-fetch-mode' => 'no-cors',
  'referer' => 'http://localhost/shop/public/admin',
  'accept-encoding' => 'gzip, deflate, br',
  'accept-language' => 'zh-CN,zh;q=0.9',
  'cookie' => 'Hm_lvt_b393d153aeb26b46e9431fabaf0f6190=1577159677,1578130809; PHPSESSID=4quntfri410mms8ui8bq62vtc6',
)
[ info ] [ PARAM ] array (
)
[ info ] [ LOG ] INIT File
---------------------------------------------------------------
[ 2020-02-04T18:11:12+08:00 ] 0.0.0.0 GET localhost/shop/public/admin/goods/lst.html
[运行时间：0.361678s] [吞吐率：2.76req/s] [内存消耗：3,067.78kb] [文件加载：58]
[ info ] [ LANG ] D:\phpStudy\WWW\shop\thinkphp\lang\zh-cn.php
[ info ] [ ROUTE ] array (
  'type' => 'module',
  'module' => 
  array (
    0 => 'admin',
    1 => 'goods',
    2 => 'lst',
  ),
)
[ info ] [ HEADER ] array (
  'host' => 'localhost',
  'connection' => 'keep-alive',
  'upgrade-insecure-requests' => '1',
  'user-agent' => 'Mozilla/5.0 (Windows NT 10.0; WOW64) AppleWebKit/537.36 (KHTML, like Gecko) Chrome/78.0.3904.87 Safari/537.36',
  'sec-fetch-user' => '?1',
  'accept' => 'text/html,application/xhtml+xml,application/xml;q=0.9,image/webp,image/apng,*/*;q=0.8,application/signed-exchange;v=b3',
  'sec-fetch-site' => 'same-origin',
  'sec-fetch-mode' => 'navigate',
  'referer' => 'http://localhost/shop/public/admin',
  'accept-encoding' => 'gzip, deflate, br',
  'accept-language' => 'zh-CN,zh;q=0.9',
  'cookie' => 'Hm_lvt_b393d153aeb26b46e9431fabaf0f6190=1577159677,1578130809; PHPSESSID=4quntfri410mms8ui8bq62vtc6',
)
[ info ] [ PARAM ] array (
)
[ info ] [ RUN ] app\admin\controller\Goods->lst[ D:\phpStudy\WWW\shop\application\admin\controller\Goods.php ]
[ info ] [ DB ] INIT mysql
[ info ] [ VIEW ] D:\phpStudy\WWW\shop\public/../application/admin\view\goods\lst.htm [ array (
  0 => 'lst',
) ]
[ info ] [ LOG ] INIT File
[ sql ] [ DB ] CONNECT:[ UseTime:0.012183s ] mysql:host=127.0.0.1;dbname=tpshop;charset=utf8
[ sql ] [ SQL ] SHOW COLUMNS FROM `tp_goods` [ RunTime:0.001231s ]
[ sql ] [ SQL ] SELECT COUNT(*) AS tp_count FROM `tp_goods` LIMIT 1 [ RunTime:0.000248s ]
[ sql ] [ SQL ] SELECT * FROM `tp_goods` ORDER BY `id` DESC LIMIT 0,10 [ RunTime:0.028451s ]
---------------------------------------------------------------
[ 2020-02-04T18:11:13+08:00 ] 0.0.0.0 GET localhost/shop/public/static/admin/images/adam-jansen.jpg
[运行时间：0.023759s] [吞吐率：42.09req/s] [内存消耗：1,388.33kb] [文件加载：38]
[ info ] [ LANG ] D:\phpStudy\WWW\shop\thinkphp\lang\zh-cn.php
[ info ] [ ROUTE ] array (
  'type' => 'module',
  'module' => 
  array (
    0 => 'static',
    1 => 'admin',
    2 => 'images',
  ),
)
[ info ] [ HEADER ] array (
  'host' => 'localhost',
  'connection' => 'keep-alive',
  'user-agent' => 'Mozilla/5.0 (Windows NT 10.0; WOW64) AppleWebKit/537.36 (KHTML, like Gecko) Chrome/78.0.3904.87 Safari/537.36',
  'accept' => 'image/webp,image/apng,image/*,*/*;q=0.8',
  'sec-fetch-site' => 'same-origin',
  'sec-fetch-mode' => 'no-cors',
  'referer' => 'http://localhost/shop/public/admin/goods/lst.html',
  'accept-encoding' => 'gzip, deflate, br',
  'accept-language' => 'zh-CN,zh;q=0.9',
  'cookie' => 'Hm_lvt_b393d153aeb26b46e9431fabaf0f6190=1577159677,1578130809; PHPSESSID=4quntfri410mms8ui8bq62vtc6',
)
[ info ] [ PARAM ] array (
)
[ info ] [ LOG ] INIT File
---------------------------------------------------------------
[ 2020-02-04T18:11:17+08:00 ] 0.0.0.0 GET localhost/shop/public/admin/type/edit/id/16.html
[运行时间：0.114280s] [吞吐率：8.75req/s] [内存消耗：3,024.86kb] [文件加载：56]
[ info ] [ LANG ] D:\phpStudy\WWW\shop\thinkphp\lang\zh-cn.php
[ info ] [ ROUTE ] array (
  'type' => 'module',
  'module' => 
  array (
    0 => 'admin',
    1 => 'type',
    2 => 'edit',
  ),
)
[ info ] [ HEADER ] array (
  'host' => 'localhost',
  'connection' => 'keep-alive',
  'upgrade-insecure-requests' => '1',
  'user-agent' => 'Mozilla/5.0 (Windows NT 10.0; WOW64) AppleWebKit/537.36 (KHTML, like Gecko) Chrome/78.0.3904.87 Safari/537.36',
  'sec-fetch-user' => '?1',
  'accept' => 'text/html,application/xhtml+xml,application/xml;q=0.9,image/webp,image/apng,*/*;q=0.8,application/signed-exchange;v=b3',
  'sec-fetch-site' => 'same-origin',
  'sec-fetch-mode' => 'navigate',
  'referer' => 'http://localhost/shop/public/admin/goods/lst.html',
  'accept-encoding' => 'gzip, deflate, br',
  'accept-language' => 'zh-CN,zh;q=0.9',
  'cookie' => 'Hm_lvt_b393d153aeb26b46e9431fabaf0f6190=1577159677,1578130809; PHPSESSID=4quntfri410mms8ui8bq62vtc6',
)
[ info ] [ PARAM ] array (
  'id' => '16',
)
[ info ] [ RUN ] app\admin\controller\Type->edit[ D:\phpStudy\WWW\shop\application\admin\controller\Type.php ]
[ info ] [ DB ] INIT mysql
[ info ] [ VIEW ] D:\phpStudy\WWW\shop\public/../application/admin\view\type\edit.htm [ array (
  0 => 'TypeInfo',
) ]
[ info ] [ LOG ] INIT File
[ sql ] [ DB ] CONNECT:[ UseTime:0.010794s ] mysql:host=127.0.0.1;dbname=tpshop;charset=utf8
[ sql ] [ SQL ] SHOW COLUMNS FROM `tp_type` [ RunTime:0.001092s ]
[ sql ] [ SQL ] SELECT * FROM `tp_type` WHERE  `id` = 16 LIMIT 1 [ RunTime:0.000378s ]
---------------------------------------------------------------
[ 2020-02-04T18:11:17+08:00 ] 0.0.0.0 GET localhost/shop/public/static/admin/images/adam-jansen.jpg
[运行时间：0.024594s] [吞吐率：40.66req/s] [内存消耗：1,388.34kb] [文件加载：38]
[ info ] [ LANG ] D:\phpStudy\WWW\shop\thinkphp\lang\zh-cn.php
[ info ] [ ROUTE ] array (
  'type' => 'module',
  'module' => 
  array (
    0 => 'static',
    1 => 'admin',
    2 => 'images',
  ),
)
[ info ] [ HEADER ] array (
  'host' => 'localhost',
  'connection' => 'keep-alive',
  'user-agent' => 'Mozilla/5.0 (Windows NT 10.0; WOW64) AppleWebKit/537.36 (KHTML, like Gecko) Chrome/78.0.3904.87 Safari/537.36',
  'accept' => 'image/webp,image/apng,image/*,*/*;q=0.8',
  'sec-fetch-site' => 'same-origin',
  'sec-fetch-mode' => 'no-cors',
  'referer' => 'http://localhost/shop/public/admin/type/edit/id/16.html',
  'accept-encoding' => 'gzip, deflate, br',
  'accept-language' => 'zh-CN,zh;q=0.9',
  'cookie' => 'Hm_lvt_b393d153aeb26b46e9431fabaf0f6190=1577159677,1578130809; PHPSESSID=4quntfri410mms8ui8bq62vtc6',
)
[ info ] [ PARAM ] array (
)
[ info ] [ LOG ] INIT File
---------------------------------------------------------------
[ 2020-02-04T18:12:04+08:00 ] 0.0.0.0 GET localhost/shop/public/admin/type/edit/id/16.html
[运行时间：0.059773s] [吞吐率：16.73req/s] [内存消耗：2,862.99kb] [文件加载：54]
[ info ] [ LANG ] D:\phpStudy\WWW\shop\thinkphp\lang\zh-cn.php
[ info ] [ ROUTE ] array (
  'type' => 'module',
  'module' => 
  array (
    0 => 'admin',
    1 => 'type',
    2 => 'edit',
  ),
)
[ info ] [ HEADER ] array (
  'host' => 'localhost',
  'connection' => 'keep-alive',
  'cache-control' => 'max-age=0',
  'upgrade-insecure-requests' => '1',
  'user-agent' => 'Mozilla/5.0 (Windows NT 10.0; WOW64) AppleWebKit/537.36 (KHTML, like Gecko) Chrome/78.0.3904.87 Safari/537.36',
  'sec-fetch-user' => '?1',
  'accept' => 'text/html,application/xhtml+xml,application/xml;q=0.9,image/webp,image/apng,*/*;q=0.8,application/signed-exchange;v=b3',
  'sec-fetch-site' => 'same-origin',
  'sec-fetch-mode' => 'navigate',
  'referer' => 'http://localhost/shop/public/admin/goods/lst.html',
  'accept-encoding' => 'gzip, deflate, br',
  'accept-language' => 'zh-CN,zh;q=0.9',
  'cookie' => 'Hm_lvt_b393d153aeb26b46e9431fabaf0f6190=1577159677,1578130809; PHPSESSID=4quntfri410mms8ui8bq62vtc6',
)
[ info ] [ PARAM ] array (
  'id' => '16',
)
[ info ] [ RUN ] app\admin\controller\Type->edit[ D:\phpStudy\WWW\shop\application\admin\controller\Type.php ]
[ info ] [ DB ] INIT mysql
[ info ] [ VIEW ] D:\phpStudy\WWW\shop\public/../application/admin\view\type\edit.htm [ array (
  0 => 'TypeInfo',
) ]
[ info ] [ LOG ] INIT File
[ sql ] [ DB ] CONNECT:[ UseTime:0.012278s ] mysql:host=127.0.0.1;dbname=tpshop;charset=utf8
[ sql ] [ SQL ] SHOW COLUMNS FROM `tp_type` [ RunTime:0.000971s ]
[ sql ] [ SQL ] SELECT * FROM `tp_type` WHERE  `id` = 16 LIMIT 1 [ RunTime:0.000394s ]
---------------------------------------------------------------
[ 2020-02-04T18:12:04+08:00 ] 0.0.0.0 GET localhost/shop/public/static/admin/images/adam-jansen.jpg
[运行时间：0.033821s] [吞吐率：29.57req/s] [内存消耗：1,388.34kb] [文件加载：38]
[ info ] [ LANG ] D:\phpStudy\WWW\shop\thinkphp\lang\zh-cn.php
[ info ] [ ROUTE ] array (
  'type' => 'module',
  'module' => 
  array (
    0 => 'static',
    1 => 'admin',
    2 => 'images',
  ),
)
[ info ] [ HEADER ] array (
  'host' => 'localhost',
  'connection' => 'keep-alive',
  'user-agent' => 'Mozilla/5.0 (Windows NT 10.0; WOW64) AppleWebKit/537.36 (KHTML, like Gecko) Chrome/78.0.3904.87 Safari/537.36',
  'accept' => 'image/webp,image/apng,image/*,*/*;q=0.8',
  'sec-fetch-site' => 'same-origin',
  'sec-fetch-mode' => 'no-cors',
  'referer' => 'http://localhost/shop/public/admin/type/edit/id/16.html',
  'accept-encoding' => 'gzip, deflate, br',
  'accept-language' => 'zh-CN,zh;q=0.9',
  'cookie' => 'Hm_lvt_b393d153aeb26b46e9431fabaf0f6190=1577159677,1578130809; PHPSESSID=4quntfri410mms8ui8bq62vtc6',
)
[ info ] [ PARAM ] array (
)
[ info ] [ LOG ] INIT File
---------------------------------------------------------------
[ 2020-02-04T18:12:06+08:00 ] 0.0.0.0 GET localhost/shop/public/admin/type/lst.html
[运行时间：0.193892s] [吞吐率：5.16req/s] [内存消耗：3,149.38kb] [文件加载：60]
[ info ] [ LANG ] D:\phpStudy\WWW\shop\thinkphp\lang\zh-cn.php
[ info ] [ ROUTE ] array (
  'type' => 'module',
  'module' => 
  array (
    0 => 'admin',
    1 => 'type',
    2 => 'lst',
  ),
)
[ info ] [ HEADER ] array (
  'host' => 'localhost',
  'connection' => 'keep-alive',
  'upgrade-insecure-requests' => '1',
  'user-agent' => 'Mozilla/5.0 (Windows NT 10.0; WOW64) AppleWebKit/537.36 (KHTML, like Gecko) Chrome/78.0.3904.87 Safari/537.36',
  'sec-fetch-user' => '?1',
  'accept' => 'text/html,application/xhtml+xml,application/xml;q=0.9,image/webp,image/apng,*/*;q=0.8,application/signed-exchange;v=b3',
  'sec-fetch-site' => 'same-origin',
  'sec-fetch-mode' => 'navigate',
  'referer' => 'http://localhost/shop/public/admin/type/edit/id/16.html',
  'accept-encoding' => 'gzip, deflate, br',
  'accept-language' => 'zh-CN,zh;q=0.9',
  'cookie' => 'Hm_lvt_b393d153aeb26b46e9431fabaf0f6190=1577159677,1578130809; PHPSESSID=4quntfri410mms8ui8bq62vtc6',
)
[ info ] [ PARAM ] array (
)
[ info ] [ RUN ] app\admin\controller\Type->lst[ D:\phpStudy\WWW\shop\application\admin\controller\Type.php ]
[ info ] [ DB ] INIT mysql
[ info ] [ VIEW ] D:\phpStudy\WWW\shop\public/../application/admin\view\type\lst.htm [ array (
  0 => 'lst',
) ]
[ info ] [ LOG ] INIT File
[ sql ] [ DB ] CONNECT:[ UseTime:0.010742s ] mysql:host=127.0.0.1;dbname=tpshop;charset=utf8
[ sql ] [ SQL ] SHOW COLUMNS FROM `tp_type` [ RunTime:0.001107s ]
[ sql ] [ SQL ] SELECT COUNT(*) AS tp_count FROM `tp_type` LIMIT 1 [ RunTime:0.000324s ]
[ sql ] [ SQL ] SELECT * FROM `tp_type` ORDER BY `id` DESC LIMIT 0,10 [ RunTime:0.000489s ]
---------------------------------------------------------------
[ 2020-02-04T18:12:06+08:00 ] 0.0.0.0 GET localhost/shop/public/static/admin/images/adam-jansen.jpg
[运行时间：0.027288s] [吞吐率：36.65req/s] [内存消耗：1,388.32kb] [文件加载：38]
[ info ] [ LANG ] D:\phpStudy\WWW\shop\thinkphp\lang\zh-cn.php
[ info ] [ ROUTE ] array (
  'type' => 'module',
  'module' => 
  array (
    0 => 'static',
    1 => 'admin',
    2 => 'images',
  ),
)
[ info ] [ HEADER ] array (
  'host' => 'localhost',
  'connection' => 'keep-alive',
  'user-agent' => 'Mozilla/5.0 (Windows NT 10.0; WOW64) AppleWebKit/537.36 (KHTML, like Gecko) Chrome/78.0.3904.87 Safari/537.36',
  'accept' => 'image/webp,image/apng,image/*,*/*;q=0.8',
  'sec-fetch-site' => 'same-origin',
  'sec-fetch-mode' => 'no-cors',
  'referer' => 'http://localhost/shop/public/admin/type/lst.html',
  'accept-encoding' => 'gzip, deflate, br',
  'accept-language' => 'zh-CN,zh;q=0.9',
  'cookie' => 'Hm_lvt_b393d153aeb26b46e9431fabaf0f6190=1577159677,1578130809; PHPSESSID=4quntfri410mms8ui8bq62vtc6',
)
[ info ] [ PARAM ] array (
)
[ info ] [ LOG ] INIT File
---------------------------------------------------------------
[ 2020-02-04T18:12:06+08:00 ] 0.0.0.0 GET localhost/shop/public/admin/index/index.html
[运行时间：0.027776s] [吞吐率：36.00req/s] [内存消耗：1,657.78kb] [文件加载：43]
[ info ] [ LANG ] D:\phpStudy\WWW\shop\thinkphp\lang\zh-cn.php
[ info ] [ ROUTE ] array (
  'type' => 'module',
  'module' => 
  array (
    0 => 'admin',
    1 => 'index',
    2 => 'index',
  ),
)
[ info ] [ HEADER ] array (
  'host' => 'localhost',
  'connection' => 'keep-alive',
  'upgrade-insecure-requests' => '1',
  'user-agent' => 'Mozilla/5.0 (Windows NT 10.0; WOW64) AppleWebKit/537.36 (KHTML, like Gecko) Chrome/78.0.3904.87 Safari/537.36',
  'sec-fetch-user' => '?1',
  'accept' => 'text/html,application/xhtml+xml,application/xml;q=0.9,image/webp,image/apng,*/*;q=0.8,application/signed-exchange;v=b3',
  'sec-fetch-site' => 'same-origin',
  'sec-fetch-mode' => 'navigate',
  'referer' => 'http://localhost/shop/public/admin/type/lst.html',
  'accept-encoding' => 'gzip, deflate, br',
  'accept-language' => 'zh-CN,zh;q=0.9',
  'cookie' => 'Hm_lvt_b393d153aeb26b46e9431fabaf0f6190=1577159677,1578130809; PHPSESSID=4quntfri410mms8ui8bq62vtc6',
)
[ info ] [ PARAM ] array (
)
[ info ] [ RUN ] app\admin\controller\Index->index[ D:\phpStudy\WWW\shop\application\admin\controller\Index.php ]
[ info ] [ VIEW ] D:\phpStudy\WWW\shop\public/../application/admin\view\index\index.htm [ array (
) ]
[ info ] [ LOG ] INIT File
---------------------------------------------------------------
[ 2020-02-04T18:12:06+08:00 ] 0.0.0.0 GET localhost/shop/public/static/admin/images/adam-jansen.jpg
[运行时间：0.040169s] [吞吐率：24.89req/s] [内存消耗：1,388.35kb] [文件加载：38]
[ info ] [ LANG ] D:\phpStudy\WWW\shop\thinkphp\lang\zh-cn.php
[ info ] [ ROUTE ] array (
  'type' => 'module',
  'module' => 
  array (
    0 => 'static',
    1 => 'admin',
    2 => 'images',
  ),
)
[ info ] [ HEADER ] array (
  'host' => 'localhost',
  'connection' => 'keep-alive',
  'user-agent' => 'Mozilla/5.0 (Windows NT 10.0; WOW64) AppleWebKit/537.36 (KHTML, like Gecko) Chrome/78.0.3904.87 Safari/537.36',
  'accept' => 'image/webp,image/apng,image/*,*/*;q=0.8',
  'sec-fetch-site' => 'same-origin',
  'sec-fetch-mode' => 'no-cors',
  'referer' => 'http://localhost/shop/public/admin/index/index.html',
  'accept-encoding' => 'gzip, deflate, br',
  'accept-language' => 'zh-CN,zh;q=0.9',
  'cookie' => 'Hm_lvt_b393d153aeb26b46e9431fabaf0f6190=1577159677,1578130809; PHPSESSID=4quntfri410mms8ui8bq62vtc6',
)
[ info ] [ PARAM ] array (
)
[ info ] [ LOG ] INIT File
---------------------------------------------------------------
[ 2020-02-04T18:46:17+08:00 ] 0.0.0.0 GET localhost/shop/public/
[运行时间：0.314080s] [吞吐率：3.18req/s] [内存消耗：1,353.52kb] [文件加载：36]
[ info ] [ LANG ] D:\phpStudy\WWW\shop\thinkphp\lang\zh-cn.php
[ info ] [ ROUTE ] array (
  'type' => 'module',
  'module' => 
  array (
    0 => '',
    1 => NULL,
    2 => NULL,
  ),
)
[ info ] [ HEADER ] array (
  'host' => 'localhost',
  'connection' => 'keep-alive',
  'upgrade-insecure-requests' => '1',
  'user-agent' => 'Mozilla/5.0 (Windows NT 10.0; WOW64) AppleWebKit/537.36 (KHTML, like Gecko) Chrome/78.0.3904.87 Safari/537.36',
  'sec-fetch-user' => '?1',
  'accept' => 'text/html,application/xhtml+xml,application/xml;q=0.9,image/webp,image/apng,*/*;q=0.8,application/signed-exchange;v=b3',
  'sec-fetch-site' => 'same-origin',
  'sec-fetch-mode' => 'navigate',
  'referer' => 'http://localhost/shop/',
  'accept-encoding' => 'gzip, deflate, br',
  'accept-language' => 'zh-CN,zh;q=0.9',
  'cookie' => 'Hm_lvt_b393d153aeb26b46e9431fabaf0f6190=1577159677,1578130809; PHPSESSID=4quntfri410mms8ui8bq62vtc6',
)
[ info ] [ PARAM ] array (
)
[ info ] [ RUN ] app\index\controller\Index->index[ D:\phpStudy\WWW\shop\application\index\controller\Index.php ]
[ info ] [ LOG ] INIT File
