---------------------------------------------------------------
[ 2019-11-28T09:44:17+08:00 ] 0.0.0.0 GET localhost/shop/public/
[运行时间：0.413772s] [吞吐率：2.42req/s] [内存消耗：1,354.12kb] [文件加载：36]
[ info ] [ LANG ] D:\phpStudy\WWW\shop\thinkphp\lang\zh-cn.php
[ info ] [ ROUTE ] array (
  'type' => 'module',
  'module' => 
  array (
    0 => '',
    1 => NULL,
    2 => NULL,
  ),
)
[ info ] [ HEADER ] array (
  'host' => 'localhost',
  'connection' => 'keep-alive',
  'upgrade-insecure-requests' => '1',
  'user-agent' => 'Mozilla/5.0 (Windows NT 10.0; WOW64) AppleWebKit/537.36 (KHTML, like Gecko) Chrome/78.0.3904.87 Safari/537.36',
  'sec-fetch-user' => '?1',
  'accept' => 'text/html,application/xhtml+xml,application/xml;q=0.9,image/webp,image/apng,*/*;q=0.8,application/signed-exchange;v=b3',
  'sec-fetch-site' => 'none',
  'sec-fetch-mode' => 'navigate',
  'accept-encoding' => 'gzip, deflate, br',
  'accept-language' => 'zh-CN,zh;q=0.9',
  'cookie' => 'pgv_pvi=667781120; Phpstorm-b93aaa72=a9e76d0f-6113-45ea-b7ac-b691d05f48bc; __utma=111872281.275660930.1572250548.1572250548.1572250548.1; __utmz=111872281.1572250548.1.1.utmcsr=(direct)|utmccn=(direct)|utmcmd=(none); Hm_lvt_b393d153aeb26b46e9431fabaf0f6190=1572246408,1572253015,1572504772,1572575705',
)
[ info ] [ PARAM ] array (
)
[ info ] [ RUN ] app\index\controller\Index->index[ D:\phpStudy\WWW\shop\application\index\controller\Index.php ]
[ info ] [ LOG ] INIT File
---------------------------------------------------------------
[ 2019-11-28T09:44:20+08:00 ] 0.0.0.0 GET localhost/shop/public/admin
[运行时间：0.117361s] [吞吐率：8.52req/s] [内存消耗：1,658.20kb] [文件加载：43]
[ info ] [ LANG ] D:\phpStudy\WWW\shop\thinkphp\lang\zh-cn.php
[ info ] [ ROUTE ] array (
  'type' => 'module',
  'module' => 
  array (
    0 => 'admin',
    1 => NULL,
    2 => NULL,
  ),
)
[ info ] [ HEADER ] array (
  'host' => 'localhost',
  'connection' => 'keep-alive',
  'upgrade-insecure-requests' => '1',
  'user-agent' => 'Mozilla/5.0 (Windows NT 10.0; WOW64) AppleWebKit/537.36 (KHTML, like Gecko) Chrome/78.0.3904.87 Safari/537.36',
  'sec-fetch-user' => '?1',
  'accept' => 'text/html,application/xhtml+xml,application/xml;q=0.9,image/webp,image/apng,*/*;q=0.8,application/signed-exchange;v=b3',
  'purpose' => 'prefetch',
  'sec-fetch-site' => 'none',
  'sec-fetch-mode' => 'navigate',
  'accept-encoding' => 'gzip, deflate, br',
  'accept-language' => 'zh-CN,zh;q=0.9',
  'cookie' => 'pgv_pvi=667781120; Phpstorm-b93aaa72=a9e76d0f-6113-45ea-b7ac-b691d05f48bc; __utma=111872281.275660930.1572250548.1572250548.1572250548.1; __utmz=111872281.1572250548.1.1.utmcsr=(direct)|utmccn=(direct)|utmcmd=(none); Hm_lvt_b393d153aeb26b46e9431fabaf0f6190=1572246408,1572253015,1572504772,1572575705',
)
[ info ] [ PARAM ] array (
)
[ info ] [ RUN ] app\admin\controller\Index->index[ D:\phpStudy\WWW\shop\application\admin\controller\Index.php ]
[ info ] [ VIEW ] D:\phpStudy\WWW\shop\public/../application/admin\view\index\index.htm [ array (
) ]
[ info ] [ LOG ] INIT File
---------------------------------------------------------------
[ 2019-11-28T09:47:01+08:00 ] 0.0.0.0 GET localhost/shop/public/admin/goods/add.html
[运行时间：2.583731s] [吞吐率：0.39req/s] [内存消耗：2,554.02kb] [文件加载：52]
[ info ] [ LANG ] D:\phpStudy\WWW\shop\thinkphp\lang\zh-cn.php
[ info ] [ ROUTE ] array (
  'type' => 'module',
  'module' => 
  array (
    0 => 'admin',
    1 => 'goods',
    2 => 'add',
  ),
)
[ info ] [ HEADER ] array (
  'host' => 'localhost',
  'connection' => 'keep-alive',
  'upgrade-insecure-requests' => '1',
  'user-agent' => 'Mozilla/5.0 (Windows NT 10.0; WOW64) AppleWebKit/537.36 (KHTML, like Gecko) Chrome/78.0.3904.87 Safari/537.36',
  'sec-fetch-user' => '?1',
  'accept' => 'text/html,application/xhtml+xml,application/xml;q=0.9,image/webp,image/apng,*/*;q=0.8,application/signed-exchange;v=b3',
  'sec-fetch-site' => 'same-origin',
  'sec-fetch-mode' => 'navigate',
  'referer' => 'http://localhost/shop/public/admin',
  'accept-encoding' => 'gzip, deflate, br',
  'accept-language' => 'zh-CN,zh;q=0.9',
  'cookie' => 'pgv_pvi=667781120; Phpstorm-b93aaa72=a9e76d0f-6113-45ea-b7ac-b691d05f48bc; __utma=111872281.275660930.1572250548.1572250548.1572250548.1; __utmz=111872281.1572250548.1.1.utmcsr=(direct)|utmccn=(direct)|utmcmd=(none); Hm_lvt_b393d153aeb26b46e9431fabaf0f6190=1572246408,1572253015,1572504772,1572575705',
)
[ info ] [ PARAM ] array (
)
[ info ] [ RUN ] app\admin\controller\Goods->add[ D:\phpStudy\WWW\shop\application\admin\controller\Goods.php ]
[ info ] [ DB ] INIT mysql
[ info ] [ VIEW ] D:\phpStudy\WWW\shop\public/../application/admin\view\goods\add.htm [ array (
  0 => 'mlRes',
  1 => 'typeView',
) ]
[ info ] [ LOG ] INIT File
[ sql ] [ DB ] CONNECT:[ UseTime:0.821831s ] mysql:host=127.0.0.1;dbname=tpshop;charset=utf8
[ sql ] [ SQL ] SHOW COLUMNS FROM `tp_member_level` [ RunTime:0.566767s ]
[ sql ] [ SQL ] SELECT `id`,`level_name` FROM `tp_member_level` [ RunTime:0.087530s ]
[ sql ] [ SQL ] SHOW COLUMNS FROM `tp_type` [ RunTime:0.001108s ]
[ sql ] [ SQL ] SELECT * FROM `tp_type` [ RunTime:0.000467s ]
---------------------------------------------------------------
[ 2019-11-28T09:51:50+08:00 ] 0.0.0.0 GET localhost/shop/public/admin/goods/add.html
[运行时间：0.622495s] [吞吐率：1.61req/s] [内存消耗：2,752.63kb] [文件加载：54]
[ info ] [ LANG ] D:\phpStudy\WWW\shop\thinkphp\lang\zh-cn.php
[ info ] [ ROUTE ] array (
  'type' => 'module',
  'module' => 
  array (
    0 => 'admin',
    1 => 'goods',
    2 => 'add',
  ),
)
[ info ] [ HEADER ] array (
  'host' => 'localhost',
  'connection' => 'keep-alive',
  'cache-control' => 'max-age=0',
  'upgrade-insecure-requests' => '1',
  'user-agent' => 'Mozilla/5.0 (Windows NT 10.0; WOW64) AppleWebKit/537.36 (KHTML, like Gecko) Chrome/78.0.3904.87 Safari/537.36',
  'sec-fetch-user' => '?1',
  'accept' => 'text/html,application/xhtml+xml,application/xml;q=0.9,image/webp,image/apng,*/*;q=0.8,application/signed-exchange;v=b3',
  'sec-fetch-site' => 'same-origin',
  'sec-fetch-mode' => 'navigate',
  'referer' => 'http://localhost/shop/public/admin',
  'accept-encoding' => 'gzip, deflate, br',
  'accept-language' => 'zh-CN,zh;q=0.9',
  'cookie' => 'pgv_pvi=667781120; Phpstorm-b93aaa72=a9e76d0f-6113-45ea-b7ac-b691d05f48bc; __utma=111872281.275660930.1572250548.1572250548.1572250548.1; __utmz=111872281.1572250548.1.1.utmcsr=(direct)|utmccn=(direct)|utmcmd=(none); Hm_lvt_b393d153aeb26b46e9431fabaf0f6190=1572246408,1572253015,1572504772,1572575705',
)
[ info ] [ PARAM ] array (
)
[ info ] [ RUN ] app\admin\controller\Goods->add[ D:\phpStudy\WWW\shop\application\admin\controller\Goods.php ]
[ info ] [ DB ] INIT mysql
[ info ] [ VIEW ] D:\phpStudy\WWW\shop\public/../application/admin\view\goods\add.htm [ array (
  0 => 'mlRes',
  1 => 'typeView',
) ]
[ info ] [ LOG ] INIT File
[ sql ] [ DB ] CONNECT:[ UseTime:0.062298s ] mysql:host=127.0.0.1;dbname=tpshop;charset=utf8
[ sql ] [ SQL ] SHOW COLUMNS FROM `tp_member_level` [ RunTime:0.065627s ]
[ sql ] [ SQL ] SELECT `id`,`level_name` FROM `tp_member_level` [ RunTime:0.000471s ]
[ sql ] [ SQL ] SHOW COLUMNS FROM `tp_type` [ RunTime:0.000690s ]
[ sql ] [ SQL ] SELECT * FROM `tp_type` [ RunTime:0.000336s ]
---------------------------------------------------------------
[ 2019-11-28T10:00:33+08:00 ] 0.0.0.0 GET localhost/shop/public/admin/goods/add.html
[运行时间：0.062767s] [吞吐率：15.93req/s] [内存消耗：2,752.63kb] [文件加载：54]
[ info ] [ LANG ] D:\phpStudy\WWW\shop\thinkphp\lang\zh-cn.php
[ info ] [ ROUTE ] array (
  'type' => 'module',
  'module' => 
  array (
    0 => 'admin',
    1 => 'goods',
    2 => 'add',
  ),
)
[ info ] [ HEADER ] array (
  'host' => 'localhost',
  'connection' => 'keep-alive',
  'cache-control' => 'max-age=0',
  'upgrade-insecure-requests' => '1',
  'user-agent' => 'Mozilla/5.0 (Windows NT 10.0; WOW64) AppleWebKit/537.36 (KHTML, like Gecko) Chrome/78.0.3904.87 Safari/537.36',
  'sec-fetch-user' => '?1',
  'accept' => 'text/html,application/xhtml+xml,application/xml;q=0.9,image/webp,image/apng,*/*;q=0.8,application/signed-exchange;v=b3',
  'sec-fetch-site' => 'same-origin',
  'sec-fetch-mode' => 'navigate',
  'referer' => 'http://localhost/shop/public/admin',
  'accept-encoding' => 'gzip, deflate, br',
  'accept-language' => 'zh-CN,zh;q=0.9',
  'cookie' => 'pgv_pvi=667781120; Phpstorm-b93aaa72=a9e76d0f-6113-45ea-b7ac-b691d05f48bc; __utma=111872281.275660930.1572250548.1572250548.1572250548.1; __utmz=111872281.1572250548.1.1.utmcsr=(direct)|utmccn=(direct)|utmcmd=(none); Hm_lvt_b393d153aeb26b46e9431fabaf0f6190=1572246408,1572253015,1572504772,1572575705',
)
[ info ] [ PARAM ] array (
)
[ info ] [ RUN ] app\admin\controller\Goods->add[ D:\phpStudy\WWW\shop\application\admin\controller\Goods.php ]
[ info ] [ DB ] INIT mysql
[ info ] [ VIEW ] D:\phpStudy\WWW\shop\public/../application/admin\view\goods\add.htm [ array (
  0 => 'mlRes',
  1 => 'typeView',
) ]
[ info ] [ LOG ] INIT File
[ sql ] [ DB ] CONNECT:[ UseTime:0.003169s ] mysql:host=127.0.0.1;dbname=tpshop;charset=utf8
[ sql ] [ SQL ] SHOW COLUMNS FROM `tp_member_level` [ RunTime:0.001100s ]
[ sql ] [ SQL ] SELECT `id`,`level_name` FROM `tp_member_level` [ RunTime:0.000407s ]
[ sql ] [ SQL ] SHOW COLUMNS FROM `tp_type` [ RunTime:0.000756s ]
[ sql ] [ SQL ] SELECT * FROM `tp_type` [ RunTime:0.000384s ]
---------------------------------------------------------------
[ 2019-11-28T10:07:36+08:00 ] 0.0.0.0 GET localhost/shop/public/admin/goods/add.html
[运行时间：0.073763s] [吞吐率：13.56req/s] [内存消耗：2,788.82kb] [文件加载：54]
[ info ] [ LANG ] D:\phpStudy\WWW\shop\thinkphp\lang\zh-cn.php
[ info ] [ ROUTE ] array (
  'type' => 'module',
  'module' => 
  array (
    0 => 'admin',
    1 => 'goods',
    2 => 'add',
  ),
)
[ info ] [ HEADER ] array (
  'host' => 'localhost',
  'connection' => 'keep-alive',
  'cache-control' => 'max-age=0',
  'upgrade-insecure-requests' => '1',
  'user-agent' => 'Mozilla/5.0 (Windows NT 10.0; WOW64) AppleWebKit/537.36 (KHTML, like Gecko) Chrome/78.0.3904.87 Safari/537.36',
  'sec-fetch-user' => '?1',
  'accept' => 'text/html,application/xhtml+xml,application/xml;q=0.9,image/webp,image/apng,*/*;q=0.8,application/signed-exchange;v=b3',
  'sec-fetch-site' => 'same-origin',
  'sec-fetch-mode' => 'navigate',
  'referer' => 'http://localhost/shop/public/admin',
  'accept-encoding' => 'gzip, deflate, br',
  'accept-language' => 'zh-CN,zh;q=0.9',
  'cookie' => 'pgv_pvi=667781120; Phpstorm-b93aaa72=a9e76d0f-6113-45ea-b7ac-b691d05f48bc; __utma=111872281.275660930.1572250548.1572250548.1572250548.1; __utmz=111872281.1572250548.1.1.utmcsr=(direct)|utmccn=(direct)|utmcmd=(none); Hm_lvt_b393d153aeb26b46e9431fabaf0f6190=1572246408,1572253015,1572504772,1572575705',
)
[ info ] [ PARAM ] array (
)
[ info ] [ RUN ] app\admin\controller\Goods->add[ D:\phpStudy\WWW\shop\application\admin\controller\Goods.php ]
[ info ] [ DB ] INIT mysql
[ info ] [ VIEW ] D:\phpStudy\WWW\shop\public/../application/admin\view\goods\add.htm [ array (
  0 => 'mlRes',
  1 => 'typeView',
  2 => 'brandRes',
) ]
[ info ] [ LOG ] INIT File
[ sql ] [ DB ] CONNECT:[ UseTime:0.011211s ] mysql:host=127.0.0.1;dbname=tpshop;charset=utf8
[ sql ] [ SQL ] SHOW COLUMNS FROM `tp_member_level` [ RunTime:0.001785s ]
[ sql ] [ SQL ] SELECT `id`,`level_name` FROM `tp_member_level` [ RunTime:0.000647s ]
[ sql ] [ SQL ] SHOW COLUMNS FROM `tp_type` [ RunTime:0.001284s ]
[ sql ] [ SQL ] SELECT * FROM `tp_type` [ RunTime:0.000423s ]
[ sql ] [ SQL ] SHOW COLUMNS FROM `tp_brand` [ RunTime:0.001125s ]
[ sql ] [ SQL ] SELECT * FROM `tp_brand` [ RunTime:0.000596s ]
---------------------------------------------------------------
[ 2019-11-28T10:09:43+08:00 ] 0.0.0.0 GET localhost/shop/public/admin/goods/add.html
[运行时间：0.071296s] [吞吐率：14.03req/s] [内存消耗：2,572.80kb] [文件加载：52]
[ info ] [ LANG ] D:\phpStudy\WWW\shop\thinkphp\lang\zh-cn.php
[ info ] [ ROUTE ] array (
  'type' => 'module',
  'module' => 
  array (
    0 => 'admin',
    1 => 'goods',
    2 => 'add',
  ),
)
[ info ] [ HEADER ] array (
  'host' => 'localhost',
  'connection' => 'keep-alive',
  'cache-control' => 'max-age=0',
  'upgrade-insecure-requests' => '1',
  'user-agent' => 'Mozilla/5.0 (Windows NT 10.0; WOW64) AppleWebKit/537.36 (KHTML, like Gecko) Chrome/78.0.3904.87 Safari/537.36',
  'sec-fetch-user' => '?1',
  'accept' => 'text/html,application/xhtml+xml,application/xml;q=0.9,image/webp,image/apng,*/*;q=0.8,application/signed-exchange;v=b3',
  'sec-fetch-site' => 'same-origin',
  'sec-fetch-mode' => 'navigate',
  'referer' => 'http://localhost/shop/public/admin',
  'accept-encoding' => 'gzip, deflate, br',
  'accept-language' => 'zh-CN,zh;q=0.9',
  'cookie' => 'pgv_pvi=667781120; Phpstorm-b93aaa72=a9e76d0f-6113-45ea-b7ac-b691d05f48bc; __utma=111872281.275660930.1572250548.1572250548.1572250548.1; __utmz=111872281.1572250548.1.1.utmcsr=(direct)|utmccn=(direct)|utmcmd=(none); Hm_lvt_b393d153aeb26b46e9431fabaf0f6190=1572246408,1572253015,1572504772,1572575705',
)
[ info ] [ PARAM ] array (
)
[ info ] [ RUN ] app\admin\controller\Goods->add[ D:\phpStudy\WWW\shop\application\admin\controller\Goods.php ]
[ info ] [ DB ] INIT mysql
[ info ] [ VIEW ] D:\phpStudy\WWW\shop\public/../application/admin\view\goods\add.htm [ array (
  0 => 'mlRes',
  1 => 'typeView',
  2 => 'brandRes',
) ]
[ info ] [ LOG ] INIT File
[ sql ] [ DB ] CONNECT:[ UseTime:0.012281s ] mysql:host=127.0.0.1;dbname=tpshop;charset=utf8
[ sql ] [ SQL ] SHOW COLUMNS FROM `tp_member_level` [ RunTime:0.000937s ]
[ sql ] [ SQL ] SELECT `id`,`level_name` FROM `tp_member_level` [ RunTime:0.000450s ]
[ sql ] [ SQL ] SHOW COLUMNS FROM `tp_type` [ RunTime:0.000699s ]
[ sql ] [ SQL ] SELECT * FROM `tp_type` [ RunTime:0.000522s ]
[ sql ] [ SQL ] SHOW COLUMNS FROM `tp_brand` [ RunTime:0.001761s ]
[ sql ] [ SQL ] SELECT `id`,`brand_name` FROM `tp_brand` [ RunTime:0.000610s ]
---------------------------------------------------------------
[ 2019-11-28T10:19:23+08:00 ] 0.0.0.0 GET localhost/shop/public/admin/goods/add.html
[运行时间：0.380967s] [吞吐率：2.62req/s] [内存消耗：3,152.30kb] [文件加载：61]
[ info ] [ LANG ] D:\phpStudy\WWW\shop\thinkphp\lang\zh-cn.php
[ info ] [ ROUTE ] array (
  'type' => 'module',
  'module' => 
  array (
    0 => 'admin',
    1 => 'goods',
    2 => 'add',
  ),
)
[ info ] [ HEADER ] array (
  'host' => 'localhost',
  'connection' => 'keep-alive',
  'cache-control' => 'max-age=0',
  'upgrade-insecure-requests' => '1',
  'user-agent' => 'Mozilla/5.0 (Windows NT 10.0; WOW64) AppleWebKit/537.36 (KHTML, like Gecko) Chrome/78.0.3904.87 Safari/537.36',
  'sec-fetch-user' => '?1',
  'accept' => 'text/html,application/xhtml+xml,application/xml;q=0.9,image/webp,image/apng,*/*;q=0.8,application/signed-exchange;v=b3',
  'sec-fetch-site' => 'same-origin',
  'sec-fetch-mode' => 'navigate',
  'referer' => 'http://localhost/shop/public/admin',
  'accept-encoding' => 'gzip, deflate, br',
  'accept-language' => 'zh-CN,zh;q=0.9',
  'cookie' => 'pgv_pvi=667781120; Phpstorm-b93aaa72=a9e76d0f-6113-45ea-b7ac-b691d05f48bc; __utma=111872281.275660930.1572250548.1572250548.1572250548.1; __utmz=111872281.1572250548.1.1.utmcsr=(direct)|utmccn=(direct)|utmcmd=(none); Hm_lvt_b393d153aeb26b46e9431fabaf0f6190=1572246408,1572253015,1572504772,1572575705',
)
[ info ] [ PARAM ] array (
)
[ info ] [ RUN ] app\admin\controller\Goods->add[ D:\phpStudy\WWW\shop\application\admin\controller\Goods.php ]
[ info ] [ DB ] INIT mysql
[ info ] [ VIEW ] D:\phpStudy\WWW\shop\public/../application/admin\view\goods\add.htm [ array (
  0 => 'mlRes',
  1 => 'typeView',
  2 => 'brandRes',
  3 => 'CategoryRes',
) ]
[ info ] [ LOG ] INIT File
[ sql ] [ DB ] CONNECT:[ UseTime:0.002327s ] mysql:host=127.0.0.1;dbname=tpshop;charset=utf8
[ sql ] [ SQL ] SHOW COLUMNS FROM `tp_member_level` [ RunTime:0.002272s ]
[ sql ] [ SQL ] SELECT `id`,`level_name` FROM `tp_member_level` [ RunTime:0.000446s ]
[ sql ] [ SQL ] SHOW COLUMNS FROM `tp_type` [ RunTime:0.000646s ]
[ sql ] [ SQL ] SELECT * FROM `tp_type` [ RunTime:0.000313s ]
[ sql ] [ SQL ] SHOW COLUMNS FROM `tp_brand` [ RunTime:0.000601s ]
[ sql ] [ SQL ] SELECT `id`,`brand_name` FROM `tp_brand` [ RunTime:0.000396s ]
[ sql ] [ SQL ] SHOW COLUMNS FROM `tp_category` [ RunTime:0.001010s ]
[ sql ] [ SQL ] SELECT * FROM `tp_category` ORDER BY `sort` DESC [ RunTime:0.054764s ]
[ error ] [8]未定义变量: Category[D:\phpStudy\WWW\shop\runtime\temp\5c9dc990dd25e0e743b83b685f1bf7fc.php:492]
---------------------------------------------------------------
[ 2019-11-28T10:19:43+08:00 ] 0.0.0.0 GET localhost/shop/public/admin/goods/add.html
[运行时间：0.069670s] [吞吐率：14.35req/s] [内存消耗：2,953.36kb] [文件加载：59]
[ info ] [ LANG ] D:\phpStudy\WWW\shop\thinkphp\lang\zh-cn.php
[ info ] [ ROUTE ] array (
  'type' => 'module',
  'module' => 
  array (
    0 => 'admin',
    1 => 'goods',
    2 => 'add',
  ),
)
[ info ] [ HEADER ] array (
  'host' => 'localhost',
  'connection' => 'keep-alive',
  'cache-control' => 'max-age=0',
  'upgrade-insecure-requests' => '1',
  'user-agent' => 'Mozilla/5.0 (Windows NT 10.0; WOW64) AppleWebKit/537.36 (KHTML, like Gecko) Chrome/78.0.3904.87 Safari/537.36',
  'sec-fetch-user' => '?1',
  'accept' => 'text/html,application/xhtml+xml,application/xml;q=0.9,image/webp,image/apng,*/*;q=0.8,application/signed-exchange;v=b3',
  'sec-fetch-site' => 'same-origin',
  'sec-fetch-mode' => 'navigate',
  'referer' => 'http://localhost/shop/public/admin',
  'accept-encoding' => 'gzip, deflate, br',
  'accept-language' => 'zh-CN,zh;q=0.9',
  'cookie' => 'pgv_pvi=667781120; Phpstorm-b93aaa72=a9e76d0f-6113-45ea-b7ac-b691d05f48bc; __utma=111872281.275660930.1572250548.1572250548.1572250548.1; __utmz=111872281.1572250548.1.1.utmcsr=(direct)|utmccn=(direct)|utmcmd=(none); Hm_lvt_b393d153aeb26b46e9431fabaf0f6190=1572246408,1572253015,1572504772,1572575705',
)
[ info ] [ PARAM ] array (
)
[ info ] [ RUN ] app\admin\controller\Goods->add[ D:\phpStudy\WWW\shop\application\admin\controller\Goods.php ]
[ info ] [ DB ] INIT mysql
[ info ] [ VIEW ] D:\phpStudy\WWW\shop\public/../application/admin\view\goods\add.htm [ array (
  0 => 'mlRes',
  1 => 'typeView',
  2 => 'brandRes',
  3 => 'Category',
) ]
[ info ] [ LOG ] INIT File
[ sql ] [ DB ] CONNECT:[ UseTime:0.011184s ] mysql:host=127.0.0.1;dbname=tpshop;charset=utf8
[ sql ] [ SQL ] SHOW COLUMNS FROM `tp_member_level` [ RunTime:0.000942s ]
[ sql ] [ SQL ] SELECT `id`,`level_name` FROM `tp_member_level` [ RunTime:0.000372s ]
[ sql ] [ SQL ] SHOW COLUMNS FROM `tp_type` [ RunTime:0.000722s ]
[ sql ] [ SQL ] SELECT * FROM `tp_type` [ RunTime:0.000462s ]
[ sql ] [ SQL ] SHOW COLUMNS FROM `tp_brand` [ RunTime:0.000960s ]
[ sql ] [ SQL ] SELECT `id`,`brand_name` FROM `tp_brand` [ RunTime:0.000369s ]
[ sql ] [ SQL ] SHOW COLUMNS FROM `tp_category` [ RunTime:0.001128s ]
[ sql ] [ SQL ] SELECT * FROM `tp_category` ORDER BY `sort` DESC [ RunTime:0.000439s ]
[ error ] [8]未定义变量: Categorys[D:\phpStudy\WWW\shop\runtime\temp\5c9dc990dd25e0e743b83b685f1bf7fc.php:493]
---------------------------------------------------------------
[ 2019-11-28T10:19:52+08:00 ] 0.0.0.0 GET localhost/shop/public/admin/goods/add.html
[运行时间：0.068813s] [吞吐率：14.53req/s] [内存消耗：2,953.29kb] [文件加载：59]
[ info ] [ LANG ] D:\phpStudy\WWW\shop\thinkphp\lang\zh-cn.php
[ info ] [ ROUTE ] array (
  'type' => 'module',
  'module' => 
  array (
    0 => 'admin',
    1 => 'goods',
    2 => 'add',
  ),
)
[ info ] [ HEADER ] array (
  'host' => 'localhost',
  'connection' => 'keep-alive',
  'cache-control' => 'max-age=0',
  'upgrade-insecure-requests' => '1',
  'user-agent' => 'Mozilla/5.0 (Windows NT 10.0; WOW64) AppleWebKit/537.36 (KHTML, like Gecko) Chrome/78.0.3904.87 Safari/537.36',
  'sec-fetch-user' => '?1',
  'accept' => 'text/html,application/xhtml+xml,application/xml;q=0.9,image/webp,image/apng,*/*;q=0.8,application/signed-exchange;v=b3',
  'sec-fetch-site' => 'same-origin',
  'sec-fetch-mode' => 'navigate',
  'referer' => 'http://localhost/shop/public/admin',
  'accept-encoding' => 'gzip, deflate, br',
  'accept-language' => 'zh-CN,zh;q=0.9',
  'cookie' => 'pgv_pvi=667781120; Phpstorm-b93aaa72=a9e76d0f-6113-45ea-b7ac-b691d05f48bc; __utma=111872281.275660930.1572250548.1572250548.1572250548.1; __utmz=111872281.1572250548.1.1.utmcsr=(direct)|utmccn=(direct)|utmcmd=(none); Hm_lvt_b393d153aeb26b46e9431fabaf0f6190=1572246408,1572253015,1572504772,1572575705',
)
[ info ] [ PARAM ] array (
)
[ info ] [ RUN ] app\admin\controller\Goods->add[ D:\phpStudy\WWW\shop\application\admin\controller\Goods.php ]
[ info ] [ DB ] INIT mysql
[ info ] [ VIEW ] D:\phpStudy\WWW\shop\public/../application/admin\view\goods\add.htm [ array (
  0 => 'mlRes',
  1 => 'typeView',
  2 => 'brandRes',
  3 => 'Categorys',
) ]
[ info ] [ LOG ] INIT File
[ sql ] [ DB ] CONNECT:[ UseTime:0.009858s ] mysql:host=127.0.0.1;dbname=tpshop;charset=utf8
[ sql ] [ SQL ] SHOW COLUMNS FROM `tp_member_level` [ RunTime:0.001410s ]
[ sql ] [ SQL ] SELECT `id`,`level_name` FROM `tp_member_level` [ RunTime:0.000382s ]
[ sql ] [ SQL ] SHOW COLUMNS FROM `tp_type` [ RunTime:0.000682s ]
[ sql ] [ SQL ] SELECT * FROM `tp_type` [ RunTime:0.000371s ]
[ sql ] [ SQL ] SHOW COLUMNS FROM `tp_brand` [ RunTime:0.000935s ]
[ sql ] [ SQL ] SELECT `id`,`brand_name` FROM `tp_brand` [ RunTime:0.000468s ]
[ sql ] [ SQL ] SHOW COLUMNS FROM `tp_category` [ RunTime:0.001283s ]
[ sql ] [ SQL ] SELECT * FROM `tp_category` ORDER BY `sort` DESC [ RunTime:0.000420s ]
[ error ] [8]未定义变量: Category[D:\phpStudy\WWW\shop\runtime\temp\5c9dc990dd25e0e743b83b685f1bf7fc.php:492]
---------------------------------------------------------------
[ 2019-11-28T10:20:15+08:00 ] 0.0.0.0 GET localhost/shop/public/admin/goods/add.html
[运行时间：0.074575s] [吞吐率：13.41req/s] [内存消耗：3,152.35kb] [文件加载：61]
[ info ] [ LANG ] D:\phpStudy\WWW\shop\thinkphp\lang\zh-cn.php
[ info ] [ ROUTE ] array (
  'type' => 'module',
  'module' => 
  array (
    0 => 'admin',
    1 => 'goods',
    2 => 'add',
  ),
)
[ info ] [ HEADER ] array (
  'host' => 'localhost',
  'connection' => 'keep-alive',
  'cache-control' => 'max-age=0',
  'upgrade-insecure-requests' => '1',
  'user-agent' => 'Mozilla/5.0 (Windows NT 10.0; WOW64) AppleWebKit/537.36 (KHTML, like Gecko) Chrome/78.0.3904.87 Safari/537.36',
  'sec-fetch-user' => '?1',
  'accept' => 'text/html,application/xhtml+xml,application/xml;q=0.9,image/webp,image/apng,*/*;q=0.8,application/signed-exchange;v=b3',
  'sec-fetch-site' => 'same-origin',
  'sec-fetch-mode' => 'navigate',
  'referer' => 'http://localhost/shop/public/admin',
  'accept-encoding' => 'gzip, deflate, br',
  'accept-language' => 'zh-CN,zh;q=0.9',
  'cookie' => 'pgv_pvi=667781120; Phpstorm-b93aaa72=a9e76d0f-6113-45ea-b7ac-b691d05f48bc; __utma=111872281.275660930.1572250548.1572250548.1572250548.1; __utmz=111872281.1572250548.1.1.utmcsr=(direct)|utmccn=(direct)|utmcmd=(none); Hm_lvt_b393d153aeb26b46e9431fabaf0f6190=1572246408,1572253015,1572504772,1572575705',
)
[ info ] [ PARAM ] array (
)
[ info ] [ RUN ] app\admin\controller\Goods->add[ D:\phpStudy\WWW\shop\application\admin\controller\Goods.php ]
[ info ] [ DB ] INIT mysql
[ info ] [ VIEW ] D:\phpStudy\WWW\shop\public/../application/admin\view\goods\add.htm [ array (
  0 => 'mlRes',
  1 => 'typeView',
  2 => 'brandRes',
  3 => 'Category',
) ]
[ info ] [ LOG ] INIT File
[ sql ] [ DB ] CONNECT:[ UseTime:0.009824s ] mysql:host=127.0.0.1;dbname=tpshop;charset=utf8
[ sql ] [ SQL ] SHOW COLUMNS FROM `tp_member_level` [ RunTime:0.000976s ]
[ sql ] [ SQL ] SELECT `id`,`level_name` FROM `tp_member_level` [ RunTime:0.000373s ]
[ sql ] [ SQL ] SHOW COLUMNS FROM `tp_type` [ RunTime:0.000699s ]
[ sql ] [ SQL ] SELECT * FROM `tp_type` [ RunTime:0.000345s ]
[ sql ] [ SQL ] SHOW COLUMNS FROM `tp_brand` [ RunTime:0.000871s ]
[ sql ] [ SQL ] SELECT `id`,`brand_name` FROM `tp_brand` [ RunTime:0.000329s ]
[ sql ] [ SQL ] SHOW COLUMNS FROM `tp_category` [ RunTime:0.002224s ]
[ sql ] [ SQL ] SELECT * FROM `tp_category` ORDER BY `sort` DESC [ RunTime:0.000570s ]
[ error ] [8]未定义数组索引: pid[D:\phpStudy\WWW\shop\runtime\temp\5c9dc990dd25e0e743b83b685f1bf7fc.php:493]
---------------------------------------------------------------
[ 2019-11-28T10:38:50+08:00 ] 0.0.0.0 GET localhost/shop/public/admin/goods/add.html
[运行时间：0.059593s] [吞吐率：16.78req/s] [内存消耗：3,136.97kb] [文件加载：57]
[ info ] [ LANG ] D:\phpStudy\WWW\shop\thinkphp\lang\zh-cn.php
[ info ] [ ROUTE ] array (
  'type' => 'module',
  'module' => 
  array (
    0 => 'admin',
    1 => 'goods',
    2 => 'add',
  ),
)
[ info ] [ HEADER ] array (
  'host' => 'localhost',
  'connection' => 'keep-alive',
  'cache-control' => 'max-age=0',
  'upgrade-insecure-requests' => '1',
  'user-agent' => 'Mozilla/5.0 (Windows NT 10.0; WOW64) AppleWebKit/537.36 (KHTML, like Gecko) Chrome/78.0.3904.87 Safari/537.36',
  'sec-fetch-user' => '?1',
  'accept' => 'text/html,application/xhtml+xml,application/xml;q=0.9,image/webp,image/apng,*/*;q=0.8,application/signed-exchange;v=b3',
  'sec-fetch-site' => 'same-origin',
  'sec-fetch-mode' => 'navigate',
  'referer' => 'http://localhost/shop/public/admin',
  'accept-encoding' => 'gzip, deflate, br',
  'accept-language' => 'zh-CN,zh;q=0.9',
  'cookie' => 'pgv_pvi=667781120; Phpstorm-b93aaa72=a9e76d0f-6113-45ea-b7ac-b691d05f48bc; __utma=111872281.275660930.1572250548.1572250548.1572250548.1; __utmz=111872281.1572250548.1.1.utmcsr=(direct)|utmccn=(direct)|utmcmd=(none); Hm_lvt_b393d153aeb26b46e9431fabaf0f6190=1572246408,1572253015,1572504772,1572575705',
)
[ info ] [ PARAM ] array (
)
[ info ] [ RUN ] app\admin\controller\Goods->add[ D:\phpStudy\WWW\shop\application\admin\controller\Goods.php ]
[ info ] [ DB ] INIT mysql
[ info ] [ VIEW ] D:\phpStudy\WWW\shop\public/../application/admin\view\goods\add.htm [ array (
  0 => 'mlRes',
  1 => 'typeView',
  2 => 'brandRes',
  3 => 'Category',
) ]
[ info ] [ LOG ] INIT File
[ sql ] [ DB ] CONNECT:[ UseTime:0.001414s ] mysql:host=127.0.0.1;dbname=tpshop;charset=utf8
[ sql ] [ SQL ] SHOW COLUMNS FROM `tp_member_level` [ RunTime:0.000940s ]
[ sql ] [ SQL ] SELECT `id`,`level_name` FROM `tp_member_level` [ RunTime:0.000411s ]
[ sql ] [ SQL ] SHOW COLUMNS FROM `tp_type` [ RunTime:0.000668s ]
[ sql ] [ SQL ] SELECT * FROM `tp_type` [ RunTime:0.000360s ]
[ sql ] [ SQL ] SHOW COLUMNS FROM `tp_brand` [ RunTime:0.000901s ]
[ sql ] [ SQL ] SELECT `id`,`brand_name` FROM `tp_brand` [ RunTime:0.000404s ]
[ sql ] [ SQL ] SHOW COLUMNS FROM `tp_category` [ RunTime:0.001170s ]
[ sql ] [ SQL ] SELECT * FROM `tp_category` ORDER BY `sort` DESC [ RunTime:0.000436s ]
---------------------------------------------------------------
[ 2019-11-28T10:39:34+08:00 ] 0.0.0.0 GET localhost/shop/public/admin/goods/add.html
[运行时间：0.063140s] [吞吐率：15.84req/s] [内存消耗：2,934.33kb] [文件加载：55]
[ info ] [ LANG ] D:\phpStudy\WWW\shop\thinkphp\lang\zh-cn.php
[ info ] [ ROUTE ] array (
  'type' => 'module',
  'module' => 
  array (
    0 => 'admin',
    1 => 'goods',
    2 => 'add',
  ),
)
[ info ] [ HEADER ] array (
  'host' => 'localhost',
  'connection' => 'keep-alive',
  'cache-control' => 'max-age=0',
  'upgrade-insecure-requests' => '1',
  'user-agent' => 'Mozilla/5.0 (Windows NT 10.0; WOW64) AppleWebKit/537.36 (KHTML, like Gecko) Chrome/78.0.3904.87 Safari/537.36',
  'sec-fetch-user' => '?1',
  'accept' => 'text/html,application/xhtml+xml,application/xml;q=0.9,image/webp,image/apng,*/*;q=0.8,application/signed-exchange;v=b3',
  'sec-fetch-site' => 'same-origin',
  'sec-fetch-mode' => 'navigate',
  'referer' => 'http://localhost/shop/public/admin',
  'accept-encoding' => 'gzip, deflate, br',
  'accept-language' => 'zh-CN,zh;q=0.9',
  'cookie' => 'pgv_pvi=667781120; Phpstorm-b93aaa72=a9e76d0f-6113-45ea-b7ac-b691d05f48bc; __utma=111872281.275660930.1572250548.1572250548.1572250548.1; __utmz=111872281.1572250548.1.1.utmcsr=(direct)|utmccn=(direct)|utmcmd=(none); Hm_lvt_b393d153aeb26b46e9431fabaf0f6190=1572246408,1572253015,1572504772,1572575705',
)
[ info ] [ PARAM ] array (
)
[ info ] [ RUN ] app\admin\controller\Goods->add[ D:\phpStudy\WWW\shop\application\admin\controller\Goods.php ]
[ info ] [ DB ] INIT mysql
[ info ] [ VIEW ] D:\phpStudy\WWW\shop\public/../application/admin\view\goods\add.htm [ array (
  0 => 'mlRes',
  1 => 'typeView',
  2 => 'brandRes',
  3 => 'Category',
) ]
[ info ] [ LOG ] INIT File
[ sql ] [ DB ] CONNECT:[ UseTime:0.010980s ] mysql:host=127.0.0.1;dbname=tpshop;charset=utf8
[ sql ] [ SQL ] SHOW COLUMNS FROM `tp_member_level` [ RunTime:0.001101s ]
[ sql ] [ SQL ] SELECT `id`,`level_name` FROM `tp_member_level` [ RunTime:0.000368s ]
[ sql ] [ SQL ] SHOW COLUMNS FROM `tp_type` [ RunTime:0.000717s ]
[ sql ] [ SQL ] SELECT * FROM `tp_type` [ RunTime:0.000501s ]
[ sql ] [ SQL ] SHOW COLUMNS FROM `tp_brand` [ RunTime:0.001177s ]
[ sql ] [ SQL ] SELECT `id`,`brand_name` FROM `tp_brand` [ RunTime:0.000504s ]
[ sql ] [ SQL ] SHOW COLUMNS FROM `tp_category` [ RunTime:0.001122s ]
[ sql ] [ SQL ] SELECT * FROM `tp_category` ORDER BY `sort` DESC [ RunTime:0.000738s ]
---------------------------------------------------------------
[ 2019-11-28T10:42:30+08:00 ] 0.0.0.0 GET localhost/shop/public/admin/goods/add.html
[运行时间：0.070263s] [吞吐率：14.23req/s] [内存消耗：2,934.61kb] [文件加载：55]
[ info ] [ LANG ] D:\phpStudy\WWW\shop\thinkphp\lang\zh-cn.php
[ info ] [ ROUTE ] array (
  'type' => 'module',
  'module' => 
  array (
    0 => 'admin',
    1 => 'goods',
    2 => 'add',
  ),
)
[ info ] [ HEADER ] array (
  'host' => 'localhost',
  'connection' => 'keep-alive',
  'cache-control' => 'max-age=0',
  'upgrade-insecure-requests' => '1',
  'user-agent' => 'Mozilla/5.0 (Windows NT 10.0; WOW64) AppleWebKit/537.36 (KHTML, like Gecko) Chrome/78.0.3904.87 Safari/537.36',
  'sec-fetch-user' => '?1',
  'accept' => 'text/html,application/xhtml+xml,application/xml;q=0.9,image/webp,image/apng,*/*;q=0.8,application/signed-exchange;v=b3',
  'sec-fetch-site' => 'same-origin',
  'sec-fetch-mode' => 'navigate',
  'referer' => 'http://localhost/shop/public/admin',
  'accept-encoding' => 'gzip, deflate, br',
  'accept-language' => 'zh-CN,zh;q=0.9',
  'cookie' => 'pgv_pvi=667781120; Phpstorm-b93aaa72=a9e76d0f-6113-45ea-b7ac-b691d05f48bc; __utma=111872281.275660930.1572250548.1572250548.1572250548.1; __utmz=111872281.1572250548.1.1.utmcsr=(direct)|utmccn=(direct)|utmcmd=(none); Hm_lvt_b393d153aeb26b46e9431fabaf0f6190=1572246408,1572253015,1572504772,1572575705',
)
[ info ] [ PARAM ] array (
)
[ info ] [ RUN ] app\admin\controller\Goods->add[ D:\phpStudy\WWW\shop\application\admin\controller\Goods.php ]
[ info ] [ DB ] INIT mysql
[ info ] [ VIEW ] D:\phpStudy\WWW\shop\public/../application/admin\view\goods\add.htm [ array (
  0 => 'mlRes',
  1 => 'typeView',
  2 => 'brandRes',
  3 => 'Category',
) ]
[ info ] [ LOG ] INIT File
[ sql ] [ DB ] CONNECT:[ UseTime:0.011474s ] mysql:host=127.0.0.1;dbname=tpshop;charset=utf8
[ sql ] [ SQL ] SHOW COLUMNS FROM `tp_member_level` [ RunTime:0.001087s ]
[ sql ] [ SQL ] SELECT `id`,`level_name` FROM `tp_member_level` [ RunTime:0.000677s ]
[ sql ] [ SQL ] SHOW COLUMNS FROM `tp_type` [ RunTime:0.001051s ]
[ sql ] [ SQL ] SELECT * FROM `tp_type` [ RunTime:0.000509s ]
[ sql ] [ SQL ] SHOW COLUMNS FROM `tp_brand` [ RunTime:0.002961s ]
[ sql ] [ SQL ] SELECT `id`,`brand_name` FROM `tp_brand` [ RunTime:0.000780s ]
[ sql ] [ SQL ] SHOW COLUMNS FROM `tp_category` [ RunTime:0.000912s ]
[ sql ] [ SQL ] SELECT * FROM `tp_category` ORDER BY `sort` DESC [ RunTime:0.000474s ]
---------------------------------------------------------------
[ 2019-11-28T10:42:40+08:00 ] 0.0.0.0 POST localhost/shop/public/admin/goods/add.html
[运行时间：0.034074s] [吞吐率：29.35req/s] [内存消耗：1,606.45kb] [文件加载：41]
[ info ] [ LANG ] D:\phpStudy\WWW\shop\thinkphp\lang\zh-cn.php
[ info ] [ ROUTE ] array (
  'type' => 'module',
  'module' => 
  array (
    0 => 'admin',
    1 => 'goods',
    2 => 'add',
  ),
)
[ info ] [ HEADER ] array (
  'host' => 'localhost',
  'connection' => 'keep-alive',
  'content-length' => '1077',
  'cache-control' => 'max-age=0',
  'origin' => 'http://localhost',
  'upgrade-insecure-requests' => '1',
  'content-type' => 'multipart/form-data; boundary=----WebKitFormBoundarybXxEOP0KlcAnsRVU',
  'user-agent' => 'Mozilla/5.0 (Windows NT 10.0; WOW64) AppleWebKit/537.36 (KHTML, like Gecko) Chrome/78.0.3904.87 Safari/537.36',
  'sec-fetch-user' => '?1',
  'accept' => 'text/html,application/xhtml+xml,application/xml;q=0.9,image/webp,image/apng,*/*;q=0.8,application/signed-exchange;v=b3',
  'sec-fetch-site' => 'same-origin',
  'sec-fetch-mode' => 'navigate',
  'referer' => 'http://localhost/shop/public/admin/goods/add.html',
  'accept-encoding' => 'gzip, deflate, br',
  'accept-language' => 'zh-CN,zh;q=0.9',
  'cookie' => 'pgv_pvi=667781120; Phpstorm-b93aaa72=a9e76d0f-6113-45ea-b7ac-b691d05f48bc; __utma=111872281.275660930.1572250548.1572250548.1572250548.1; __utmz=111872281.1572250548.1.1.utmcsr=(direct)|utmccn=(direct)|utmcmd=(none); Hm_lvt_b393d153aeb26b46e9431fabaf0f6190=1572246408,1572253015,1572504772,1572575705',
)
[ info ] [ PARAM ] array (
  'goods_name' => '12',
  'on_sale' => '0',
  'category_id' => '1',
  'brand_id' => '3',
  'markte_price' => '12',
  'shop_price' => '12',
  'goods_weight' => '1',
  'weight_unit' => 'kg',
  'goods_des' => '',
)
[ info ] [ RUN ] app\admin\controller\Goods->add[ D:\phpStudy\WWW\shop\application\admin\controller\Goods.php ]
[ info ] [ LOG ] INIT File
---------------------------------------------------------------
[ 2019-11-28T10:42:44+08:00 ] 0.0.0.0 GET localhost/shop/public/admin/goods/add.html
[运行时间：0.068722s] [吞吐率：14.55req/s] [内存消耗：2,934.30kb] [文件加载：55]
[ info ] [ LANG ] D:\phpStudy\WWW\shop\thinkphp\lang\zh-cn.php
[ info ] [ ROUTE ] array (
  'type' => 'module',
  'module' => 
  array (
    0 => 'admin',
    1 => 'goods',
    2 => 'add',
  ),
)
[ info ] [ HEADER ] array (
  'host' => 'localhost',
  'connection' => 'keep-alive',
  'upgrade-insecure-requests' => '1',
  'user-agent' => 'Mozilla/5.0 (Windows NT 10.0; WOW64) AppleWebKit/537.36 (KHTML, like Gecko) Chrome/78.0.3904.87 Safari/537.36',
  'sec-fetch-user' => '?1',
  'accept' => 'text/html,application/xhtml+xml,application/xml;q=0.9,image/webp,image/apng,*/*;q=0.8,application/signed-exchange;v=b3',
  'sec-fetch-site' => 'same-origin',
  'sec-fetch-mode' => 'navigate',
  'referer' => 'http://localhost/shop/public/admin',
  'accept-encoding' => 'gzip, deflate, br',
  'accept-language' => 'zh-CN,zh;q=0.9',
  'cookie' => 'pgv_pvi=667781120; Phpstorm-b93aaa72=a9e76d0f-6113-45ea-b7ac-b691d05f48bc; __utma=111872281.275660930.1572250548.1572250548.1572250548.1; __utmz=111872281.1572250548.1.1.utmcsr=(direct)|utmccn=(direct)|utmcmd=(none); Hm_lvt_b393d153aeb26b46e9431fabaf0f6190=1572246408,1572253015,1572504772,1572575705',
)
[ info ] [ PARAM ] array (
)
[ info ] [ RUN ] app\admin\controller\Goods->add[ D:\phpStudy\WWW\shop\application\admin\controller\Goods.php ]
[ info ] [ DB ] INIT mysql
[ info ] [ VIEW ] D:\phpStudy\WWW\shop\public/../application/admin\view\goods\add.htm [ array (
  0 => 'mlRes',
  1 => 'typeView',
  2 => 'brandRes',
  3 => 'Category',
) ]
[ info ] [ LOG ] INIT File
[ sql ] [ DB ] CONNECT:[ UseTime:0.010769s ] mysql:host=127.0.0.1;dbname=tpshop;charset=utf8
[ sql ] [ SQL ] SHOW COLUMNS FROM `tp_member_level` [ RunTime:0.001315s ]
[ sql ] [ SQL ] SELECT `id`,`level_name` FROM `tp_member_level` [ RunTime:0.000383s ]
[ sql ] [ SQL ] SHOW COLUMNS FROM `tp_type` [ RunTime:0.000712s ]
[ sql ] [ SQL ] SELECT * FROM `tp_type` [ RunTime:0.000398s ]
[ sql ] [ SQL ] SHOW COLUMNS FROM `tp_brand` [ RunTime:0.000892s ]
[ sql ] [ SQL ] SELECT `id`,`brand_name` FROM `tp_brand` [ RunTime:0.000517s ]
[ sql ] [ SQL ] SHOW COLUMNS FROM `tp_category` [ RunTime:0.001005s ]
[ sql ] [ SQL ] SELECT * FROM `tp_category` ORDER BY `sort` DESC [ RunTime:0.000433s ]
---------------------------------------------------------------
[ 2019-11-28T10:42:48+08:00 ] 0.0.0.0 POST localhost/shop/public/admin/goods/add.html
[运行时间：0.030937s] [吞吐率：32.32req/s] [内存消耗：1,606.52kb] [文件加载：41]
[ info ] [ LANG ] D:\phpStudy\WWW\shop\thinkphp\lang\zh-cn.php
[ info ] [ ROUTE ] array (
  'type' => 'module',
  'module' => 
  array (
    0 => 'admin',
    1 => 'goods',
    2 => 'add',
  ),
)
[ info ] [ HEADER ] array (
  'host' => 'localhost',
  'connection' => 'keep-alive',
  'content-length' => '1088',
  'cache-control' => 'max-age=0',
  'origin' => 'http://localhost',
  'upgrade-insecure-requests' => '1',
  'content-type' => 'multipart/form-data; boundary=----WebKitFormBoundaryR9xa3xxI6VRkhsDa',
  'user-agent' => 'Mozilla/5.0 (Windows NT 10.0; WOW64) AppleWebKit/537.36 (KHTML, like Gecko) Chrome/78.0.3904.87 Safari/537.36',
  'sec-fetch-user' => '?1',
  'accept' => 'text/html,application/xhtml+xml,application/xml;q=0.9,image/webp,image/apng,*/*;q=0.8,application/signed-exchange;v=b3',
  'sec-fetch-site' => 'same-origin',
  'sec-fetch-mode' => 'navigate',
  'referer' => 'http://localhost/shop/public/admin/goods/add.html',
  'accept-encoding' => 'gzip, deflate, br',
  'accept-language' => 'zh-CN,zh;q=0.9',
  'cookie' => 'pgv_pvi=667781120; Phpstorm-b93aaa72=a9e76d0f-6113-45ea-b7ac-b691d05f48bc; __utma=111872281.275660930.1572250548.1572250548.1572250548.1; __utmz=111872281.1572250548.1.1.utmcsr=(direct)|utmccn=(direct)|utmcmd=(none); Hm_lvt_b393d153aeb26b46e9431fabaf0f6190=1572246408,1572253015,1572504772,1572575705',
)
[ info ] [ PARAM ] array (
  'goods_name' => '12',
  'on_sale' => '0',
  'category_id' => '1',
  'brand_id' => '3',
  'markte_price' => '12',
  'shop_price' => '12',
  'goods_weight' => '1',
  'weight_unit' => 'kg',
  'goods_des' => '<p>1221</p>',
)
[ info ] [ RUN ] app\admin\controller\Goods->add[ D:\phpStudy\WWW\shop\application\admin\controller\Goods.php ]
[ info ] [ LOG ] INIT File
---------------------------------------------------------------
[ 2019-11-28T10:58:24+08:00 ] 0.0.0.0 POST localhost/shop/public/admin/goods/add.html
[运行时间：0.060615s] [吞吐率：16.50req/s] [内存消耗：2,711.66kb] [文件加载：49]
[ info ] [ LANG ] D:\phpStudy\WWW\shop\thinkphp\lang\zh-cn.php
[ info ] [ ROUTE ] array (
  'type' => 'module',
  'module' => 
  array (
    0 => 'admin',
    1 => 'goods',
    2 => 'add',
  ),
)
[ info ] [ HEADER ] array (
  'host' => 'localhost',
  'connection' => 'keep-alive',
  'content-length' => '1088',
  'cache-control' => 'max-age=0',
  'upgrade-insecure-requests' => '1',
  'user-agent' => 'Mozilla/5.0 (Windows NT 10.0; WOW64) AppleWebKit/537.36 (KHTML, like Gecko) Chrome/78.0.3904.87 Safari/537.36',
  'sec-fetch-user' => '?1',
  'origin' => 'http://localhost',
  'content-type' => 'multipart/form-data; boundary=----WebKitFormBoundaryR9xa3xxI6VRkhsDa',
  'accept' => 'text/html,application/xhtml+xml,application/xml;q=0.9,image/webp,image/apng,*/*;q=0.8,application/signed-exchange;v=b3',
  'sec-fetch-site' => 'same-origin',
  'sec-fetch-mode' => 'navigate',
  'referer' => 'http://localhost/shop/public/admin/goods/add.html',
  'accept-encoding' => 'gzip, deflate, br',
  'accept-language' => 'zh-CN,zh;q=0.9',
  'cookie' => 'pgv_pvi=667781120; Phpstorm-b93aaa72=a9e76d0f-6113-45ea-b7ac-b691d05f48bc; __utma=111872281.275660930.1572250548.1572250548.1572250548.1; __utmz=111872281.1572250548.1.1.utmcsr=(direct)|utmccn=(direct)|utmcmd=(none); Hm_lvt_b393d153aeb26b46e9431fabaf0f6190=1572246408,1572253015,1572504772,1572575705',
)
[ info ] [ PARAM ] array (
  'goods_name' => '12',
  'on_sale' => '0',
  'category_id' => '1',
  'brand_id' => '3',
  'markte_price' => '12',
  'shop_price' => '12',
  'goods_weight' => '1',
  'weight_unit' => 'kg',
  'goods_des' => '<p>1221</p>',
)
[ info ] [ RUN ] app\admin\controller\Goods->add[ D:\phpStudy\WWW\shop\application\admin\controller\Goods.php ]
[ info ] [ DB ] INIT mysql
[ info ] [ LOG ] INIT File
[ sql ] [ DB ] CONNECT:[ UseTime:0.003280s ] mysql:host=127.0.0.1;dbname=tpshop;charset=utf8
[ sql ] [ SQL ] SHOW COLUMNS FROM `tp_goods` [ RunTime:0.001306s ]
---------------------------------------------------------------
[ 2019-11-28T10:58:26+08:00 ] 0.0.0.0 GET localhost/shop/public/admin/goods/add.html
[运行时间：0.066821s] [吞吐率：14.97req/s] [内存消耗：2,934.01kb] [文件加载：55]
[ info ] [ LANG ] D:\phpStudy\WWW\shop\thinkphp\lang\zh-cn.php
[ info ] [ ROUTE ] array (
  'type' => 'module',
  'module' => 
  array (
    0 => 'admin',
    1 => 'goods',
    2 => 'add',
  ),
)
[ info ] [ HEADER ] array (
  'host' => 'localhost',
  'connection' => 'keep-alive',
  'upgrade-insecure-requests' => '1',
  'user-agent' => 'Mozilla/5.0 (Windows NT 10.0; WOW64) AppleWebKit/537.36 (KHTML, like Gecko) Chrome/78.0.3904.87 Safari/537.36',
  'sec-fetch-user' => '?1',
  'accept' => 'text/html,application/xhtml+xml,application/xml;q=0.9,image/webp,image/apng,*/*;q=0.8,application/signed-exchange;v=b3',
  'sec-fetch-site' => 'same-origin',
  'sec-fetch-mode' => 'navigate',
  'referer' => 'http://localhost/shop/public/admin',
  'accept-encoding' => 'gzip, deflate, br',
  'accept-language' => 'zh-CN,zh;q=0.9',
  'cookie' => 'pgv_pvi=667781120; Phpstorm-b93aaa72=a9e76d0f-6113-45ea-b7ac-b691d05f48bc; __utma=111872281.275660930.1572250548.1572250548.1572250548.1; __utmz=111872281.1572250548.1.1.utmcsr=(direct)|utmccn=(direct)|utmcmd=(none); Hm_lvt_b393d153aeb26b46e9431fabaf0f6190=1572246408,1572253015,1572504772,1572575705',
)
[ info ] [ PARAM ] array (
)
[ info ] [ RUN ] app\admin\controller\Goods->add[ D:\phpStudy\WWW\shop\application\admin\controller\Goods.php ]
[ info ] [ DB ] INIT mysql
[ info ] [ VIEW ] D:\phpStudy\WWW\shop\public/../application/admin\view\goods\add.htm [ array (
  0 => 'mlRes',
  1 => 'typeView',
  2 => 'brandRes',
  3 => 'Category',
) ]
[ info ] [ LOG ] INIT File
[ sql ] [ DB ] CONNECT:[ UseTime:0.011070s ] mysql:host=127.0.0.1;dbname=tpshop;charset=utf8
[ sql ] [ SQL ] SHOW COLUMNS FROM `tp_member_level` [ RunTime:0.001353s ]
[ sql ] [ SQL ] SELECT `id`,`level_name` FROM `tp_member_level` [ RunTime:0.000417s ]
[ sql ] [ SQL ] SHOW COLUMNS FROM `tp_type` [ RunTime:0.000650s ]
[ sql ] [ SQL ] SELECT * FROM `tp_type` [ RunTime:0.000374s ]
[ sql ] [ SQL ] SHOW COLUMNS FROM `tp_brand` [ RunTime:0.000739s ]
[ sql ] [ SQL ] SELECT `id`,`brand_name` FROM `tp_brand` [ RunTime:0.000394s ]
[ sql ] [ SQL ] SHOW COLUMNS FROM `tp_category` [ RunTime:0.000981s ]
[ sql ] [ SQL ] SELECT * FROM `tp_category` ORDER BY `sort` DESC [ RunTime:0.000877s ]
---------------------------------------------------------------
[ 2019-11-28T10:58:28+08:00 ] 0.0.0.0 GET localhost/shop/public/admin/goods/add.html
[运行时间：0.065669s] [吞吐率：15.23req/s] [内存消耗：2,934.28kb] [文件加载：55]
[ info ] [ LANG ] D:\phpStudy\WWW\shop\thinkphp\lang\zh-cn.php
[ info ] [ ROUTE ] array (
  'type' => 'module',
  'module' => 
  array (
    0 => 'admin',
    1 => 'goods',
    2 => 'add',
  ),
)
[ info ] [ HEADER ] array (
  'host' => 'localhost',
  'connection' => 'keep-alive',
  'cache-control' => 'max-age=0',
  'upgrade-insecure-requests' => '1',
  'user-agent' => 'Mozilla/5.0 (Windows NT 10.0; WOW64) AppleWebKit/537.36 (KHTML, like Gecko) Chrome/78.0.3904.87 Safari/537.36',
  'sec-fetch-user' => '?1',
  'accept' => 'text/html,application/xhtml+xml,application/xml;q=0.9,image/webp,image/apng,*/*;q=0.8,application/signed-exchange;v=b3',
  'sec-fetch-site' => 'same-origin',
  'sec-fetch-mode' => 'navigate',
  'referer' => 'http://localhost/shop/public/admin',
  'accept-encoding' => 'gzip, deflate, br',
  'accept-language' => 'zh-CN,zh;q=0.9',
  'cookie' => 'pgv_pvi=667781120; Phpstorm-b93aaa72=a9e76d0f-6113-45ea-b7ac-b691d05f48bc; __utma=111872281.275660930.1572250548.1572250548.1572250548.1; __utmz=111872281.1572250548.1.1.utmcsr=(direct)|utmccn=(direct)|utmcmd=(none); Hm_lvt_b393d153aeb26b46e9431fabaf0f6190=1572246408,1572253015,1572504772,1572575705',
)
[ info ] [ PARAM ] array (
)
[ info ] [ RUN ] app\admin\controller\Goods->add[ D:\phpStudy\WWW\shop\application\admin\controller\Goods.php ]
[ info ] [ DB ] INIT mysql
[ info ] [ VIEW ] D:\phpStudy\WWW\shop\public/../application/admin\view\goods\add.htm [ array (
  0 => 'mlRes',
  1 => 'typeView',
  2 => 'brandRes',
  3 => 'Category',
) ]
[ info ] [ LOG ] INIT File
[ sql ] [ DB ] CONNECT:[ UseTime:0.010979s ] mysql:host=127.0.0.1;dbname=tpshop;charset=utf8
[ sql ] [ SQL ] SHOW COLUMNS FROM `tp_member_level` [ RunTime:0.001094s ]
[ sql ] [ SQL ] SELECT `id`,`level_name` FROM `tp_member_level` [ RunTime:0.000384s ]
[ sql ] [ SQL ] SHOW COLUMNS FROM `tp_type` [ RunTime:0.001188s ]
[ sql ] [ SQL ] SELECT * FROM `tp_type` [ RunTime:0.000358s ]
[ sql ] [ SQL ] SHOW COLUMNS FROM `tp_brand` [ RunTime:0.001268s ]
[ sql ] [ SQL ] SELECT `id`,`brand_name` FROM `tp_brand` [ RunTime:0.000513s ]
[ sql ] [ SQL ] SHOW COLUMNS FROM `tp_category` [ RunTime:0.001077s ]
[ sql ] [ SQL ] SELECT * FROM `tp_category` ORDER BY `sort` DESC [ RunTime:0.000474s ]
---------------------------------------------------------------
[ 2019-11-28T10:58:35+08:00 ] 0.0.0.0 POST localhost/shop/public/admin/goods/add.html
[运行时间：0.047270s] [吞吐率：21.16req/s] [内存消耗：2,711.66kb] [文件加载：49]
[ info ] [ LANG ] D:\phpStudy\WWW\shop\thinkphp\lang\zh-cn.php
[ info ] [ ROUTE ] array (
  'type' => 'module',
  'module' => 
  array (
    0 => 'admin',
    1 => 'goods',
    2 => 'add',
  ),
)
[ info ] [ HEADER ] array (
  'host' => 'localhost',
  'connection' => 'keep-alive',
  'content-length' => '1078',
  'cache-control' => 'max-age=0',
  'origin' => 'http://localhost',
  'upgrade-insecure-requests' => '1',
  'content-type' => 'multipart/form-data; boundary=----WebKitFormBoundarytbT8fA3umKUXkTui',
  'user-agent' => 'Mozilla/5.0 (Windows NT 10.0; WOW64) AppleWebKit/537.36 (KHTML, like Gecko) Chrome/78.0.3904.87 Safari/537.36',
  'sec-fetch-user' => '?1',
  'accept' => 'text/html,application/xhtml+xml,application/xml;q=0.9,image/webp,image/apng,*/*;q=0.8,application/signed-exchange;v=b3',
  'sec-fetch-site' => 'same-origin',
  'sec-fetch-mode' => 'navigate',
  'referer' => 'http://localhost/shop/public/admin/goods/add.html',
  'accept-encoding' => 'gzip, deflate, br',
  'accept-language' => 'zh-CN,zh;q=0.9',
  'cookie' => 'pgv_pvi=667781120; Phpstorm-b93aaa72=a9e76d0f-6113-45ea-b7ac-b691d05f48bc; __utma=111872281.275660930.1572250548.1572250548.1572250548.1; __utmz=111872281.1572250548.1.1.utmcsr=(direct)|utmccn=(direct)|utmcmd=(none); Hm_lvt_b393d153aeb26b46e9431fabaf0f6190=1572246408,1572253015,1572504772,1572575705',
)
[ info ] [ PARAM ] array (
  'goods_name' => '12',
  'on_sale' => '0',
  'category_id' => '3',
  'brand_id' => '3',
  'markte_price' => '12',
  'shop_price' => '12',
  'goods_weight' => '12',
  'weight_unit' => 'kg',
  'goods_des' => '',
)
[ info ] [ RUN ] app\admin\controller\Goods->add[ D:\phpStudy\WWW\shop\application\admin\controller\Goods.php ]
[ info ] [ DB ] INIT mysql
[ info ] [ LOG ] INIT File
[ sql ] [ DB ] CONNECT:[ UseTime:0.003238s ] mysql:host=127.0.0.1;dbname=tpshop;charset=utf8
[ sql ] [ SQL ] SHOW COLUMNS FROM `tp_goods` [ RunTime:0.001950s ]
---------------------------------------------------------------
[ 2019-11-28T11:26:52+08:00 ] 0.0.0.0 POST localhost/shop/public/admin/goods/add.html
[运行时间：0.385212s] [吞吐率：2.60req/s] [内存消耗：2,843.95kb] [文件加载：55]
[ info ] [ LANG ] D:\phpStudy\WWW\shop\thinkphp\lang\zh-cn.php
[ info ] [ ROUTE ] array (
  'type' => 'module',
  'module' => 
  array (
    0 => 'admin',
    1 => 'goods',
    2 => 'add',
  ),
)
[ info ] [ HEADER ] array (
  'host' => 'localhost',
  'connection' => 'keep-alive',
  'content-length' => '1078',
  'cache-control' => 'max-age=0',
  'upgrade-insecure-requests' => '1',
  'user-agent' => 'Mozilla/5.0 (Windows NT 10.0; WOW64) AppleWebKit/537.36 (KHTML, like Gecko) Chrome/78.0.3904.87 Safari/537.36',
  'sec-fetch-user' => '?1',
  'origin' => 'http://localhost',
  'content-type' => 'multipart/form-data; boundary=----WebKitFormBoundarytbT8fA3umKUXkTui',
  'accept' => 'text/html,application/xhtml+xml,application/xml;q=0.9,image/webp,image/apng,*/*;q=0.8,application/signed-exchange;v=b3',
  'sec-fetch-site' => 'same-origin',
  'sec-fetch-mode' => 'navigate',
  'referer' => 'http://localhost/shop/public/admin/goods/add.html',
  'accept-encoding' => 'gzip, deflate, br',
  'accept-language' => 'zh-CN,zh;q=0.9',
  'cookie' => 'pgv_pvi=667781120; Phpstorm-b93aaa72=a9e76d0f-6113-45ea-b7ac-b691d05f48bc; __utma=111872281.275660930.1572250548.1572250548.1572250548.1; __utmz=111872281.1572250548.1.1.utmcsr=(direct)|utmccn=(direct)|utmcmd=(none); Hm_lvt_b393d153aeb26b46e9431fabaf0f6190=1572246408,1572253015,1572504772,1572575705',
)
[ info ] [ PARAM ] array (
  'goods_name' => '12',
  'on_sale' => '0',
  'category_id' => '3',
  'brand_id' => '3',
  'markte_price' => '12',
  'shop_price' => '12',
  'goods_weight' => '12',
  'weight_unit' => 'kg',
  'goods_des' => '',
)
[ info ] [ RUN ] app\admin\controller\Goods->add[ D:\phpStudy\WWW\shop\application\admin\controller\Goods.php ]
[ info ] [ DB ] INIT mysql
[ info ] [ LOG ] INIT File
[ sql ] [ DB ] CONNECT:[ UseTime:0.001590s ] mysql:host=127.0.0.1;dbname=tpshop;charset=utf8
[ sql ] [ SQL ] SHOW COLUMNS FROM `tp_goods` [ RunTime:0.001292s ]
[ error ] [1]Using $this when not in object context[D:\phpStudy\WWW\shop\application\common\model\Goods.php:17]
---------------------------------------------------------------
[ 2019-11-28T11:27:04+08:00 ] 0.0.0.0 POST localhost/shop/public/admin/goods/add.html
[运行时间：0.060242s] [吞吐率：16.60req/s] [内存消耗：2,714.88kb] [文件加载：49]
[ info ] [ LANG ] D:\phpStudy\WWW\shop\thinkphp\lang\zh-cn.php
[ info ] [ ROUTE ] array (
  'type' => 'module',
  'module' => 
  array (
    0 => 'admin',
    1 => 'goods',
    2 => 'add',
  ),
)
[ info ] [ HEADER ] array (
  'host' => 'localhost',
  'connection' => 'keep-alive',
  'content-length' => '1078',
  'cache-control' => 'max-age=0',
  'upgrade-insecure-requests' => '1',
  'user-agent' => 'Mozilla/5.0 (Windows NT 10.0; WOW64) AppleWebKit/537.36 (KHTML, like Gecko) Chrome/78.0.3904.87 Safari/537.36',
  'sec-fetch-user' => '?1',
  'origin' => 'http://localhost',
  'content-type' => 'multipart/form-data; boundary=----WebKitFormBoundarytbT8fA3umKUXkTui',
  'accept' => 'text/html,application/xhtml+xml,application/xml;q=0.9,image/webp,image/apng,*/*;q=0.8,application/signed-exchange;v=b3',
  'sec-fetch-site' => 'same-origin',
  'sec-fetch-mode' => 'navigate',
  'referer' => 'http://localhost/shop/public/admin/goods/add.html',
  'accept-encoding' => 'gzip, deflate, br',
  'accept-language' => 'zh-CN,zh;q=0.9',
  'cookie' => 'pgv_pvi=667781120; Phpstorm-b93aaa72=a9e76d0f-6113-45ea-b7ac-b691d05f48bc; __utma=111872281.275660930.1572250548.1572250548.1572250548.1; __utmz=111872281.1572250548.1.1.utmcsr=(direct)|utmccn=(direct)|utmcmd=(none); Hm_lvt_b393d153aeb26b46e9431fabaf0f6190=1572246408,1572253015,1572504772,1572575705',
)
[ info ] [ PARAM ] array (
  'goods_name' => '12',
  'on_sale' => '0',
  'category_id' => '3',
  'brand_id' => '3',
  'markte_price' => '12',
  'shop_price' => '12',
  'goods_weight' => '12',
  'weight_unit' => 'kg',
  'goods_des' => '',
)
[ info ] [ RUN ] app\admin\controller\Goods->add[ D:\phpStudy\WWW\shop\application\admin\controller\Goods.php ]
[ info ] [ DB ] INIT mysql
[ info ] [ LOG ] INIT File
[ sql ] [ DB ] CONNECT:[ UseTime:0.011506s ] mysql:host=127.0.0.1;dbname=tpshop;charset=utf8
[ sql ] [ SQL ] SHOW COLUMNS FROM `tp_goods` [ RunTime:0.001254s ]
---------------------------------------------------------------
[ 2019-11-28T11:27:25+08:00 ] 0.0.0.0 GET localhost/shop/public/admin/goods/add.html
[运行时间：0.063282s] [吞吐率：15.80req/s] [内存消耗：2,933.74kb] [文件加载：55]
[ info ] [ LANG ] D:\phpStudy\WWW\shop\thinkphp\lang\zh-cn.php
[ info ] [ ROUTE ] array (
  'type' => 'module',
  'module' => 
  array (
    0 => 'admin',
    1 => 'goods',
    2 => 'add',
  ),
)
[ info ] [ HEADER ] array (
  'host' => 'localhost',
  'connection' => 'keep-alive',
  'upgrade-insecure-requests' => '1',
  'user-agent' => 'Mozilla/5.0 (Windows NT 10.0; WOW64) AppleWebKit/537.36 (KHTML, like Gecko) Chrome/78.0.3904.87 Safari/537.36',
  'sec-fetch-user' => '?1',
  'accept' => 'text/html,application/xhtml+xml,application/xml;q=0.9,image/webp,image/apng,*/*;q=0.8,application/signed-exchange;v=b3',
  'sec-fetch-site' => 'none',
  'sec-fetch-mode' => 'navigate',
  'accept-encoding' => 'gzip, deflate, br',
  'accept-language' => 'zh-CN,zh;q=0.9',
  'cookie' => 'pgv_pvi=667781120; Phpstorm-b93aaa72=a9e76d0f-6113-45ea-b7ac-b691d05f48bc; __utma=111872281.275660930.1572250548.1572250548.1572250548.1; __utmz=111872281.1572250548.1.1.utmcsr=(direct)|utmccn=(direct)|utmcmd=(none); Hm_lvt_b393d153aeb26b46e9431fabaf0f6190=1572246408,1572253015,1572504772,1572575705',
)
[ info ] [ PARAM ] array (
)
[ info ] [ RUN ] app\admin\controller\Goods->add[ D:\phpStudy\WWW\shop\application\admin\controller\Goods.php ]
[ info ] [ DB ] INIT mysql
[ info ] [ VIEW ] D:\phpStudy\WWW\shop\public/../application/admin\view\goods\add.htm [ array (
  0 => 'mlRes',
  1 => 'typeView',
  2 => 'brandRes',
  3 => 'Category',
) ]
[ info ] [ LOG ] INIT File
[ sql ] [ DB ] CONNECT:[ UseTime:0.010879s ] mysql:host=127.0.0.1;dbname=tpshop;charset=utf8
[ sql ] [ SQL ] SHOW COLUMNS FROM `tp_member_level` [ RunTime:0.001043s ]
[ sql ] [ SQL ] SELECT `id`,`level_name` FROM `tp_member_level` [ RunTime:0.000474s ]
[ sql ] [ SQL ] SHOW COLUMNS FROM `tp_type` [ RunTime:0.000675s ]
[ sql ] [ SQL ] SELECT * FROM `tp_type` [ RunTime:0.000456s ]
[ sql ] [ SQL ] SHOW COLUMNS FROM `tp_brand` [ RunTime:0.000730s ]
[ sql ] [ SQL ] SELECT `id`,`brand_name` FROM `tp_brand` [ RunTime:0.000422s ]
[ sql ] [ SQL ] SHOW COLUMNS FROM `tp_category` [ RunTime:0.000857s ]
[ sql ] [ SQL ] SELECT * FROM `tp_category` ORDER BY `sort` DESC [ RunTime:0.000464s ]
---------------------------------------------------------------
[ 2019-11-28T11:27:26+08:00 ] 0.0.0.0 GET localhost/shop/public/admin/goods/add.html
[运行时间：0.065396s] [吞吐率：15.29req/s] [内存消耗：2,933.89kb] [文件加载：55]
[ info ] [ LANG ] D:\phpStudy\WWW\shop\thinkphp\lang\zh-cn.php
[ info ] [ ROUTE ] array (
  'type' => 'module',
  'module' => 
  array (
    0 => 'admin',
    1 => 'goods',
    2 => 'add',
  ),
)
[ info ] [ HEADER ] array (
  'host' => 'localhost',
  'connection' => 'keep-alive',
  'cache-control' => 'max-age=0',
  'upgrade-insecure-requests' => '1',
  'user-agent' => 'Mozilla/5.0 (Windows NT 10.0; WOW64) AppleWebKit/537.36 (KHTML, like Gecko) Chrome/78.0.3904.87 Safari/537.36',
  'sec-fetch-user' => '?1',
  'accept' => 'text/html,application/xhtml+xml,application/xml;q=0.9,image/webp,image/apng,*/*;q=0.8,application/signed-exchange;v=b3',
  'sec-fetch-site' => 'none',
  'sec-fetch-mode' => 'navigate',
  'accept-encoding' => 'gzip, deflate, br',
  'accept-language' => 'zh-CN,zh;q=0.9',
  'cookie' => 'pgv_pvi=667781120; Phpstorm-b93aaa72=a9e76d0f-6113-45ea-b7ac-b691d05f48bc; __utma=111872281.275660930.1572250548.1572250548.1572250548.1; __utmz=111872281.1572250548.1.1.utmcsr=(direct)|utmccn=(direct)|utmcmd=(none); Hm_lvt_b393d153aeb26b46e9431fabaf0f6190=1572246408,1572253015,1572504772,1572575705',
)
[ info ] [ PARAM ] array (
)
[ info ] [ RUN ] app\admin\controller\Goods->add[ D:\phpStudy\WWW\shop\application\admin\controller\Goods.php ]
[ info ] [ DB ] INIT mysql
[ info ] [ VIEW ] D:\phpStudy\WWW\shop\public/../application/admin\view\goods\add.htm [ array (
  0 => 'mlRes',
  1 => 'typeView',
  2 => 'brandRes',
  3 => 'Category',
) ]
[ info ] [ LOG ] INIT File
[ sql ] [ DB ] CONNECT:[ UseTime:0.011440s ] mysql:host=127.0.0.1;dbname=tpshop;charset=utf8
[ sql ] [ SQL ] SHOW COLUMNS FROM `tp_member_level` [ RunTime:0.001350s ]
[ sql ] [ SQL ] SELECT `id`,`level_name` FROM `tp_member_level` [ RunTime:0.000646s ]
[ sql ] [ SQL ] SHOW COLUMNS FROM `tp_type` [ RunTime:0.000789s ]
[ sql ] [ SQL ] SELECT * FROM `tp_type` [ RunTime:0.000428s ]
[ sql ] [ SQL ] SHOW COLUMNS FROM `tp_brand` [ RunTime:0.000975s ]
[ sql ] [ SQL ] SELECT `id`,`brand_name` FROM `tp_brand` [ RunTime:0.000386s ]
[ sql ] [ SQL ] SHOW COLUMNS FROM `tp_category` [ RunTime:0.000888s ]
[ sql ] [ SQL ] SELECT * FROM `tp_category` ORDER BY `sort` DESC [ RunTime:0.000453s ]
---------------------------------------------------------------
[ 2019-11-28T11:28:37+08:00 ] 0.0.0.0 GET localhost/shop/public/admin/goods/add.html
[运行时间：0.068246s] [吞吐率：14.65req/s] [内存消耗：2,933.89kb] [文件加载：55]
[ info ] [ LANG ] D:\phpStudy\WWW\shop\thinkphp\lang\zh-cn.php
[ info ] [ ROUTE ] array (
  'type' => 'module',
  'module' => 
  array (
    0 => 'admin',
    1 => 'goods',
    2 => 'add',
  ),
)
[ info ] [ HEADER ] array (
  'host' => 'localhost',
  'connection' => 'keep-alive',
  'cache-control' => 'max-age=0',
  'upgrade-insecure-requests' => '1',
  'user-agent' => 'Mozilla/5.0 (Windows NT 10.0; WOW64) AppleWebKit/537.36 (KHTML, like Gecko) Chrome/78.0.3904.87 Safari/537.36',
  'sec-fetch-user' => '?1',
  'accept' => 'text/html,application/xhtml+xml,application/xml;q=0.9,image/webp,image/apng,*/*;q=0.8,application/signed-exchange;v=b3',
  'sec-fetch-site' => 'none',
  'sec-fetch-mode' => 'navigate',
  'accept-encoding' => 'gzip, deflate, br',
  'accept-language' => 'zh-CN,zh;q=0.9',
  'cookie' => 'pgv_pvi=667781120; Phpstorm-b93aaa72=a9e76d0f-6113-45ea-b7ac-b691d05f48bc; __utma=111872281.275660930.1572250548.1572250548.1572250548.1; __utmz=111872281.1572250548.1.1.utmcsr=(direct)|utmccn=(direct)|utmcmd=(none); Hm_lvt_b393d153aeb26b46e9431fabaf0f6190=1572246408,1572253015,1572504772,1572575705',
)
[ info ] [ PARAM ] array (
)
[ info ] [ RUN ] app\admin\controller\Goods->add[ D:\phpStudy\WWW\shop\application\admin\controller\Goods.php ]
[ info ] [ DB ] INIT mysql
[ info ] [ VIEW ] D:\phpStudy\WWW\shop\public/../application/admin\view\goods\add.htm [ array (
  0 => 'mlRes',
  1 => 'typeView',
  2 => 'brandRes',
  3 => 'Category',
) ]
[ info ] [ LOG ] INIT File
[ sql ] [ DB ] CONNECT:[ UseTime:0.010815s ] mysql:host=127.0.0.1;dbname=tpshop;charset=utf8
[ sql ] [ SQL ] SHOW COLUMNS FROM `tp_member_level` [ RunTime:0.000983s ]
[ sql ] [ SQL ] SELECT `id`,`level_name` FROM `tp_member_level` [ RunTime:0.000428s ]
[ sql ] [ SQL ] SHOW COLUMNS FROM `tp_type` [ RunTime:0.000602s ]
[ sql ] [ SQL ] SELECT * FROM `tp_type` [ RunTime:0.000245s ]
[ sql ] [ SQL ] SHOW COLUMNS FROM `tp_brand` [ RunTime:0.000613s ]
[ sql ] [ SQL ] SELECT `id`,`brand_name` FROM `tp_brand` [ RunTime:0.000575s ]
[ sql ] [ SQL ] SHOW COLUMNS FROM `tp_category` [ RunTime:0.001834s ]
[ sql ] [ SQL ] SELECT * FROM `tp_category` ORDER BY `sort` DESC [ RunTime:0.001183s ]
---------------------------------------------------------------
[ 2019-11-28T11:29:03+08:00 ] 0.0.0.0 POST localhost/shop/public/admin/goods/add.html
[运行时间：0.077043s] [吞吐率：12.98req/s] [内存消耗：2,782.13kb] [文件加载：50]
[ info ] [ LANG ] D:\phpStudy\WWW\shop\thinkphp\lang\zh-cn.php
[ info ] [ ROUTE ] array (
  'type' => 'module',
  'module' => 
  array (
    0 => 'admin',
    1 => 'goods',
    2 => 'add',
  ),
)
[ info ] [ HEADER ] array (
  'host' => 'localhost',
  'connection' => 'keep-alive',
  'content-length' => '452301',
  'cache-control' => 'max-age=0',
  'origin' => 'http://localhost',
  'upgrade-insecure-requests' => '1',
  'content-type' => 'multipart/form-data; boundary=----WebKitFormBoundaryxcjLCINK2omJGldw',
  'user-agent' => 'Mozilla/5.0 (Windows NT 10.0; WOW64) AppleWebKit/537.36 (KHTML, like Gecko) Chrome/78.0.3904.87 Safari/537.36',
  'sec-fetch-user' => '?1',
  'accept' => 'text/html,application/xhtml+xml,application/xml;q=0.9,image/webp,image/apng,*/*;q=0.8,application/signed-exchange;v=b3',
  'sec-fetch-site' => 'same-origin',
  'sec-fetch-mode' => 'navigate',
  'referer' => 'http://localhost/shop/public/admin/goods/add.html',
  'accept-encoding' => 'gzip, deflate, br',
  'accept-language' => 'zh-CN,zh;q=0.9',
  'cookie' => 'pgv_pvi=667781120; Phpstorm-b93aaa72=a9e76d0f-6113-45ea-b7ac-b691d05f48bc; __utma=111872281.275660930.1572250548.1572250548.1572250548.1; __utmz=111872281.1572250548.1.1.utmcsr=(direct)|utmccn=(direct)|utmcmd=(none); Hm_lvt_b393d153aeb26b46e9431fabaf0f6190=1572246408,1572253015,1572504772,1572575705',
)
[ info ] [ PARAM ] array (
  'goods_name' => '11',
  'on_sale' => '1',
  'category_id' => '3',
  'brand_id' => '3',
  'markte_price' => '11',
  'shop_price' => '11',
  'goods_weight' => '1',
  'weight_unit' => 'kg',
  'goods_des' => '',
)
[ info ] [ RUN ] app\admin\controller\Goods->add[ D:\phpStudy\WWW\shop\application\admin\controller\Goods.php ]
[ info ] [ DB ] INIT mysql
[ info ] [ LOG ] INIT File
[ sql ] [ DB ] CONNECT:[ UseTime:0.010565s ] mysql:host=127.0.0.1;dbname=tpshop;charset=utf8
[ sql ] [ SQL ] SHOW COLUMNS FROM `tp_goods` [ RunTime:0.001219s ]
---------------------------------------------------------------
[ 2019-11-28T11:30:10+08:00 ] 0.0.0.0 GET localhost/shop/public/admin/goods/add.html
[运行时间：0.062578s] [吞吐率：15.98req/s] [内存消耗：2,933.74kb] [文件加载：55]
[ info ] [ LANG ] D:\phpStudy\WWW\shop\thinkphp\lang\zh-cn.php
[ info ] [ ROUTE ] array (
  'type' => 'module',
  'module' => 
  array (
    0 => 'admin',
    1 => 'goods',
    2 => 'add',
  ),
)
[ info ] [ HEADER ] array (
  'host' => 'localhost',
  'connection' => 'keep-alive',
  'upgrade-insecure-requests' => '1',
  'user-agent' => 'Mozilla/5.0 (Windows NT 10.0; WOW64) AppleWebKit/537.36 (KHTML, like Gecko) Chrome/78.0.3904.87 Safari/537.36',
  'sec-fetch-user' => '?1',
  'accept' => 'text/html,application/xhtml+xml,application/xml;q=0.9,image/webp,image/apng,*/*;q=0.8,application/signed-exchange;v=b3',
  'sec-fetch-site' => 'none',
  'sec-fetch-mode' => 'navigate',
  'accept-encoding' => 'gzip, deflate, br',
  'accept-language' => 'zh-CN,zh;q=0.9',
  'cookie' => 'pgv_pvi=667781120; Phpstorm-b93aaa72=a9e76d0f-6113-45ea-b7ac-b691d05f48bc; __utma=111872281.275660930.1572250548.1572250548.1572250548.1; __utmz=111872281.1572250548.1.1.utmcsr=(direct)|utmccn=(direct)|utmcmd=(none); Hm_lvt_b393d153aeb26b46e9431fabaf0f6190=1572246408,1572253015,1572504772,1572575705',
)
[ info ] [ PARAM ] array (
)
[ info ] [ RUN ] app\admin\controller\Goods->add[ D:\phpStudy\WWW\shop\application\admin\controller\Goods.php ]
[ info ] [ DB ] INIT mysql
[ info ] [ VIEW ] D:\phpStudy\WWW\shop\public/../application/admin\view\goods\add.htm [ array (
  0 => 'mlRes',
  1 => 'typeView',
  2 => 'brandRes',
  3 => 'Category',
) ]
[ info ] [ LOG ] INIT File
[ sql ] [ DB ] CONNECT:[ UseTime:0.010048s ] mysql:host=127.0.0.1;dbname=tpshop;charset=utf8
[ sql ] [ SQL ] SHOW COLUMNS FROM `tp_member_level` [ RunTime:0.001159s ]
[ sql ] [ SQL ] SELECT `id`,`level_name` FROM `tp_member_level` [ RunTime:0.000521s ]
[ sql ] [ SQL ] SHOW COLUMNS FROM `tp_type` [ RunTime:0.000688s ]
[ sql ] [ SQL ] SELECT * FROM `tp_type` [ RunTime:0.000391s ]
[ sql ] [ SQL ] SHOW COLUMNS FROM `tp_brand` [ RunTime:0.000785s ]
[ sql ] [ SQL ] SELECT `id`,`brand_name` FROM `tp_brand` [ RunTime:0.000367s ]
[ sql ] [ SQL ] SHOW COLUMNS FROM `tp_category` [ RunTime:0.001547s ]
[ sql ] [ SQL ] SELECT * FROM `tp_category` ORDER BY `sort` DESC [ RunTime:0.000516s ]
---------------------------------------------------------------
[ 2019-11-28T11:30:12+08:00 ] 0.0.0.0 GET localhost/shop/public/admin/goods/add.html
[运行时间：0.062446s] [吞吐率：16.01req/s] [内存消耗：2,933.89kb] [文件加载：55]
[ info ] [ LANG ] D:\phpStudy\WWW\shop\thinkphp\lang\zh-cn.php
[ info ] [ ROUTE ] array (
  'type' => 'module',
  'module' => 
  array (
    0 => 'admin',
    1 => 'goods',
    2 => 'add',
  ),
)
[ info ] [ HEADER ] array (
  'host' => 'localhost',
  'connection' => 'keep-alive',
  'cache-control' => 'max-age=0',
  'upgrade-insecure-requests' => '1',
  'user-agent' => 'Mozilla/5.0 (Windows NT 10.0; WOW64) AppleWebKit/537.36 (KHTML, like Gecko) Chrome/78.0.3904.87 Safari/537.36',
  'sec-fetch-user' => '?1',
  'accept' => 'text/html,application/xhtml+xml,application/xml;q=0.9,image/webp,image/apng,*/*;q=0.8,application/signed-exchange;v=b3',
  'sec-fetch-site' => 'none',
  'sec-fetch-mode' => 'navigate',
  'accept-encoding' => 'gzip, deflate, br',
  'accept-language' => 'zh-CN,zh;q=0.9',
  'cookie' => 'pgv_pvi=667781120; Phpstorm-b93aaa72=a9e76d0f-6113-45ea-b7ac-b691d05f48bc; __utma=111872281.275660930.1572250548.1572250548.1572250548.1; __utmz=111872281.1572250548.1.1.utmcsr=(direct)|utmccn=(direct)|utmcmd=(none); Hm_lvt_b393d153aeb26b46e9431fabaf0f6190=1572246408,1572253015,1572504772,1572575705',
)
[ info ] [ PARAM ] array (
)
[ info ] [ RUN ] app\admin\controller\Goods->add[ D:\phpStudy\WWW\shop\application\admin\controller\Goods.php ]
[ info ] [ DB ] INIT mysql
[ info ] [ VIEW ] D:\phpStudy\WWW\shop\public/../application/admin\view\goods\add.htm [ array (
  0 => 'mlRes',
  1 => 'typeView',
  2 => 'brandRes',
  3 => 'Category',
) ]
[ info ] [ LOG ] INIT File
[ sql ] [ DB ] CONNECT:[ UseTime:0.011400s ] mysql:host=127.0.0.1;dbname=tpshop;charset=utf8
[ sql ] [ SQL ] SHOW COLUMNS FROM `tp_member_level` [ RunTime:0.000952s ]
[ sql ] [ SQL ] SELECT `id`,`level_name` FROM `tp_member_level` [ RunTime:0.000400s ]
[ sql ] [ SQL ] SHOW COLUMNS FROM `tp_type` [ RunTime:0.000637s ]
[ sql ] [ SQL ] SELECT * FROM `tp_type` [ RunTime:0.000574s ]
[ sql ] [ SQL ] SHOW COLUMNS FROM `tp_brand` [ RunTime:0.000732s ]
[ sql ] [ SQL ] SELECT `id`,`brand_name` FROM `tp_brand` [ RunTime:0.000365s ]
[ sql ] [ SQL ] SHOW COLUMNS FROM `tp_category` [ RunTime:0.001185s ]
[ sql ] [ SQL ] SELECT * FROM `tp_category` ORDER BY `sort` DESC [ RunTime:0.000711s ]
---------------------------------------------------------------
[ 2019-11-28T11:30:22+08:00 ] 0.0.0.0 POST localhost/shop/public/admin/goods/add.html
[运行时间：0.158559s] [吞吐率：6.31req/s] [内存消耗：2,780.21kb] [文件加载：50]
[ info ] [ LANG ] D:\phpStudy\WWW\shop\thinkphp\lang\zh-cn.php
[ info ] [ ROUTE ] array (
  'type' => 'module',
  'module' => 
  array (
    0 => 'admin',
    1 => 'goods',
    2 => 'add',
  ),
)
[ info ] [ HEADER ] array (
  'host' => 'localhost',
  'connection' => 'keep-alive',
  'content-length' => '126766',
  'cache-control' => 'max-age=0',
  'origin' => 'http://localhost',
  'upgrade-insecure-requests' => '1',
  'content-type' => 'multipart/form-data; boundary=----WebKitFormBoundaryz8LryN6QdlSL6puE',
  'user-agent' => 'Mozilla/5.0 (Windows NT 10.0; WOW64) AppleWebKit/537.36 (KHTML, like Gecko) Chrome/78.0.3904.87 Safari/537.36',
  'sec-fetch-user' => '?1',
  'accept' => 'text/html,application/xhtml+xml,application/xml;q=0.9,image/webp,image/apng,*/*;q=0.8,application/signed-exchange;v=b3',
  'sec-fetch-site' => 'same-origin',
  'sec-fetch-mode' => 'navigate',
  'referer' => 'http://localhost/shop/public/admin/goods/add.html',
  'accept-encoding' => 'gzip, deflate, br',
  'accept-language' => 'zh-CN,zh;q=0.9',
  'cookie' => 'pgv_pvi=667781120; Phpstorm-b93aaa72=a9e76d0f-6113-45ea-b7ac-b691d05f48bc; __utma=111872281.275660930.1572250548.1572250548.1572250548.1; __utmz=111872281.1572250548.1.1.utmcsr=(direct)|utmccn=(direct)|utmcmd=(none); Hm_lvt_b393d153aeb26b46e9431fabaf0f6190=1572246408,1572253015,1572504772,1572575705',
)
[ info ] [ PARAM ] array (
  'goods_name' => '11',
  'on_sale' => '1',
  'category_id' => '3',
  'brand_id' => '3',
  'markte_price' => '1',
  'shop_price' => '11',
  'goods_weight' => '11',
  'weight_unit' => 'kg',
  'goods_des' => '',
)
[ info ] [ RUN ] app\admin\controller\Goods->add[ D:\phpStudy\WWW\shop\application\admin\controller\Goods.php ]
[ info ] [ DB ] INIT mysql
[ info ] [ LOG ] INIT File
[ sql ] [ DB ] CONNECT:[ UseTime:0.010480s ] mysql:host=127.0.0.1;dbname=tpshop;charset=utf8
[ sql ] [ SQL ] SHOW COLUMNS FROM `tp_goods` [ RunTime:0.001062s ]
