---------------------------------------------------------------
[ 2020-07-16T19:55:04+08:00 ] 0.0.0.0 GET localhost/shop/
[运行时间：1.701943s] [吞吐率：0.59req/s] [内存消耗：2,837.59kb] [文件加载：62]
[ info ] [ LANG ] D:\phpStudy\WWW\shop\thinkphp\lang\zh-cn.php
[ info ] [ ROUTE ] array (
  'type' => 'module',
  'module' => 
  array (
    0 => '',
    1 => NULL,
    2 => NULL,
  ),
)
[ info ] [ HEADER ] array (
  'cookie' => 'Webstorm-8eca410e=04526ef6-adf0-4d93-bb13-46e3905d1068; pgv_pvi=7221936128; __gads=ID=b1212375c27b912c:T=1586869645:S=ALNI_MZYuTOaaBcDo4BiLlNlOJNjz0Pgfw; UM_distinctid=1717d2942a858c-00f116fb452871-514f291a-1fa400-1717d2942a927b; Hm_lvt_afc2b8bbe5afca7b1c77c05445eadd98=1587091294,1587111279,1587169185,1587266304; CNZZDATA1261742514=504053808-1586942326-http%253A%252F%252Flocalhost%252F%7C1587262752; Hm_lvt_b393d153aeb26b46e9431fabaf0f6190=1588648817; __utma=111872281.1211606754.1591885490.1591885490.1591885490.1; __utmz=111872281.1591885490.1.1.utmcsr=(direct)|utmccn=(direct)|utmcmd=(none); bdshare_firstime=1591885513160; CNZZDATA2467102=cnzz_eid%3D370380495-1591885516-http%253A%252F%252Flocalhost%252F%26ntime%3D1591885516',
  'accept-language' => 'zh-CN,zh;q=0.9',
  'accept-encoding' => 'gzip, deflate, br',
  'referer' => 'http://localhost/',
  'sec-fetch-mode' => 'navigate',
  'sec-fetch-site' => 'same-origin',
  'accept' => 'text/html,application/xhtml+xml,application/xml;q=0.9,image/webp,image/apng,*/*;q=0.8,application/signed-exchange;v=b3',
  'sec-fetch-user' => '?1',
  'user-agent' => 'Mozilla/5.0 (Windows NT 10.0; WOW64) AppleWebKit/537.36 (KHTML, like Gecko) Chrome/78.0.3904.87 Safari/537.36',
  'upgrade-insecure-requests' => '1',
  'connection' => 'close',
  'host' => 'localhost',
)
[ info ] [ PARAM ] array (
)
[ info ] [ DB ] INIT mysql
[ info ] [ CACHE ] INIT File
[ info ] [ RUN ] app\index\controller\Index->index[ D:\phpStudy\WWW\shop\application\index\controller\Index.php ]
[ info ] [ VIEW ] D:\phpStudy\WWW\shop/application/index\view\index\index.htm [ array (
  0 => 'helpCateRes',
  1 => 'shopInfoRes',
  2 => 'navRes',
  3 => 'configs',
  4 => 'cateRes',
  5 => 'show_right',
  6 => 'show_nav',
  7 => 'indexGoodsRes',
  8 => 'anment',
  9 => 'salesRes',
  10 => 'alterImg',
) ]
[ info ] [ LOG ] INIT File
[ sql ] [ DB ] CONNECT:[ UseTime:0.084312s ] mysql:host=127.0.0.1;dbname=tpshop;charset=utf8
[ sql ] [ SQL ] SHOW COLUMNS FROM `tp_cate` [ RunTime:0.114252s ]
[ sql ] [ SQL ] SELECT * FROM `tp_cate` WHERE  `cate_type` = 3 ORDER BY `id` ASC [ RunTime:0.004810s ]
[ sql ] [ SQL ] SHOW COLUMNS FROM `tp_article` [ RunTime:0.034040s ]
[ sql ] [ SQL ] SELECT * FROM `tp_article` WHERE  `cate_id` = 4 [ RunTime:0.009628s ]
[ sql ] [ SQL ] SELECT * FROM `tp_article` WHERE  `cate_id` = 52 [ RunTime:0.002056s ]
[ sql ] [ SQL ] SELECT * FROM `tp_article` WHERE  `cate_id` = 62 [ RunTime:0.001277s ]
[ sql ] [ SQL ] SELECT * FROM `tp_article` WHERE  `cate_id` = 63 [ RunTime:0.000544s ]
[ sql ] [ SQL ] SELECT `id`,`title` FROM `tp_article` WHERE  `cate_id` = 3 [ RunTime:0.001691s ]
[ sql ] [ SQL ] SHOW COLUMNS FROM `tp_nav` [ RunTime:0.059857s ]
[ sql ] [ SQL ] SELECT * FROM `tp_nav` ORDER BY `sort` DESC [ RunTime:0.000645s ]
[ sql ] [ SQL ] SHOW COLUMNS FROM `tp_conf` [ RunTime:0.083595s ]
[ sql ] [ SQL ] SELECT `ename`,`value` FROM `tp_conf` [ RunTime:0.019293s ]
[ sql ] [ SQL ] SHOW COLUMNS FROM `tp_category` [ RunTime:0.041813s ]
[ sql ] [ SQL ] SELECT * FROM `tp_category` WHERE  `pid` = 0 [ RunTime:0.016947s ]
[ sql ] [ SQL ] SELECT * FROM `tp_category` WHERE  `pid` = 15 [ RunTime:0.000821s ]
[ sql ] [ SQL ] SELECT * FROM `tp_category` WHERE  `pid` = 32 [ RunTime:0.000323s ]
[ sql ] [ SQL ] SELECT * FROM `tp_category` WHERE  `pid` = 37 [ RunTime:0.000461s ]
[ sql ] [ SQL ] SHOW COLUMNS FROM `tp_alternate_img` [ RunTime:0.047178s ]
[ sql ] [ SQL ] SELECT * FROM `tp_alternate_img` WHERE  `status` = 1 ORDER BY `sort` DESC [ RunTime:0.000516s ]
[ sql ] [ SQL ] SELECT * FROM `tp_article` WHERE  `cate_id` = 66 LIMIT 3 [ RunTime:0.000470s ]
[ sql ] [ SQL ] SELECT * FROM `tp_article` WHERE  `cate_id` = 72 LIMIT 3 [ RunTime:0.000370s ]
[ sql ] [ SQL ] SHOW COLUMNS FROM `tp_rec_item` [ RunTime:0.030891s ]
[ sql ] [ SQL ] SELECT * FROM `tp_rec_item` WHERE  `value_type` = 1  AND `recpos_id` = 7 [ RunTime:0.000442s ]
[ sql ] [ SQL ] SHOW COLUMNS FROM `tp_goods` [ RunTime:0.047500s ]
[ sql ] [ SQL ] SELECT `id`,`mid_thumb`,`goods_name`,`shop_price`,`markte_price` FROM `tp_goods` WHERE  `id` IN (30,34,36,35,29,33,32,31,28,26,24,25,20,21,7) LIMIT 20 [ RunTime:0.008036s ]
[ sql ] [ SQL ] SELECT * FROM `tp_rec_item` WHERE  `recpos_id` = 4  AND `value_type` = 2 [ RunTime:0.000422s ]
[ sql ] [ SQL ] SELECT * FROM `tp_category` WHERE  `id` = 47  AND `pid` = 0 LIMIT 1 [ RunTime:0.000418s ]
[ sql ] [ SQL ] SELECT * FROM `tp_category` WHERE  `id` = 33  AND `pid` = 0 LIMIT 1 [ RunTime:0.000329s ]
[ sql ] [ SQL ] SELECT * FROM `tp_category` WHERE  `id` = 38  AND `pid` = 0 LIMIT 1 [ RunTime:0.000338s ]
[ sql ] [ SQL ] SELECT * FROM `tp_category` WHERE  `id` = 37  AND `pid` = 0 LIMIT 1 [ RunTime:0.000332s ]
[ sql ] [ SQL ] SELECT * FROM `tp_category` WHERE  `id` = 32  AND `pid` = 0 LIMIT 1 [ RunTime:0.000339s ]
[ sql ] [ SQL ] SELECT * FROM `tp_category` WHERE  `id` = 15  AND `pid` = 0 LIMIT 1 [ RunTime:0.000314s ]
[ sql ] [ SQL ] SELECT * FROM `tp_category` WHERE  `id` = 39  AND `pid` = 0 LIMIT 1 [ RunTime:0.000283s ]
[ sql ] [ SQL ] SELECT * FROM `tp_category` WHERE  `id` = 16  AND `pid` = 0 LIMIT 1 [ RunTime:0.000392s ]
[ sql ] [ SQL ] SELECT * FROM `tp_category` WHERE  `id` = 17  AND `pid` = 0 LIMIT 1 [ RunTime:0.000318s ]
[ sql ] [ SQL ] SELECT * FROM `tp_category` WHERE  `id` = 28  AND `pid` = 0 LIMIT 1 [ RunTime:0.000339s ]
[ sql ] [ SQL ] SELECT * FROM `tp_rec_item` WHERE  `recpos_id` = 4  AND `value_type` = 2 [ RunTime:0.000295s ]
[ sql ] [ SQL ] SELECT * FROM `tp_category` WHERE  `id` = 47  AND `pid` = 37 LIMIT 1 [ RunTime:0.000299s ]
[ sql ] [ SQL ] SELECT * FROM `tp_category` WHERE  `id` = 33  AND `pid` = 37 LIMIT 1 [ RunTime:0.000498s ]
[ sql ] [ SQL ] SELECT * FROM `tp_category` WHERE  `id` = 38  AND `pid` = 37 LIMIT 1 [ RunTime:0.000442s ]
[ sql ] [ SQL ] SELECT * FROM `tp_category` WHERE  `id` = 37  AND `pid` = 37 LIMIT 1 [ RunTime:0.000373s ]
[ sql ] [ SQL ] SELECT * FROM `tp_category` WHERE  `id` = 32  AND `pid` = 37 LIMIT 1 [ RunTime:0.000548s ]
[ sql ] [ SQL ] SELECT * FROM `tp_category` WHERE  `id` = 15  AND `pid` = 37 LIMIT 1 [ RunTime:0.000300s ]
[ sql ] [ SQL ] SELECT * FROM `tp_category` WHERE  `id` = 39  AND `pid` = 37 LIMIT 1 [ RunTime:0.000291s ]
[ sql ] [ SQL ] SELECT * FROM `tp_category` WHERE  `id` = 16  AND `pid` = 37 LIMIT 1 [ RunTime:0.000220s ]
[ sql ] [ SQL ] SELECT * FROM `tp_category` WHERE  `id` = 17  AND `pid` = 37 LIMIT 1 [ RunTime:0.000189s ]
[ sql ] [ SQL ] SELECT * FROM `tp_category` WHERE  `id` = 28  AND `pid` = 37 LIMIT 1 [ RunTime:0.000203s ]
[ sql ] [ SQL ] SELECT `id`,`pid` FROM `tp_category` [ RunTime:0.000419s ]
[ sql ] [ SQL ] SELECT * FROM `tp_rec_item` WHERE  `value_type` = 1  AND `recpos_id` = 6 [ RunTime:0.000351s ]
[ sql ] [ SQL ] SELECT * FROM `tp_goods` WHERE  `category_id` IN (44,45,46,38)  AND `id` IN (15,29,31,32,33,34,36) ORDER BY `id` DESC LIMIT 6 [ RunTime:0.000730s ]
[ sql ] [ SQL ] SELECT `id`,`pid` FROM `tp_category` [ RunTime:0.000311s ]
[ sql ] [ SQL ] SELECT * FROM `tp_rec_item` WHERE  `value_type` = 1  AND `recpos_id` = 6 [ RunTime:0.000272s ]
[ sql ] [ SQL ] SELECT * FROM `tp_goods` WHERE  `category_id` IN (40,41,42,43,39)  AND `id` IN (15,29,31,32,33,34,36) ORDER BY `id` DESC LIMIT 6 [ RunTime:0.000542s ]
[ sql ] [ SQL ] SELECT `id`,`pid` FROM `tp_category` [ RunTime:0.000491s ]
[ sql ] [ SQL ] SELECT * FROM `tp_rec_item` WHERE  `value_type` = 1  AND `recpos_id` = 3 [ RunTime:0.000435s ]
[ sql ] [ SQL ] SELECT * FROM `tp_goods` WHERE  `category_id` IN (38,44,45,46,39,40,41,42,43,37)  AND `id` IN (17,20,21,22,23,24,25,26,27,7,28,29,30,31,35) ORDER BY `id` DESC LIMIT 6 [ RunTime:0.000453s ]
[ sql ] [ SQL ] SHOW COLUMNS FROM `tp_category_brands` [ RunTime:0.031025s ]
[ sql ] [ SQL ] SELECT * FROM `tp_category_brands` WHERE  `category_id` = 37 LIMIT 1 [ RunTime:0.000461s ]
[ sql ] [ SQL ] SHOW COLUMNS FROM `tp_brand` [ RunTime:0.056873s ]
[ sql ] [ SQL ] SELECT * FROM `tp_brand` WHERE  `id` = 27 LIMIT 1 [ RunTime:0.011213s ]
[ sql ] [ SQL ] SELECT * FROM `tp_brand` WHERE  `id` = 28 LIMIT 1 [ RunTime:0.000453s ]
[ sql ] [ SQL ] SHOW COLUMNS FROM `tp_category_ad` [ RunTime:0.052171s ]
[ sql ] [ SQL ] SELECT * FROM `tp_category_ad` WHERE  `category_id` = 37 [ RunTime:0.015624s ]
[ sql ] [ SQL ] SELECT * FROM `tp_rec_item` WHERE  `recpos_id` = 4  AND `value_type` = 2 [ RunTime:0.000516s ]
[ sql ] [ SQL ] SELECT * FROM `tp_category` WHERE  `id` = 47  AND `pid` = 32 LIMIT 1 [ RunTime:0.000473s ]
[ sql ] [ SQL ] SELECT * FROM `tp_category` WHERE  `id` = 33  AND `pid` = 32 LIMIT 1 [ RunTime:0.000450s ]
[ sql ] [ SQL ] SELECT * FROM `tp_category` WHERE  `id` = 38  AND `pid` = 32 LIMIT 1 [ RunTime:0.000438s ]
[ sql ] [ SQL ] SELECT * FROM `tp_category` WHERE  `id` = 37  AND `pid` = 32 LIMIT 1 [ RunTime:0.000574s ]
[ sql ] [ SQL ] SELECT * FROM `tp_category` WHERE  `id` = 32  AND `pid` = 32 LIMIT 1 [ RunTime:0.000619s ]
[ sql ] [ SQL ] SELECT * FROM `tp_category` WHERE  `id` = 15  AND `pid` = 32 LIMIT 1 [ RunTime:0.000647s ]
[ sql ] [ SQL ] SELECT * FROM `tp_category` WHERE  `id` = 39  AND `pid` = 32 LIMIT 1 [ RunTime:0.000785s ]
[ sql ] [ SQL ] SELECT * FROM `tp_category` WHERE  `id` = 16  AND `pid` = 32 LIMIT 1 [ RunTime:0.000840s ]
[ sql ] [ SQL ] SELECT * FROM `tp_category` WHERE  `id` = 17  AND `pid` = 32 LIMIT 1 [ RunTime:0.000415s ]
[ sql ] [ SQL ] SELECT * FROM `tp_category` WHERE  `id` = 28  AND `pid` = 32 LIMIT 1 [ RunTime:0.000347s ]
[ sql ] [ SQL ] SELECT `id`,`pid` FROM `tp_category` [ RunTime:0.000305s ]
[ sql ] [ SQL ] SELECT * FROM `tp_rec_item` WHERE  `value_type` = 1  AND `recpos_id` = 6 [ RunTime:0.000319s ]
[ sql ] [ SQL ] SELECT * FROM `tp_goods` WHERE  `category_id` IN (48,49,50,47)  AND `id` IN (15,29,31,32,33,34,36) ORDER BY `id` DESC LIMIT 6 [ RunTime:0.000401s ]
[ sql ] [ SQL ] SELECT `id`,`pid` FROM `tp_category` [ RunTime:0.000258s ]
[ sql ] [ SQL ] SELECT * FROM `tp_rec_item` WHERE  `value_type` = 1  AND `recpos_id` = 6 [ RunTime:0.000356s ]
[ sql ] [ SQL ] SELECT * FROM `tp_goods` WHERE  `category_id` IN (34,35,36,33)  AND `id` IN (15,29,31,32,33,34,36) ORDER BY `id` DESC LIMIT 6 [ RunTime:0.000810s ]
[ sql ] [ SQL ] SELECT `id`,`pid` FROM `tp_category` [ RunTime:0.000289s ]
[ sql ] [ SQL ] SELECT * FROM `tp_rec_item` WHERE  `value_type` = 1  AND `recpos_id` = 3 [ RunTime:0.000287s ]
[ sql ] [ SQL ] SELECT * FROM `tp_goods` WHERE  `category_id` IN (33,34,35,36,47,48,49,50,32)  AND `id` IN (17,20,21,22,23,24,25,26,27,7,28,29,30,31,35) ORDER BY `id` DESC LIMIT 6 [ RunTime:0.000427s ]
[ sql ] [ SQL ] SELECT * FROM `tp_category_brands` WHERE  `category_id` = 32 LIMIT 1 [ RunTime:0.000261s ]
[ sql ] [ SQL ] SELECT * FROM `tp_brand` WHERE  `id` = 27 LIMIT 1 [ RunTime:0.000263s ]
[ sql ] [ SQL ] SELECT * FROM `tp_category_ad` WHERE  `category_id` = 32 [ RunTime:0.000332s ]
[ sql ] [ SQL ] SELECT * FROM `tp_rec_item` WHERE  `recpos_id` = 4  AND `value_type` = 2 [ RunTime:0.000258s ]
[ sql ] [ SQL ] SELECT * FROM `tp_category` WHERE  `id` = 47  AND `pid` = 15 LIMIT 1 [ RunTime:0.000254s ]
[ sql ] [ SQL ] SELECT * FROM `tp_category` WHERE  `id` = 33  AND `pid` = 15 LIMIT 1 [ RunTime:0.000270s ]
[ sql ] [ SQL ] SELECT * FROM `tp_category` WHERE  `id` = 38  AND `pid` = 15 LIMIT 1 [ RunTime:0.000234s ]
[ sql ] [ SQL ] SELECT * FROM `tp_category` WHERE  `id` = 37  AND `pid` = 15 LIMIT 1 [ RunTime:0.000207s ]
[ sql ] [ SQL ] SELECT * FROM `tp_category` WHERE  `id` = 32  AND `pid` = 15 LIMIT 1 [ RunTime:0.000249s ]
[ sql ] [ SQL ] SELECT * FROM `tp_category` WHERE  `id` = 15  AND `pid` = 15 LIMIT 1 [ RunTime:0.000181s ]
[ sql ] [ SQL ] SELECT * FROM `tp_category` WHERE  `id` = 39  AND `pid` = 15 LIMIT 1 [ RunTime:0.000176s ]
[ sql ] [ SQL ] SELECT * FROM `tp_category` WHERE  `id` = 16  AND `pid` = 15 LIMIT 1 [ RunTime:0.000185s ]
[ sql ] [ SQL ] SELECT * FROM `tp_category` WHERE  `id` = 17  AND `pid` = 15 LIMIT 1 [ RunTime:0.000306s ]
[ sql ] [ SQL ] SELECT * FROM `tp_category` WHERE  `id` = 28  AND `pid` = 15 LIMIT 1 [ RunTime:0.000195s ]
[ sql ] [ SQL ] SELECT `id`,`pid` FROM `tp_category` [ RunTime:0.000171s ]
[ sql ] [ SQL ] SELECT * FROM `tp_rec_item` WHERE  `value_type` = 1  AND `recpos_id` = 6 [ RunTime:0.000299s ]
[ sql ] [ SQL ] SELECT * FROM `tp_goods` WHERE  `category_id` IN (18,19,20,21,22,23,24,16)  AND `id` IN (15,29,31,32,33,34,36) ORDER BY `id` DESC LIMIT 6 [ RunTime:0.000289s ]
[ sql ] [ SQL ] SELECT `id`,`pid` FROM `tp_category` [ RunTime:0.000232s ]
[ sql ] [ SQL ] SELECT * FROM `tp_rec_item` WHERE  `value_type` = 1  AND `recpos_id` = 6 [ RunTime:0.000190s ]
[ sql ] [ SQL ] SELECT * FROM `tp_goods` WHERE  `category_id` IN (25,26,27,17)  AND `id` IN (15,29,31,32,33,34,36) ORDER BY `id` DESC LIMIT 6 [ RunTime:0.000272s ]
[ sql ] [ SQL ] SELECT `id`,`pid` FROM `tp_category` [ RunTime:0.000192s ]
[ sql ] [ SQL ] SELECT * FROM `tp_rec_item` WHERE  `value_type` = 1  AND `recpos_id` = 6 [ RunTime:0.000182s ]
[ sql ] [ SQL ] SELECT * FROM `tp_goods` WHERE  `category_id` IN (29,30,31,28)  AND `id` IN (15,29,31,32,33,34,36) ORDER BY `id` DESC LIMIT 6 [ RunTime:0.000285s ]
[ sql ] [ SQL ] SELECT `id`,`pid` FROM `tp_category` [ RunTime:0.000169s ]
[ sql ] [ SQL ] SELECT * FROM `tp_rec_item` WHERE  `value_type` = 1  AND `recpos_id` = 3 [ RunTime:0.000184s ]
[ sql ] [ SQL ] SELECT * FROM `tp_goods` WHERE  `category_id` IN (16,18,19,20,21,22,23,24,17,25,26,27,28,29,30,31,15)  AND `id` IN (17,20,21,22,23,24,25,26,27,7,28,29,30,31,35) ORDER BY `id` DESC LIMIT 6 [ RunTime:0.000343s ]
[ sql ] [ SQL ] SELECT * FROM `tp_category_brands` WHERE  `category_id` = 15 LIMIT 1 [ RunTime:0.000196s ]
[ sql ] [ SQL ] SELECT * FROM `tp_brand` WHERE  `id` = 28 LIMIT 1 [ RunTime:0.000182s ]
[ sql ] [ SQL ] SELECT * FROM `tp_category_ad` WHERE  `category_id` = 15 [ RunTime:0.000180s ]
