---------------------------------------------------------------
[ 2019-12-17T10:30:21+08:00 ] 0.0.0.0 GET localhost/shop/public/admin
[运行时间：0.325861s] [吞吐率：3.07req/s] [内存消耗：1,658.63kb] [文件加载：43]
[ info ] [ LANG ] D:\phpStudy\WWW\shop\thinkphp\lang\zh-cn.php
[ info ] [ ROUTE ] array (
  'type' => 'module',
  'module' => 
  array (
    0 => 'admin',
    1 => NULL,
    2 => NULL,
  ),
)
[ info ] [ HEADER ] array (
  'host' => 'localhost',
  'connection' => 'keep-alive',
  'upgrade-insecure-requests' => '1',
  'user-agent' => 'Mozilla/5.0 (Windows NT 10.0; WOW64) AppleWebKit/537.36 (KHTML, like Gecko) Chrome/78.0.3904.87 Safari/537.36',
  'sec-fetch-user' => '?1',
  'accept' => 'text/html,application/xhtml+xml,application/xml;q=0.9,image/webp,image/apng,*/*;q=0.8,application/signed-exchange;v=b3',
  'sec-fetch-site' => 'none',
  'sec-fetch-mode' => 'navigate',
  'accept-encoding' => 'gzip, deflate, br',
  'accept-language' => 'zh-CN,zh;q=0.9',
  'cookie' => 'pgv_pvi=667781120; Phpstorm-b93aaa72=a9e76d0f-6113-45ea-b7ac-b691d05f48bc; __utmz=111872281.1572250548.1.1.utmcsr=(direct)|utmccn=(direct)|utmcmd=(none); Hm_lvt_b393d153aeb26b46e9431fabaf0f6190=1572246408,1572253015,1572504772,1572575705; __utma=111872281.275660930.1572250548.1572250548.1576480207.2; PHPSESSID=fdsmphu2lhf9lnie9f0kdcb4k4; Hm_lvt_080836300300be57b7f34f4b3e97d911=1576489308,1576500106,1576542626; Hm_lpvt_080836300300be57b7f34f4b3e97d911=1576544852',
)
[ info ] [ PARAM ] array (
)
[ info ] [ RUN ] app\admin\controller\Index->index[ D:\phpStudy\WWW\shop\application\admin\controller\Index.php ]
[ info ] [ VIEW ] D:\phpStudy\WWW\shop\public/../application/admin\view\index\index.htm [ array (
) ]
[ info ] [ LOG ] INIT File
---------------------------------------------------------------
[ 2019-12-17T10:30:23+08:00 ] 0.0.0.0 GET localhost/shop/public/admin/goods/lst.html
[运行时间：0.353546s] [吞吐率：2.83req/s] [内存消耗：3,087.17kb] [文件加载：60]
[ info ] [ LANG ] D:\phpStudy\WWW\shop\thinkphp\lang\zh-cn.php
[ info ] [ ROUTE ] array (
  'type' => 'module',
  'module' => 
  array (
    0 => 'admin',
    1 => 'goods',
    2 => 'lst',
  ),
)
[ info ] [ HEADER ] array (
  'host' => 'localhost',
  'connection' => 'keep-alive',
  'upgrade-insecure-requests' => '1',
  'user-agent' => 'Mozilla/5.0 (Windows NT 10.0; WOW64) AppleWebKit/537.36 (KHTML, like Gecko) Chrome/78.0.3904.87 Safari/537.36',
  'sec-fetch-user' => '?1',
  'accept' => 'text/html,application/xhtml+xml,application/xml;q=0.9,image/webp,image/apng,*/*;q=0.8,application/signed-exchange;v=b3',
  'sec-fetch-site' => 'same-origin',
  'sec-fetch-mode' => 'navigate',
  'referer' => 'http://localhost/shop/public/admin',
  'accept-encoding' => 'gzip, deflate, br',
  'accept-language' => 'zh-CN,zh;q=0.9',
  'cookie' => 'pgv_pvi=667781120; Phpstorm-b93aaa72=a9e76d0f-6113-45ea-b7ac-b691d05f48bc; __utmz=111872281.1572250548.1.1.utmcsr=(direct)|utmccn=(direct)|utmcmd=(none); Hm_lvt_b393d153aeb26b46e9431fabaf0f6190=1572246408,1572253015,1572504772,1572575705; __utma=111872281.275660930.1572250548.1572250548.1576480207.2; PHPSESSID=fdsmphu2lhf9lnie9f0kdcb4k4; Hm_lvt_080836300300be57b7f34f4b3e97d911=1576489308,1576500106,1576542626; Hm_lpvt_080836300300be57b7f34f4b3e97d911=1576544852',
)
[ info ] [ PARAM ] array (
)
[ info ] [ RUN ] app\admin\controller\Goods->lst[ D:\phpStudy\WWW\shop\application\admin\controller\Goods.php ]
[ info ] [ DB ] INIT mysql
[ info ] [ VIEW ] D:\phpStudy\WWW\shop\public/../application/admin\view\goods\lst.htm [ array (
  0 => 'lst',
) ]
[ info ] [ LOG ] INIT File
[ sql ] [ DB ] CONNECT:[ UseTime:0.010221s ] mysql:host=127.0.0.1;dbname=tpshop;charset=utf8
[ sql ] [ SQL ] SHOW COLUMNS FROM `tp_goods` [ RunTime:0.005185s ]
[ sql ] [ SQL ] SELECT COUNT(*) AS tp_count FROM `tp_goods` LIMIT 1 [ RunTime:0.000572s ]
[ sql ] [ SQL ] SELECT * FROM `tp_goods` ORDER BY `id` DESC LIMIT 0,10 [ RunTime:0.000679s ]
[ error ] [0]类的属性不存在:app\common\model\Goods->type_name[D:\phpStudy\WWW\shop\thinkphp\library\think\Model.php:626]
---------------------------------------------------------------
[ 2019-12-17T10:30:29+08:00 ] 0.0.0.0 GET localhost/shop/public/admin/goods/add.html
[运行时间：0.130244s] [吞吐率：7.68req/s] [内存消耗：2,935.55kb] [文件加载：55]
[ info ] [ LANG ] D:\phpStudy\WWW\shop\thinkphp\lang\zh-cn.php
[ info ] [ ROUTE ] array (
  'type' => 'module',
  'module' => 
  array (
    0 => 'admin',
    1 => 'goods',
    2 => 'add',
  ),
)
[ info ] [ HEADER ] array (
  'host' => 'localhost',
  'connection' => 'keep-alive',
  'upgrade-insecure-requests' => '1',
  'user-agent' => 'Mozilla/5.0 (Windows NT 10.0; WOW64) AppleWebKit/537.36 (KHTML, like Gecko) Chrome/78.0.3904.87 Safari/537.36',
  'sec-fetch-user' => '?1',
  'accept' => 'text/html,application/xhtml+xml,application/xml;q=0.9,image/webp,image/apng,*/*;q=0.8,application/signed-exchange;v=b3',
  'sec-fetch-site' => 'same-origin',
  'sec-fetch-mode' => 'navigate',
  'referer' => 'http://localhost/shop/public/admin',
  'accept-encoding' => 'gzip, deflate, br',
  'accept-language' => 'zh-CN,zh;q=0.9',
  'cookie' => 'pgv_pvi=667781120; Phpstorm-b93aaa72=a9e76d0f-6113-45ea-b7ac-b691d05f48bc; __utmz=111872281.1572250548.1.1.utmcsr=(direct)|utmccn=(direct)|utmcmd=(none); Hm_lvt_b393d153aeb26b46e9431fabaf0f6190=1572246408,1572253015,1572504772,1572575705; __utma=111872281.275660930.1572250548.1572250548.1576480207.2; PHPSESSID=fdsmphu2lhf9lnie9f0kdcb4k4; Hm_lvt_080836300300be57b7f34f4b3e97d911=1576489308,1576500106,1576542626; Hm_lpvt_080836300300be57b7f34f4b3e97d911=1576544852',
)
[ info ] [ PARAM ] array (
)
[ info ] [ RUN ] app\admin\controller\Goods->add[ D:\phpStudy\WWW\shop\application\admin\controller\Goods.php ]
[ info ] [ DB ] INIT mysql
[ info ] [ VIEW ] D:\phpStudy\WWW\shop\public/../application/admin\view\goods\add.htm [ array (
  0 => 'mlRes',
  1 => 'typeView',
  2 => 'brandRes',
  3 => 'Category',
) ]
[ info ] [ LOG ] INIT File
[ sql ] [ DB ] CONNECT:[ UseTime:0.010278s ] mysql:host=127.0.0.1;dbname=tpshop;charset=utf8
[ sql ] [ SQL ] SHOW COLUMNS FROM `tp_member_level` [ RunTime:0.001509s ]
[ sql ] [ SQL ] SELECT `id`,`level_name` FROM `tp_member_level` [ RunTime:0.000896s ]
[ sql ] [ SQL ] SHOW COLUMNS FROM `tp_type` [ RunTime:0.001392s ]
[ sql ] [ SQL ] SELECT * FROM `tp_type` [ RunTime:0.000475s ]
[ sql ] [ SQL ] SHOW COLUMNS FROM `tp_brand` [ RunTime:0.000870s ]
[ sql ] [ SQL ] SELECT `id`,`brand_name` FROM `tp_brand` [ RunTime:0.000443s ]
[ sql ] [ SQL ] SHOW COLUMNS FROM `tp_category` [ RunTime:0.001080s ]
[ sql ] [ SQL ] SELECT * FROM `tp_category` ORDER BY `sort` DESC [ RunTime:0.000703s ]
---------------------------------------------------------------
[ 2019-12-17T10:30:32+08:00 ] 0.0.0.0 GET localhost/shop/public/admin/goods/lst.html
[运行时间：0.068709s] [吞吐率：14.55req/s] [内存消耗：3,087.21kb] [文件加载：60]
[ info ] [ LANG ] D:\phpStudy\WWW\shop\thinkphp\lang\zh-cn.php
[ info ] [ ROUTE ] array (
  'type' => 'module',
  'module' => 
  array (
    0 => 'admin',
    1 => 'goods',
    2 => 'lst',
  ),
)
[ info ] [ HEADER ] array (
  'host' => 'localhost',
  'connection' => 'keep-alive',
  'upgrade-insecure-requests' => '1',
  'user-agent' => 'Mozilla/5.0 (Windows NT 10.0; WOW64) AppleWebKit/537.36 (KHTML, like Gecko) Chrome/78.0.3904.87 Safari/537.36',
  'sec-fetch-user' => '?1',
  'accept' => 'text/html,application/xhtml+xml,application/xml;q=0.9,image/webp,image/apng,*/*;q=0.8,application/signed-exchange;v=b3',
  'sec-fetch-site' => 'same-origin',
  'sec-fetch-mode' => 'navigate',
  'referer' => 'http://localhost/shop/public/admin/goods/add.html',
  'accept-encoding' => 'gzip, deflate, br',
  'accept-language' => 'zh-CN,zh;q=0.9',
  'cookie' => 'pgv_pvi=667781120; Phpstorm-b93aaa72=a9e76d0f-6113-45ea-b7ac-b691d05f48bc; __utmz=111872281.1572250548.1.1.utmcsr=(direct)|utmccn=(direct)|utmcmd=(none); Hm_lvt_b393d153aeb26b46e9431fabaf0f6190=1572246408,1572253015,1572504772,1572575705; __utma=111872281.275660930.1572250548.1572250548.1576480207.2; PHPSESSID=fdsmphu2lhf9lnie9f0kdcb4k4; Hm_lvt_080836300300be57b7f34f4b3e97d911=1576489308,1576500106,1576542626; Hm_lpvt_080836300300be57b7f34f4b3e97d911=1576544852',
)
[ info ] [ PARAM ] array (
)
[ info ] [ RUN ] app\admin\controller\Goods->lst[ D:\phpStudy\WWW\shop\application\admin\controller\Goods.php ]
[ info ] [ DB ] INIT mysql
[ info ] [ VIEW ] D:\phpStudy\WWW\shop\public/../application/admin\view\goods\lst.htm [ array (
  0 => 'lst',
) ]
[ info ] [ LOG ] INIT File
[ sql ] [ DB ] CONNECT:[ UseTime:0.010534s ] mysql:host=127.0.0.1;dbname=tpshop;charset=utf8
[ sql ] [ SQL ] SHOW COLUMNS FROM `tp_goods` [ RunTime:0.001313s ]
[ sql ] [ SQL ] SELECT COUNT(*) AS tp_count FROM `tp_goods` LIMIT 1 [ RunTime:0.000316s ]
[ sql ] [ SQL ] SELECT * FROM `tp_goods` ORDER BY `id` DESC LIMIT 0,10 [ RunTime:0.000701s ]
[ error ] [0]类的属性不存在:app\common\model\Goods->type_name[D:\phpStudy\WWW\shop\thinkphp\library\think\Model.php:626]
---------------------------------------------------------------
[ 2019-12-17T10:30:40+08:00 ] 0.0.0.0 GET localhost/shop/public/admin/article/imglist.html
[运行时间：0.110705s] [吞吐率：9.03req/s] [内存消耗：1,761.05kb] [文件加载：45]
[ info ] [ LANG ] D:\phpStudy\WWW\shop\thinkphp\lang\zh-cn.php
[ info ] [ ROUTE ] array (
  'type' => 'module',
  'module' => 
  array (
    0 => 'admin',
    1 => 'article',
    2 => 'imglist',
  ),
)
[ info ] [ HEADER ] array (
  'host' => 'localhost',
  'connection' => 'keep-alive',
  'upgrade-insecure-requests' => '1',
  'user-agent' => 'Mozilla/5.0 (Windows NT 10.0; WOW64) AppleWebKit/537.36 (KHTML, like Gecko) Chrome/78.0.3904.87 Safari/537.36',
  'sec-fetch-user' => '?1',
  'accept' => 'text/html,application/xhtml+xml,application/xml;q=0.9,image/webp,image/apng,*/*;q=0.8,application/signed-exchange;v=b3',
  'sec-fetch-site' => 'same-origin',
  'sec-fetch-mode' => 'navigate',
  'referer' => 'http://localhost/shop/public/admin/goods/add.html',
  'accept-encoding' => 'gzip, deflate, br',
  'accept-language' => 'zh-CN,zh;q=0.9',
  'cookie' => 'pgv_pvi=667781120; Phpstorm-b93aaa72=a9e76d0f-6113-45ea-b7ac-b691d05f48bc; __utmz=111872281.1572250548.1.1.utmcsr=(direct)|utmccn=(direct)|utmcmd=(none); Hm_lvt_b393d153aeb26b46e9431fabaf0f6190=1572246408,1572253015,1572504772,1572575705; __utma=111872281.275660930.1572250548.1572250548.1576480207.2; PHPSESSID=fdsmphu2lhf9lnie9f0kdcb4k4; Hm_lvt_080836300300be57b7f34f4b3e97d911=1576489308,1576500106,1576542626; Hm_lpvt_080836300300be57b7f34f4b3e97d911=1576544852',
)
[ info ] [ PARAM ] array (
)
[ info ] [ RUN ] app\admin\controller\Article->imglist[ D:\phpStudy\WWW\shop\application\admin\controller\Article.php ]
[ info ] [ VIEW ] D:\phpStudy\WWW\shop\public/../application/admin\view\article\imglist.htm [ array (
  0 => 'imgRes',
) ]
[ info ] [ LOG ] INIT File
---------------------------------------------------------------
[ 2019-12-17T10:30:43+08:00 ] 0.0.0.0 GET localhost/shop/public/admin/link/lst.html
[运行时间：0.197965s] [吞吐率：5.05req/s] [内存消耗：2,999.38kb] [文件加载：58]
[ info ] [ LANG ] D:\phpStudy\WWW\shop\thinkphp\lang\zh-cn.php
[ info ] [ ROUTE ] array (
  'type' => 'module',
  'module' => 
  array (
    0 => 'admin',
    1 => 'link',
    2 => 'lst',
  ),
)
[ info ] [ HEADER ] array (
  'host' => 'localhost',
  'connection' => 'keep-alive',
  'upgrade-insecure-requests' => '1',
  'user-agent' => 'Mozilla/5.0 (Windows NT 10.0; WOW64) AppleWebKit/537.36 (KHTML, like Gecko) Chrome/78.0.3904.87 Safari/537.36',
  'sec-fetch-user' => '?1',
  'accept' => 'text/html,application/xhtml+xml,application/xml;q=0.9,image/webp,image/apng,*/*;q=0.8,application/signed-exchange;v=b3',
  'sec-fetch-site' => 'same-origin',
  'sec-fetch-mode' => 'navigate',
  'referer' => 'http://localhost/shop/public/admin/article/imglist.html',
  'accept-encoding' => 'gzip, deflate, br',
  'accept-language' => 'zh-CN,zh;q=0.9',
  'cookie' => 'pgv_pvi=667781120; Phpstorm-b93aaa72=a9e76d0f-6113-45ea-b7ac-b691d05f48bc; __utmz=111872281.1572250548.1.1.utmcsr=(direct)|utmccn=(direct)|utmcmd=(none); Hm_lvt_b393d153aeb26b46e9431fabaf0f6190=1572246408,1572253015,1572504772,1572575705; __utma=111872281.275660930.1572250548.1572250548.1576480207.2; PHPSESSID=fdsmphu2lhf9lnie9f0kdcb4k4; Hm_lvt_080836300300be57b7f34f4b3e97d911=1576489308,1576500106,1576542626; Hm_lpvt_080836300300be57b7f34f4b3e97d911=1576544852',
)
[ info ] [ PARAM ] array (
)
[ info ] [ RUN ] app\admin\controller\Link->lst[ D:\phpStudy\WWW\shop\application\admin\controller\Link.php ]
[ info ] [ DB ] INIT mysql
[ info ] [ VIEW ] D:\phpStudy\WWW\shop\public/../application/admin\view\link\lst.htm [ array (
  0 => 'lst',
) ]
[ info ] [ LOG ] INIT File
[ sql ] [ DB ] CONNECT:[ UseTime:0.011434s ] mysql:host=127.0.0.1;dbname=tpshop;charset=utf8
[ sql ] [ SQL ] SHOW COLUMNS FROM `tp_link` [ RunTime:0.008338s ]
[ sql ] [ SQL ] SELECT COUNT(*) AS tp_count FROM `tp_link` LIMIT 1 [ RunTime:0.000392s ]
[ sql ] [ SQL ] SELECT * FROM `tp_link` ORDER BY `id` DESC LIMIT 0,10 [ RunTime:0.000626s ]
---------------------------------------------------------------
[ 2019-12-17T10:30:46+08:00 ] 0.0.0.0 GET localhost/shop/public/admin/link/edit/id/2.html
[运行时间：0.253552s] [吞吐率：3.94req/s] [内存消耗：3,049.80kb] [文件加载：56]
[ info ] [ LANG ] D:\phpStudy\WWW\shop\thinkphp\lang\zh-cn.php
[ info ] [ ROUTE ] array (
  'type' => 'module',
  'module' => 
  array (
    0 => 'admin',
    1 => 'link',
    2 => 'edit',
  ),
)
[ info ] [ HEADER ] array (
  'host' => 'localhost',
  'connection' => 'keep-alive',
  'upgrade-insecure-requests' => '1',
  'user-agent' => 'Mozilla/5.0 (Windows NT 10.0; WOW64) AppleWebKit/537.36 (KHTML, like Gecko) Chrome/78.0.3904.87 Safari/537.36',
  'sec-fetch-user' => '?1',
  'accept' => 'text/html,application/xhtml+xml,application/xml;q=0.9,image/webp,image/apng,*/*;q=0.8,application/signed-exchange;v=b3',
  'sec-fetch-site' => 'same-origin',
  'sec-fetch-mode' => 'navigate',
  'referer' => 'http://localhost/shop/public/admin/link/lst.html',
  'accept-encoding' => 'gzip, deflate, br',
  'accept-language' => 'zh-CN,zh;q=0.9',
  'cookie' => 'pgv_pvi=667781120; Phpstorm-b93aaa72=a9e76d0f-6113-45ea-b7ac-b691d05f48bc; __utmz=111872281.1572250548.1.1.utmcsr=(direct)|utmccn=(direct)|utmcmd=(none); Hm_lvt_b393d153aeb26b46e9431fabaf0f6190=1572246408,1572253015,1572504772,1572575705; __utma=111872281.275660930.1572250548.1572250548.1576480207.2; PHPSESSID=fdsmphu2lhf9lnie9f0kdcb4k4; Hm_lvt_080836300300be57b7f34f4b3e97d911=1576489308,1576500106,1576542626; Hm_lpvt_080836300300be57b7f34f4b3e97d911=1576544852',
)
[ info ] [ PARAM ] array (
  'id' => '2',
)
[ info ] [ RUN ] app\admin\controller\Link->edit[ D:\phpStudy\WWW\shop\application\admin\controller\Link.php ]
[ info ] [ DB ] INIT mysql
[ info ] [ VIEW ] D:\phpStudy\WWW\shop\public/../application/admin\view\link\edit.htm [ array (
  0 => 'linkInfo',
) ]
[ info ] [ LOG ] INIT File
[ sql ] [ DB ] CONNECT:[ UseTime:0.011463s ] mysql:host=127.0.0.1;dbname=tpshop;charset=utf8
[ sql ] [ SQL ] SHOW COLUMNS FROM `tp_link` [ RunTime:0.004699s ]
[ sql ] [ SQL ] SELECT * FROM `tp_link` WHERE  `id` = 2 LIMIT 1 [ RunTime:0.097809s ]
---------------------------------------------------------------
[ 2019-12-17T10:31:42+08:00 ] 0.0.0.0 GET localhost/shop/public/admin/link/edit/id/2.html
[运行时间：0.056099s] [吞吐率：17.83req/s] [内存消耗：2,879.38kb] [文件加载：54]
[ info ] [ LANG ] D:\phpStudy\WWW\shop\thinkphp\lang\zh-cn.php
[ info ] [ ROUTE ] array (
  'type' => 'module',
  'module' => 
  array (
    0 => 'admin',
    1 => 'link',
    2 => 'edit',
  ),
)
[ info ] [ HEADER ] array (
  'host' => 'localhost',
  'connection' => 'keep-alive',
  'cache-control' => 'max-age=0',
  'upgrade-insecure-requests' => '1',
  'user-agent' => 'Mozilla/5.0 (Windows NT 10.0; WOW64) AppleWebKit/537.36 (KHTML, like Gecko) Chrome/78.0.3904.87 Safari/537.36',
  'sec-fetch-user' => '?1',
  'accept' => 'text/html,application/xhtml+xml,application/xml;q=0.9,image/webp,image/apng,*/*;q=0.8,application/signed-exchange;v=b3',
  'sec-fetch-site' => 'same-origin',
  'sec-fetch-mode' => 'navigate',
  'referer' => 'http://localhost/shop/public/admin/link/lst.html',
  'accept-encoding' => 'gzip, deflate, br',
  'accept-language' => 'zh-CN,zh;q=0.9',
  'cookie' => 'pgv_pvi=667781120; Phpstorm-b93aaa72=a9e76d0f-6113-45ea-b7ac-b691d05f48bc; __utmz=111872281.1572250548.1.1.utmcsr=(direct)|utmccn=(direct)|utmcmd=(none); Hm_lvt_b393d153aeb26b46e9431fabaf0f6190=1572246408,1572253015,1572504772,1572575705; __utma=111872281.275660930.1572250548.1572250548.1576480207.2; PHPSESSID=fdsmphu2lhf9lnie9f0kdcb4k4; Hm_lvt_080836300300be57b7f34f4b3e97d911=1576489308,1576500106,1576542626; Hm_lpvt_080836300300be57b7f34f4b3e97d911=1576544852',
)
[ info ] [ PARAM ] array (
  'id' => '2',
)
[ info ] [ RUN ] app\admin\controller\Link->edit[ D:\phpStudy\WWW\shop\application\admin\controller\Link.php ]
[ info ] [ DB ] INIT mysql
[ info ] [ VIEW ] D:\phpStudy\WWW\shop\public/../application/admin\view\link\edit.htm [ array (
  0 => 'linkInfo',
) ]
[ info ] [ LOG ] INIT File
[ sql ] [ DB ] CONNECT:[ UseTime:0.009996s ] mysql:host=127.0.0.1;dbname=tpshop;charset=utf8
[ sql ] [ SQL ] SHOW COLUMNS FROM `tp_link` [ RunTime:0.001718s ]
[ sql ] [ SQL ] SELECT * FROM `tp_link` WHERE  `id` = 2 LIMIT 1 [ RunTime:0.000473s ]
---------------------------------------------------------------
[ 2019-12-17T10:44:12+08:00 ] 0.0.0.0 GET localhost/shop/public/admin
[运行时间：0.035256s] [吞吐率：28.36req/s] [内存消耗：1,658.64kb] [文件加载：43]
[ info ] [ LANG ] D:\phpStudy\WWW\shop\thinkphp\lang\zh-cn.php
[ info ] [ ROUTE ] array (
  'type' => 'module',
  'module' => 
  array (
    0 => 'admin',
    1 => NULL,
    2 => NULL,
  ),
)
[ info ] [ HEADER ] array (
  'host' => 'localhost',
  'connection' => 'keep-alive',
  'upgrade-insecure-requests' => '1',
  'user-agent' => 'Mozilla/5.0 (Windows NT 10.0; WOW64) AppleWebKit/537.36 (KHTML, like Gecko) Chrome/78.0.3904.87 Safari/537.36',
  'sec-fetch-user' => '?1',
  'accept' => 'text/html,application/xhtml+xml,application/xml;q=0.9,image/webp,image/apng,*/*;q=0.8,application/signed-exchange;v=b3',
  'sec-fetch-site' => 'none',
  'sec-fetch-mode' => 'navigate',
  'accept-encoding' => 'gzip, deflate, br',
  'accept-language' => 'zh-CN,zh;q=0.9',
  'cookie' => 'pgv_pvi=667781120; Phpstorm-b93aaa72=a9e76d0f-6113-45ea-b7ac-b691d05f48bc; __utmz=111872281.1572250548.1.1.utmcsr=(direct)|utmccn=(direct)|utmcmd=(none); Hm_lvt_b393d153aeb26b46e9431fabaf0f6190=1572246408,1572253015,1572504772,1572575705; __utma=111872281.275660930.1572250548.1572250548.1576480207.2; PHPSESSID=fdsmphu2lhf9lnie9f0kdcb4k4; Hm_lvt_080836300300be57b7f34f4b3e97d911=1576489308,1576500106,1576542626; Hm_lpvt_080836300300be57b7f34f4b3e97d911=1576544852',
)
[ info ] [ PARAM ] array (
)
[ info ] [ RUN ] app\admin\controller\Index->index[ D:\phpStudy\WWW\shop\application\admin\controller\Index.php ]
[ info ] [ VIEW ] D:\phpStudy\WWW\shop\public/../application/admin\view\index\index.htm [ array (
) ]
[ info ] [ LOG ] INIT File
---------------------------------------------------------------
[ 2019-12-17T10:44:15+08:00 ] 0.0.0.0 GET localhost/shop/public/admin/link/lst.html
[运行时间：0.061561s] [吞吐率：16.24req/s] [内存消耗：2,999.33kb] [文件加载：58]
[ info ] [ LANG ] D:\phpStudy\WWW\shop\thinkphp\lang\zh-cn.php
[ info ] [ ROUTE ] array (
  'type' => 'module',
  'module' => 
  array (
    0 => 'admin',
    1 => 'link',
    2 => 'lst',
  ),
)
[ info ] [ HEADER ] array (
  'host' => 'localhost',
  'connection' => 'keep-alive',
  'upgrade-insecure-requests' => '1',
  'user-agent' => 'Mozilla/5.0 (Windows NT 10.0; WOW64) AppleWebKit/537.36 (KHTML, like Gecko) Chrome/78.0.3904.87 Safari/537.36',
  'sec-fetch-user' => '?1',
  'accept' => 'text/html,application/xhtml+xml,application/xml;q=0.9,image/webp,image/apng,*/*;q=0.8,application/signed-exchange;v=b3',
  'sec-fetch-site' => 'same-origin',
  'sec-fetch-mode' => 'navigate',
  'referer' => 'http://localhost/shop/public/admin',
  'accept-encoding' => 'gzip, deflate, br',
  'accept-language' => 'zh-CN,zh;q=0.9',
  'cookie' => 'pgv_pvi=667781120; Phpstorm-b93aaa72=a9e76d0f-6113-45ea-b7ac-b691d05f48bc; __utmz=111872281.1572250548.1.1.utmcsr=(direct)|utmccn=(direct)|utmcmd=(none); Hm_lvt_b393d153aeb26b46e9431fabaf0f6190=1572246408,1572253015,1572504772,1572575705; __utma=111872281.275660930.1572250548.1572250548.1576480207.2; PHPSESSID=fdsmphu2lhf9lnie9f0kdcb4k4; Hm_lvt_080836300300be57b7f34f4b3e97d911=1576489308,1576500106,1576542626; Hm_lpvt_080836300300be57b7f34f4b3e97d911=1576544852',
)
[ info ] [ PARAM ] array (
)
[ info ] [ RUN ] app\admin\controller\Link->lst[ D:\phpStudy\WWW\shop\application\admin\controller\Link.php ]
[ info ] [ DB ] INIT mysql
[ info ] [ VIEW ] D:\phpStudy\WWW\shop\public/../application/admin\view\link\lst.htm [ array (
  0 => 'lst',
) ]
[ info ] [ LOG ] INIT File
[ sql ] [ DB ] CONNECT:[ UseTime:0.010191s ] mysql:host=127.0.0.1;dbname=tpshop;charset=utf8
[ sql ] [ SQL ] SHOW COLUMNS FROM `tp_link` [ RunTime:0.000980s ]
[ sql ] [ SQL ] SELECT COUNT(*) AS tp_count FROM `tp_link` LIMIT 1 [ RunTime:0.000682s ]
[ sql ] [ SQL ] SELECT * FROM `tp_link` ORDER BY `id` DESC LIMIT 0,10 [ RunTime:0.001172s ]
---------------------------------------------------------------
[ 2019-12-17T10:44:16+08:00 ] 0.0.0.0 GET localhost/shop/public/admin/link/edit/id/2.html
[运行时间：0.058202s] [吞吐率：17.18req/s] [内存消耗：2,879.16kb] [文件加载：54]
[ info ] [ LANG ] D:\phpStudy\WWW\shop\thinkphp\lang\zh-cn.php
[ info ] [ ROUTE ] array (
  'type' => 'module',
  'module' => 
  array (
    0 => 'admin',
    1 => 'link',
    2 => 'edit',
  ),
)
[ info ] [ HEADER ] array (
  'host' => 'localhost',
  'connection' => 'keep-alive',
  'upgrade-insecure-requests' => '1',
  'user-agent' => 'Mozilla/5.0 (Windows NT 10.0; WOW64) AppleWebKit/537.36 (KHTML, like Gecko) Chrome/78.0.3904.87 Safari/537.36',
  'sec-fetch-user' => '?1',
  'accept' => 'text/html,application/xhtml+xml,application/xml;q=0.9,image/webp,image/apng,*/*;q=0.8,application/signed-exchange;v=b3',
  'sec-fetch-site' => 'same-origin',
  'sec-fetch-mode' => 'navigate',
  'referer' => 'http://localhost/shop/public/admin/link/lst.html',
  'accept-encoding' => 'gzip, deflate, br',
  'accept-language' => 'zh-CN,zh;q=0.9',
  'cookie' => 'pgv_pvi=667781120; Phpstorm-b93aaa72=a9e76d0f-6113-45ea-b7ac-b691d05f48bc; __utmz=111872281.1572250548.1.1.utmcsr=(direct)|utmccn=(direct)|utmcmd=(none); Hm_lvt_b393d153aeb26b46e9431fabaf0f6190=1572246408,1572253015,1572504772,1572575705; __utma=111872281.275660930.1572250548.1572250548.1576480207.2; PHPSESSID=fdsmphu2lhf9lnie9f0kdcb4k4; Hm_lvt_080836300300be57b7f34f4b3e97d911=1576489308,1576500106,1576542626; Hm_lpvt_080836300300be57b7f34f4b3e97d911=1576544852',
)
[ info ] [ PARAM ] array (
  'id' => '2',
)
[ info ] [ RUN ] app\admin\controller\Link->edit[ D:\phpStudy\WWW\shop\application\admin\controller\Link.php ]
[ info ] [ DB ] INIT mysql
[ info ] [ VIEW ] D:\phpStudy\WWW\shop\public/../application/admin\view\link\edit.htm [ array (
  0 => 'linkInfo',
) ]
[ info ] [ LOG ] INIT File
[ sql ] [ DB ] CONNECT:[ UseTime:0.010985s ] mysql:host=127.0.0.1;dbname=tpshop;charset=utf8
[ sql ] [ SQL ] SHOW COLUMNS FROM `tp_link` [ RunTime:0.001287s ]
[ sql ] [ SQL ] SELECT * FROM `tp_link` WHERE  `id` = 2 LIMIT 1 [ RunTime:0.000429s ]
---------------------------------------------------------------
[ 2019-12-17T10:45:32+08:00 ] 0.0.0.0 POST localhost/shop/public/admin/link/edit/id/2.html
[运行时间：0.211782s] [吞吐率：4.72req/s] [内存消耗：2,963.29kb] [文件加载：58]
[ info ] [ LANG ] D:\phpStudy\WWW\shop\thinkphp\lang\zh-cn.php
[ info ] [ ROUTE ] array (
  'type' => 'module',
  'module' => 
  array (
    0 => 'admin',
    1 => 'link',
    2 => 'edit',
  ),
)
[ info ] [ HEADER ] array (
  'host' => 'localhost',
  'connection' => 'keep-alive',
  'content-length' => '783',
  'cache-control' => 'max-age=0',
  'origin' => 'http://localhost',
  'upgrade-insecure-requests' => '1',
  'content-type' => 'multipart/form-data; boundary=----WebKitFormBoundary04hvkXZBICj5GjIk',
  'user-agent' => 'Mozilla/5.0 (Windows NT 10.0; WOW64) AppleWebKit/537.36 (KHTML, like Gecko) Chrome/78.0.3904.87 Safari/537.36',
  'sec-fetch-user' => '?1',
  'accept' => 'text/html,application/xhtml+xml,application/xml;q=0.9,image/webp,image/apng,*/*;q=0.8,application/signed-exchange;v=b3',
  'sec-fetch-site' => 'same-origin',
  'sec-fetch-mode' => 'navigate',
  'referer' => 'http://localhost/shop/public/admin/link/edit/id/2.html',
  'accept-encoding' => 'gzip, deflate, br',
  'accept-language' => 'zh-CN,zh;q=0.9',
  'cookie' => 'pgv_pvi=667781120; Phpstorm-b93aaa72=a9e76d0f-6113-45ea-b7ac-b691d05f48bc; __utmz=111872281.1572250548.1.1.utmcsr=(direct)|utmccn=(direct)|utmcmd=(none); Hm_lvt_b393d153aeb26b46e9431fabaf0f6190=1572246408,1572253015,1572504772,1572575705; __utma=111872281.275660930.1572250548.1572250548.1576480207.2; PHPSESSID=fdsmphu2lhf9lnie9f0kdcb4k4; Hm_lvt_080836300300be57b7f34f4b3e97d911=1576489308,1576500106,1576542626; Hm_lpvt_080836300300be57b7f34f4b3e97d911=1576544852',
)
[ info ] [ PARAM ] array (
  'id' => '2',
  'title' => '百度',
  'link_url' => 'http://baidu.com',
  'description' => '百度百度',
  'status' => '0',
  'type' => '1',
)
[ info ] [ RUN ] app\admin\controller\Link->edit[ D:\phpStudy\WWW\shop\application\admin\controller\Link.php ]
[ info ] [ DB ] INIT mysql
[ info ] [ CACHE ] INIT File
[ info ] [ VIEW ] D:\phpStudy\WWW\shop\thinkphp\tpl\dispatch_jump.tpl [ array (
  0 => 'code',
  1 => 'msg',
  2 => 'data',
  3 => 'url',
  4 => 'wait',
) ]
[ info ] [ LOG ] INIT File
[ sql ] [ DB ] CONNECT:[ UseTime:0.010212s ] mysql:host=127.0.0.1;dbname=tpshop;charset=utf8
[ sql ] [ SQL ] SHOW COLUMNS FROM `tp_link` [ RunTime:0.001215s ]
[ sql ] [ SQL ] SELECT `id` FROM `tp_link` WHERE  `title` = '百度'  AND `id` <> 2 LIMIT 1 [ RunTime:0.001422s ]
[ sql ] [ SQL ] UPDATE `tp_link`  SET `title`='百度',`link_url`='http://baidu.com',`description`='百度百度',`status`=0,`type`=1  WHERE  `id` = 2 [ RunTime:0.021842s ]
---------------------------------------------------------------
[ 2019-12-17T10:45:33+08:00 ] 0.0.0.0 GET localhost/shop/public/admin/link/lst.html
[运行时间：0.053999s] [吞吐率：18.52req/s] [内存消耗：2,999.37kb] [文件加载：58]
[ info ] [ LANG ] D:\phpStudy\WWW\shop\thinkphp\lang\zh-cn.php
[ info ] [ ROUTE ] array (
  'type' => 'module',
  'module' => 
  array (
    0 => 'admin',
    1 => 'link',
    2 => 'lst',
  ),
)
[ info ] [ HEADER ] array (
  'host' => 'localhost',
  'connection' => 'keep-alive',
  'upgrade-insecure-requests' => '1',
  'user-agent' => 'Mozilla/5.0 (Windows NT 10.0; WOW64) AppleWebKit/537.36 (KHTML, like Gecko) Chrome/78.0.3904.87 Safari/537.36',
  'sec-fetch-user' => '?1',
  'accept' => 'text/html,application/xhtml+xml,application/xml;q=0.9,image/webp,image/apng,*/*;q=0.8,application/signed-exchange;v=b3',
  'sec-fetch-site' => 'same-origin',
  'sec-fetch-mode' => 'navigate',
  'referer' => 'http://localhost/shop/public/admin/link/edit/id/2.html',
  'accept-encoding' => 'gzip, deflate, br',
  'accept-language' => 'zh-CN,zh;q=0.9',
  'cookie' => 'pgv_pvi=667781120; Phpstorm-b93aaa72=a9e76d0f-6113-45ea-b7ac-b691d05f48bc; __utmz=111872281.1572250548.1.1.utmcsr=(direct)|utmccn=(direct)|utmcmd=(none); Hm_lvt_b393d153aeb26b46e9431fabaf0f6190=1572246408,1572253015,1572504772,1572575705; __utma=111872281.275660930.1572250548.1572250548.1576480207.2; PHPSESSID=fdsmphu2lhf9lnie9f0kdcb4k4; Hm_lvt_080836300300be57b7f34f4b3e97d911=1576489308,1576500106,1576542626; Hm_lpvt_080836300300be57b7f34f4b3e97d911=1576544852',
)
[ info ] [ PARAM ] array (
)
[ info ] [ RUN ] app\admin\controller\Link->lst[ D:\phpStudy\WWW\shop\application\admin\controller\Link.php ]
[ info ] [ DB ] INIT mysql
[ info ] [ VIEW ] D:\phpStudy\WWW\shop\public/../application/admin\view\link\lst.htm [ array (
  0 => 'lst',
) ]
[ info ] [ LOG ] INIT File
[ sql ] [ DB ] CONNECT:[ UseTime:0.002373s ] mysql:host=127.0.0.1;dbname=tpshop;charset=utf8
[ sql ] [ SQL ] SHOW COLUMNS FROM `tp_link` [ RunTime:0.000923s ]
[ sql ] [ SQL ] SELECT COUNT(*) AS tp_count FROM `tp_link` LIMIT 1 [ RunTime:0.000341s ]
[ sql ] [ SQL ] SELECT * FROM `tp_link` ORDER BY `id` DESC LIMIT 0,10 [ RunTime:0.000481s ]
---------------------------------------------------------------
[ 2019-12-17T10:47:18+08:00 ] 0.0.0.0 GET localhost/shop/public/admin/link/lst.html
[运行时间：0.065689s] [吞吐率：15.22req/s] [内存消耗：2,999.51kb] [文件加载：58]
[ info ] [ LANG ] D:\phpStudy\WWW\shop\thinkphp\lang\zh-cn.php
[ info ] [ ROUTE ] array (
  'type' => 'module',
  'module' => 
  array (
    0 => 'admin',
    1 => 'link',
    2 => 'lst',
  ),
)
[ info ] [ HEADER ] array (
  'host' => 'localhost',
  'connection' => 'keep-alive',
  'cache-control' => 'max-age=0',
  'upgrade-insecure-requests' => '1',
  'user-agent' => 'Mozilla/5.0 (Windows NT 10.0; WOW64) AppleWebKit/537.36 (KHTML, like Gecko) Chrome/78.0.3904.87 Safari/537.36',
  'sec-fetch-user' => '?1',
  'accept' => 'text/html,application/xhtml+xml,application/xml;q=0.9,image/webp,image/apng,*/*;q=0.8,application/signed-exchange;v=b3',
  'sec-fetch-site' => 'same-origin',
  'sec-fetch-mode' => 'navigate',
  'referer' => 'http://localhost/shop/public/admin/link/edit/id/2.html',
  'accept-encoding' => 'gzip, deflate, br',
  'accept-language' => 'zh-CN,zh;q=0.9',
  'cookie' => 'pgv_pvi=667781120; Phpstorm-b93aaa72=a9e76d0f-6113-45ea-b7ac-b691d05f48bc; __utmz=111872281.1572250548.1.1.utmcsr=(direct)|utmccn=(direct)|utmcmd=(none); Hm_lvt_b393d153aeb26b46e9431fabaf0f6190=1572246408,1572253015,1572504772,1572575705; __utma=111872281.275660930.1572250548.1572250548.1576480207.2; PHPSESSID=fdsmphu2lhf9lnie9f0kdcb4k4; Hm_lvt_080836300300be57b7f34f4b3e97d911=1576489308,1576500106,1576542626; Hm_lpvt_080836300300be57b7f34f4b3e97d911=1576544852',
)
[ info ] [ PARAM ] array (
)
[ info ] [ RUN ] app\admin\controller\Link->lst[ D:\phpStudy\WWW\shop\application\admin\controller\Link.php ]
[ info ] [ DB ] INIT mysql
[ info ] [ VIEW ] D:\phpStudy\WWW\shop\public/../application/admin\view\link\lst.htm [ array (
  0 => 'lst',
) ]
[ info ] [ LOG ] INIT File
[ sql ] [ DB ] CONNECT:[ UseTime:0.012194s ] mysql:host=127.0.0.1;dbname=tpshop;charset=utf8
[ sql ] [ SQL ] SHOW COLUMNS FROM `tp_link` [ RunTime:0.001275s ]
[ sql ] [ SQL ] SELECT COUNT(*) AS tp_count FROM `tp_link` LIMIT 1 [ RunTime:0.000492s ]
[ sql ] [ SQL ] SELECT * FROM `tp_link` ORDER BY `id` DESC LIMIT 0,10 [ RunTime:0.000624s ]
---------------------------------------------------------------
[ 2019-12-17T11:08:07+08:00 ] 0.0.0.0 POST localhost/shop/public/admin/link/edit/id/2.html
[运行时间：0.062997s] [吞吐率：15.87req/s] [内存消耗：2,963.29kb] [文件加载：58]
[ info ] [ LANG ] D:\phpStudy\WWW\shop\thinkphp\lang\zh-cn.php
[ info ] [ ROUTE ] array (
  'type' => 'module',
  'module' => 
  array (
    0 => 'admin',
    1 => 'link',
    2 => 'edit',
  ),
)
[ info ] [ HEADER ] array (
  'host' => 'localhost',
  'connection' => 'keep-alive',
  'content-length' => '783',
  'cache-control' => 'max-age=0',
  'origin' => 'http://localhost',
  'upgrade-insecure-requests' => '1',
  'content-type' => 'multipart/form-data; boundary=----WebKitFormBoundary2QDrgOtkAqAYm733',
  'user-agent' => 'Mozilla/5.0 (Windows NT 10.0; WOW64) AppleWebKit/537.36 (KHTML, like Gecko) Chrome/78.0.3904.87 Safari/537.36',
  'sec-fetch-user' => '?1',
  'accept' => 'text/html,application/xhtml+xml,application/xml;q=0.9,image/webp,image/apng,*/*;q=0.8,application/signed-exchange;v=b3',
  'sec-fetch-site' => 'same-origin',
  'sec-fetch-mode' => 'navigate',
  'referer' => 'http://localhost/shop/public/admin/link/edit/id/2.html',
  'accept-encoding' => 'gzip, deflate, br',
  'accept-language' => 'zh-CN,zh;q=0.9',
  'cookie' => 'pgv_pvi=667781120; Phpstorm-b93aaa72=a9e76d0f-6113-45ea-b7ac-b691d05f48bc; __utmz=111872281.1572250548.1.1.utmcsr=(direct)|utmccn=(direct)|utmcmd=(none); Hm_lvt_b393d153aeb26b46e9431fabaf0f6190=1572246408,1572253015,1572504772,1572575705; __utma=111872281.275660930.1572250548.1572250548.1576480207.2; PHPSESSID=fdsmphu2lhf9lnie9f0kdcb4k4; Hm_lvt_080836300300be57b7f34f4b3e97d911=1576489308,1576500106,1576542626; Hm_lpvt_080836300300be57b7f34f4b3e97d911=1576544852',
)
[ info ] [ PARAM ] array (
  'id' => '2',
  'title' => '百度',
  'link_url' => 'http://baidu.com',
  'description' => '百度百度',
  'status' => '1',
  'type' => '1',
)
[ info ] [ RUN ] app\admin\controller\Link->edit[ D:\phpStudy\WWW\shop\application\admin\controller\Link.php ]
[ info ] [ DB ] INIT mysql
[ info ] [ CACHE ] INIT File
[ info ] [ VIEW ] D:\phpStudy\WWW\shop\thinkphp\tpl\dispatch_jump.tpl [ array (
  0 => 'code',
  1 => 'msg',
  2 => 'data',
  3 => 'url',
  4 => 'wait',
) ]
[ info ] [ LOG ] INIT File
[ sql ] [ DB ] CONNECT:[ UseTime:0.011551s ] mysql:host=127.0.0.1;dbname=tpshop;charset=utf8
[ sql ] [ SQL ] SHOW COLUMNS FROM `tp_link` [ RunTime:0.001576s ]
[ sql ] [ SQL ] SELECT `id` FROM `tp_link` WHERE  `title` = '百度'  AND `id` <> 2 LIMIT 1 [ RunTime:0.000464s ]
[ sql ] [ SQL ] UPDATE `tp_link`  SET `title`='百度',`link_url`='http://baidu.com',`description`='百度百度',`status`=1,`type`=1  WHERE  `id` = 2 [ RunTime:0.000479s ]
---------------------------------------------------------------
[ 2019-12-17T11:08:08+08:00 ] 0.0.0.0 GET localhost/shop/public/admin/link/lst.html
[运行时间：0.064400s] [吞吐率：15.53req/s] [内存消耗：2,999.37kb] [文件加载：58]
[ info ] [ LANG ] D:\phpStudy\WWW\shop\thinkphp\lang\zh-cn.php
[ info ] [ ROUTE ] array (
  'type' => 'module',
  'module' => 
  array (
    0 => 'admin',
    1 => 'link',
    2 => 'lst',
  ),
)
[ info ] [ HEADER ] array (
  'host' => 'localhost',
  'connection' => 'keep-alive',
  'upgrade-insecure-requests' => '1',
  'user-agent' => 'Mozilla/5.0 (Windows NT 10.0; WOW64) AppleWebKit/537.36 (KHTML, like Gecko) Chrome/78.0.3904.87 Safari/537.36',
  'sec-fetch-user' => '?1',
  'accept' => 'text/html,application/xhtml+xml,application/xml;q=0.9,image/webp,image/apng,*/*;q=0.8,application/signed-exchange;v=b3',
  'sec-fetch-site' => 'same-origin',
  'sec-fetch-mode' => 'navigate',
  'referer' => 'http://localhost/shop/public/admin/link/edit/id/2.html',
  'accept-encoding' => 'gzip, deflate, br',
  'accept-language' => 'zh-CN,zh;q=0.9',
  'cookie' => 'pgv_pvi=667781120; Phpstorm-b93aaa72=a9e76d0f-6113-45ea-b7ac-b691d05f48bc; __utmz=111872281.1572250548.1.1.utmcsr=(direct)|utmccn=(direct)|utmcmd=(none); Hm_lvt_b393d153aeb26b46e9431fabaf0f6190=1572246408,1572253015,1572504772,1572575705; __utma=111872281.275660930.1572250548.1572250548.1576480207.2; PHPSESSID=fdsmphu2lhf9lnie9f0kdcb4k4; Hm_lvt_080836300300be57b7f34f4b3e97d911=1576489308,1576500106,1576542626; Hm_lpvt_080836300300be57b7f34f4b3e97d911=1576544852',
)
[ info ] [ PARAM ] array (
)
[ info ] [ RUN ] app\admin\controller\Link->lst[ D:\phpStudy\WWW\shop\application\admin\controller\Link.php ]
[ info ] [ DB ] INIT mysql
[ info ] [ VIEW ] D:\phpStudy\WWW\shop\public/../application/admin\view\link\lst.htm [ array (
  0 => 'lst',
) ]
[ info ] [ LOG ] INIT File
[ sql ] [ DB ] CONNECT:[ UseTime:0.010190s ] mysql:host=127.0.0.1;dbname=tpshop;charset=utf8
[ sql ] [ SQL ] SHOW COLUMNS FROM `tp_link` [ RunTime:0.001452s ]
[ sql ] [ SQL ] SELECT COUNT(*) AS tp_count FROM `tp_link` LIMIT 1 [ RunTime:0.000607s ]
[ sql ] [ SQL ] SELECT * FROM `tp_link` ORDER BY `id` DESC LIMIT 0,10 [ RunTime:0.000631s ]
---------------------------------------------------------------
[ 2019-12-17T11:08:10+08:00 ] 0.0.0.0 GET localhost/shop/public/admin/link/edit/id/2.html
[运行时间：0.067770s] [吞吐率：14.76req/s] [内存消耗：2,879.16kb] [文件加载：54]
[ info ] [ LANG ] D:\phpStudy\WWW\shop\thinkphp\lang\zh-cn.php
[ info ] [ ROUTE ] array (
  'type' => 'module',
  'module' => 
  array (
    0 => 'admin',
    1 => 'link',
    2 => 'edit',
  ),
)
[ info ] [ HEADER ] array (
  'host' => 'localhost',
  'connection' => 'keep-alive',
  'upgrade-insecure-requests' => '1',
  'user-agent' => 'Mozilla/5.0 (Windows NT 10.0; WOW64) AppleWebKit/537.36 (KHTML, like Gecko) Chrome/78.0.3904.87 Safari/537.36',
  'sec-fetch-user' => '?1',
  'accept' => 'text/html,application/xhtml+xml,application/xml;q=0.9,image/webp,image/apng,*/*;q=0.8,application/signed-exchange;v=b3',
  'sec-fetch-site' => 'same-origin',
  'sec-fetch-mode' => 'navigate',
  'referer' => 'http://localhost/shop/public/admin/link/lst.html',
  'accept-encoding' => 'gzip, deflate, br',
  'accept-language' => 'zh-CN,zh;q=0.9',
  'cookie' => 'pgv_pvi=667781120; Phpstorm-b93aaa72=a9e76d0f-6113-45ea-b7ac-b691d05f48bc; __utmz=111872281.1572250548.1.1.utmcsr=(direct)|utmccn=(direct)|utmcmd=(none); Hm_lvt_b393d153aeb26b46e9431fabaf0f6190=1572246408,1572253015,1572504772,1572575705; __utma=111872281.275660930.1572250548.1572250548.1576480207.2; PHPSESSID=fdsmphu2lhf9lnie9f0kdcb4k4; Hm_lvt_080836300300be57b7f34f4b3e97d911=1576489308,1576500106,1576542626; Hm_lpvt_080836300300be57b7f34f4b3e97d911=1576544852',
)
[ info ] [ PARAM ] array (
  'id' => '2',
)
[ info ] [ RUN ] app\admin\controller\Link->edit[ D:\phpStudy\WWW\shop\application\admin\controller\Link.php ]
[ info ] [ DB ] INIT mysql
[ info ] [ VIEW ] D:\phpStudy\WWW\shop\public/../application/admin\view\link\edit.htm [ array (
  0 => 'linkInfo',
) ]
[ info ] [ LOG ] INIT File
[ sql ] [ DB ] CONNECT:[ UseTime:0.010800s ] mysql:host=127.0.0.1;dbname=tpshop;charset=utf8
[ sql ] [ SQL ] SHOW COLUMNS FROM `tp_link` [ RunTime:0.001577s ]
[ sql ] [ SQL ] SELECT * FROM `tp_link` WHERE  `id` = 2 LIMIT 1 [ RunTime:0.000773s ]
---------------------------------------------------------------
[ 2019-12-17T11:08:11+08:00 ] 0.0.0.0 POST localhost/shop/public/admin/link/edit/id/2.html
[运行时间：0.092106s] [吞吐率：10.86req/s] [内存消耗：2,963.29kb] [文件加载：58]
[ info ] [ LANG ] D:\phpStudy\WWW\shop\thinkphp\lang\zh-cn.php
[ info ] [ ROUTE ] array (
  'type' => 'module',
  'module' => 
  array (
    0 => 'admin',
    1 => 'link',
    2 => 'edit',
  ),
)
[ info ] [ HEADER ] array (
  'host' => 'localhost',
  'connection' => 'keep-alive',
  'content-length' => '783',
  'cache-control' => 'max-age=0',
  'origin' => 'http://localhost',
  'upgrade-insecure-requests' => '1',
  'content-type' => 'multipart/form-data; boundary=----WebKitFormBoundaryT8BRM8yiMMqNwoAh',
  'user-agent' => 'Mozilla/5.0 (Windows NT 10.0; WOW64) AppleWebKit/537.36 (KHTML, like Gecko) Chrome/78.0.3904.87 Safari/537.36',
  'sec-fetch-user' => '?1',
  'accept' => 'text/html,application/xhtml+xml,application/xml;q=0.9,image/webp,image/apng,*/*;q=0.8,application/signed-exchange;v=b3',
  'sec-fetch-site' => 'same-origin',
  'sec-fetch-mode' => 'navigate',
  'referer' => 'http://localhost/shop/public/admin/link/edit/id/2.html',
  'accept-encoding' => 'gzip, deflate, br',
  'accept-language' => 'zh-CN,zh;q=0.9',
  'cookie' => 'pgv_pvi=667781120; Phpstorm-b93aaa72=a9e76d0f-6113-45ea-b7ac-b691d05f48bc; __utmz=111872281.1572250548.1.1.utmcsr=(direct)|utmccn=(direct)|utmcmd=(none); Hm_lvt_b393d153aeb26b46e9431fabaf0f6190=1572246408,1572253015,1572504772,1572575705; __utma=111872281.275660930.1572250548.1572250548.1576480207.2; PHPSESSID=fdsmphu2lhf9lnie9f0kdcb4k4; Hm_lvt_080836300300be57b7f34f4b3e97d911=1576489308,1576500106,1576542626; Hm_lpvt_080836300300be57b7f34f4b3e97d911=1576544852',
)
[ info ] [ PARAM ] array (
  'id' => '2',
  'title' => '百度',
  'link_url' => 'http://baidu.com',
  'description' => '百度百度',
  'status' => '1',
  'type' => '1',
)
[ info ] [ RUN ] app\admin\controller\Link->edit[ D:\phpStudy\WWW\shop\application\admin\controller\Link.php ]
[ info ] [ DB ] INIT mysql
[ info ] [ CACHE ] INIT File
[ info ] [ VIEW ] D:\phpStudy\WWW\shop\thinkphp\tpl\dispatch_jump.tpl [ array (
  0 => 'code',
  1 => 'msg',
  2 => 'data',
  3 => 'url',
  4 => 'wait',
) ]
[ info ] [ LOG ] INIT File
[ sql ] [ DB ] CONNECT:[ UseTime:0.010300s ] mysql:host=127.0.0.1;dbname=tpshop;charset=utf8
[ sql ] [ SQL ] SHOW COLUMNS FROM `tp_link` [ RunTime:0.030537s ]
[ sql ] [ SQL ] SELECT `id` FROM `tp_link` WHERE  `title` = '百度'  AND `id` <> 2 LIMIT 1 [ RunTime:0.000874s ]
[ sql ] [ SQL ] UPDATE `tp_link`  SET `title`='百度',`link_url`='http://baidu.com',`description`='百度百度',`status`=1,`type`=1  WHERE  `id` = 2 [ RunTime:0.000495s ]
---------------------------------------------------------------
[ 2019-12-17T11:08:12+08:00 ] 0.0.0.0 GET localhost/shop/public/admin/link/lst.html
[运行时间：0.063034s] [吞吐率：15.86req/s] [内存消耗：2,999.37kb] [文件加载：58]
[ info ] [ LANG ] D:\phpStudy\WWW\shop\thinkphp\lang\zh-cn.php
[ info ] [ ROUTE ] array (
  'type' => 'module',
  'module' => 
  array (
    0 => 'admin',
    1 => 'link',
    2 => 'lst',
  ),
)
[ info ] [ HEADER ] array (
  'host' => 'localhost',
  'connection' => 'keep-alive',
  'upgrade-insecure-requests' => '1',
  'user-agent' => 'Mozilla/5.0 (Windows NT 10.0; WOW64) AppleWebKit/537.36 (KHTML, like Gecko) Chrome/78.0.3904.87 Safari/537.36',
  'sec-fetch-user' => '?1',
  'accept' => 'text/html,application/xhtml+xml,application/xml;q=0.9,image/webp,image/apng,*/*;q=0.8,application/signed-exchange;v=b3',
  'sec-fetch-site' => 'same-origin',
  'sec-fetch-mode' => 'navigate',
  'referer' => 'http://localhost/shop/public/admin/link/edit/id/2.html',
  'accept-encoding' => 'gzip, deflate, br',
  'accept-language' => 'zh-CN,zh;q=0.9',
  'cookie' => 'pgv_pvi=667781120; Phpstorm-b93aaa72=a9e76d0f-6113-45ea-b7ac-b691d05f48bc; __utmz=111872281.1572250548.1.1.utmcsr=(direct)|utmccn=(direct)|utmcmd=(none); Hm_lvt_b393d153aeb26b46e9431fabaf0f6190=1572246408,1572253015,1572504772,1572575705; __utma=111872281.275660930.1572250548.1572250548.1576480207.2; PHPSESSID=fdsmphu2lhf9lnie9f0kdcb4k4; Hm_lvt_080836300300be57b7f34f4b3e97d911=1576489308,1576500106,1576542626; Hm_lpvt_080836300300be57b7f34f4b3e97d911=1576544852',
)
[ info ] [ PARAM ] array (
)
[ info ] [ RUN ] app\admin\controller\Link->lst[ D:\phpStudy\WWW\shop\application\admin\controller\Link.php ]
[ info ] [ DB ] INIT mysql
[ info ] [ VIEW ] D:\phpStudy\WWW\shop\public/../application/admin\view\link\lst.htm [ array (
  0 => 'lst',
) ]
[ info ] [ LOG ] INIT File
[ sql ] [ DB ] CONNECT:[ UseTime:0.011079s ] mysql:host=127.0.0.1;dbname=tpshop;charset=utf8
[ sql ] [ SQL ] SHOW COLUMNS FROM `tp_link` [ RunTime:0.000924s ]
[ sql ] [ SQL ] SELECT COUNT(*) AS tp_count FROM `tp_link` LIMIT 1 [ RunTime:0.000382s ]
[ sql ] [ SQL ] SELECT * FROM `tp_link` ORDER BY `id` DESC LIMIT 0,10 [ RunTime:0.000405s ]
---------------------------------------------------------------
[ 2019-12-17T17:12:23+08:00 ] 0.0.0.0 GET localhost/shop/public/
[运行时间：0.307499s] [吞吐率：3.25req/s] [内存消耗：1,355.08kb] [文件加载：36]
[ info ] [ LANG ] D:\phpStudy\WWW\shop\thinkphp\lang\zh-cn.php
[ info ] [ ROUTE ] array (
  'type' => 'module',
  'module' => 
  array (
    0 => '',
    1 => NULL,
    2 => NULL,
  ),
)
[ info ] [ HEADER ] array (
  'host' => 'localhost',
  'connection' => 'keep-alive',
  'upgrade-insecure-requests' => '1',
  'user-agent' => 'Mozilla/5.0 (Windows NT 10.0; WOW64) AppleWebKit/537.36 (KHTML, like Gecko) Chrome/78.0.3904.87 Safari/537.36',
  'sec-fetch-user' => '?1',
  'accept' => 'text/html,application/xhtml+xml,application/xml;q=0.9,image/webp,image/apng,*/*;q=0.8,application/signed-exchange;v=b3',
  'sec-fetch-site' => 'same-origin',
  'sec-fetch-mode' => 'navigate',
  'referer' => 'http://localhost/shop/',
  'accept-encoding' => 'gzip, deflate, br',
  'accept-language' => 'zh-CN,zh;q=0.9',
  'cookie' => 'pgv_pvi=667781120; Phpstorm-b93aaa72=a9e76d0f-6113-45ea-b7ac-b691d05f48bc; __utmz=111872281.1572250548.1.1.utmcsr=(direct)|utmccn=(direct)|utmcmd=(none); Hm_lvt_b393d153aeb26b46e9431fabaf0f6190=1572246408,1572253015,1572504772,1572575705; __utma=111872281.275660930.1572250548.1572250548.1576480207.2; PHPSESSID=uh2jh6vijpqiteim18teki78o1; Hm_lvt_080836300300be57b7f34f4b3e97d911=1576489308,1576500106,1576542626,1576571417; Hm_lpvt_080836300300be57b7f34f4b3e97d911=1576573767',
)
[ info ] [ PARAM ] array (
)
[ info ] [ RUN ] app\index\controller\Index->index[ D:\phpStudy\WWW\shop\application\index\controller\Index.php ]
[ info ] [ LOG ] INIT File
---------------------------------------------------------------
[ 2019-12-17T17:12:26+08:00 ] 0.0.0.0 GET localhost/shop/public/admin
[运行时间：0.689735s] [吞吐率：1.45req/s] [内存消耗：1,658.85kb] [文件加载：43]
[ info ] [ LANG ] D:\phpStudy\WWW\shop\thinkphp\lang\zh-cn.php
[ info ] [ ROUTE ] array (
  'type' => 'module',
  'module' => 
  array (
    0 => 'admin',
    1 => NULL,
    2 => NULL,
  ),
)
[ info ] [ HEADER ] array (
  'host' => 'localhost',
  'connection' => 'keep-alive',
  'upgrade-insecure-requests' => '1',
  'user-agent' => 'Mozilla/5.0 (Windows NT 10.0; WOW64) AppleWebKit/537.36 (KHTML, like Gecko) Chrome/78.0.3904.87 Safari/537.36',
  'sec-fetch-user' => '?1',
  'accept' => 'text/html,application/xhtml+xml,application/xml;q=0.9,image/webp,image/apng,*/*;q=0.8,application/signed-exchange;v=b3',
  'sec-fetch-site' => 'none',
  'sec-fetch-mode' => 'navigate',
  'accept-encoding' => 'gzip, deflate, br',
  'accept-language' => 'zh-CN,zh;q=0.9',
  'cookie' => 'pgv_pvi=667781120; Phpstorm-b93aaa72=a9e76d0f-6113-45ea-b7ac-b691d05f48bc; __utmz=111872281.1572250548.1.1.utmcsr=(direct)|utmccn=(direct)|utmcmd=(none); Hm_lvt_b393d153aeb26b46e9431fabaf0f6190=1572246408,1572253015,1572504772,1572575705; __utma=111872281.275660930.1572250548.1572250548.1576480207.2; PHPSESSID=uh2jh6vijpqiteim18teki78o1; Hm_lvt_080836300300be57b7f34f4b3e97d911=1576489308,1576500106,1576542626,1576571417; Hm_lpvt_080836300300be57b7f34f4b3e97d911=1576573767; pgv_si=s9942568960',
)
[ info ] [ PARAM ] array (
)
[ info ] [ RUN ] app\admin\controller\Index->index[ D:\phpStudy\WWW\shop\application\admin\controller\Index.php ]
[ info ] [ VIEW ] D:\phpStudy\WWW\shop\public/../application/admin\view\index\index.htm [ array (
) ]
[ info ] [ LOG ] INIT File
---------------------------------------------------------------
[ 2019-12-17T17:12:28+08:00 ] 0.0.0.0 GET localhost/shop/public/admin/goods/lst.html
[运行时间：0.371289s] [吞吐率：2.69req/s] [内存消耗：3,087.46kb] [文件加载：60]
[ info ] [ LANG ] D:\phpStudy\WWW\shop\thinkphp\lang\zh-cn.php
[ info ] [ ROUTE ] array (
  'type' => 'module',
  'module' => 
  array (
    0 => 'admin',
    1 => 'goods',
    2 => 'lst',
  ),
)
[ info ] [ HEADER ] array (
  'host' => 'localhost',
  'connection' => 'keep-alive',
  'upgrade-insecure-requests' => '1',
  'user-agent' => 'Mozilla/5.0 (Windows NT 10.0; WOW64) AppleWebKit/537.36 (KHTML, like Gecko) Chrome/78.0.3904.87 Safari/537.36',
  'sec-fetch-user' => '?1',
  'accept' => 'text/html,application/xhtml+xml,application/xml;q=0.9,image/webp,image/apng,*/*;q=0.8,application/signed-exchange;v=b3',
  'sec-fetch-site' => 'same-origin',
  'sec-fetch-mode' => 'navigate',
  'referer' => 'http://localhost/shop/public/admin',
  'accept-encoding' => 'gzip, deflate, br',
  'accept-language' => 'zh-CN,zh;q=0.9',
  'cookie' => 'pgv_pvi=667781120; Phpstorm-b93aaa72=a9e76d0f-6113-45ea-b7ac-b691d05f48bc; __utmz=111872281.1572250548.1.1.utmcsr=(direct)|utmccn=(direct)|utmcmd=(none); Hm_lvt_b393d153aeb26b46e9431fabaf0f6190=1572246408,1572253015,1572504772,1572575705; __utma=111872281.275660930.1572250548.1572250548.1576480207.2; PHPSESSID=uh2jh6vijpqiteim18teki78o1; Hm_lvt_080836300300be57b7f34f4b3e97d911=1576489308,1576500106,1576542626,1576571417; Hm_lpvt_080836300300be57b7f34f4b3e97d911=1576573767; pgv_si=s9942568960',
)
[ info ] [ PARAM ] array (
)
[ info ] [ RUN ] app\admin\controller\Goods->lst[ D:\phpStudy\WWW\shop\application\admin\controller\Goods.php ]
[ info ] [ DB ] INIT mysql
[ info ] [ VIEW ] D:\phpStudy\WWW\shop\public/../application/admin\view\goods\lst.htm [ array (
  0 => 'lst',
) ]
[ info ] [ LOG ] INIT File
[ sql ] [ DB ] CONNECT:[ UseTime:0.011481s ] mysql:host=127.0.0.1;dbname=tpshop;charset=utf8
[ sql ] [ SQL ] SHOW COLUMNS FROM `tp_goods` [ RunTime:0.017750s ]
[ sql ] [ SQL ] SELECT COUNT(*) AS tp_count FROM `tp_goods` LIMIT 1 [ RunTime:0.000446s ]
[ sql ] [ SQL ] SELECT * FROM `tp_goods` ORDER BY `id` DESC LIMIT 0,10 [ RunTime:0.056629s ]
[ error ] [0]类的属性不存在:app\common\model\Goods->type_name[D:\phpStudy\WWW\shop\thinkphp\library\think\Model.php:626]
---------------------------------------------------------------
[ 2019-12-17T17:12:35+08:00 ] 0.0.0.0 GET localhost/shop/public/admin/goods/add.html
[运行时间：0.384838s] [吞吐率：2.60req/s] [内存消耗：2,935.84kb] [文件加载：55]
[ info ] [ LANG ] D:\phpStudy\WWW\shop\thinkphp\lang\zh-cn.php
[ info ] [ ROUTE ] array (
  'type' => 'module',
  'module' => 
  array (
    0 => 'admin',
    1 => 'goods',
    2 => 'add',
  ),
)
[ info ] [ HEADER ] array (
  'host' => 'localhost',
  'connection' => 'keep-alive',
  'upgrade-insecure-requests' => '1',
  'user-agent' => 'Mozilla/5.0 (Windows NT 10.0; WOW64) AppleWebKit/537.36 (KHTML, like Gecko) Chrome/78.0.3904.87 Safari/537.36',
  'sec-fetch-user' => '?1',
  'accept' => 'text/html,application/xhtml+xml,application/xml;q=0.9,image/webp,image/apng,*/*;q=0.8,application/signed-exchange;v=b3',
  'sec-fetch-site' => 'same-origin',
  'sec-fetch-mode' => 'navigate',
  'referer' => 'http://localhost/shop/public/admin',
  'accept-encoding' => 'gzip, deflate, br',
  'accept-language' => 'zh-CN,zh;q=0.9',
  'cookie' => 'pgv_pvi=667781120; Phpstorm-b93aaa72=a9e76d0f-6113-45ea-b7ac-b691d05f48bc; __utmz=111872281.1572250548.1.1.utmcsr=(direct)|utmccn=(direct)|utmcmd=(none); Hm_lvt_b393d153aeb26b46e9431fabaf0f6190=1572246408,1572253015,1572504772,1572575705; __utma=111872281.275660930.1572250548.1572250548.1576480207.2; PHPSESSID=uh2jh6vijpqiteim18teki78o1; Hm_lvt_080836300300be57b7f34f4b3e97d911=1576489308,1576500106,1576542626,1576571417; Hm_lpvt_080836300300be57b7f34f4b3e97d911=1576573767; pgv_si=s9942568960',
)
[ info ] [ PARAM ] array (
)
[ info ] [ RUN ] app\admin\controller\Goods->add[ D:\phpStudy\WWW\shop\application\admin\controller\Goods.php ]
[ info ] [ DB ] INIT mysql
[ info ] [ VIEW ] D:\phpStudy\WWW\shop\public/../application/admin\view\goods\add.htm [ array (
  0 => 'mlRes',
  1 => 'typeView',
  2 => 'brandRes',
  3 => 'Category',
) ]
[ info ] [ LOG ] INIT File
[ sql ] [ DB ] CONNECT:[ UseTime:0.010347s ] mysql:host=127.0.0.1;dbname=tpshop;charset=utf8
[ sql ] [ SQL ] SHOW COLUMNS FROM `tp_member_level` [ RunTime:0.001358s ]
[ sql ] [ SQL ] SELECT `id`,`level_name` FROM `tp_member_level` [ RunTime:0.000419s ]
[ sql ] [ SQL ] SHOW COLUMNS FROM `tp_type` [ RunTime:0.000845s ]
[ sql ] [ SQL ] SELECT * FROM `tp_type` [ RunTime:0.000581s ]
[ sql ] [ SQL ] SHOW COLUMNS FROM `tp_brand` [ RunTime:0.001277s ]
[ sql ] [ SQL ] SELECT `id`,`brand_name` FROM `tp_brand` [ RunTime:0.194062s ]
[ sql ] [ SQL ] SHOW COLUMNS FROM `tp_category` [ RunTime:0.001105s ]
[ sql ] [ SQL ] SELECT * FROM `tp_category` ORDER BY `sort` DESC [ RunTime:0.021161s ]
