---------------------------------------------------------------
[ 2019-12-18T09:16:16+08:00 ] 0.0.0.0 GET localhost/shop/public/admin
[运行时间：0.427859s] [吞吐率：2.34req/s] [内存消耗：1,658.43kb] [文件加载：43]
[ info ] [ LANG ] D:\phpStudy\WWW\shop\thinkphp\lang\zh-cn.php
[ info ] [ ROUTE ] array (
  'type' => 'module',
  'module' => 
  array (
    0 => 'admin',
    1 => NULL,
    2 => NULL,
  ),
)
[ info ] [ HEADER ] array (
  'host' => 'localhost',
  'connection' => 'keep-alive',
  'upgrade-insecure-requests' => '1',
  'user-agent' => 'Mozilla/5.0 (Windows NT 10.0; WOW64) AppleWebKit/537.36 (KHTML, like Gecko) Chrome/78.0.3904.87 Safari/537.36',
  'sec-fetch-user' => '?1',
  'accept' => 'text/html,application/xhtml+xml,application/xml;q=0.9,image/webp,image/apng,*/*;q=0.8,application/signed-exchange;v=b3',
  'sec-fetch-site' => 'none',
  'sec-fetch-mode' => 'navigate',
  'accept-encoding' => 'gzip, deflate, br',
  'accept-language' => 'zh-CN,zh;q=0.9',
  'cookie' => 'pgv_pvi=667781120; Phpstorm-b93aaa72=a9e76d0f-6113-45ea-b7ac-b691d05f48bc; __utmz=111872281.1572250548.1.1.utmcsr=(direct)|utmccn=(direct)|utmcmd=(none); Hm_lvt_b393d153aeb26b46e9431fabaf0f6190=1572246408,1572253015,1572504772,1572575705; __utma=111872281.275660930.1572250548.1572250548.1576480207.2; Hm_lvt_080836300300be57b7f34f4b3e97d911=1576489308,1576500106,1576542626,1576571417',
)
[ info ] [ PARAM ] array (
)
[ info ] [ RUN ] app\admin\controller\Index->index[ D:\phpStudy\WWW\shop\application\admin\controller\Index.php ]
[ info ] [ VIEW ] D:\phpStudy\WWW\shop\public/../application/admin\view\index\index.htm [ array (
) ]
[ info ] [ LOG ] INIT File
---------------------------------------------------------------
[ 2019-12-18T09:16:19+08:00 ] 0.0.0.0 GET localhost/shop/public/admin/goods/lst.html
[运行时间：0.483403s] [吞吐率：2.07req/s] [内存消耗：3,086.97kb] [文件加载：60]
[ info ] [ LANG ] D:\phpStudy\WWW\shop\thinkphp\lang\zh-cn.php
[ info ] [ ROUTE ] array (
  'type' => 'module',
  'module' => 
  array (
    0 => 'admin',
    1 => 'goods',
    2 => 'lst',
  ),
)
[ info ] [ HEADER ] array (
  'host' => 'localhost',
  'connection' => 'keep-alive',
  'upgrade-insecure-requests' => '1',
  'user-agent' => 'Mozilla/5.0 (Windows NT 10.0; WOW64) AppleWebKit/537.36 (KHTML, like Gecko) Chrome/78.0.3904.87 Safari/537.36',
  'sec-fetch-user' => '?1',
  'accept' => 'text/html,application/xhtml+xml,application/xml;q=0.9,image/webp,image/apng,*/*;q=0.8,application/signed-exchange;v=b3',
  'sec-fetch-site' => 'same-origin',
  'sec-fetch-mode' => 'navigate',
  'referer' => 'http://localhost/shop/public/admin',
  'accept-encoding' => 'gzip, deflate, br',
  'accept-language' => 'zh-CN,zh;q=0.9',
  'cookie' => 'pgv_pvi=667781120; Phpstorm-b93aaa72=a9e76d0f-6113-45ea-b7ac-b691d05f48bc; __utmz=111872281.1572250548.1.1.utmcsr=(direct)|utmccn=(direct)|utmcmd=(none); Hm_lvt_b393d153aeb26b46e9431fabaf0f6190=1572246408,1572253015,1572504772,1572575705; __utma=111872281.275660930.1572250548.1572250548.1576480207.2; Hm_lvt_080836300300be57b7f34f4b3e97d911=1576489308,1576500106,1576542626,1576571417',
)
[ info ] [ PARAM ] array (
)
[ info ] [ RUN ] app\admin\controller\Goods->lst[ D:\phpStudy\WWW\shop\application\admin\controller\Goods.php ]
[ info ] [ DB ] INIT mysql
[ info ] [ VIEW ] D:\phpStudy\WWW\shop\public/../application/admin\view\goods\lst.htm [ array (
  0 => 'lst',
) ]
[ info ] [ LOG ] INIT File
[ sql ] [ DB ] CONNECT:[ UseTime:0.011808s ] mysql:host=127.0.0.1;dbname=tpshop;charset=utf8
[ sql ] [ SQL ] SHOW COLUMNS FROM `tp_goods` [ RunTime:0.015701s ]
[ sql ] [ SQL ] SELECT COUNT(*) AS tp_count FROM `tp_goods` LIMIT 1 [ RunTime:0.000527s ]
[ sql ] [ SQL ] SELECT * FROM `tp_goods` ORDER BY `id` DESC LIMIT 0,10 [ RunTime:0.027370s ]
[ error ] [0]类的属性不存在:app\common\model\Goods->type_name[D:\phpStudy\WWW\shop\thinkphp\library\think\Model.php:626]
---------------------------------------------------------------
[ 2019-12-18T17:20:04+08:00 ] 0.0.0.0 GET localhost/shop/public/admin
[运行时间：0.358517s] [吞吐率：2.79req/s] [内存消耗：1,658.73kb] [文件加载：43]
[ info ] [ LANG ] D:\phpStudy\WWW\shop\thinkphp\lang\zh-cn.php
[ info ] [ ROUTE ] array (
  'type' => 'module',
  'module' => 
  array (
    0 => 'admin',
    1 => NULL,
    2 => NULL,
  ),
)
[ info ] [ HEADER ] array (
  'host' => 'localhost',
  'connection' => 'keep-alive',
  'upgrade-insecure-requests' => '1',
  'user-agent' => 'Mozilla/5.0 (Windows NT 10.0; WOW64) AppleWebKit/537.36 (KHTML, like Gecko) Chrome/78.0.3904.87 Safari/537.36',
  'sec-fetch-user' => '?1',
  'accept' => 'text/html,application/xhtml+xml,application/xml;q=0.9,image/webp,image/apng,*/*;q=0.8,application/signed-exchange;v=b3',
  'sec-fetch-site' => 'none',
  'sec-fetch-mode' => 'navigate',
  'accept-encoding' => 'gzip, deflate, br',
  'accept-language' => 'zh-CN,zh;q=0.9',
  'cookie' => 'pgv_pvi=667781120; Phpstorm-b93aaa72=a9e76d0f-6113-45ea-b7ac-b691d05f48bc; __utmz=111872281.1572250548.1.1.utmcsr=(direct)|utmccn=(direct)|utmcmd=(none); Hm_lvt_b393d153aeb26b46e9431fabaf0f6190=1572246408,1572253015,1572504772,1572575705; __utma=111872281.275660930.1572250548.1572250548.1576480207.2; PHPSESSID=tnbfmhgjq8me5n02rbh69ui324; Hm_lvt_080836300300be57b7f34f4b3e97d911=1576500106,1576542626,1576571417,1576634558; Hm_lpvt_080836300300be57b7f34f4b3e97d911=1576656830',
)
[ info ] [ PARAM ] array (
)
[ info ] [ RUN ] app\admin\controller\Index->index[ D:\phpStudy\WWW\shop\application\admin\controller\Index.php ]
[ info ] [ VIEW ] D:\phpStudy\WWW\shop\public/../application/admin\view\index\index.htm [ array (
) ]
[ info ] [ LOG ] INIT File
---------------------------------------------------------------
[ 2019-12-18T17:20:09+08:00 ] 0.0.0.0 GET localhost/shop/public/admin/cate/lst.html
[运行时间：0.329630s] [吞吐率：3.03req/s] [内存消耗：2,922.89kb] [文件加载：55]
[ info ] [ LANG ] D:\phpStudy\WWW\shop\thinkphp\lang\zh-cn.php
[ info ] [ ROUTE ] array (
  'type' => 'module',
  'module' => 
  array (
    0 => 'admin',
    1 => 'cate',
    2 => 'lst',
  ),
)
[ info ] [ HEADER ] array (
  'host' => 'localhost',
  'connection' => 'keep-alive',
  'upgrade-insecure-requests' => '1',
  'user-agent' => 'Mozilla/5.0 (Windows NT 10.0; WOW64) AppleWebKit/537.36 (KHTML, like Gecko) Chrome/78.0.3904.87 Safari/537.36',
  'sec-fetch-user' => '?1',
  'accept' => 'text/html,application/xhtml+xml,application/xml;q=0.9,image/webp,image/apng,*/*;q=0.8,application/signed-exchange;v=b3',
  'sec-fetch-site' => 'same-origin',
  'sec-fetch-mode' => 'navigate',
  'referer' => 'http://localhost/shop/public/admin',
  'accept-encoding' => 'gzip, deflate, br',
  'accept-language' => 'zh-CN,zh;q=0.9',
  'cookie' => 'pgv_pvi=667781120; Phpstorm-b93aaa72=a9e76d0f-6113-45ea-b7ac-b691d05f48bc; __utmz=111872281.1572250548.1.1.utmcsr=(direct)|utmccn=(direct)|utmcmd=(none); Hm_lvt_b393d153aeb26b46e9431fabaf0f6190=1572246408,1572253015,1572504772,1572575705; __utma=111872281.275660930.1572250548.1572250548.1576480207.2; PHPSESSID=tnbfmhgjq8me5n02rbh69ui324; Hm_lvt_080836300300be57b7f34f4b3e97d911=1576500106,1576542626,1576571417,1576634558; Hm_lpvt_080836300300be57b7f34f4b3e97d911=1576656830',
)
[ info ] [ PARAM ] array (
)
[ info ] [ RUN ] app\admin\controller\Cate->lst[ D:\phpStudy\WWW\shop\application\admin\controller\Cate.php ]
[ info ] [ DB ] INIT mysql
[ info ] [ VIEW ] D:\phpStudy\WWW\shop\public/../application/admin\view\cate\lst.htm [ array (
  0 => 'cateLst',
) ]
[ info ] [ LOG ] INIT File
[ sql ] [ DB ] CONNECT:[ UseTime:0.011325s ] mysql:host=127.0.0.1;dbname=tpshop;charset=utf8
[ sql ] [ SQL ] SHOW COLUMNS FROM `tp_cate` [ RunTime:0.001587s ]
[ sql ] [ SQL ] SELECT * FROM `tp_cate` ORDER BY `sort` DESC [ RunTime:0.000520s ]
---------------------------------------------------------------
[ 2019-12-18T17:21:23+08:00 ] 0.0.0.0 GET localhost/shop/public/admin/article/lst.html
[运行时间：0.312930s] [吞吐率：3.20req/s] [内存消耗：3,026.66kb] [文件加载：58]
[ info ] [ LANG ] D:\phpStudy\WWW\shop\thinkphp\lang\zh-cn.php
[ info ] [ ROUTE ] array (
  'type' => 'module',
  'module' => 
  array (
    0 => 'admin',
    1 => 'article',
    2 => 'lst',
  ),
)
[ info ] [ HEADER ] array (
  'host' => 'localhost',
  'connection' => 'keep-alive',
  'upgrade-insecure-requests' => '1',
  'user-agent' => 'Mozilla/5.0 (Windows NT 10.0; WOW64) AppleWebKit/537.36 (KHTML, like Gecko) Chrome/78.0.3904.87 Safari/537.36',
  'sec-fetch-user' => '?1',
  'accept' => 'text/html,application/xhtml+xml,application/xml;q=0.9,image/webp,image/apng,*/*;q=0.8,application/signed-exchange;v=b3',
  'sec-fetch-site' => 'same-origin',
  'sec-fetch-mode' => 'navigate',
  'referer' => 'http://localhost/shop/public/admin/cate/lst.html',
  'accept-encoding' => 'gzip, deflate, br',
  'accept-language' => 'zh-CN,zh;q=0.9',
  'cookie' => 'pgv_pvi=667781120; Phpstorm-b93aaa72=a9e76d0f-6113-45ea-b7ac-b691d05f48bc; __utmz=111872281.1572250548.1.1.utmcsr=(direct)|utmccn=(direct)|utmcmd=(none); Hm_lvt_b393d153aeb26b46e9431fabaf0f6190=1572246408,1572253015,1572504772,1572575705; __utma=111872281.275660930.1572250548.1572250548.1576480207.2; PHPSESSID=tnbfmhgjq8me5n02rbh69ui324; Hm_lvt_080836300300be57b7f34f4b3e97d911=1576500106,1576542626,1576571417,1576634558; Hm_lpvt_080836300300be57b7f34f4b3e97d911=1576656830',
)
[ info ] [ PARAM ] array (
)
[ info ] [ RUN ] app\admin\controller\Article->lst[ D:\phpStudy\WWW\shop\application\admin\controller\Article.php ]
[ info ] [ DB ] INIT mysql
[ info ] [ VIEW ] D:\phpStudy\WWW\shop\public/../application/admin\view\article\lst.htm [ array (
  0 => 'article',
) ]
[ info ] [ LOG ] INIT File
[ sql ] [ DB ] CONNECT:[ UseTime:0.001497s ] mysql:host=127.0.0.1;dbname=tpshop;charset=utf8
[ sql ] [ SQL ] SHOW COLUMNS FROM `tp_article` [ RunTime:0.001127s ]
[ sql ] [ SQL ] SELECT COUNT(*) AS tp_count FROM `tp_article` `a` INNER JOIN `tp_cate` `c` ON `a`.`cate_id`=`c`.`id` LIMIT 1 [ RunTime:0.079455s ]
[ sql ] [ SQL ] SELECT `a`.*,`c`.`cate_name` FROM `tp_article` `a` INNER JOIN `tp_cate` `c` ON `a`.`cate_id`=`c`.`id` ORDER BY `a`.`addtime` DESC LIMIT 0,10 [ RunTime:0.000866s ]
---------------------------------------------------------------
[ 2019-12-18T17:21:29+08:00 ] 0.0.0.0 GET localhost/shop/public/admin/cate/lst.html
[运行时间：0.063603s] [吞吐率：15.72req/s] [内存消耗：2,923.11kb] [文件加载：55]
[ info ] [ LANG ] D:\phpStudy\WWW\shop\thinkphp\lang\zh-cn.php
[ info ] [ ROUTE ] array (
  'type' => 'module',
  'module' => 
  array (
    0 => 'admin',
    1 => 'cate',
    2 => 'lst',
  ),
)
[ info ] [ HEADER ] array (
  'host' => 'localhost',
  'connection' => 'keep-alive',
  'upgrade-insecure-requests' => '1',
  'user-agent' => 'Mozilla/5.0 (Windows NT 10.0; WOW64) AppleWebKit/537.36 (KHTML, like Gecko) Chrome/78.0.3904.87 Safari/537.36',
  'sec-fetch-user' => '?1',
  'accept' => 'text/html,application/xhtml+xml,application/xml;q=0.9,image/webp,image/apng,*/*;q=0.8,application/signed-exchange;v=b3',
  'sec-fetch-site' => 'same-origin',
  'sec-fetch-mode' => 'navigate',
  'referer' => 'http://localhost/shop/public/admin/article/lst.html',
  'accept-encoding' => 'gzip, deflate, br',
  'accept-language' => 'zh-CN,zh;q=0.9',
  'cookie' => 'pgv_pvi=667781120; Phpstorm-b93aaa72=a9e76d0f-6113-45ea-b7ac-b691d05f48bc; __utmz=111872281.1572250548.1.1.utmcsr=(direct)|utmccn=(direct)|utmcmd=(none); Hm_lvt_b393d153aeb26b46e9431fabaf0f6190=1572246408,1572253015,1572504772,1572575705; __utma=111872281.275660930.1572250548.1572250548.1576480207.2; PHPSESSID=tnbfmhgjq8me5n02rbh69ui324; Hm_lvt_080836300300be57b7f34f4b3e97d911=1576500106,1576542626,1576571417,1576634558; Hm_lpvt_080836300300be57b7f34f4b3e97d911=1576656830',
)
[ info ] [ PARAM ] array (
)
[ info ] [ RUN ] app\admin\controller\Cate->lst[ D:\phpStudy\WWW\shop\application\admin\controller\Cate.php ]
[ info ] [ DB ] INIT mysql
[ info ] [ VIEW ] D:\phpStudy\WWW\shop\public/../application/admin\view\cate\lst.htm [ array (
  0 => 'cateLst',
) ]
[ info ] [ LOG ] INIT File
[ sql ] [ DB ] CONNECT:[ UseTime:0.010782s ] mysql:host=127.0.0.1;dbname=tpshop;charset=utf8
[ sql ] [ SQL ] SHOW COLUMNS FROM `tp_cate` [ RunTime:0.003936s ]
[ sql ] [ SQL ] SELECT * FROM `tp_cate` ORDER BY `sort` DESC [ RunTime:0.000810s ]
---------------------------------------------------------------
[ 2019-12-18T17:21:33+08:00 ] 0.0.0.0 GET localhost/shop/public/admin/cate/add.html
[运行时间：0.251331s] [吞吐率：3.98req/s] [内存消耗：3,090.75kb] [文件加载：57]
[ info ] [ LANG ] D:\phpStudy\WWW\shop\thinkphp\lang\zh-cn.php
[ info ] [ ROUTE ] array (
  'type' => 'module',
  'module' => 
  array (
    0 => 'admin',
    1 => 'cate',
    2 => 'add',
  ),
)
[ info ] [ HEADER ] array (
  'host' => 'localhost',
  'connection' => 'keep-alive',
  'upgrade-insecure-requests' => '1',
  'user-agent' => 'Mozilla/5.0 (Windows NT 10.0; WOW64) AppleWebKit/537.36 (KHTML, like Gecko) Chrome/78.0.3904.87 Safari/537.36',
  'sec-fetch-user' => '?1',
  'accept' => 'text/html,application/xhtml+xml,application/xml;q=0.9,image/webp,image/apng,*/*;q=0.8,application/signed-exchange;v=b3',
  'sec-fetch-site' => 'same-origin',
  'sec-fetch-mode' => 'navigate',
  'referer' => 'http://localhost/shop/public/admin/cate/lst.html',
  'accept-encoding' => 'gzip, deflate, br',
  'accept-language' => 'zh-CN,zh;q=0.9',
  'cookie' => 'pgv_pvi=667781120; Phpstorm-b93aaa72=a9e76d0f-6113-45ea-b7ac-b691d05f48bc; __utmz=111872281.1572250548.1.1.utmcsr=(direct)|utmccn=(direct)|utmcmd=(none); Hm_lvt_b393d153aeb26b46e9431fabaf0f6190=1572246408,1572253015,1572504772,1572575705; __utma=111872281.275660930.1572250548.1572250548.1576480207.2; PHPSESSID=tnbfmhgjq8me5n02rbh69ui324; Hm_lvt_080836300300be57b7f34f4b3e97d911=1576500106,1576542626,1576571417,1576634558; Hm_lpvt_080836300300be57b7f34f4b3e97d911=1576656830',
)
[ info ] [ PARAM ] array (
)
[ info ] [ RUN ] app\admin\controller\Cate->add[ D:\phpStudy\WWW\shop\application\admin\controller\Cate.php ]
[ info ] [ DB ] INIT mysql
[ info ] [ VIEW ] D:\phpStudy\WWW\shop\public/../application/admin\view\cate\add.htm [ array (
  0 => 'cate',
) ]
[ info ] [ LOG ] INIT File
[ sql ] [ DB ] CONNECT:[ UseTime:0.011036s ] mysql:host=127.0.0.1;dbname=tpshop;charset=utf8
[ sql ] [ SQL ] SHOW COLUMNS FROM `tp_cate` [ RunTime:0.001437s ]
[ sql ] [ SQL ] SELECT * FROM `tp_cate` ORDER BY `sort` DESC [ RunTime:0.000485s ]
---------------------------------------------------------------
[ 2019-12-18T17:21:41+08:00 ] 0.0.0.0 GET localhost/shop/public/admin/article/lst.html
[运行时间：0.071637s] [吞吐率：13.96req/s] [内存消耗：3,026.66kb] [文件加载：58]
[ info ] [ LANG ] D:\phpStudy\WWW\shop\thinkphp\lang\zh-cn.php
[ info ] [ ROUTE ] array (
  'type' => 'module',
  'module' => 
  array (
    0 => 'admin',
    1 => 'article',
    2 => 'lst',
  ),
)
[ info ] [ HEADER ] array (
  'host' => 'localhost',
  'connection' => 'keep-alive',
  'upgrade-insecure-requests' => '1',
  'user-agent' => 'Mozilla/5.0 (Windows NT 10.0; WOW64) AppleWebKit/537.36 (KHTML, like Gecko) Chrome/78.0.3904.87 Safari/537.36',
  'sec-fetch-user' => '?1',
  'accept' => 'text/html,application/xhtml+xml,application/xml;q=0.9,image/webp,image/apng,*/*;q=0.8,application/signed-exchange;v=b3',
  'sec-fetch-site' => 'same-origin',
  'sec-fetch-mode' => 'navigate',
  'referer' => 'http://localhost/shop/public/admin/cate/add.html',
  'accept-encoding' => 'gzip, deflate, br',
  'accept-language' => 'zh-CN,zh;q=0.9',
  'cookie' => 'pgv_pvi=667781120; Phpstorm-b93aaa72=a9e76d0f-6113-45ea-b7ac-b691d05f48bc; __utmz=111872281.1572250548.1.1.utmcsr=(direct)|utmccn=(direct)|utmcmd=(none); Hm_lvt_b393d153aeb26b46e9431fabaf0f6190=1572246408,1572253015,1572504772,1572575705; __utma=111872281.275660930.1572250548.1572250548.1576480207.2; PHPSESSID=tnbfmhgjq8me5n02rbh69ui324; Hm_lvt_080836300300be57b7f34f4b3e97d911=1576500106,1576542626,1576571417,1576634558; Hm_lpvt_080836300300be57b7f34f4b3e97d911=1576656830',
)
[ info ] [ PARAM ] array (
)
[ info ] [ RUN ] app\admin\controller\Article->lst[ D:\phpStudy\WWW\shop\application\admin\controller\Article.php ]
[ info ] [ DB ] INIT mysql
[ info ] [ VIEW ] D:\phpStudy\WWW\shop\public/../application/admin\view\article\lst.htm [ array (
  0 => 'article',
) ]
[ info ] [ LOG ] INIT File
[ sql ] [ DB ] CONNECT:[ UseTime:0.011942s ] mysql:host=127.0.0.1;dbname=tpshop;charset=utf8
[ sql ] [ SQL ] SHOW COLUMNS FROM `tp_article` [ RunTime:0.005797s ]
[ sql ] [ SQL ] SELECT COUNT(*) AS tp_count FROM `tp_article` `a` INNER JOIN `tp_cate` `c` ON `a`.`cate_id`=`c`.`id` LIMIT 1 [ RunTime:0.001335s ]
[ sql ] [ SQL ] SELECT `a`.*,`c`.`cate_name` FROM `tp_article` `a` INNER JOIN `tp_cate` `c` ON `a`.`cate_id`=`c`.`id` ORDER BY `a`.`addtime` DESC LIMIT 0,10 [ RunTime:0.000587s ]
---------------------------------------------------------------
[ 2019-12-18T17:21:42+08:00 ] 0.0.0.0 GET localhost/shop/public/admin/article/add.html
[运行时间：0.114208s] [吞吐率：8.76req/s] [内存消耗：3,100.77kb] [文件加载：57]
[ info ] [ LANG ] D:\phpStudy\WWW\shop\thinkphp\lang\zh-cn.php
[ info ] [ ROUTE ] array (
  'type' => 'module',
  'module' => 
  array (
    0 => 'admin',
    1 => 'article',
    2 => 'add',
  ),
)
[ info ] [ HEADER ] array (
  'host' => 'localhost',
  'connection' => 'keep-alive',
  'upgrade-insecure-requests' => '1',
  'user-agent' => 'Mozilla/5.0 (Windows NT 10.0; WOW64) AppleWebKit/537.36 (KHTML, like Gecko) Chrome/78.0.3904.87 Safari/537.36',
  'sec-fetch-user' => '?1',
  'accept' => 'text/html,application/xhtml+xml,application/xml;q=0.9,image/webp,image/apng,*/*;q=0.8,application/signed-exchange;v=b3',
  'sec-fetch-site' => 'same-origin',
  'sec-fetch-mode' => 'navigate',
  'referer' => 'http://localhost/shop/public/admin/article/lst.html',
  'accept-encoding' => 'gzip, deflate, br',
  'accept-language' => 'zh-CN,zh;q=0.9',
  'cookie' => 'pgv_pvi=667781120; Phpstorm-b93aaa72=a9e76d0f-6113-45ea-b7ac-b691d05f48bc; __utmz=111872281.1572250548.1.1.utmcsr=(direct)|utmccn=(direct)|utmcmd=(none); Hm_lvt_b393d153aeb26b46e9431fabaf0f6190=1572246408,1572253015,1572504772,1572575705; __utma=111872281.275660930.1572250548.1572250548.1576480207.2; PHPSESSID=tnbfmhgjq8me5n02rbh69ui324; Hm_lvt_080836300300be57b7f34f4b3e97d911=1576500106,1576542626,1576571417,1576634558; Hm_lpvt_080836300300be57b7f34f4b3e97d911=1576656830',
)
[ info ] [ PARAM ] array (
)
[ info ] [ RUN ] app\admin\controller\Article->add[ D:\phpStudy\WWW\shop\application\admin\controller\Article.php ]
[ info ] [ DB ] INIT mysql
[ info ] [ VIEW ] D:\phpStudy\WWW\shop\public/../application/admin\view\article\add.htm [ array (
  0 => 'cate',
) ]
[ info ] [ LOG ] INIT File
[ sql ] [ DB ] CONNECT:[ UseTime:0.011253s ] mysql:host=127.0.0.1;dbname=tpshop;charset=utf8
[ sql ] [ SQL ] SHOW COLUMNS FROM `tp_cate` [ RunTime:0.003048s ]
[ sql ] [ SQL ] SELECT * FROM `tp_cate` ORDER BY `sort` DESC [ RunTime:0.000556s ]
---------------------------------------------------------------
[ 2019-12-18T17:21:50+08:00 ] 0.0.0.0 GET localhost/shop/public/admin/cate/lst.html
[运行时间：0.052746s] [吞吐率：18.96req/s] [内存消耗：2,923.11kb] [文件加载：55]
[ info ] [ LANG ] D:\phpStudy\WWW\shop\thinkphp\lang\zh-cn.php
[ info ] [ ROUTE ] array (
  'type' => 'module',
  'module' => 
  array (
    0 => 'admin',
    1 => 'cate',
    2 => 'lst',
  ),
)
[ info ] [ HEADER ] array (
  'host' => 'localhost',
  'connection' => 'keep-alive',
  'upgrade-insecure-requests' => '1',
  'user-agent' => 'Mozilla/5.0 (Windows NT 10.0; WOW64) AppleWebKit/537.36 (KHTML, like Gecko) Chrome/78.0.3904.87 Safari/537.36',
  'sec-fetch-user' => '?1',
  'accept' => 'text/html,application/xhtml+xml,application/xml;q=0.9,image/webp,image/apng,*/*;q=0.8,application/signed-exchange;v=b3',
  'sec-fetch-site' => 'same-origin',
  'sec-fetch-mode' => 'navigate',
  'referer' => 'http://localhost/shop/public/admin/article/add.html',
  'accept-encoding' => 'gzip, deflate, br',
  'accept-language' => 'zh-CN,zh;q=0.9',
  'cookie' => 'pgv_pvi=667781120; Phpstorm-b93aaa72=a9e76d0f-6113-45ea-b7ac-b691d05f48bc; __utmz=111872281.1572250548.1.1.utmcsr=(direct)|utmccn=(direct)|utmcmd=(none); Hm_lvt_b393d153aeb26b46e9431fabaf0f6190=1572246408,1572253015,1572504772,1572575705; __utma=111872281.275660930.1572250548.1572250548.1576480207.2; PHPSESSID=tnbfmhgjq8me5n02rbh69ui324; Hm_lvt_080836300300be57b7f34f4b3e97d911=1576500106,1576542626,1576571417,1576634558; Hm_lpvt_080836300300be57b7f34f4b3e97d911=1576656830',
)
[ info ] [ PARAM ] array (
)
[ info ] [ RUN ] app\admin\controller\Cate->lst[ D:\phpStudy\WWW\shop\application\admin\controller\Cate.php ]
[ info ] [ DB ] INIT mysql
[ info ] [ VIEW ] D:\phpStudy\WWW\shop\public/../application/admin\view\cate\lst.htm [ array (
  0 => 'cateLst',
) ]
[ info ] [ LOG ] INIT File
[ sql ] [ DB ] CONNECT:[ UseTime:0.001623s ] mysql:host=127.0.0.1;dbname=tpshop;charset=utf8
[ sql ] [ SQL ] SHOW COLUMNS FROM `tp_cate` [ RunTime:0.000932s ]
[ sql ] [ SQL ] SELECT * FROM `tp_cate` ORDER BY `sort` DESC [ RunTime:0.000491s ]
---------------------------------------------------------------
[ 2019-12-18T17:21:51+08:00 ] 0.0.0.0 GET localhost/shop/public/admin/cate/add.html
[运行时间：0.067513s] [吞吐率：14.81req/s] [内存消耗：2,923.05kb] [文件加载：55]
[ info ] [ LANG ] D:\phpStudy\WWW\shop\thinkphp\lang\zh-cn.php
[ info ] [ ROUTE ] array (
  'type' => 'module',
  'module' => 
  array (
    0 => 'admin',
    1 => 'cate',
    2 => 'add',
  ),
)
[ info ] [ HEADER ] array (
  'host' => 'localhost',
  'connection' => 'keep-alive',
  'upgrade-insecure-requests' => '1',
  'user-agent' => 'Mozilla/5.0 (Windows NT 10.0; WOW64) AppleWebKit/537.36 (KHTML, like Gecko) Chrome/78.0.3904.87 Safari/537.36',
  'sec-fetch-user' => '?1',
  'accept' => 'text/html,application/xhtml+xml,application/xml;q=0.9,image/webp,image/apng,*/*;q=0.8,application/signed-exchange;v=b3',
  'sec-fetch-site' => 'same-origin',
  'sec-fetch-mode' => 'navigate',
  'referer' => 'http://localhost/shop/public/admin/cate/lst.html',
  'accept-encoding' => 'gzip, deflate, br',
  'accept-language' => 'zh-CN,zh;q=0.9',
  'cookie' => 'pgv_pvi=667781120; Phpstorm-b93aaa72=a9e76d0f-6113-45ea-b7ac-b691d05f48bc; __utmz=111872281.1572250548.1.1.utmcsr=(direct)|utmccn=(direct)|utmcmd=(none); Hm_lvt_b393d153aeb26b46e9431fabaf0f6190=1572246408,1572253015,1572504772,1572575705; __utma=111872281.275660930.1572250548.1572250548.1576480207.2; PHPSESSID=tnbfmhgjq8me5n02rbh69ui324; Hm_lvt_080836300300be57b7f34f4b3e97d911=1576500106,1576542626,1576571417,1576634558; Hm_lpvt_080836300300be57b7f34f4b3e97d911=1576656830',
)
[ info ] [ PARAM ] array (
)
[ info ] [ RUN ] app\admin\controller\Cate->add[ D:\phpStudy\WWW\shop\application\admin\controller\Cate.php ]
[ info ] [ DB ] INIT mysql
[ info ] [ VIEW ] D:\phpStudy\WWW\shop\public/../application/admin\view\cate\add.htm [ array (
  0 => 'cate',
) ]
[ info ] [ LOG ] INIT File
[ sql ] [ DB ] CONNECT:[ UseTime:0.011907s ] mysql:host=127.0.0.1;dbname=tpshop;charset=utf8
[ sql ] [ SQL ] SHOW COLUMNS FROM `tp_cate` [ RunTime:0.001707s ]
[ sql ] [ SQL ] SELECT * FROM `tp_cate` ORDER BY `sort` DESC [ RunTime:0.000830s ]
---------------------------------------------------------------
[ 2019-12-18T17:22:03+08:00 ] 0.0.0.0 POST localhost/shop/public/admin/cate/add.html
[运行时间：0.092439s] [吞吐率：10.82req/s] [内存消耗：2,887.75kb] [文件加载：56]
[ info ] [ LANG ] D:\phpStudy\WWW\shop\thinkphp\lang\zh-cn.php
[ info ] [ ROUTE ] array (
  'type' => 'module',
  'module' => 
  array (
    0 => 'admin',
    1 => 'cate',
    2 => 'add',
  ),
)
[ info ] [ HEADER ] array (
  'host' => 'localhost',
  'connection' => 'keep-alive',
  'content-length' => '74',
  'cache-control' => 'max-age=0',
  'origin' => 'http://localhost',
  'upgrade-insecure-requests' => '1',
  'content-type' => 'application/x-www-form-urlencoded',
  'user-agent' => 'Mozilla/5.0 (Windows NT 10.0; WOW64) AppleWebKit/537.36 (KHTML, like Gecko) Chrome/78.0.3904.87 Safari/537.36',
  'sec-fetch-user' => '?1',
  'accept' => 'text/html,application/xhtml+xml,application/xml;q=0.9,image/webp,image/apng,*/*;q=0.8,application/signed-exchange;v=b3',
  'sec-fetch-site' => 'same-origin',
  'sec-fetch-mode' => 'navigate',
  'referer' => 'http://localhost/shop/public/admin/cate/add.html',
  'accept-encoding' => 'gzip, deflate, br',
  'accept-language' => 'zh-CN,zh;q=0.9',
  'cookie' => 'pgv_pvi=667781120; Phpstorm-b93aaa72=a9e76d0f-6113-45ea-b7ac-b691d05f48bc; __utmz=111872281.1572250548.1.1.utmcsr=(direct)|utmccn=(direct)|utmcmd=(none); Hm_lvt_b393d153aeb26b46e9431fabaf0f6190=1572246408,1572253015,1572504772,1572575705; __utma=111872281.275660930.1572250548.1572250548.1576480207.2; PHPSESSID=tnbfmhgjq8me5n02rbh69ui324; Hm_lvt_080836300300be57b7f34f4b3e97d911=1576500106,1576542626,1576571417,1576634558; Hm_lpvt_080836300300be57b7f34f4b3e97d911=1576656830',
)
[ info ] [ PARAM ] array (
  'pid' => '2',
  'cate_name' => '测试',
  'show_nav' => '1',
  'keywords' => '123',
  'description' => '123',
)
[ info ] [ RUN ] app\admin\controller\Cate->add[ D:\phpStudy\WWW\shop\application\admin\controller\Cate.php ]
[ info ] [ DB ] INIT mysql
[ info ] [ VIEW ] D:\phpStudy\WWW\shop\thinkphp\tpl\dispatch_jump.tpl [ array (
  0 => 'code',
  1 => 'msg',
  2 => 'data',
  3 => 'url',
  4 => 'wait',
) ]
[ info ] [ LOG ] INIT File
[ sql ] [ DB ] CONNECT:[ UseTime:0.010606s ] mysql:host=127.0.0.1;dbname=tpshop;charset=utf8
[ sql ] [ SQL ] SHOW COLUMNS FROM `tp_cate` [ RunTime:0.003728s ]
[ sql ] [ SQL ] SELECT `pid` FROM `tp_cate` WHERE  `id` = 2 LIMIT 1 [ RunTime:0.000914s ]
[ sql ] [ SQL ] SELECT `id` FROM `tp_cate` WHERE  `cate_name` = '测试' LIMIT 1 [ RunTime:0.000570s ]
[ sql ] [ SQL ] INSERT INTO `tp_cate` (`pid` , `cate_name` , `show_nav` , `keywords` , `description` , `cate_type`) VALUES (2 , '测试' , 1 , '123' , '123' , 3) [ RunTime:0.000644s ]
---------------------------------------------------------------
[ 2019-12-18T17:22:04+08:00 ] 0.0.0.0 GET localhost/shop/public/admin/cate/lst.html
[运行时间：0.061677s] [吞吐率：16.21req/s] [内存消耗：2,927.20kb] [文件加载：55]
[ info ] [ LANG ] D:\phpStudy\WWW\shop\thinkphp\lang\zh-cn.php
[ info ] [ ROUTE ] array (
  'type' => 'module',
  'module' => 
  array (
    0 => 'admin',
    1 => 'cate',
    2 => 'lst',
  ),
)
[ info ] [ HEADER ] array (
  'host' => 'localhost',
  'connection' => 'keep-alive',
  'upgrade-insecure-requests' => '1',
  'user-agent' => 'Mozilla/5.0 (Windows NT 10.0; WOW64) AppleWebKit/537.36 (KHTML, like Gecko) Chrome/78.0.3904.87 Safari/537.36',
  'sec-fetch-user' => '?1',
  'accept' => 'text/html,application/xhtml+xml,application/xml;q=0.9,image/webp,image/apng,*/*;q=0.8,application/signed-exchange;v=b3',
  'sec-fetch-site' => 'same-origin',
  'sec-fetch-mode' => 'navigate',
  'referer' => 'http://localhost/shop/public/admin/cate/add.html',
  'accept-encoding' => 'gzip, deflate, br',
  'accept-language' => 'zh-CN,zh;q=0.9',
  'cookie' => 'pgv_pvi=667781120; Phpstorm-b93aaa72=a9e76d0f-6113-45ea-b7ac-b691d05f48bc; __utmz=111872281.1572250548.1.1.utmcsr=(direct)|utmccn=(direct)|utmcmd=(none); Hm_lvt_b393d153aeb26b46e9431fabaf0f6190=1572246408,1572253015,1572504772,1572575705; __utma=111872281.275660930.1572250548.1572250548.1576480207.2; PHPSESSID=tnbfmhgjq8me5n02rbh69ui324; Hm_lvt_080836300300be57b7f34f4b3e97d911=1576500106,1576542626,1576571417,1576634558; Hm_lpvt_080836300300be57b7f34f4b3e97d911=1576656830',
)
[ info ] [ PARAM ] array (
)
[ info ] [ RUN ] app\admin\controller\Cate->lst[ D:\phpStudy\WWW\shop\application\admin\controller\Cate.php ]
[ info ] [ DB ] INIT mysql
[ info ] [ VIEW ] D:\phpStudy\WWW\shop\public/../application/admin\view\cate\lst.htm [ array (
  0 => 'cateLst',
) ]
[ info ] [ LOG ] INIT File
[ sql ] [ DB ] CONNECT:[ UseTime:0.010561s ] mysql:host=127.0.0.1;dbname=tpshop;charset=utf8
[ sql ] [ SQL ] SHOW COLUMNS FROM `tp_cate` [ RunTime:0.004080s ]
[ sql ] [ SQL ] SELECT * FROM `tp_cate` ORDER BY `sort` DESC [ RunTime:0.000526s ]
---------------------------------------------------------------
[ 2019-12-18T17:22:06+08:00 ] 0.0.0.0 GET localhost/shop/public/admin/article/lst.html
[运行时间：0.063211s] [吞吐率：15.82req/s] [内存消耗：3,026.66kb] [文件加载：58]
[ info ] [ LANG ] D:\phpStudy\WWW\shop\thinkphp\lang\zh-cn.php
[ info ] [ ROUTE ] array (
  'type' => 'module',
  'module' => 
  array (
    0 => 'admin',
    1 => 'article',
    2 => 'lst',
  ),
)
[ info ] [ HEADER ] array (
  'host' => 'localhost',
  'connection' => 'keep-alive',
  'upgrade-insecure-requests' => '1',
  'user-agent' => 'Mozilla/5.0 (Windows NT 10.0; WOW64) AppleWebKit/537.36 (KHTML, like Gecko) Chrome/78.0.3904.87 Safari/537.36',
  'sec-fetch-user' => '?1',
  'accept' => 'text/html,application/xhtml+xml,application/xml;q=0.9,image/webp,image/apng,*/*;q=0.8,application/signed-exchange;v=b3',
  'sec-fetch-site' => 'same-origin',
  'sec-fetch-mode' => 'navigate',
  'referer' => 'http://localhost/shop/public/admin/cate/lst.html',
  'accept-encoding' => 'gzip, deflate, br',
  'accept-language' => 'zh-CN,zh;q=0.9',
  'cookie' => 'pgv_pvi=667781120; Phpstorm-b93aaa72=a9e76d0f-6113-45ea-b7ac-b691d05f48bc; __utmz=111872281.1572250548.1.1.utmcsr=(direct)|utmccn=(direct)|utmcmd=(none); Hm_lvt_b393d153aeb26b46e9431fabaf0f6190=1572246408,1572253015,1572504772,1572575705; __utma=111872281.275660930.1572250548.1572250548.1576480207.2; PHPSESSID=tnbfmhgjq8me5n02rbh69ui324; Hm_lvt_080836300300be57b7f34f4b3e97d911=1576500106,1576542626,1576571417,1576634558; Hm_lpvt_080836300300be57b7f34f4b3e97d911=1576656830',
)
[ info ] [ PARAM ] array (
)
[ info ] [ RUN ] app\admin\controller\Article->lst[ D:\phpStudy\WWW\shop\application\admin\controller\Article.php ]
[ info ] [ DB ] INIT mysql
[ info ] [ VIEW ] D:\phpStudy\WWW\shop\public/../application/admin\view\article\lst.htm [ array (
  0 => 'article',
) ]
[ info ] [ LOG ] INIT File
[ sql ] [ DB ] CONNECT:[ UseTime:0.010483s ] mysql:host=127.0.0.1;dbname=tpshop;charset=utf8
[ sql ] [ SQL ] SHOW COLUMNS FROM `tp_article` [ RunTime:0.001028s ]
[ sql ] [ SQL ] SELECT COUNT(*) AS tp_count FROM `tp_article` `a` INNER JOIN `tp_cate` `c` ON `a`.`cate_id`=`c`.`id` LIMIT 1 [ RunTime:0.003516s ]
[ sql ] [ SQL ] SELECT `a`.*,`c`.`cate_name` FROM `tp_article` `a` INNER JOIN `tp_cate` `c` ON `a`.`cate_id`=`c`.`id` ORDER BY `a`.`addtime` DESC LIMIT 0,10 [ RunTime:0.000743s ]
---------------------------------------------------------------
[ 2019-12-18T17:22:08+08:00 ] 0.0.0.0 GET localhost/shop/public/admin/cate/lst.html
[运行时间：0.058057s] [吞吐率：17.22req/s] [内存消耗：2,927.20kb] [文件加载：55]
[ info ] [ LANG ] D:\phpStudy\WWW\shop\thinkphp\lang\zh-cn.php
[ info ] [ ROUTE ] array (
  'type' => 'module',
  'module' => 
  array (
    0 => 'admin',
    1 => 'cate',
    2 => 'lst',
  ),
)
[ info ] [ HEADER ] array (
  'host' => 'localhost',
  'connection' => 'keep-alive',
  'upgrade-insecure-requests' => '1',
  'user-agent' => 'Mozilla/5.0 (Windows NT 10.0; WOW64) AppleWebKit/537.36 (KHTML, like Gecko) Chrome/78.0.3904.87 Safari/537.36',
  'sec-fetch-user' => '?1',
  'accept' => 'text/html,application/xhtml+xml,application/xml;q=0.9,image/webp,image/apng,*/*;q=0.8,application/signed-exchange;v=b3',
  'sec-fetch-site' => 'same-origin',
  'sec-fetch-mode' => 'navigate',
  'referer' => 'http://localhost/shop/public/admin/article/lst.html',
  'accept-encoding' => 'gzip, deflate, br',
  'accept-language' => 'zh-CN,zh;q=0.9',
  'cookie' => 'pgv_pvi=667781120; Phpstorm-b93aaa72=a9e76d0f-6113-45ea-b7ac-b691d05f48bc; __utmz=111872281.1572250548.1.1.utmcsr=(direct)|utmccn=(direct)|utmcmd=(none); Hm_lvt_b393d153aeb26b46e9431fabaf0f6190=1572246408,1572253015,1572504772,1572575705; __utma=111872281.275660930.1572250548.1572250548.1576480207.2; PHPSESSID=tnbfmhgjq8me5n02rbh69ui324; Hm_lvt_080836300300be57b7f34f4b3e97d911=1576500106,1576542626,1576571417,1576634558; Hm_lpvt_080836300300be57b7f34f4b3e97d911=1576656830',
)
[ info ] [ PARAM ] array (
)
[ info ] [ RUN ] app\admin\controller\Cate->lst[ D:\phpStudy\WWW\shop\application\admin\controller\Cate.php ]
[ info ] [ DB ] INIT mysql
[ info ] [ VIEW ] D:\phpStudy\WWW\shop\public/../application/admin\view\cate\lst.htm [ array (
  0 => 'cateLst',
) ]
[ info ] [ LOG ] INIT File
[ sql ] [ DB ] CONNECT:[ UseTime:0.010735s ] mysql:host=127.0.0.1;dbname=tpshop;charset=utf8
[ sql ] [ SQL ] SHOW COLUMNS FROM `tp_cate` [ RunTime:0.000921s ]
[ sql ] [ SQL ] SELECT * FROM `tp_cate` ORDER BY `sort` DESC [ RunTime:0.000415s ]
---------------------------------------------------------------
[ 2019-12-18T17:22:12+08:00 ] 0.0.0.0 GET localhost/shop/public/admin/article/lst.html
[运行时间：0.083704s] [吞吐率：11.95req/s] [内存消耗：3,026.66kb] [文件加载：58]
[ info ] [ LANG ] D:\phpStudy\WWW\shop\thinkphp\lang\zh-cn.php
[ info ] [ ROUTE ] array (
  'type' => 'module',
  'module' => 
  array (
    0 => 'admin',
    1 => 'article',
    2 => 'lst',
  ),
)
[ info ] [ HEADER ] array (
  'host' => 'localhost',
  'connection' => 'keep-alive',
  'upgrade-insecure-requests' => '1',
  'user-agent' => 'Mozilla/5.0 (Windows NT 10.0; WOW64) AppleWebKit/537.36 (KHTML, like Gecko) Chrome/78.0.3904.87 Safari/537.36',
  'sec-fetch-user' => '?1',
  'accept' => 'text/html,application/xhtml+xml,application/xml;q=0.9,image/webp,image/apng,*/*;q=0.8,application/signed-exchange;v=b3',
  'sec-fetch-site' => 'same-origin',
  'sec-fetch-mode' => 'navigate',
  'referer' => 'http://localhost/shop/public/admin/cate/lst.html',
  'accept-encoding' => 'gzip, deflate, br',
  'accept-language' => 'zh-CN,zh;q=0.9',
  'cookie' => 'pgv_pvi=667781120; Phpstorm-b93aaa72=a9e76d0f-6113-45ea-b7ac-b691d05f48bc; __utmz=111872281.1572250548.1.1.utmcsr=(direct)|utmccn=(direct)|utmcmd=(none); Hm_lvt_b393d153aeb26b46e9431fabaf0f6190=1572246408,1572253015,1572504772,1572575705; __utma=111872281.275660930.1572250548.1572250548.1576480207.2; PHPSESSID=tnbfmhgjq8me5n02rbh69ui324; Hm_lvt_080836300300be57b7f34f4b3e97d911=1576500106,1576542626,1576571417,1576634558; Hm_lpvt_080836300300be57b7f34f4b3e97d911=1576656830',
)
[ info ] [ PARAM ] array (
)
[ info ] [ RUN ] app\admin\controller\Article->lst[ D:\phpStudy\WWW\shop\application\admin\controller\Article.php ]
[ info ] [ DB ] INIT mysql
[ info ] [ VIEW ] D:\phpStudy\WWW\shop\public/../application/admin\view\article\lst.htm [ array (
  0 => 'article',
) ]
[ info ] [ LOG ] INIT File
[ sql ] [ DB ] CONNECT:[ UseTime:0.010313s ] mysql:host=127.0.0.1;dbname=tpshop;charset=utf8
[ sql ] [ SQL ] SHOW COLUMNS FROM `tp_article` [ RunTime:0.005135s ]
[ sql ] [ SQL ] SELECT COUNT(*) AS tp_count FROM `tp_article` `a` INNER JOIN `tp_cate` `c` ON `a`.`cate_id`=`c`.`id` LIMIT 1 [ RunTime:0.013336s ]
[ sql ] [ SQL ] SELECT `a`.*,`c`.`cate_name` FROM `tp_article` `a` INNER JOIN `tp_cate` `c` ON `a`.`cate_id`=`c`.`id` ORDER BY `a`.`addtime` DESC LIMIT 0,10 [ RunTime:0.000541s ]
---------------------------------------------------------------
[ 2019-12-18T17:22:13+08:00 ] 0.0.0.0 GET localhost/shop/public/admin/article/add.html
[运行时间：0.065137s] [吞吐率：15.35req/s] [内存消耗：2,933.01kb] [文件加载：55]
[ info ] [ LANG ] D:\phpStudy\WWW\shop\thinkphp\lang\zh-cn.php
[ info ] [ ROUTE ] array (
  'type' => 'module',
  'module' => 
  array (
    0 => 'admin',
    1 => 'article',
    2 => 'add',
  ),
)
[ info ] [ HEADER ] array (
  'host' => 'localhost',
  'connection' => 'keep-alive',
  'upgrade-insecure-requests' => '1',
  'user-agent' => 'Mozilla/5.0 (Windows NT 10.0; WOW64) AppleWebKit/537.36 (KHTML, like Gecko) Chrome/78.0.3904.87 Safari/537.36',
  'sec-fetch-user' => '?1',
  'accept' => 'text/html,application/xhtml+xml,application/xml;q=0.9,image/webp,image/apng,*/*;q=0.8,application/signed-exchange;v=b3',
  'sec-fetch-site' => 'same-origin',
  'sec-fetch-mode' => 'navigate',
  'referer' => 'http://localhost/shop/public/admin/article/lst.html',
  'accept-encoding' => 'gzip, deflate, br',
  'accept-language' => 'zh-CN,zh;q=0.9',
  'cookie' => 'pgv_pvi=667781120; Phpstorm-b93aaa72=a9e76d0f-6113-45ea-b7ac-b691d05f48bc; __utmz=111872281.1572250548.1.1.utmcsr=(direct)|utmccn=(direct)|utmcmd=(none); Hm_lvt_b393d153aeb26b46e9431fabaf0f6190=1572246408,1572253015,1572504772,1572575705; __utma=111872281.275660930.1572250548.1572250548.1576480207.2; PHPSESSID=tnbfmhgjq8me5n02rbh69ui324; Hm_lvt_080836300300be57b7f34f4b3e97d911=1576500106,1576542626,1576571417,1576634558; Hm_lpvt_080836300300be57b7f34f4b3e97d911=1576656830',
)
[ info ] [ PARAM ] array (
)
[ info ] [ RUN ] app\admin\controller\Article->add[ D:\phpStudy\WWW\shop\application\admin\controller\Article.php ]
[ info ] [ DB ] INIT mysql
[ info ] [ VIEW ] D:\phpStudy\WWW\shop\public/../application/admin\view\article\add.htm [ array (
  0 => 'cate',
) ]
[ info ] [ LOG ] INIT File
[ sql ] [ DB ] CONNECT:[ UseTime:0.011032s ] mysql:host=127.0.0.1;dbname=tpshop;charset=utf8
[ sql ] [ SQL ] SHOW COLUMNS FROM `tp_cate` [ RunTime:0.002920s ]
[ sql ] [ SQL ] SELECT * FROM `tp_cate` ORDER BY `sort` DESC [ RunTime:0.000775s ]
---------------------------------------------------------------
[ 2019-12-18T17:22:38+08:00 ] 0.0.0.0 POST localhost/shop/public/admin/article/add.html
[运行时间：0.047520s] [吞吐率：21.04req/s] [内存消耗：2,831.90kb] [文件加载：55]
[ info ] [ LANG ] D:\phpStudy\WWW\shop\thinkphp\lang\zh-cn.php
[ info ] [ ROUTE ] array (
  'type' => 'module',
  'module' => 
  array (
    0 => 'admin',
    1 => 'article',
    2 => 'add',
  ),
)
[ info ] [ HEADER ] array (
  'host' => 'localhost',
  'connection' => 'keep-alive',
  'content-length' => '1125',
  'cache-control' => 'max-age=0',
  'origin' => 'http://localhost',
  'upgrade-insecure-requests' => '1',
  'content-type' => 'multipart/form-data; boundary=----WebKitFormBoundaryiB9OKb1IiSl4kIDe',
  'user-agent' => 'Mozilla/5.0 (Windows NT 10.0; WOW64) AppleWebKit/537.36 (KHTML, like Gecko) Chrome/78.0.3904.87 Safari/537.36',
  'sec-fetch-user' => '?1',
  'accept' => 'text/html,application/xhtml+xml,application/xml;q=0.9,image/webp,image/apng,*/*;q=0.8,application/signed-exchange;v=b3',
  'sec-fetch-site' => 'same-origin',
  'sec-fetch-mode' => 'navigate',
  'referer' => 'http://localhost/shop/public/admin/article/add.html',
  'accept-encoding' => 'gzip, deflate, br',
  'accept-language' => 'zh-CN,zh;q=0.9',
  'cookie' => 'pgv_pvi=667781120; Phpstorm-b93aaa72=a9e76d0f-6113-45ea-b7ac-b691d05f48bc; __utmz=111872281.1572250548.1.1.utmcsr=(direct)|utmccn=(direct)|utmcmd=(none); Hm_lvt_b393d153aeb26b46e9431fabaf0f6190=1572246408,1572253015,1572504772,1572575705; __utma=111872281.275660930.1572250548.1572250548.1576480207.2; PHPSESSID=tnbfmhgjq8me5n02rbh69ui324; Hm_lvt_080836300300be57b7f34f4b3e97d911=1576500106,1576542626,1576571417,1576634558; Hm_lpvt_080836300300be57b7f34f4b3e97d911=1576656830',
)
[ info ] [ PARAM ] array (
  'cate_id' => '59',
  'title' => '测试',
  'show_top' => '1',
  'keywords' => '12',
  'description' => '123',
  'author' => '123',
  'email' => '2352282123@qq.com',
  'link_url' => '132',
  'content' => '<p>123&nbsp;&nbsp;&nbsp;&nbsp;<br/></p><p><br/></p>',
)
[ info ] [ RUN ] app\admin\controller\Article->add[ D:\phpStudy\WWW\shop\application\admin\controller\Article.php ]
[ info ] [ DB ] INIT mysql
[ info ] [ VIEW ] D:\phpStudy\WWW\shop\thinkphp\tpl\dispatch_jump.tpl [ array (
  0 => 'code',
  1 => 'msg',
  2 => 'data',
  3 => 'url',
  4 => 'wait',
) ]
[ info ] [ LOG ] INIT File
[ sql ] [ DB ] CONNECT:[ UseTime:0.001526s ] mysql:host=127.0.0.1;dbname=tpshop;charset=utf8
[ sql ] [ SQL ] SHOW COLUMNS FROM `tp_article` [ RunTime:0.001641s ]
[ sql ] [ SQL ] SELECT `id` FROM `tp_article` WHERE  `title` = '测试' LIMIT 1 [ RunTime:0.000425s ]
[ sql ] [ SQL ] SELECT `id` FROM `tp_article` WHERE  `email` = '2352282123@qq.com' LIMIT 1 [ RunTime:0.000333s ]
---------------------------------------------------------------
[ 2019-12-18T17:22:39+08:00 ] 0.0.0.0 GET localhost/shop/public/admin/article/add.html
[运行时间：0.046654s] [吞吐率：21.43req/s] [内存消耗：2,932.77kb] [文件加载：55]
[ info ] [ LANG ] D:\phpStudy\WWW\shop\thinkphp\lang\zh-cn.php
[ info ] [ ROUTE ] array (
  'type' => 'module',
  'module' => 
  array (
    0 => 'admin',
    1 => 'article',
    2 => 'add',
  ),
)
[ info ] [ HEADER ] array (
  'host' => 'localhost',
  'connection' => 'keep-alive',
  'upgrade-insecure-requests' => '1',
  'user-agent' => 'Mozilla/5.0 (Windows NT 10.0; WOW64) AppleWebKit/537.36 (KHTML, like Gecko) Chrome/78.0.3904.87 Safari/537.36',
  'accept' => 'text/html,application/xhtml+xml,application/xml;q=0.9,image/webp,image/apng,*/*;q=0.8,application/signed-exchange;v=b3',
  'sec-fetch-site' => 'same-origin',
  'sec-fetch-mode' => 'navigate',
  'referer' => 'http://localhost/shop/public/admin/article/lst.html',
  'accept-encoding' => 'gzip, deflate, br',
  'accept-language' => 'zh-CN,zh;q=0.9',
  'cookie' => 'pgv_pvi=667781120; Phpstorm-b93aaa72=a9e76d0f-6113-45ea-b7ac-b691d05f48bc; __utmz=111872281.1572250548.1.1.utmcsr=(direct)|utmccn=(direct)|utmcmd=(none); Hm_lvt_b393d153aeb26b46e9431fabaf0f6190=1572246408,1572253015,1572504772,1572575705; __utma=111872281.275660930.1572250548.1572250548.1576480207.2; PHPSESSID=tnbfmhgjq8me5n02rbh69ui324; Hm_lvt_080836300300be57b7f34f4b3e97d911=1576500106,1576542626,1576571417,1576634558; Hm_lpvt_080836300300be57b7f34f4b3e97d911=1576656830',
)
[ info ] [ PARAM ] array (
)
[ info ] [ RUN ] app\admin\controller\Article->add[ D:\phpStudy\WWW\shop\application\admin\controller\Article.php ]
[ info ] [ DB ] INIT mysql
[ info ] [ VIEW ] D:\phpStudy\WWW\shop\public/../application/admin\view\article\add.htm [ array (
  0 => 'cate',
) ]
[ info ] [ LOG ] INIT File
[ sql ] [ DB ] CONNECT:[ UseTime:0.002425s ] mysql:host=127.0.0.1;dbname=tpshop;charset=utf8
[ sql ] [ SQL ] SHOW COLUMNS FROM `tp_cate` [ RunTime:0.000981s ]
[ sql ] [ SQL ] SELECT * FROM `tp_cate` ORDER BY `sort` DESC [ RunTime:0.000633s ]
---------------------------------------------------------------
[ 2019-12-18T17:22:42+08:00 ] 0.0.0.0 POST localhost/shop/public/admin/article/add.html
[运行时间：0.163218s] [吞吐率：6.13req/s] [内存消耗：2,902.27kb] [文件加载：56]
[ info ] [ LANG ] D:\phpStudy\WWW\shop\thinkphp\lang\zh-cn.php
[ info ] [ ROUTE ] array (
  'type' => 'module',
  'module' => 
  array (
    0 => 'admin',
    1 => 'article',
    2 => 'add',
  ),
)
[ info ] [ HEADER ] array (
  'host' => 'localhost',
  'connection' => 'keep-alive',
  'content-length' => '1118',
  'cache-control' => 'max-age=0',
  'origin' => 'http://localhost',
  'upgrade-insecure-requests' => '1',
  'content-type' => 'multipart/form-data; boundary=----WebKitFormBoundaryaCNBP2fg1udaIpRS',
  'user-agent' => 'Mozilla/5.0 (Windows NT 10.0; WOW64) AppleWebKit/537.36 (KHTML, like Gecko) Chrome/78.0.3904.87 Safari/537.36',
  'sec-fetch-user' => '?1',
  'accept' => 'text/html,application/xhtml+xml,application/xml;q=0.9,image/webp,image/apng,*/*;q=0.8,application/signed-exchange;v=b3',
  'sec-fetch-site' => 'same-origin',
  'sec-fetch-mode' => 'navigate',
  'referer' => 'http://localhost/shop/public/admin/article/add.html',
  'accept-encoding' => 'gzip, deflate, br',
  'accept-language' => 'zh-CN,zh;q=0.9',
  'cookie' => 'pgv_pvi=667781120; Phpstorm-b93aaa72=a9e76d0f-6113-45ea-b7ac-b691d05f48bc; __utmz=111872281.1572250548.1.1.utmcsr=(direct)|utmccn=(direct)|utmcmd=(none); Hm_lvt_b393d153aeb26b46e9431fabaf0f6190=1572246408,1572253015,1572504772,1572575705; __utma=111872281.275660930.1572250548.1572250548.1576480207.2; PHPSESSID=tnbfmhgjq8me5n02rbh69ui324; Hm_lvt_080836300300be57b7f34f4b3e97d911=1576500106,1576542626,1576571417,1576634558; Hm_lpvt_080836300300be57b7f34f4b3e97d911=1576656830',
)
[ info ] [ PARAM ] array (
  'cate_id' => '59',
  'title' => '测试',
  'show_top' => '1',
  'keywords' => '12',
  'description' => '123',
  'author' => '123',
  'email' => '233@qq.com',
  'link_url' => '132',
  'content' => '<p>123&nbsp;&nbsp;&nbsp;&nbsp;<br/></p><p><br/></p>',
)
[ info ] [ RUN ] app\admin\controller\Article->add[ D:\phpStudy\WWW\shop\application\admin\controller\Article.php ]
[ info ] [ DB ] INIT mysql
[ info ] [ VIEW ] D:\phpStudy\WWW\shop\thinkphp\tpl\dispatch_jump.tpl [ array (
  0 => 'code',
  1 => 'msg',
  2 => 'data',
  3 => 'url',
  4 => 'wait',
) ]
[ info ] [ LOG ] INIT File
[ sql ] [ DB ] CONNECT:[ UseTime:0.003043s ] mysql:host=127.0.0.1;dbname=tpshop;charset=utf8
[ sql ] [ SQL ] SHOW COLUMNS FROM `tp_article` [ RunTime:0.001917s ]
[ sql ] [ SQL ] SELECT `id` FROM `tp_article` WHERE  `title` = '测试' LIMIT 1 [ RunTime:0.001080s ]
[ sql ] [ SQL ] SELECT `id` FROM `tp_article` WHERE  `email` = '233@qq.com' LIMIT 1 [ RunTime:0.000799s ]
[ sql ] [ SQL ] INSERT INTO `tp_article` (`cate_id` , `title` , `show_top` , `keywords` , `description` , `author` , `email` , `link_url` , `content` , `addtime`) VALUES (59 , '测试' , 1 , '12' , '123' , '123' , '233@qq.com' , 'http://132' , '<p>123&nbsp;&nbsp;&nbsp;&nbsp;<br/></p><p><br/></p>' , 1576660962) [ RunTime:0.101179s ]
---------------------------------------------------------------
[ 2019-12-18T17:22:43+08:00 ] 0.0.0.0 GET localhost/shop/public/admin/article/lst.html
[运行时间：0.051179s] [吞吐率：19.54req/s] [内存消耗：3,030.94kb] [文件加载：58]
[ info ] [ LANG ] D:\phpStudy\WWW\shop\thinkphp\lang\zh-cn.php
[ info ] [ ROUTE ] array (
  'type' => 'module',
  'module' => 
  array (
    0 => 'admin',
    1 => 'article',
    2 => 'lst',
  ),
)
[ info ] [ HEADER ] array (
  'host' => 'localhost',
  'connection' => 'keep-alive',
  'upgrade-insecure-requests' => '1',
  'user-agent' => 'Mozilla/5.0 (Windows NT 10.0; WOW64) AppleWebKit/537.36 (KHTML, like Gecko) Chrome/78.0.3904.87 Safari/537.36',
  'sec-fetch-user' => '?1',
  'accept' => 'text/html,application/xhtml+xml,application/xml;q=0.9,image/webp,image/apng,*/*;q=0.8,application/signed-exchange;v=b3',
  'sec-fetch-site' => 'same-origin',
  'sec-fetch-mode' => 'navigate',
  'referer' => 'http://localhost/shop/public/admin/article/add.html',
  'accept-encoding' => 'gzip, deflate, br',
  'accept-language' => 'zh-CN,zh;q=0.9',
  'cookie' => 'pgv_pvi=667781120; Phpstorm-b93aaa72=a9e76d0f-6113-45ea-b7ac-b691d05f48bc; __utmz=111872281.1572250548.1.1.utmcsr=(direct)|utmccn=(direct)|utmcmd=(none); Hm_lvt_b393d153aeb26b46e9431fabaf0f6190=1572246408,1572253015,1572504772,1572575705; __utma=111872281.275660930.1572250548.1572250548.1576480207.2; PHPSESSID=tnbfmhgjq8me5n02rbh69ui324; Hm_lvt_080836300300be57b7f34f4b3e97d911=1576500106,1576542626,1576571417,1576634558; Hm_lpvt_080836300300be57b7f34f4b3e97d911=1576656830',
)
[ info ] [ PARAM ] array (
)
[ info ] [ RUN ] app\admin\controller\Article->lst[ D:\phpStudy\WWW\shop\application\admin\controller\Article.php ]
[ info ] [ DB ] INIT mysql
[ info ] [ VIEW ] D:\phpStudy\WWW\shop\public/../application/admin\view\article\lst.htm [ array (
  0 => 'article',
) ]
[ info ] [ LOG ] INIT File
[ sql ] [ DB ] CONNECT:[ UseTime:0.002140s ] mysql:host=127.0.0.1;dbname=tpshop;charset=utf8
[ sql ] [ SQL ] SHOW COLUMNS FROM `tp_article` [ RunTime:0.002126s ]
[ sql ] [ SQL ] SELECT COUNT(*) AS tp_count FROM `tp_article` `a` INNER JOIN `tp_cate` `c` ON `a`.`cate_id`=`c`.`id` LIMIT 1 [ RunTime:0.001589s ]
[ sql ] [ SQL ] SELECT `a`.*,`c`.`cate_name` FROM `tp_article` `a` INNER JOIN `tp_cate` `c` ON `a`.`cate_id`=`c`.`id` ORDER BY `a`.`addtime` DESC LIMIT 0,10 [ RunTime:0.000528s ]
---------------------------------------------------------------
[ 2019-12-18T17:22:50+08:00 ] 0.0.0.0 GET localhost/shop/public/admin/cate/lst.html
[运行时间：0.057451s] [吞吐率：17.41req/s] [内存消耗：2,927.20kb] [文件加载：55]
[ info ] [ LANG ] D:\phpStudy\WWW\shop\thinkphp\lang\zh-cn.php
[ info ] [ ROUTE ] array (
  'type' => 'module',
  'module' => 
  array (
    0 => 'admin',
    1 => 'cate',
    2 => 'lst',
  ),
)
[ info ] [ HEADER ] array (
  'host' => 'localhost',
  'connection' => 'keep-alive',
  'upgrade-insecure-requests' => '1',
  'user-agent' => 'Mozilla/5.0 (Windows NT 10.0; WOW64) AppleWebKit/537.36 (KHTML, like Gecko) Chrome/78.0.3904.87 Safari/537.36',
  'sec-fetch-user' => '?1',
  'accept' => 'text/html,application/xhtml+xml,application/xml;q=0.9,image/webp,image/apng,*/*;q=0.8,application/signed-exchange;v=b3',
  'sec-fetch-site' => 'same-origin',
  'sec-fetch-mode' => 'navigate',
  'referer' => 'http://localhost/shop/public/admin/article/lst.html',
  'accept-encoding' => 'gzip, deflate, br',
  'accept-language' => 'zh-CN,zh;q=0.9',
  'cookie' => 'pgv_pvi=667781120; Phpstorm-b93aaa72=a9e76d0f-6113-45ea-b7ac-b691d05f48bc; __utmz=111872281.1572250548.1.1.utmcsr=(direct)|utmccn=(direct)|utmcmd=(none); Hm_lvt_b393d153aeb26b46e9431fabaf0f6190=1572246408,1572253015,1572504772,1572575705; __utma=111872281.275660930.1572250548.1572250548.1576480207.2; PHPSESSID=tnbfmhgjq8me5n02rbh69ui324; Hm_lvt_080836300300be57b7f34f4b3e97d911=1576500106,1576542626,1576571417,1576634558; Hm_lpvt_080836300300be57b7f34f4b3e97d911=1576656830',
)
[ info ] [ PARAM ] array (
)
[ info ] [ RUN ] app\admin\controller\Cate->lst[ D:\phpStudy\WWW\shop\application\admin\controller\Cate.php ]
[ info ] [ DB ] INIT mysql
[ info ] [ VIEW ] D:\phpStudy\WWW\shop\public/../application/admin\view\cate\lst.htm [ array (
  0 => 'cateLst',
) ]
[ info ] [ LOG ] INIT File
[ sql ] [ DB ] CONNECT:[ UseTime:0.011608s ] mysql:host=127.0.0.1;dbname=tpshop;charset=utf8
[ sql ] [ SQL ] SHOW COLUMNS FROM `tp_cate` [ RunTime:0.000860s ]
[ sql ] [ SQL ] SELECT * FROM `tp_cate` ORDER BY `sort` DESC [ RunTime:0.000363s ]
---------------------------------------------------------------
[ 2019-12-18T17:23:08+08:00 ] 0.0.0.0 POST localhost/shop/public/admin/cate/del.html
[运行时间：0.239892s] [吞吐率：4.17req/s] [内存消耗：3,022.15kb] [文件加载：62]
[ info ] [ LANG ] D:\phpStudy\WWW\shop\thinkphp\lang\zh-cn.php
[ info ] [ ROUTE ] array (
  'type' => 'module',
  'module' => 
  array (
    0 => 'admin',
    1 => 'cate',
    2 => 'del',
  ),
)
[ info ] [ HEADER ] array (
  'host' => 'localhost',
  'connection' => 'keep-alive',
  'content-length' => '5',
  'accept' => 'application/json, text/javascript, */*; q=0.01',
  'origin' => 'http://localhost',
  'x-requested-with' => 'XMLHttpRequest',
  'user-agent' => 'Mozilla/5.0 (Windows NT 10.0; WOW64) AppleWebKit/537.36 (KHTML, like Gecko) Chrome/78.0.3904.87 Safari/537.36',
  'content-type' => 'application/x-www-form-urlencoded; charset=UTF-8',
  'sec-fetch-site' => 'same-origin',
  'sec-fetch-mode' => 'cors',
  'referer' => 'http://localhost/shop/public/admin/cate/lst.html',
  'accept-encoding' => 'gzip, deflate, br',
  'accept-language' => 'zh-CN,zh;q=0.9',
  'cookie' => 'pgv_pvi=667781120; Phpstorm-b93aaa72=a9e76d0f-6113-45ea-b7ac-b691d05f48bc; __utmz=111872281.1572250548.1.1.utmcsr=(direct)|utmccn=(direct)|utmcmd=(none); Hm_lvt_b393d153aeb26b46e9431fabaf0f6190=1572246408,1572253015,1572504772,1572575705; __utma=111872281.275660930.1572250548.1572250548.1576480207.2; PHPSESSID=tnbfmhgjq8me5n02rbh69ui324; Hm_lvt_080836300300be57b7f34f4b3e97d911=1576500106,1576542626,1576571417,1576634558; Hm_lpvt_080836300300be57b7f34f4b3e97d911=1576656830',
)
[ info ] [ PARAM ] array (
  'id' => '59',
)
[ info ] [ RUN ] app\admin\controller\Cate->del[ D:\phpStudy\WWW\shop\application\admin\controller\Cate.php ]
[ info ] [ DB ] INIT mysql
[ info ] [ CACHE ] INIT File
[ info ] [ LOG ] INIT File
[ sql ] [ DB ] CONNECT:[ UseTime:0.010161s ] mysql:host=127.0.0.1;dbname=tpshop;charset=utf8
[ sql ] [ SQL ] SHOW COLUMNS FROM `tp_cate` [ RunTime:0.000802s ]
[ sql ] [ SQL ] SELECT * FROM `tp_cate` WHERE  `id` = 59 LIMIT 1 [ RunTime:0.000461s ]
[ sql ] [ SQL ] SELECT `id`,`pid` FROM `tp_cate` [ RunTime:0.000325s ]
[ sql ] [ SQL ] SHOW COLUMNS FROM `tp_article` [ RunTime:0.019249s ]
[ sql ] [ SQL ] SELECT `id`,`thumb` FROM `tp_article` WHERE  `cate_id` = 59 [ RunTime:0.000772s ]
[ sql ] [ SQL ] DELETE FROM `tp_article`    WHERE  `id` = 14 [ RunTime:0.000713s ]
[ sql ] [ SQL ] DELETE FROM `tp_cate`    WHERE  (  id in (59) ) [ RunTime:0.000448s ]
[ error ] [2]unlink(D:\phpStudy\WWW\shop\public/../public/static/uploads/): Permission denied[D:\phpStudy\WWW\shop\application\admin\controller\Cate.php:126]
---------------------------------------------------------------
[ 2019-12-18T17:23:11+08:00 ] 0.0.0.0 GET localhost/shop/public/admin/cate/lst.html
[运行时间：0.063083s] [吞吐率：15.85req/s] [内存消耗：2,923.11kb] [文件加载：55]
[ info ] [ LANG ] D:\phpStudy\WWW\shop\thinkphp\lang\zh-cn.php
[ info ] [ ROUTE ] array (
  'type' => 'module',
  'module' => 
  array (
    0 => 'admin',
    1 => 'cate',
    2 => 'lst',
  ),
)
[ info ] [ HEADER ] array (
  'host' => 'localhost',
  'connection' => 'keep-alive',
  'upgrade-insecure-requests' => '1',
  'user-agent' => 'Mozilla/5.0 (Windows NT 10.0; WOW64) AppleWebKit/537.36 (KHTML, like Gecko) Chrome/78.0.3904.87 Safari/537.36',
  'sec-fetch-user' => '?1',
  'accept' => 'text/html,application/xhtml+xml,application/xml;q=0.9,image/webp,image/apng,*/*;q=0.8,application/signed-exchange;v=b3',
  'sec-fetch-site' => 'same-origin',
  'sec-fetch-mode' => 'navigate',
  'referer' => 'http://localhost/shop/public/admin/cate/lst.html',
  'accept-encoding' => 'gzip, deflate, br',
  'accept-language' => 'zh-CN,zh;q=0.9',
  'cookie' => 'pgv_pvi=667781120; Phpstorm-b93aaa72=a9e76d0f-6113-45ea-b7ac-b691d05f48bc; __utmz=111872281.1572250548.1.1.utmcsr=(direct)|utmccn=(direct)|utmcmd=(none); Hm_lvt_b393d153aeb26b46e9431fabaf0f6190=1572246408,1572253015,1572504772,1572575705; __utma=111872281.275660930.1572250548.1572250548.1576480207.2; PHPSESSID=tnbfmhgjq8me5n02rbh69ui324; Hm_lvt_080836300300be57b7f34f4b3e97d911=1576500106,1576542626,1576571417,1576634558; Hm_lpvt_080836300300be57b7f34f4b3e97d911=1576656830',
)
[ info ] [ PARAM ] array (
)
[ info ] [ RUN ] app\admin\controller\Cate->lst[ D:\phpStudy\WWW\shop\application\admin\controller\Cate.php ]
[ info ] [ DB ] INIT mysql
[ info ] [ VIEW ] D:\phpStudy\WWW\shop\public/../application/admin\view\cate\lst.htm [ array (
  0 => 'cateLst',
) ]
[ info ] [ LOG ] INIT File
[ sql ] [ DB ] CONNECT:[ UseTime:0.011621s ] mysql:host=127.0.0.1;dbname=tpshop;charset=utf8
[ sql ] [ SQL ] SHOW COLUMNS FROM `tp_cate` [ RunTime:0.000863s ]
[ sql ] [ SQL ] SELECT * FROM `tp_cate` ORDER BY `sort` DESC [ RunTime:0.000460s ]
---------------------------------------------------------------
[ 2019-12-18T17:23:14+08:00 ] 0.0.0.0 GET localhost/shop/public/admin/article/lst.html
[运行时间：0.057982s] [吞吐率：17.25req/s] [内存消耗：3,026.66kb] [文件加载：58]
[ info ] [ LANG ] D:\phpStudy\WWW\shop\thinkphp\lang\zh-cn.php
[ info ] [ ROUTE ] array (
  'type' => 'module',
  'module' => 
  array (
    0 => 'admin',
    1 => 'article',
    2 => 'lst',
  ),
)
[ info ] [ HEADER ] array (
  'host' => 'localhost',
  'connection' => 'keep-alive',
  'upgrade-insecure-requests' => '1',
  'user-agent' => 'Mozilla/5.0 (Windows NT 10.0; WOW64) AppleWebKit/537.36 (KHTML, like Gecko) Chrome/78.0.3904.87 Safari/537.36',
  'sec-fetch-user' => '?1',
  'accept' => 'text/html,application/xhtml+xml,application/xml;q=0.9,image/webp,image/apng,*/*;q=0.8,application/signed-exchange;v=b3',
  'sec-fetch-site' => 'same-origin',
  'sec-fetch-mode' => 'navigate',
  'referer' => 'http://localhost/shop/public/admin/cate/lst.html',
  'accept-encoding' => 'gzip, deflate, br',
  'accept-language' => 'zh-CN,zh;q=0.9',
  'cookie' => 'pgv_pvi=667781120; Phpstorm-b93aaa72=a9e76d0f-6113-45ea-b7ac-b691d05f48bc; __utmz=111872281.1572250548.1.1.utmcsr=(direct)|utmccn=(direct)|utmcmd=(none); Hm_lvt_b393d153aeb26b46e9431fabaf0f6190=1572246408,1572253015,1572504772,1572575705; __utma=111872281.275660930.1572250548.1572250548.1576480207.2; PHPSESSID=tnbfmhgjq8me5n02rbh69ui324; Hm_lvt_080836300300be57b7f34f4b3e97d911=1576500106,1576542626,1576571417,1576634558; Hm_lpvt_080836300300be57b7f34f4b3e97d911=1576656830',
)
[ info ] [ PARAM ] array (
)
[ info ] [ RUN ] app\admin\controller\Article->lst[ D:\phpStudy\WWW\shop\application\admin\controller\Article.php ]
[ info ] [ DB ] INIT mysql
[ info ] [ VIEW ] D:\phpStudy\WWW\shop\public/../application/admin\view\article\lst.htm [ array (
  0 => 'article',
) ]
[ info ] [ LOG ] INIT File
[ sql ] [ DB ] CONNECT:[ UseTime:0.001691s ] mysql:host=127.0.0.1;dbname=tpshop;charset=utf8
[ sql ] [ SQL ] SHOW COLUMNS FROM `tp_article` [ RunTime:0.001367s ]
[ sql ] [ SQL ] SELECT COUNT(*) AS tp_count FROM `tp_article` `a` INNER JOIN `tp_cate` `c` ON `a`.`cate_id`=`c`.`id` LIMIT 1 [ RunTime:0.003503s ]
[ sql ] [ SQL ] SELECT `a`.*,`c`.`cate_name` FROM `tp_article` `a` INNER JOIN `tp_cate` `c` ON `a`.`cate_id`=`c`.`id` ORDER BY `a`.`addtime` DESC LIMIT 0,10 [ RunTime:0.000542s ]
---------------------------------------------------------------
[ 2019-12-18T17:23:46+08:00 ] 0.0.0.0 GET localhost/shop/public/admin/cate/lst.html
[运行时间：0.056635s] [吞吐率：17.66req/s] [内存消耗：2,923.11kb] [文件加载：55]
[ info ] [ LANG ] D:\phpStudy\WWW\shop\thinkphp\lang\zh-cn.php
[ info ] [ ROUTE ] array (
  'type' => 'module',
  'module' => 
  array (
    0 => 'admin',
    1 => 'cate',
    2 => 'lst',
  ),
)
[ info ] [ HEADER ] array (
  'host' => 'localhost',
  'connection' => 'keep-alive',
  'upgrade-insecure-requests' => '1',
  'user-agent' => 'Mozilla/5.0 (Windows NT 10.0; WOW64) AppleWebKit/537.36 (KHTML, like Gecko) Chrome/78.0.3904.87 Safari/537.36',
  'sec-fetch-user' => '?1',
  'accept' => 'text/html,application/xhtml+xml,application/xml;q=0.9,image/webp,image/apng,*/*;q=0.8,application/signed-exchange;v=b3',
  'sec-fetch-site' => 'same-origin',
  'sec-fetch-mode' => 'navigate',
  'referer' => 'http://localhost/shop/public/admin/article/lst.html',
  'accept-encoding' => 'gzip, deflate, br',
  'accept-language' => 'zh-CN,zh;q=0.9',
  'cookie' => 'pgv_pvi=667781120; Phpstorm-b93aaa72=a9e76d0f-6113-45ea-b7ac-b691d05f48bc; __utmz=111872281.1572250548.1.1.utmcsr=(direct)|utmccn=(direct)|utmcmd=(none); Hm_lvt_b393d153aeb26b46e9431fabaf0f6190=1572246408,1572253015,1572504772,1572575705; __utma=111872281.275660930.1572250548.1572250548.1576480207.2; PHPSESSID=tnbfmhgjq8me5n02rbh69ui324; Hm_lvt_080836300300be57b7f34f4b3e97d911=1576500106,1576542626,1576571417,1576634558; Hm_lpvt_080836300300be57b7f34f4b3e97d911=1576656830',
)
[ info ] [ PARAM ] array (
)
[ info ] [ RUN ] app\admin\controller\Cate->lst[ D:\phpStudy\WWW\shop\application\admin\controller\Cate.php ]
[ info ] [ DB ] INIT mysql
[ info ] [ VIEW ] D:\phpStudy\WWW\shop\public/../application/admin\view\cate\lst.htm [ array (
  0 => 'cateLst',
) ]
[ info ] [ LOG ] INIT File
[ sql ] [ DB ] CONNECT:[ UseTime:0.010617s ] mysql:host=127.0.0.1;dbname=tpshop;charset=utf8
[ sql ] [ SQL ] SHOW COLUMNS FROM `tp_cate` [ RunTime:0.000909s ]
[ sql ] [ SQL ] SELECT * FROM `tp_cate` ORDER BY `sort` DESC [ RunTime:0.000455s ]
---------------------------------------------------------------
[ 2019-12-18T17:24:10+08:00 ] 0.0.0.0 GET localhost/shop/public/admin/article/lst.html
[运行时间：0.063085s] [吞吐率：15.85req/s] [内存消耗：3,026.66kb] [文件加载：58]
[ info ] [ LANG ] D:\phpStudy\WWW\shop\thinkphp\lang\zh-cn.php
[ info ] [ ROUTE ] array (
  'type' => 'module',
  'module' => 
  array (
    0 => 'admin',
    1 => 'article',
    2 => 'lst',
  ),
)
[ info ] [ HEADER ] array (
  'host' => 'localhost',
  'connection' => 'keep-alive',
  'upgrade-insecure-requests' => '1',
  'user-agent' => 'Mozilla/5.0 (Windows NT 10.0; WOW64) AppleWebKit/537.36 (KHTML, like Gecko) Chrome/78.0.3904.87 Safari/537.36',
  'sec-fetch-user' => '?1',
  'accept' => 'text/html,application/xhtml+xml,application/xml;q=0.9,image/webp,image/apng,*/*;q=0.8,application/signed-exchange;v=b3',
  'sec-fetch-site' => 'same-origin',
  'sec-fetch-mode' => 'navigate',
  'referer' => 'http://localhost/shop/public/admin/cate/lst.html',
  'accept-encoding' => 'gzip, deflate, br',
  'accept-language' => 'zh-CN,zh;q=0.9',
  'cookie' => 'pgv_pvi=667781120; Phpstorm-b93aaa72=a9e76d0f-6113-45ea-b7ac-b691d05f48bc; __utmz=111872281.1572250548.1.1.utmcsr=(direct)|utmccn=(direct)|utmcmd=(none); Hm_lvt_b393d153aeb26b46e9431fabaf0f6190=1572246408,1572253015,1572504772,1572575705; __utma=111872281.275660930.1572250548.1572250548.1576480207.2; PHPSESSID=tnbfmhgjq8me5n02rbh69ui324; Hm_lvt_080836300300be57b7f34f4b3e97d911=1576500106,1576542626,1576571417,1576634558; Hm_lpvt_080836300300be57b7f34f4b3e97d911=1576656830',
)
[ info ] [ PARAM ] array (
)
[ info ] [ RUN ] app\admin\controller\Article->lst[ D:\phpStudy\WWW\shop\application\admin\controller\Article.php ]
[ info ] [ DB ] INIT mysql
[ info ] [ VIEW ] D:\phpStudy\WWW\shop\public/../application/admin\view\article\lst.htm [ array (
  0 => 'article',
) ]
[ info ] [ LOG ] INIT File
[ sql ] [ DB ] CONNECT:[ UseTime:0.010226s ] mysql:host=127.0.0.1;dbname=tpshop;charset=utf8
[ sql ] [ SQL ] SHOW COLUMNS FROM `tp_article` [ RunTime:0.001229s ]
[ sql ] [ SQL ] SELECT COUNT(*) AS tp_count FROM `tp_article` `a` INNER JOIN `tp_cate` `c` ON `a`.`cate_id`=`c`.`id` LIMIT 1 [ RunTime:0.000514s ]
[ sql ] [ SQL ] SELECT `a`.*,`c`.`cate_name` FROM `tp_article` `a` INNER JOIN `tp_cate` `c` ON `a`.`cate_id`=`c`.`id` ORDER BY `a`.`addtime` DESC LIMIT 0,10 [ RunTime:0.000495s ]
