---------------------------------------------------------------
[ 2019-12-19T11:43:09+08:00 ] 0.0.0.0 GET localhost/shop/public/
[运行时间：0.681883s] [吞吐率：1.47req/s] [内存消耗：1,354.78kb] [文件加载：36]
[ info ] [ LANG ] D:\phpStudy\WWW\shop\thinkphp\lang\zh-cn.php
[ info ] [ ROUTE ] array (
  'type' => 'module',
  'module' => 
  array (
    0 => '',
    1 => NULL,
    2 => NULL,
  ),
)
[ info ] [ HEADER ] array (
  'host' => 'localhost',
  'connection' => 'keep-alive',
  'upgrade-insecure-requests' => '1',
  'user-agent' => 'Mozilla/5.0 (Windows NT 10.0; WOW64) AppleWebKit/537.36 (KHTML, like Gecko) Chrome/78.0.3904.87 Safari/537.36',
  'sec-fetch-user' => '?1',
  'accept' => 'text/html,application/xhtml+xml,application/xml;q=0.9,image/webp,image/apng,*/*;q=0.8,application/signed-exchange;v=b3',
  'sec-fetch-site' => 'none',
  'sec-fetch-mode' => 'navigate',
  'accept-encoding' => 'gzip, deflate, br',
  'accept-language' => 'zh-CN,zh;q=0.9',
  'cookie' => 'pgv_pvi=667781120; Phpstorm-b93aaa72=a9e76d0f-6113-45ea-b7ac-b691d05f48bc; __utmz=111872281.1572250548.1.1.utmcsr=(direct)|utmccn=(direct)|utmcmd=(none); Hm_lvt_b393d153aeb26b46e9431fabaf0f6190=1572246408,1572253015,1572504772,1572575705; __utma=111872281.275660930.1572250548.1572250548.1576480207.2; PHPSESSID=oi9f0hefks4i55msn76blbcc51; Hm_lvt_080836300300be57b7f34f4b3e97d911=1576542626,1576571417,1576634558,1576718816; Hm_lpvt_080836300300be57b7f34f4b3e97d911=1576718944',
)
[ info ] [ PARAM ] array (
)
[ info ] [ RUN ] app\index\controller\Index->index[ D:\phpStudy\WWW\shop\application\index\controller\Index.php ]
[ info ] [ LOG ] INIT File
---------------------------------------------------------------
[ 2019-12-19T11:43:11+08:00 ] 0.0.0.0 GET localhost/shop/public/admin
[运行时间：0.294395s] [吞吐率：3.40req/s] [内存消耗：1,658.93kb] [文件加载：43]
[ info ] [ LANG ] D:\phpStudy\WWW\shop\thinkphp\lang\zh-cn.php
[ info ] [ ROUTE ] array (
  'type' => 'module',
  'module' => 
  array (
    0 => 'admin',
    1 => NULL,
    2 => NULL,
  ),
)
[ info ] [ HEADER ] array (
  'host' => 'localhost',
  'connection' => 'keep-alive',
  'upgrade-insecure-requests' => '1',
  'user-agent' => 'Mozilla/5.0 (Windows NT 10.0; WOW64) AppleWebKit/537.36 (KHTML, like Gecko) Chrome/78.0.3904.87 Safari/537.36',
  'sec-fetch-user' => '?1',
  'accept' => 'text/html,application/xhtml+xml,application/xml;q=0.9,image/webp,image/apng,*/*;q=0.8,application/signed-exchange;v=b3',
  'purpose' => 'prefetch',
  'sec-fetch-site' => 'none',
  'sec-fetch-mode' => 'navigate',
  'accept-encoding' => 'gzip, deflate, br',
  'accept-language' => 'zh-CN,zh;q=0.9',
  'cookie' => 'pgv_pvi=667781120; Phpstorm-b93aaa72=a9e76d0f-6113-45ea-b7ac-b691d05f48bc; __utmz=111872281.1572250548.1.1.utmcsr=(direct)|utmccn=(direct)|utmcmd=(none); Hm_lvt_b393d153aeb26b46e9431fabaf0f6190=1572246408,1572253015,1572504772,1572575705; __utma=111872281.275660930.1572250548.1572250548.1576480207.2; PHPSESSID=oi9f0hefks4i55msn76blbcc51; Hm_lvt_080836300300be57b7f34f4b3e97d911=1576542626,1576571417,1576634558,1576718816; Hm_lpvt_080836300300be57b7f34f4b3e97d911=1576718944; pgv_si=s3377972224',
)
[ info ] [ PARAM ] array (
)
[ info ] [ RUN ] app\admin\controller\Index->index[ D:\phpStudy\WWW\shop\application\admin\controller\Index.php ]
[ info ] [ VIEW ] D:\phpStudy\WWW\shop\public/../application/admin\view\index\index.htm [ array (
) ]
[ info ] [ LOG ] INIT File
---------------------------------------------------------------
[ 2019-12-19T11:43:14+08:00 ] 0.0.0.0 GET localhost/shop/public/admin/cate/lst.html
[运行时间：0.515544s] [吞吐率：1.94req/s] [内存消耗：3,097.73kb] [文件加载：57]
[ info ] [ LANG ] D:\phpStudy\WWW\shop\thinkphp\lang\zh-cn.php
[ info ] [ ROUTE ] array (
  'type' => 'module',
  'module' => 
  array (
    0 => 'admin',
    1 => 'cate',
    2 => 'lst',
  ),
)
[ info ] [ HEADER ] array (
  'host' => 'localhost',
  'connection' => 'keep-alive',
  'upgrade-insecure-requests' => '1',
  'user-agent' => 'Mozilla/5.0 (Windows NT 10.0; WOW64) AppleWebKit/537.36 (KHTML, like Gecko) Chrome/78.0.3904.87 Safari/537.36',
  'sec-fetch-user' => '?1',
  'accept' => 'text/html,application/xhtml+xml,application/xml;q=0.9,image/webp,image/apng,*/*;q=0.8,application/signed-exchange;v=b3',
  'sec-fetch-site' => 'same-origin',
  'sec-fetch-mode' => 'navigate',
  'referer' => 'http://localhost/shop/public/admin',
  'accept-encoding' => 'gzip, deflate, br',
  'accept-language' => 'zh-CN,zh;q=0.9',
  'cookie' => 'pgv_pvi=667781120; Phpstorm-b93aaa72=a9e76d0f-6113-45ea-b7ac-b691d05f48bc; __utmz=111872281.1572250548.1.1.utmcsr=(direct)|utmccn=(direct)|utmcmd=(none); Hm_lvt_b393d153aeb26b46e9431fabaf0f6190=1572246408,1572253015,1572504772,1572575705; __utma=111872281.275660930.1572250548.1572250548.1576480207.2; PHPSESSID=oi9f0hefks4i55msn76blbcc51; Hm_lvt_080836300300be57b7f34f4b3e97d911=1576542626,1576571417,1576634558,1576718816; Hm_lpvt_080836300300be57b7f34f4b3e97d911=1576718944; pgv_si=s3377972224',
)
[ info ] [ PARAM ] array (
)
[ info ] [ RUN ] app\admin\controller\Cate->lst[ D:\phpStudy\WWW\shop\application\admin\controller\Cate.php ]
[ info ] [ DB ] INIT mysql
[ info ] [ VIEW ] D:\phpStudy\WWW\shop\public/../application/admin\view\cate\lst.htm [ array (
  0 => 'cateLst',
) ]
[ info ] [ LOG ] INIT File
[ sql ] [ DB ] CONNECT:[ UseTime:0.011573s ] mysql:host=127.0.0.1;dbname=tpshop;charset=utf8
[ sql ] [ SQL ] SHOW COLUMNS FROM `tp_cate` [ RunTime:0.009309s ]
[ sql ] [ SQL ] SELECT * FROM `tp_cate` ORDER BY `sort` DESC [ RunTime:0.000839s ]
---------------------------------------------------------------
[ 2019-12-19T11:43:17+08:00 ] 0.0.0.0 GET localhost/shop/public/admin/article/lst.html
[运行时间：0.268744s] [吞吐率：3.72req/s] [内存消耗：3,026.74kb] [文件加载：58]
[ info ] [ LANG ] D:\phpStudy\WWW\shop\thinkphp\lang\zh-cn.php
[ info ] [ ROUTE ] array (
  'type' => 'module',
  'module' => 
  array (
    0 => 'admin',
    1 => 'article',
    2 => 'lst',
  ),
)
[ info ] [ HEADER ] array (
  'host' => 'localhost',
  'connection' => 'keep-alive',
  'upgrade-insecure-requests' => '1',
  'user-agent' => 'Mozilla/5.0 (Windows NT 10.0; WOW64) AppleWebKit/537.36 (KHTML, like Gecko) Chrome/78.0.3904.87 Safari/537.36',
  'sec-fetch-user' => '?1',
  'accept' => 'text/html,application/xhtml+xml,application/xml;q=0.9,image/webp,image/apng,*/*;q=0.8,application/signed-exchange;v=b3',
  'sec-fetch-site' => 'same-origin',
  'sec-fetch-mode' => 'navigate',
  'referer' => 'http://localhost/shop/public/admin/cate/lst.html',
  'accept-encoding' => 'gzip, deflate, br',
  'accept-language' => 'zh-CN,zh;q=0.9',
  'cookie' => 'pgv_pvi=667781120; Phpstorm-b93aaa72=a9e76d0f-6113-45ea-b7ac-b691d05f48bc; __utmz=111872281.1572250548.1.1.utmcsr=(direct)|utmccn=(direct)|utmcmd=(none); Hm_lvt_b393d153aeb26b46e9431fabaf0f6190=1572246408,1572253015,1572504772,1572575705; __utma=111872281.275660930.1572250548.1572250548.1576480207.2; PHPSESSID=oi9f0hefks4i55msn76blbcc51; Hm_lvt_080836300300be57b7f34f4b3e97d911=1576542626,1576571417,1576634558,1576718816; Hm_lpvt_080836300300be57b7f34f4b3e97d911=1576718944; pgv_si=s3377972224',
)
[ info ] [ PARAM ] array (
)
[ info ] [ RUN ] app\admin\controller\Article->lst[ D:\phpStudy\WWW\shop\application\admin\controller\Article.php ]
[ info ] [ DB ] INIT mysql
[ info ] [ VIEW ] D:\phpStudy\WWW\shop\public/../application/admin\view\article\lst.htm [ array (
  0 => 'article',
) ]
[ info ] [ LOG ] INIT File
[ sql ] [ DB ] CONNECT:[ UseTime:0.011124s ] mysql:host=127.0.0.1;dbname=tpshop;charset=utf8
[ sql ] [ SQL ] SHOW COLUMNS FROM `tp_article` [ RunTime:0.001548s ]
[ sql ] [ SQL ] SELECT COUNT(*) AS tp_count FROM `tp_article` `a` INNER JOIN `tp_cate` `c` ON `a`.`cate_id`=`c`.`id` LIMIT 1 [ RunTime:0.022746s ]
[ sql ] [ SQL ] SELECT `a`.*,`c`.`cate_name` FROM `tp_article` `a` INNER JOIN `tp_cate` `c` ON `a`.`cate_id`=`c`.`id` ORDER BY `a`.`addtime` DESC LIMIT 0,10 [ RunTime:0.000776s ]
---------------------------------------------------------------
[ 2019-12-19T11:43:30+08:00 ] 0.0.0.0 GET localhost/shop/public/admin/goods/lst.html
[运行时间：0.653003s] [吞吐率：1.53req/s] [内存消耗：3,087.45kb] [文件加载：60]
[ info ] [ LANG ] D:\phpStudy\WWW\shop\thinkphp\lang\zh-cn.php
[ info ] [ ROUTE ] array (
  'type' => 'module',
  'module' => 
  array (
    0 => 'admin',
    1 => 'goods',
    2 => 'lst',
  ),
)
[ info ] [ HEADER ] array (
  'host' => 'localhost',
  'connection' => 'keep-alive',
  'upgrade-insecure-requests' => '1',
  'user-agent' => 'Mozilla/5.0 (Windows NT 10.0; WOW64) AppleWebKit/537.36 (KHTML, like Gecko) Chrome/78.0.3904.87 Safari/537.36',
  'sec-fetch-user' => '?1',
  'accept' => 'text/html,application/xhtml+xml,application/xml;q=0.9,image/webp,image/apng,*/*;q=0.8,application/signed-exchange;v=b3',
  'sec-fetch-site' => 'same-origin',
  'sec-fetch-mode' => 'navigate',
  'referer' => 'http://localhost/shop/public/admin/article/lst.html',
  'accept-encoding' => 'gzip, deflate, br',
  'accept-language' => 'zh-CN,zh;q=0.9',
  'cookie' => 'pgv_pvi=667781120; Phpstorm-b93aaa72=a9e76d0f-6113-45ea-b7ac-b691d05f48bc; __utmz=111872281.1572250548.1.1.utmcsr=(direct)|utmccn=(direct)|utmcmd=(none); Hm_lvt_b393d153aeb26b46e9431fabaf0f6190=1572246408,1572253015,1572504772,1572575705; __utma=111872281.275660930.1572250548.1572250548.1576480207.2; PHPSESSID=oi9f0hefks4i55msn76blbcc51; Hm_lvt_080836300300be57b7f34f4b3e97d911=1576542626,1576571417,1576634558,1576718816; Hm_lpvt_080836300300be57b7f34f4b3e97d911=1576718944; pgv_si=s3377972224',
)
[ info ] [ PARAM ] array (
)
[ info ] [ RUN ] app\admin\controller\Goods->lst[ D:\phpStudy\WWW\shop\application\admin\controller\Goods.php ]
[ info ] [ DB ] INIT mysql
[ info ] [ VIEW ] D:\phpStudy\WWW\shop\public/../application/admin\view\goods\lst.htm [ array (
  0 => 'lst',
) ]
[ info ] [ LOG ] INIT File
[ sql ] [ DB ] CONNECT:[ UseTime:0.011280s ] mysql:host=127.0.0.1;dbname=tpshop;charset=utf8
[ sql ] [ SQL ] SHOW COLUMNS FROM `tp_goods` [ RunTime:0.001412s ]
[ sql ] [ SQL ] SELECT COUNT(*) AS tp_count FROM `tp_goods` LIMIT 1 [ RunTime:0.000302s ]
[ sql ] [ SQL ] SELECT * FROM `tp_goods` ORDER BY `id` DESC LIMIT 0,10 [ RunTime:0.028138s ]
[ error ] [0]类的属性不存在:app\common\model\Goods->type_name[D:\phpStudy\WWW\shop\thinkphp\library\think\Model.php:626]
---------------------------------------------------------------
[ 2019-12-19T11:43:43+08:00 ] 0.0.0.0 GET localhost/shop/public/admin/type/lst.html
[运行时间：0.253782s] [吞吐率：3.94req/s] [内存消耗：2,986.77kb] [文件加载：58]
[ info ] [ LANG ] D:\phpStudy\WWW\shop\thinkphp\lang\zh-cn.php
[ info ] [ ROUTE ] array (
  'type' => 'module',
  'module' => 
  array (
    0 => 'admin',
    1 => 'type',
    2 => 'lst',
  ),
)
[ info ] [ HEADER ] array (
  'host' => 'localhost',
  'connection' => 'keep-alive',
  'upgrade-insecure-requests' => '1',
  'user-agent' => 'Mozilla/5.0 (Windows NT 10.0; WOW64) AppleWebKit/537.36 (KHTML, like Gecko) Chrome/78.0.3904.87 Safari/537.36',
  'sec-fetch-user' => '?1',
  'accept' => 'text/html,application/xhtml+xml,application/xml;q=0.9,image/webp,image/apng,*/*;q=0.8,application/signed-exchange;v=b3',
  'sec-fetch-site' => 'same-origin',
  'sec-fetch-mode' => 'navigate',
  'referer' => 'http://localhost/shop/public/admin/article/lst.html',
  'accept-encoding' => 'gzip, deflate, br',
  'accept-language' => 'zh-CN,zh;q=0.9',
  'cookie' => 'pgv_pvi=667781120; Phpstorm-b93aaa72=a9e76d0f-6113-45ea-b7ac-b691d05f48bc; __utmz=111872281.1572250548.1.1.utmcsr=(direct)|utmccn=(direct)|utmcmd=(none); Hm_lvt_b393d153aeb26b46e9431fabaf0f6190=1572246408,1572253015,1572504772,1572575705; __utma=111872281.275660930.1572250548.1572250548.1576480207.2; PHPSESSID=oi9f0hefks4i55msn76blbcc51; Hm_lvt_080836300300be57b7f34f4b3e97d911=1576542626,1576571417,1576634558,1576718816; Hm_lpvt_080836300300be57b7f34f4b3e97d911=1576718944; pgv_si=s3377972224',
)
[ info ] [ PARAM ] array (
)
[ info ] [ RUN ] app\admin\controller\Type->lst[ D:\phpStudy\WWW\shop\application\admin\controller\Type.php ]
[ info ] [ DB ] INIT mysql
[ info ] [ VIEW ] D:\phpStudy\WWW\shop\public/../application/admin\view\type\lst.htm [ array (
  0 => 'lst',
) ]
[ info ] [ LOG ] INIT File
[ sql ] [ DB ] CONNECT:[ UseTime:0.001911s ] mysql:host=127.0.0.1;dbname=tpshop;charset=utf8
[ sql ] [ SQL ] SHOW COLUMNS FROM `tp_type` [ RunTime:0.002547s ]
[ sql ] [ SQL ] SELECT COUNT(*) AS tp_count FROM `tp_type` LIMIT 1 [ RunTime:0.000489s ]
[ sql ] [ SQL ] SELECT * FROM `tp_type` ORDER BY `id` DESC LIMIT 0,10 [ RunTime:0.000446s ]
---------------------------------------------------------------
[ 2019-12-19T11:43:48+08:00 ] 0.0.0.0 GET localhost/shop/public/admin/type/lst.html
[运行时间：0.055265s] [吞吐率：18.09req/s] [内存消耗：2,986.77kb] [文件加载：58]
[ info ] [ LANG ] D:\phpStudy\WWW\shop\thinkphp\lang\zh-cn.php
[ info ] [ ROUTE ] array (
  'type' => 'module',
  'module' => 
  array (
    0 => 'admin',
    1 => 'type',
    2 => 'lst',
  ),
)
[ info ] [ HEADER ] array (
  'host' => 'localhost',
  'connection' => 'keep-alive',
  'upgrade-insecure-requests' => '1',
  'user-agent' => 'Mozilla/5.0 (Windows NT 10.0; WOW64) AppleWebKit/537.36 (KHTML, like Gecko) Chrome/78.0.3904.87 Safari/537.36',
  'sec-fetch-user' => '?1',
  'accept' => 'text/html,application/xhtml+xml,application/xml;q=0.9,image/webp,image/apng,*/*;q=0.8,application/signed-exchange;v=b3',
  'sec-fetch-site' => 'same-origin',
  'sec-fetch-mode' => 'navigate',
  'referer' => 'http://localhost/shop/public/admin/type/lst.html',
  'accept-encoding' => 'gzip, deflate, br',
  'accept-language' => 'zh-CN,zh;q=0.9',
  'cookie' => 'pgv_pvi=667781120; Phpstorm-b93aaa72=a9e76d0f-6113-45ea-b7ac-b691d05f48bc; __utmz=111872281.1572250548.1.1.utmcsr=(direct)|utmccn=(direct)|utmcmd=(none); Hm_lvt_b393d153aeb26b46e9431fabaf0f6190=1572246408,1572253015,1572504772,1572575705; __utma=111872281.275660930.1572250548.1572250548.1576480207.2; PHPSESSID=oi9f0hefks4i55msn76blbcc51; Hm_lvt_080836300300be57b7f34f4b3e97d911=1576542626,1576571417,1576634558,1576718816; Hm_lpvt_080836300300be57b7f34f4b3e97d911=1576718944; pgv_si=s3377972224',
)
[ info ] [ PARAM ] array (
)
[ info ] [ RUN ] app\admin\controller\Type->lst[ D:\phpStudy\WWW\shop\application\admin\controller\Type.php ]
[ info ] [ DB ] INIT mysql
[ info ] [ VIEW ] D:\phpStudy\WWW\shop\public/../application/admin\view\type\lst.htm [ array (
  0 => 'lst',
) ]
[ info ] [ LOG ] INIT File
[ sql ] [ DB ] CONNECT:[ UseTime:0.002503s ] mysql:host=127.0.0.1;dbname=tpshop;charset=utf8
[ sql ] [ SQL ] SHOW COLUMNS FROM `tp_type` [ RunTime:0.001890s ]
[ sql ] [ SQL ] SELECT COUNT(*) AS tp_count FROM `tp_type` LIMIT 1 [ RunTime:0.000380s ]
[ sql ] [ SQL ] SELECT * FROM `tp_type` ORDER BY `id` DESC LIMIT 0,10 [ RunTime:0.000436s ]
---------------------------------------------------------------
[ 2019-12-19T11:43:50+08:00 ] 0.0.0.0 GET localhost/shop/public/admin/category/lst.html
[运行时间：0.185146s] [吞吐率：5.40req/s] [内存消耗：2,902.73kb] [文件加载：55]
[ info ] [ LANG ] D:\phpStudy\WWW\shop\thinkphp\lang\zh-cn.php
[ info ] [ ROUTE ] array (
  'type' => 'module',
  'module' => 
  array (
    0 => 'admin',
    1 => 'category',
    2 => 'lst',
  ),
)
[ info ] [ HEADER ] array (
  'host' => 'localhost',
  'connection' => 'keep-alive',
  'upgrade-insecure-requests' => '1',
  'user-agent' => 'Mozilla/5.0 (Windows NT 10.0; WOW64) AppleWebKit/537.36 (KHTML, like Gecko) Chrome/78.0.3904.87 Safari/537.36',
  'sec-fetch-user' => '?1',
  'accept' => 'text/html,application/xhtml+xml,application/xml;q=0.9,image/webp,image/apng,*/*;q=0.8,application/signed-exchange;v=b3',
  'sec-fetch-site' => 'same-origin',
  'sec-fetch-mode' => 'navigate',
  'referer' => 'http://localhost/shop/public/admin/type/lst.html',
  'accept-encoding' => 'gzip, deflate, br',
  'accept-language' => 'zh-CN,zh;q=0.9',
  'cookie' => 'pgv_pvi=667781120; Phpstorm-b93aaa72=a9e76d0f-6113-45ea-b7ac-b691d05f48bc; __utmz=111872281.1572250548.1.1.utmcsr=(direct)|utmccn=(direct)|utmcmd=(none); Hm_lvt_b393d153aeb26b46e9431fabaf0f6190=1572246408,1572253015,1572504772,1572575705; __utma=111872281.275660930.1572250548.1572250548.1576480207.2; PHPSESSID=oi9f0hefks4i55msn76blbcc51; Hm_lvt_080836300300be57b7f34f4b3e97d911=1576542626,1576571417,1576634558,1576718816; Hm_lpvt_080836300300be57b7f34f4b3e97d911=1576718944; pgv_si=s3377972224',
)
[ info ] [ PARAM ] array (
)
[ info ] [ RUN ] app\admin\controller\Category->lst[ D:\phpStudy\WWW\shop\application\admin\controller\Category.php ]
[ info ] [ DB ] INIT mysql
[ info ] [ VIEW ] D:\phpStudy\WWW\shop\public/../application/admin\view\category\lst.htm [ array (
  0 => 'CategoryLst',
) ]
[ info ] [ LOG ] INIT File
[ sql ] [ DB ] CONNECT:[ UseTime:0.011605s ] mysql:host=127.0.0.1;dbname=tpshop;charset=utf8
[ sql ] [ SQL ] SHOW COLUMNS FROM `tp_category` [ RunTime:0.000870s ]
[ sql ] [ SQL ] SELECT * FROM `tp_category` ORDER BY `sort` DESC [ RunTime:0.000410s ]
---------------------------------------------------------------
[ 2019-12-19T11:43:55+08:00 ] 0.0.0.0 GET localhost/shop/public/admin/category/edit/id/6.html
[运行时间：0.282463s] [吞吐率：3.54req/s] [内存消耗：3,079.45kb] [文件加载：57]
[ info ] [ LANG ] D:\phpStudy\WWW\shop\thinkphp\lang\zh-cn.php
[ info ] [ ROUTE ] array (
  'type' => 'module',
  'module' => 
  array (
    0 => 'admin',
    1 => 'category',
    2 => 'edit',
  ),
)
[ info ] [ HEADER ] array (
  'host' => 'localhost',
  'connection' => 'keep-alive',
  'upgrade-insecure-requests' => '1',
  'user-agent' => 'Mozilla/5.0 (Windows NT 10.0; WOW64) AppleWebKit/537.36 (KHTML, like Gecko) Chrome/78.0.3904.87 Safari/537.36',
  'sec-fetch-user' => '?1',
  'accept' => 'text/html,application/xhtml+xml,application/xml;q=0.9,image/webp,image/apng,*/*;q=0.8,application/signed-exchange;v=b3',
  'sec-fetch-site' => 'same-origin',
  'sec-fetch-mode' => 'navigate',
  'referer' => 'http://localhost/shop/public/admin/category/lst.html',
  'accept-encoding' => 'gzip, deflate, br',
  'accept-language' => 'zh-CN,zh;q=0.9',
  'cookie' => 'pgv_pvi=667781120; Phpstorm-b93aaa72=a9e76d0f-6113-45ea-b7ac-b691d05f48bc; __utmz=111872281.1572250548.1.1.utmcsr=(direct)|utmccn=(direct)|utmcmd=(none); Hm_lvt_b393d153aeb26b46e9431fabaf0f6190=1572246408,1572253015,1572504772,1572575705; __utma=111872281.275660930.1572250548.1572250548.1576480207.2; PHPSESSID=oi9f0hefks4i55msn76blbcc51; Hm_lvt_080836300300be57b7f34f4b3e97d911=1576542626,1576571417,1576634558,1576718816; Hm_lpvt_080836300300be57b7f34f4b3e97d911=1576718944; pgv_si=s3377972224',
)
[ info ] [ PARAM ] array (
  'id' => '6',
)
[ info ] [ RUN ] app\admin\controller\Category->edit[ D:\phpStudy\WWW\shop\application\admin\controller\Category.php ]
[ info ] [ DB ] INIT mysql
[ info ] [ VIEW ] D:\phpStudy\WWW\shop\public/../application/admin\view\category\edit.htm [ array (
  0 => 'Category',
  1 => 'Categorys',
) ]
[ info ] [ LOG ] INIT File
[ sql ] [ DB ] CONNECT:[ UseTime:0.011822s ] mysql:host=127.0.0.1;dbname=tpshop;charset=utf8
[ sql ] [ SQL ] SHOW COLUMNS FROM `tp_category` [ RunTime:0.001082s ]
[ sql ] [ SQL ] SELECT * FROM `tp_category` WHERE  `id` = 6 LIMIT 1 [ RunTime:0.098961s ]
[ sql ] [ SQL ] SELECT * FROM `tp_category` ORDER BY `sort` DESC [ RunTime:0.000590s ]
---------------------------------------------------------------
[ 2019-12-19T11:43:57+08:00 ] 0.0.0.0 GET localhost/shop/public/admin/category/lst.html
[运行时间：0.079474s] [吞吐率：12.58req/s] [内存消耗：2,902.73kb] [文件加载：55]
[ info ] [ LANG ] D:\phpStudy\WWW\shop\thinkphp\lang\zh-cn.php
[ info ] [ ROUTE ] array (
  'type' => 'module',
  'module' => 
  array (
    0 => 'admin',
    1 => 'category',
    2 => 'lst',
  ),
)
[ info ] [ HEADER ] array (
  'host' => 'localhost',
  'connection' => 'keep-alive',
  'upgrade-insecure-requests' => '1',
  'user-agent' => 'Mozilla/5.0 (Windows NT 10.0; WOW64) AppleWebKit/537.36 (KHTML, like Gecko) Chrome/78.0.3904.87 Safari/537.36',
  'sec-fetch-user' => '?1',
  'accept' => 'text/html,application/xhtml+xml,application/xml;q=0.9,image/webp,image/apng,*/*;q=0.8,application/signed-exchange;v=b3',
  'sec-fetch-site' => 'same-origin',
  'sec-fetch-mode' => 'navigate',
  'referer' => 'http://localhost/shop/public/admin/category/edit/id/6.html',
  'accept-encoding' => 'gzip, deflate, br',
  'accept-language' => 'zh-CN,zh;q=0.9',
  'cookie' => 'pgv_pvi=667781120; Phpstorm-b93aaa72=a9e76d0f-6113-45ea-b7ac-b691d05f48bc; __utmz=111872281.1572250548.1.1.utmcsr=(direct)|utmccn=(direct)|utmcmd=(none); Hm_lvt_b393d153aeb26b46e9431fabaf0f6190=1572246408,1572253015,1572504772,1572575705; __utma=111872281.275660930.1572250548.1572250548.1576480207.2; PHPSESSID=oi9f0hefks4i55msn76blbcc51; Hm_lvt_080836300300be57b7f34f4b3e97d911=1576542626,1576571417,1576634558,1576718816; Hm_lpvt_080836300300be57b7f34f4b3e97d911=1576718944; pgv_si=s3377972224',
)
[ info ] [ PARAM ] array (
)
[ info ] [ RUN ] app\admin\controller\Category->lst[ D:\phpStudy\WWW\shop\application\admin\controller\Category.php ]
[ info ] [ DB ] INIT mysql
[ info ] [ VIEW ] D:\phpStudy\WWW\shop\public/../application/admin\view\category\lst.htm [ array (
  0 => 'CategoryLst',
) ]
[ info ] [ LOG ] INIT File
[ sql ] [ DB ] CONNECT:[ UseTime:0.001397s ] mysql:host=127.0.0.1;dbname=tpshop;charset=utf8
[ sql ] [ SQL ] SHOW COLUMNS FROM `tp_category` [ RunTime:0.003991s ]
[ sql ] [ SQL ] SELECT * FROM `tp_category` ORDER BY `sort` DESC [ RunTime:0.000514s ]
---------------------------------------------------------------
[ 2019-12-19T11:43:59+08:00 ] 0.0.0.0 GET localhost/shop/public/admin/brand/lst.html
[运行时间：0.158384s] [吞吐率：6.31req/s] [内存消耗：3,023.91kb] [文件加载：58]
[ info ] [ LANG ] D:\phpStudy\WWW\shop\thinkphp\lang\zh-cn.php
[ info ] [ ROUTE ] array (
  'type' => 'module',
  'module' => 
  array (
    0 => 'admin',
    1 => 'brand',
    2 => 'lst',
  ),
)
[ info ] [ HEADER ] array (
  'host' => 'localhost',
  'connection' => 'keep-alive',
  'upgrade-insecure-requests' => '1',
  'user-agent' => 'Mozilla/5.0 (Windows NT 10.0; WOW64) AppleWebKit/537.36 (KHTML, like Gecko) Chrome/78.0.3904.87 Safari/537.36',
  'sec-fetch-user' => '?1',
  'accept' => 'text/html,application/xhtml+xml,application/xml;q=0.9,image/webp,image/apng,*/*;q=0.8,application/signed-exchange;v=b3',
  'sec-fetch-site' => 'same-origin',
  'sec-fetch-mode' => 'navigate',
  'referer' => 'http://localhost/shop/public/admin/category/lst.html',
  'accept-encoding' => 'gzip, deflate, br',
  'accept-language' => 'zh-CN,zh;q=0.9',
  'cookie' => 'pgv_pvi=667781120; Phpstorm-b93aaa72=a9e76d0f-6113-45ea-b7ac-b691d05f48bc; __utmz=111872281.1572250548.1.1.utmcsr=(direct)|utmccn=(direct)|utmcmd=(none); Hm_lvt_b393d153aeb26b46e9431fabaf0f6190=1572246408,1572253015,1572504772,1572575705; __utma=111872281.275660930.1572250548.1572250548.1576480207.2; PHPSESSID=oi9f0hefks4i55msn76blbcc51; Hm_lvt_080836300300be57b7f34f4b3e97d911=1576542626,1576571417,1576634558,1576718816; Hm_lpvt_080836300300be57b7f34f4b3e97d911=1576718944; pgv_si=s3377972224',
)
[ info ] [ PARAM ] array (
)
[ info ] [ RUN ] app\admin\controller\Brand->lst[ D:\phpStudy\WWW\shop\application\admin\controller\Brand.php ]
[ info ] [ DB ] INIT mysql
[ info ] [ VIEW ] D:\phpStudy\WWW\shop\public/../application/admin\view\brand\lst.htm [ array (
  0 => 'lst',
) ]
[ info ] [ LOG ] INIT File
[ sql ] [ DB ] CONNECT:[ UseTime:0.001608s ] mysql:host=127.0.0.1;dbname=tpshop;charset=utf8
[ sql ] [ SQL ] SHOW COLUMNS FROM `tp_brand` [ RunTime:0.000851s ]
[ sql ] [ SQL ] SELECT COUNT(*) AS tp_count FROM `tp_brand` LIMIT 1 [ RunTime:0.000304s ]
[ sql ] [ SQL ] SELECT * FROM `tp_brand` ORDER BY `id` DESC LIMIT 0,10 [ RunTime:0.019662s ]
---------------------------------------------------------------
[ 2019-12-19T11:44:04+08:00 ] 0.0.0.0 GET localhost/shop/public/admin/category/lst.html
[运行时间：0.068666s] [吞吐率：14.56req/s] [内存消耗：2,902.73kb] [文件加载：55]
[ info ] [ LANG ] D:\phpStudy\WWW\shop\thinkphp\lang\zh-cn.php
[ info ] [ ROUTE ] array (
  'type' => 'module',
  'module' => 
  array (
    0 => 'admin',
    1 => 'category',
    2 => 'lst',
  ),
)
[ info ] [ HEADER ] array (
  'host' => 'localhost',
  'connection' => 'keep-alive',
  'upgrade-insecure-requests' => '1',
  'user-agent' => 'Mozilla/5.0 (Windows NT 10.0; WOW64) AppleWebKit/537.36 (KHTML, like Gecko) Chrome/78.0.3904.87 Safari/537.36',
  'sec-fetch-user' => '?1',
  'accept' => 'text/html,application/xhtml+xml,application/xml;q=0.9,image/webp,image/apng,*/*;q=0.8,application/signed-exchange;v=b3',
  'sec-fetch-site' => 'same-origin',
  'sec-fetch-mode' => 'navigate',
  'referer' => 'http://localhost/shop/public/admin/brand/lst.html',
  'accept-encoding' => 'gzip, deflate, br',
  'accept-language' => 'zh-CN,zh;q=0.9',
  'cookie' => 'pgv_pvi=667781120; Phpstorm-b93aaa72=a9e76d0f-6113-45ea-b7ac-b691d05f48bc; __utmz=111872281.1572250548.1.1.utmcsr=(direct)|utmccn=(direct)|utmcmd=(none); Hm_lvt_b393d153aeb26b46e9431fabaf0f6190=1572246408,1572253015,1572504772,1572575705; __utma=111872281.275660930.1572250548.1572250548.1576480207.2; PHPSESSID=oi9f0hefks4i55msn76blbcc51; Hm_lvt_080836300300be57b7f34f4b3e97d911=1576542626,1576571417,1576634558,1576718816; Hm_lpvt_080836300300be57b7f34f4b3e97d911=1576718944; pgv_si=s3377972224',
)
[ info ] [ PARAM ] array (
)
[ info ] [ RUN ] app\admin\controller\Category->lst[ D:\phpStudy\WWW\shop\application\admin\controller\Category.php ]
[ info ] [ DB ] INIT mysql
[ info ] [ VIEW ] D:\phpStudy\WWW\shop\public/../application/admin\view\category\lst.htm [ array (
  0 => 'CategoryLst',
) ]
[ info ] [ LOG ] INIT File
[ sql ] [ DB ] CONNECT:[ UseTime:0.012375s ] mysql:host=127.0.0.1;dbname=tpshop;charset=utf8
[ sql ] [ SQL ] SHOW COLUMNS FROM `tp_category` [ RunTime:0.000911s ]
[ sql ] [ SQL ] SELECT * FROM `tp_category` ORDER BY `sort` DESC [ RunTime:0.000701s ]
---------------------------------------------------------------
[ 2019-12-19T11:44:06+08:00 ] 0.0.0.0 GET localhost/shop/public/admin/brand/lst.html
[运行时间：0.066605s] [吞吐率：15.01req/s] [内存消耗：3,023.91kb] [文件加载：58]
[ info ] [ LANG ] D:\phpStudy\WWW\shop\thinkphp\lang\zh-cn.php
[ info ] [ ROUTE ] array (
  'type' => 'module',
  'module' => 
  array (
    0 => 'admin',
    1 => 'brand',
    2 => 'lst',
  ),
)
[ info ] [ HEADER ] array (
  'host' => 'localhost',
  'connection' => 'keep-alive',
  'upgrade-insecure-requests' => '1',
  'user-agent' => 'Mozilla/5.0 (Windows NT 10.0; WOW64) AppleWebKit/537.36 (KHTML, like Gecko) Chrome/78.0.3904.87 Safari/537.36',
  'sec-fetch-user' => '?1',
  'accept' => 'text/html,application/xhtml+xml,application/xml;q=0.9,image/webp,image/apng,*/*;q=0.8,application/signed-exchange;v=b3',
  'sec-fetch-site' => 'same-origin',
  'sec-fetch-mode' => 'navigate',
  'referer' => 'http://localhost/shop/public/admin/category/lst.html',
  'accept-encoding' => 'gzip, deflate, br',
  'accept-language' => 'zh-CN,zh;q=0.9',
  'cookie' => 'pgv_pvi=667781120; Phpstorm-b93aaa72=a9e76d0f-6113-45ea-b7ac-b691d05f48bc; __utmz=111872281.1572250548.1.1.utmcsr=(direct)|utmccn=(direct)|utmcmd=(none); Hm_lvt_b393d153aeb26b46e9431fabaf0f6190=1572246408,1572253015,1572504772,1572575705; __utma=111872281.275660930.1572250548.1572250548.1576480207.2; PHPSESSID=oi9f0hefks4i55msn76blbcc51; Hm_lvt_080836300300be57b7f34f4b3e97d911=1576542626,1576571417,1576634558,1576718816; Hm_lpvt_080836300300be57b7f34f4b3e97d911=1576718944; pgv_si=s3377972224',
)
[ info ] [ PARAM ] array (
)
[ info ] [ RUN ] app\admin\controller\Brand->lst[ D:\phpStudy\WWW\shop\application\admin\controller\Brand.php ]
[ info ] [ DB ] INIT mysql
[ info ] [ VIEW ] D:\phpStudy\WWW\shop\public/../application/admin\view\brand\lst.htm [ array (
  0 => 'lst',
) ]
[ info ] [ LOG ] INIT File
[ sql ] [ DB ] CONNECT:[ UseTime:0.011124s ] mysql:host=127.0.0.1;dbname=tpshop;charset=utf8
[ sql ] [ SQL ] SHOW COLUMNS FROM `tp_brand` [ RunTime:0.001350s ]
[ sql ] [ SQL ] SELECT COUNT(*) AS tp_count FROM `tp_brand` LIMIT 1 [ RunTime:0.000431s ]
[ sql ] [ SQL ] SELECT * FROM `tp_brand` ORDER BY `id` DESC LIMIT 0,10 [ RunTime:0.000757s ]
---------------------------------------------------------------
[ 2019-12-19T11:44:51+08:00 ] 0.0.0.0 GET localhost/shop/public/admin/brand/edit/id/23.html
[运行时间：0.498515s] [吞吐率：2.01req/s] [内存消耗：3,049.14kb] [文件加载：56]
[ info ] [ LANG ] D:\phpStudy\WWW\shop\thinkphp\lang\zh-cn.php
[ info ] [ ROUTE ] array (
  'type' => 'module',
  'module' => 
  array (
    0 => 'admin',
    1 => 'brand',
    2 => 'edit',
  ),
)
[ info ] [ HEADER ] array (
  'host' => 'localhost',
  'connection' => 'keep-alive',
  'upgrade-insecure-requests' => '1',
  'user-agent' => 'Mozilla/5.0 (Windows NT 10.0; WOW64) AppleWebKit/537.36 (KHTML, like Gecko) Chrome/78.0.3904.87 Safari/537.36',
  'sec-fetch-user' => '?1',
  'accept' => 'text/html,application/xhtml+xml,application/xml;q=0.9,image/webp,image/apng,*/*;q=0.8,application/signed-exchange;v=b3',
  'sec-fetch-site' => 'same-origin',
  'sec-fetch-mode' => 'navigate',
  'referer' => 'http://localhost/shop/public/admin/brand/lst.html',
  'accept-encoding' => 'gzip, deflate, br',
  'accept-language' => 'zh-CN,zh;q=0.9',
  'cookie' => 'pgv_pvi=667781120; Phpstorm-b93aaa72=a9e76d0f-6113-45ea-b7ac-b691d05f48bc; __utmz=111872281.1572250548.1.1.utmcsr=(direct)|utmccn=(direct)|utmcmd=(none); Hm_lvt_b393d153aeb26b46e9431fabaf0f6190=1572246408,1572253015,1572504772,1572575705; __utma=111872281.275660930.1572250548.1572250548.1576480207.2; PHPSESSID=oi9f0hefks4i55msn76blbcc51; Hm_lvt_080836300300be57b7f34f4b3e97d911=1576542626,1576571417,1576634558,1576718816; Hm_lpvt_080836300300be57b7f34f4b3e97d911=1576718944; pgv_si=s3377972224',
)
[ info ] [ PARAM ] array (
  'id' => '23',
)
[ info ] [ RUN ] app\admin\controller\Brand->edit[ D:\phpStudy\WWW\shop\application\admin\controller\Brand.php ]
[ info ] [ DB ] INIT mysql
[ info ] [ VIEW ] D:\phpStudy\WWW\shop\public/../application/admin\view\brand\edit.htm [ array (
  0 => 'brandInfo',
) ]
[ info ] [ LOG ] INIT File
[ sql ] [ DB ] CONNECT:[ UseTime:0.001324s ] mysql:host=127.0.0.1;dbname=tpshop;charset=utf8
[ sql ] [ SQL ] SHOW COLUMNS FROM `tp_brand` [ RunTime:0.010021s ]
[ sql ] [ SQL ] SELECT * FROM `tp_brand` WHERE  `id` = 23 LIMIT 1 [ RunTime:0.333731s ]
---------------------------------------------------------------
[ 2019-12-19T11:44:54+08:00 ] 0.0.0.0 GET localhost/shop/public/admin/brand/lst.html
[运行时间：0.069007s] [吞吐率：14.49req/s] [内存消耗：3,024.05kb] [文件加载：58]
[ info ] [ LANG ] D:\phpStudy\WWW\shop\thinkphp\lang\zh-cn.php
[ info ] [ ROUTE ] array (
  'type' => 'module',
  'module' => 
  array (
    0 => 'admin',
    1 => 'brand',
    2 => 'lst',
  ),
)
[ info ] [ HEADER ] array (
  'host' => 'localhost',
  'connection' => 'keep-alive',
  'upgrade-insecure-requests' => '1',
  'user-agent' => 'Mozilla/5.0 (Windows NT 10.0; WOW64) AppleWebKit/537.36 (KHTML, like Gecko) Chrome/78.0.3904.87 Safari/537.36',
  'sec-fetch-user' => '?1',
  'accept' => 'text/html,application/xhtml+xml,application/xml;q=0.9,image/webp,image/apng,*/*;q=0.8,application/signed-exchange;v=b3',
  'sec-fetch-site' => 'same-origin',
  'sec-fetch-mode' => 'navigate',
  'referer' => 'http://localhost/shop/public/admin/brand/edit/id/23.html',
  'accept-encoding' => 'gzip, deflate, br',
  'accept-language' => 'zh-CN,zh;q=0.9',
  'cookie' => 'pgv_pvi=667781120; Phpstorm-b93aaa72=a9e76d0f-6113-45ea-b7ac-b691d05f48bc; __utmz=111872281.1572250548.1.1.utmcsr=(direct)|utmccn=(direct)|utmcmd=(none); Hm_lvt_b393d153aeb26b46e9431fabaf0f6190=1572246408,1572253015,1572504772,1572575705; __utma=111872281.275660930.1572250548.1572250548.1576480207.2; PHPSESSID=oi9f0hefks4i55msn76blbcc51; Hm_lvt_080836300300be57b7f34f4b3e97d911=1576542626,1576571417,1576634558,1576718816; Hm_lpvt_080836300300be57b7f34f4b3e97d911=1576718944; pgv_si=s3377972224',
)
[ info ] [ PARAM ] array (
)
[ info ] [ RUN ] app\admin\controller\Brand->lst[ D:\phpStudy\WWW\shop\application\admin\controller\Brand.php ]
[ info ] [ DB ] INIT mysql
[ info ] [ VIEW ] D:\phpStudy\WWW\shop\public/../application/admin\view\brand\lst.htm [ array (
  0 => 'lst',
) ]
[ info ] [ LOG ] INIT File
[ sql ] [ DB ] CONNECT:[ UseTime:0.010107s ] mysql:host=127.0.0.1;dbname=tpshop;charset=utf8
[ sql ] [ SQL ] SHOW COLUMNS FROM `tp_brand` [ RunTime:0.001264s ]
[ sql ] [ SQL ] SELECT COUNT(*) AS tp_count FROM `tp_brand` LIMIT 1 [ RunTime:0.000347s ]
[ sql ] [ SQL ] SELECT * FROM `tp_brand` ORDER BY `id` DESC LIMIT 0,10 [ RunTime:0.003668s ]
---------------------------------------------------------------
[ 2019-12-19T11:45:25+08:00 ] 0.0.0.0 GET localhost/shop/public/admin/brand/lst.html
[运行时间：0.098138s] [吞吐率：10.19req/s] [内存消耗：3,199.37kb] [文件加载：60]
[ info ] [ LANG ] D:\phpStudy\WWW\shop\thinkphp\lang\zh-cn.php
[ info ] [ ROUTE ] array (
  'type' => 'module',
  'module' => 
  array (
    0 => 'admin',
    1 => 'brand',
    2 => 'lst',
  ),
)
[ info ] [ HEADER ] array (
  'host' => 'localhost',
  'connection' => 'keep-alive',
  'cache-control' => 'max-age=0',
  'upgrade-insecure-requests' => '1',
  'user-agent' => 'Mozilla/5.0 (Windows NT 10.0; WOW64) AppleWebKit/537.36 (KHTML, like Gecko) Chrome/78.0.3904.87 Safari/537.36',
  'sec-fetch-user' => '?1',
  'accept' => 'text/html,application/xhtml+xml,application/xml;q=0.9,image/webp,image/apng,*/*;q=0.8,application/signed-exchange;v=b3',
  'sec-fetch-site' => 'same-origin',
  'sec-fetch-mode' => 'navigate',
  'referer' => 'http://localhost/shop/public/admin/brand/edit/id/23.html',
  'accept-encoding' => 'gzip, deflate, br',
  'accept-language' => 'zh-CN,zh;q=0.9',
  'cookie' => 'pgv_pvi=667781120; Phpstorm-b93aaa72=a9e76d0f-6113-45ea-b7ac-b691d05f48bc; __utmz=111872281.1572250548.1.1.utmcsr=(direct)|utmccn=(direct)|utmcmd=(none); Hm_lvt_b393d153aeb26b46e9431fabaf0f6190=1572246408,1572253015,1572504772,1572575705; __utma=111872281.275660930.1572250548.1572250548.1576480207.2; PHPSESSID=oi9f0hefks4i55msn76blbcc51; Hm_lvt_080836300300be57b7f34f4b3e97d911=1576542626,1576571417,1576634558,1576718816; Hm_lpvt_080836300300be57b7f34f4b3e97d911=1576718944; pgv_si=s3377972224',
)
[ info ] [ PARAM ] array (
)
[ info ] [ RUN ] app\admin\controller\Brand->lst[ D:\phpStudy\WWW\shop\application\admin\controller\Brand.php ]
[ info ] [ DB ] INIT mysql
[ info ] [ VIEW ] D:\phpStudy\WWW\shop\public/../application/admin\view\brand\lst.htm [ array (
  0 => 'lst',
) ]
[ info ] [ LOG ] INIT File
[ sql ] [ DB ] CONNECT:[ UseTime:0.011609s ] mysql:host=127.0.0.1;dbname=tpshop;charset=utf8
[ sql ] [ SQL ] SHOW COLUMNS FROM `tp_brand` [ RunTime:0.003715s ]
[ sql ] [ SQL ] SELECT COUNT(*) AS tp_count FROM `tp_brand` LIMIT 1 [ RunTime:0.000275s ]
[ sql ] [ SQL ] SELECT * FROM `tp_brand` ORDER BY `id` DESC LIMIT 0,10 [ RunTime:0.000430s ]
---------------------------------------------------------------
[ 2019-12-19T11:45:29+08:00 ] 0.0.0.0 GET localhost/shop/public/admin/brand/lst.html
[运行时间：0.085495s] [吞吐率：11.70req/s] [内存消耗：3,200.50kb] [文件加载：60]
[ info ] [ LANG ] D:\phpStudy\WWW\shop\thinkphp\lang\zh-cn.php
[ info ] [ ROUTE ] array (
  'type' => 'module',
  'module' => 
  array (
    0 => 'admin',
    1 => 'brand',
    2 => 'lst',
  ),
)
[ info ] [ HEADER ] array (
  'host' => 'localhost',
  'connection' => 'keep-alive',
  'cache-control' => 'max-age=0',
  'upgrade-insecure-requests' => '1',
  'user-agent' => 'Mozilla/5.0 (Windows NT 10.0; WOW64) AppleWebKit/537.36 (KHTML, like Gecko) Chrome/78.0.3904.87 Safari/537.36',
  'sec-fetch-user' => '?1',
  'accept' => 'text/html,application/xhtml+xml,application/xml;q=0.9,image/webp,image/apng,*/*;q=0.8,application/signed-exchange;v=b3',
  'sec-fetch-site' => 'same-origin',
  'sec-fetch-mode' => 'navigate',
  'referer' => 'http://localhost/shop/public/admin/brand/edit/id/23.html',
  'accept-encoding' => 'gzip, deflate, br',
  'accept-language' => 'zh-CN,zh;q=0.9',
  'cookie' => 'pgv_pvi=667781120; Phpstorm-b93aaa72=a9e76d0f-6113-45ea-b7ac-b691d05f48bc; __utmz=111872281.1572250548.1.1.utmcsr=(direct)|utmccn=(direct)|utmcmd=(none); Hm_lvt_b393d153aeb26b46e9431fabaf0f6190=1572246408,1572253015,1572504772,1572575705; __utma=111872281.275660930.1572250548.1572250548.1576480207.2; PHPSESSID=oi9f0hefks4i55msn76blbcc51; Hm_lvt_080836300300be57b7f34f4b3e97d911=1576542626,1576571417,1576634558,1576718816; Hm_lpvt_080836300300be57b7f34f4b3e97d911=1576718944; pgv_si=s3377972224',
)
[ info ] [ PARAM ] array (
)
[ info ] [ RUN ] app\admin\controller\Brand->lst[ D:\phpStudy\WWW\shop\application\admin\controller\Brand.php ]
[ info ] [ DB ] INIT mysql
[ info ] [ VIEW ] D:\phpStudy\WWW\shop\public/../application/admin\view\brand\lst.htm [ array (
  0 => 'lst',
) ]
[ info ] [ LOG ] INIT File
[ sql ] [ DB ] CONNECT:[ UseTime:0.001170s ] mysql:host=127.0.0.1;dbname=tpshop;charset=utf8
[ sql ] [ SQL ] SHOW COLUMNS FROM `tp_brand` [ RunTime:0.000997s ]
[ sql ] [ SQL ] SELECT COUNT(*) AS tp_count FROM `tp_brand` LIMIT 1 [ RunTime:0.000531s ]
[ sql ] [ SQL ] SELECT * FROM `tp_brand` ORDER BY `id` DESC LIMIT 0,10 [ RunTime:0.000757s ]
---------------------------------------------------------------
[ 2019-12-19T17:11:28+08:00 ] 0.0.0.0 GET localhost/shop/public/admin/brand/lst.html
[运行时间：0.085249s] [吞吐率：11.73req/s] [内存消耗：3,024.24kb] [文件加载：58]
[ info ] [ LANG ] D:\phpStudy\WWW\shop\thinkphp\lang\zh-cn.php
[ info ] [ ROUTE ] array (
  'type' => 'module',
  'module' => 
  array (
    0 => 'admin',
    1 => 'brand',
    2 => 'lst',
  ),
)
[ info ] [ HEADER ] array (
  'host' => 'localhost',
  'connection' => 'keep-alive',
  'cache-control' => 'max-age=0',
  'upgrade-insecure-requests' => '1',
  'user-agent' => 'Mozilla/5.0 (Windows NT 10.0; WOW64) AppleWebKit/537.36 (KHTML, like Gecko) Chrome/78.0.3904.87 Safari/537.36',
  'sec-fetch-user' => '?1',
  'accept' => 'text/html,application/xhtml+xml,application/xml;q=0.9,image/webp,image/apng,*/*;q=0.8,application/signed-exchange;v=b3',
  'sec-fetch-site' => 'same-origin',
  'sec-fetch-mode' => 'navigate',
  'referer' => 'http://localhost/shop/public/admin/brand/edit/id/23.html',
  'accept-encoding' => 'gzip, deflate, br',
  'accept-language' => 'zh-CN,zh;q=0.9',
  'cookie' => 'pgv_pvi=667781120; Phpstorm-b93aaa72=a9e76d0f-6113-45ea-b7ac-b691d05f48bc; __utmz=111872281.1572250548.1.1.utmcsr=(direct)|utmccn=(direct)|utmcmd=(none); Hm_lvt_b393d153aeb26b46e9431fabaf0f6190=1572246408,1572253015,1572504772,1572575705; __utma=111872281.275660930.1572250548.1572250548.1576480207.2; PHPSESSID=oi9f0hefks4i55msn76blbcc51; Hm_lvt_080836300300be57b7f34f4b3e97d911=1576542626,1576571417,1576634558,1576718816; pgv_si=s3377972224; Hm_lpvt_080836300300be57b7f34f4b3e97d911=1576738174',
)
[ info ] [ PARAM ] array (
)
[ info ] [ RUN ] app\admin\controller\Brand->lst[ D:\phpStudy\WWW\shop\application\admin\controller\Brand.php ]
[ info ] [ DB ] INIT mysql
[ info ] [ VIEW ] D:\phpStudy\WWW\shop\public/../application/admin\view\brand\lst.htm [ array (
  0 => 'lst',
) ]
[ info ] [ LOG ] INIT File
[ sql ] [ DB ] CONNECT:[ UseTime:0.029612s ] mysql:host=127.0.0.1;dbname=tpshop;charset=utf8
[ sql ] [ SQL ] SHOW COLUMNS FROM `tp_brand` [ RunTime:0.001262s ]
[ sql ] [ SQL ] SELECT COUNT(*) AS tp_count FROM `tp_brand` LIMIT 1 [ RunTime:0.000521s ]
[ sql ] [ SQL ] SELECT * FROM `tp_brand` ORDER BY `id` DESC LIMIT 0,10 [ RunTime:0.000675s ]
 [ RunTime:0.021585s ]
---------------------------------------------------------------
[ 2019-12-19T17:11:32+08:00 ] 0.0.0.0 GET localhost/shop/public/admin/brand/lst.html
[运行时间：0.068035s] [吞吐率：14.70req/s] [内存消耗：3,024.28kb] [文件加载：58]
[ info ] [ LANG ] D:\phpStudy\WWW\shop\thinkphp\lang\zh-cn.php
[ info ] [ ROUTE ] array (
  'type' => 'module',
  'module' => 
  array (
    0 => 'admin',
    1 => 'brand',
    2 => 'lst',
  ),
)
[ info ] [ HEADER ] array (
  'host' => 'localhost',
  'connection' => 'keep-alive',
  'pragma' => 'no-cache',
  'cache-control' => 'no-cache',
  'upgrade-insecure-requests' => '1',
  'user-agent' => 'Mozilla/5.0 (Windows NT 10.0; WOW64) AppleWebKit/537.36 (KHTML, like Gecko) Chrome/78.0.3904.87 Safari/537.36',
  'sec-fetch-user' => '?1',
  'accept' => 'text/html,application/xhtml+xml,application/xml;q=0.9,image/webp,image/apng,*/*;q=0.8,application/signed-exchange;v=b3',
  'sec-fetch-site' => 'same-origin',
  'sec-fetch-mode' => 'navigate',
  'referer' => 'http://localhost/shop/public/admin/brand/edit/id/23.html',
  'accept-encoding' => 'gzip, deflate, br',
  'accept-language' => 'zh-CN,zh;q=0.9',
  'cookie' => 'pgv_pvi=667781120; Phpstorm-b93aaa72=a9e76d0f-6113-45ea-b7ac-b691d05f48bc; __utmz=111872281.1572250548.1.1.utmcsr=(direct)|utmccn=(direct)|utmcmd=(none); Hm_lvt_b393d153aeb26b46e9431fabaf0f6190=1572246408,1572253015,1572504772,1572575705; __utma=111872281.275660930.1572250548.1572250548.1576480207.2; PHPSESSID=oi9f0hefks4i55msn76blbcc51; Hm_lvt_080836300300be57b7f34f4b3e97d911=1576542626,1576571417,1576634558,1576718816; pgv_si=s3377972224; Hm_lpvt_080836300300be57b7f34f4b3e97d911=1576738174',
)
[ info ] [ PARAM ] array (
)
[ info ] [ RUN ] app\admin\controller\Brand->lst[ D:\phpStudy\WWW\shop\application\admin\controller\Brand.php ]
[ info ] [ DB ] INIT mysql
[ info ] [ VIEW ] D:\phpStudy\WWW\shop\public/../application/admin\view\brand\lst.htm [ array (
  0 => 'lst',
) ]
[ info ] [ LOG ] INIT File
[ sql ] [ DB ] CONNECT:[ UseTime:0.001229s ] mysql:host=127.0.0.1;dbname=tpshop;charset=utf8
[ sql ] [ SQL ] SHOW COLUMNS FROM `tp_brand` [ RunTime:0.005734s ]
[ sql ] [ SQL ] SELECT COUNT(*) AS tp_count FROM `tp_brand` LIMIT 1 [ RunTime:0.000568s ]
[ sql ] [ SQL ] SELECT * FROM `tp_brand` ORDER BY `id` DESC LIMIT 0,10 [ RunTime:0.000971s ]
---------------------------------------------------------------
[ 2019-12-19T17:11:34+08:00 ] 0.0.0.0 GET localhost/shop/public/admin/brand/lst.html
[运行时间：0.070370s] [吞吐率：14.21req/s] [内存消耗：3,024.24kb] [文件加载：58]
[ info ] [ LANG ] D:\phpStudy\WWW\shop\thinkphp\lang\zh-cn.php
[ info ] [ ROUTE ] array (
  'type' => 'module',
  'module' => 
  array (
    0 => 'admin',
    1 => 'brand',
    2 => 'lst',
  ),
)
[ info ] [ HEADER ] array (
  'host' => 'localhost',
  'connection' => 'keep-alive',
  'cache-control' => 'max-age=0',
  'upgrade-insecure-requests' => '1',
  'user-agent' => 'Mozilla/5.0 (Windows NT 10.0; WOW64) AppleWebKit/537.36 (KHTML, like Gecko) Chrome/78.0.3904.87 Safari/537.36',
  'sec-fetch-user' => '?1',
  'accept' => 'text/html,application/xhtml+xml,application/xml;q=0.9,image/webp,image/apng,*/*;q=0.8,application/signed-exchange;v=b3',
  'sec-fetch-site' => 'same-origin',
  'sec-fetch-mode' => 'navigate',
  'referer' => 'http://localhost/shop/public/admin/brand/edit/id/23.html',
  'accept-encoding' => 'gzip, deflate, br',
  'accept-language' => 'zh-CN,zh;q=0.9',
  'cookie' => 'pgv_pvi=667781120; Phpstorm-b93aaa72=a9e76d0f-6113-45ea-b7ac-b691d05f48bc; __utmz=111872281.1572250548.1.1.utmcsr=(direct)|utmccn=(direct)|utmcmd=(none); Hm_lvt_b393d153aeb26b46e9431fabaf0f6190=1572246408,1572253015,1572504772,1572575705; __utma=111872281.275660930.1572250548.1572250548.1576480207.2; PHPSESSID=oi9f0hefks4i55msn76blbcc51; Hm_lvt_080836300300be57b7f34f4b3e97d911=1576542626,1576571417,1576634558,1576718816; pgv_si=s3377972224; Hm_lpvt_080836300300be57b7f34f4b3e97d911=1576738174',
)
[ info ] [ PARAM ] array (
)
[ info ] [ RUN ] app\admin\controller\Brand->lst[ D:\phpStudy\WWW\shop\application\admin\controller\Brand.php ]
[ info ] [ DB ] INIT mysql
[ info ] [ VIEW ] D:\phpStudy\WWW\shop\public/../application/admin\view\brand\lst.htm [ array (
  0 => 'lst',
) ]
[ info ] [ LOG ] INIT File
[ sql ] [ DB ] CONNECT:[ UseTime:0.010737s ] mysql:host=127.0.0.1;dbname=tpshop;charset=utf8
[ sql ] [ SQL ] SHOW COLUMNS FROM `tp_brand` [ RunTime:0.001108s ]
[ sql ] [ SQL ] SELECT COUNT(*) AS tp_count FROM `tp_brand` LIMIT 1 [ RunTime:0.000389s ]
[ sql ] [ SQL ] SELECT * FROM `tp_brand` ORDER BY `id` DESC LIMIT 0,10 [ RunTime:0.008155s ]
