---------------------------------------------------------------
[ 2019-12-25T14:35:13+08:00 ] 0.0.0.0 GET localhost/shop/public/
[运行时间：0.564547s] [吞吐率：1.77req/s] [内存消耗：1,355.01kb] [文件加载：36]
[ info ] [ LANG ] D:\phpStudy\WWW\shop\thinkphp\lang\zh-cn.php
[ info ] [ ROUTE ] array (
  'type' => 'module',
  'module' => 
  array (
    0 => '',
    1 => NULL,
    2 => NULL,
  ),
)
[ info ] [ HEADER ] array (
  'host' => 'localhost',
  'connection' => 'keep-alive',
  'upgrade-insecure-requests' => '1',
  'user-agent' => 'Mozilla/5.0 (Windows NT 10.0; WOW64) AppleWebKit/537.36 (KHTML, like Gecko) Chrome/78.0.3904.87 Safari/537.36',
  'sec-fetch-user' => '?1',
  'accept' => 'text/html,application/xhtml+xml,application/xml;q=0.9,image/webp,image/apng,*/*;q=0.8,application/signed-exchange;v=b3',
  'sec-fetch-site' => 'same-origin',
  'sec-fetch-mode' => 'navigate',
  'referer' => 'http://localhost/shop/',
  'accept-encoding' => 'gzip, deflate, br',
  'accept-language' => 'zh-CN,zh;q=0.9',
  'cookie' => 'pgv_pvi=667781120; Phpstorm-b93aaa72=a9e76d0f-6113-45ea-b7ac-b691d05f48bc; __utmz=111872281.1572250548.1.1.utmcsr=(direct)|utmccn=(direct)|utmcmd=(none); __utma=111872281.275660930.1572250548.1572250548.1576480207.2; Hm_lvt_b393d153aeb26b46e9431fabaf0f6190=1577159677; PHPSESSID=pl3u3nbe8e5jiodihkgukmbki6; Hm_lvt_080836300300be57b7f34f4b3e97d911=1576802758,1577068143,1577148539,1577234606; Hm_lpvt_080836300300be57b7f34f4b3e97d911=1577245437; pgv_si=s7414510592',
)
[ info ] [ PARAM ] array (
)
[ info ] [ RUN ] app\index\controller\Index->index[ D:\phpStudy\WWW\shop\application\index\controller\Index.php ]
[ info ] [ LOG ] INIT File
---------------------------------------------------------------
[ 2019-12-25T14:35:15+08:00 ] 0.0.0.0 GET localhost/shop/public/admin
[运行时间：0.231663s] [吞吐率：4.32req/s] [内存消耗：1,658.86kb] [文件加载：43]
[ info ] [ LANG ] D:\phpStudy\WWW\shop\thinkphp\lang\zh-cn.php
[ info ] [ ROUTE ] array (
  'type' => 'module',
  'module' => 
  array (
    0 => 'admin',
    1 => NULL,
    2 => NULL,
  ),
)
[ info ] [ HEADER ] array (
  'host' => 'localhost',
  'connection' => 'keep-alive',
  'upgrade-insecure-requests' => '1',
  'user-agent' => 'Mozilla/5.0 (Windows NT 10.0; WOW64) AppleWebKit/537.36 (KHTML, like Gecko) Chrome/78.0.3904.87 Safari/537.36',
  'sec-fetch-user' => '?1',
  'accept' => 'text/html,application/xhtml+xml,application/xml;q=0.9,image/webp,image/apng,*/*;q=0.8,application/signed-exchange;v=b3',
  'purpose' => 'prefetch',
  'sec-fetch-site' => 'none',
  'sec-fetch-mode' => 'navigate',
  'accept-encoding' => 'gzip, deflate, br',
  'accept-language' => 'zh-CN,zh;q=0.9',
  'cookie' => 'pgv_pvi=667781120; Phpstorm-b93aaa72=a9e76d0f-6113-45ea-b7ac-b691d05f48bc; __utmz=111872281.1572250548.1.1.utmcsr=(direct)|utmccn=(direct)|utmcmd=(none); __utma=111872281.275660930.1572250548.1572250548.1576480207.2; Hm_lvt_b393d153aeb26b46e9431fabaf0f6190=1577159677; PHPSESSID=pl3u3nbe8e5jiodihkgukmbki6; Hm_lvt_080836300300be57b7f34f4b3e97d911=1576802758,1577068143,1577148539,1577234606; Hm_lpvt_080836300300be57b7f34f4b3e97d911=1577245437; pgv_si=s7414510592',
)
[ info ] [ PARAM ] array (
)
[ info ] [ RUN ] app\admin\controller\Index->index[ D:\phpStudy\WWW\shop\application\admin\controller\Index.php ]
[ info ] [ VIEW ] D:\phpStudy\WWW\shop\public/../application/admin\view\index\index.htm [ array (
) ]
[ info ] [ LOG ] INIT File
---------------------------------------------------------------
[ 2019-12-25T14:35:20+08:00 ] 0.0.0.0 GET localhost/shop/public/admin/goods/lst.html
[运行时间：0.587652s] [吞吐率：1.70req/s] [内存消耗：3,087.18kb] [文件加载：60]
[ info ] [ LANG ] D:\phpStudy\WWW\shop\thinkphp\lang\zh-cn.php
[ info ] [ ROUTE ] array (
  'type' => 'module',
  'module' => 
  array (
    0 => 'admin',
    1 => 'goods',
    2 => 'lst',
  ),
)
[ info ] [ HEADER ] array (
  'host' => 'localhost',
  'connection' => 'keep-alive',
  'upgrade-insecure-requests' => '1',
  'user-agent' => 'Mozilla/5.0 (Windows NT 10.0; WOW64) AppleWebKit/537.36 (KHTML, like Gecko) Chrome/78.0.3904.87 Safari/537.36',
  'sec-fetch-user' => '?1',
  'accept' => 'text/html,application/xhtml+xml,application/xml;q=0.9,image/webp,image/apng,*/*;q=0.8,application/signed-exchange;v=b3',
  'sec-fetch-site' => 'same-origin',
  'sec-fetch-mode' => 'navigate',
  'referer' => 'http://localhost/shop/public/admin',
  'accept-encoding' => 'gzip, deflate, br',
  'accept-language' => 'zh-CN,zh;q=0.9',
  'cookie' => 'pgv_pvi=667781120; Phpstorm-b93aaa72=a9e76d0f-6113-45ea-b7ac-b691d05f48bc; __utmz=111872281.1572250548.1.1.utmcsr=(direct)|utmccn=(direct)|utmcmd=(none); __utma=111872281.275660930.1572250548.1572250548.1576480207.2; Hm_lvt_b393d153aeb26b46e9431fabaf0f6190=1577159677; PHPSESSID=pl3u3nbe8e5jiodihkgukmbki6; Hm_lvt_080836300300be57b7f34f4b3e97d911=1576802758,1577068143,1577148539,1577234606; Hm_lpvt_080836300300be57b7f34f4b3e97d911=1577245437; pgv_si=s7414510592',
)
[ info ] [ PARAM ] array (
)
[ info ] [ RUN ] app\admin\controller\Goods->lst[ D:\phpStudy\WWW\shop\application\admin\controller\Goods.php ]
[ info ] [ DB ] INIT mysql
[ info ] [ VIEW ] D:\phpStudy\WWW\shop\public/../application/admin\view\goods\lst.htm [ array (
  0 => 'lst',
) ]
[ info ] [ LOG ] INIT File
[ sql ] [ DB ] CONNECT:[ UseTime:0.010303s ] mysql:host=127.0.0.1;dbname=tpshop;charset=utf8
[ sql ] [ SQL ] SHOW COLUMNS FROM `tp_goods` [ RunTime:0.091486s ]
[ sql ] [ SQL ] SELECT COUNT(*) AS tp_count FROM `tp_goods` LIMIT 1 [ RunTime:0.000434s ]
[ sql ] [ SQL ] SELECT * FROM `tp_goods` ORDER BY `id` DESC LIMIT 0,10 [ RunTime:0.000698s ]
[ error ] [0]类的属性不存在:app\common\model\Goods->type_name[D:\phpStudy\WWW\shop\thinkphp\library\think\Model.php:626]
