---------------------------------------------------------------
[ 2019-12-30T17:45:23+08:00 ] 0.0.0.0 GET localhost/shop/public/admin
[运行时间：0.450816s] [吞吐率：2.22req/s] [内存消耗：1,657.02kb] [文件加载：43]
[ info ] [ LANG ] D:\phpStudy\WWW\shop\thinkphp\lang\zh-cn.php
[ info ] [ ROUTE ] array (
  'type' => 'module',
  'module' => 
  array (
    0 => 'admin',
    1 => NULL,
    2 => NULL,
  ),
)
[ info ] [ HEADER ] array (
  'host' => 'localhost',
  'connection' => 'keep-alive',
  'upgrade-insecure-requests' => '1',
  'user-agent' => 'Mozilla/5.0 (Windows NT 10.0; WOW64) AppleWebKit/537.36 (KHTML, like Gecko) Chrome/78.0.3904.87 Safari/537.36',
  'sec-fetch-user' => '?1',
  'accept' => 'text/html,application/xhtml+xml,application/xml;q=0.9,image/webp,image/apng,*/*;q=0.8,application/signed-exchange;v=b3',
  'sec-fetch-site' => 'none',
  'sec-fetch-mode' => 'navigate',
  'accept-encoding' => 'gzip, deflate, br',
  'accept-language' => 'zh-CN,zh;q=0.9',
  'cookie' => 'pgv_pvi=8154574848',
)
[ info ] [ PARAM ] array (
)
[ info ] [ RUN ] app\admin\controller\Index->index[ D:\phpStudy\WWW\shop\application\admin\controller\Index.php ]
[ info ] [ VIEW ] D:\phpStudy\WWW\shop\public/../application/admin\view\index\index.htm [ array (
) ]
[ info ] [ LOG ] INIT File
---------------------------------------------------------------
[ 2019-12-30T17:45:26+08:00 ] 0.0.0.0 GET localhost/shop/public/admin/goods/lst.html
[运行时间：0.428183s] [吞吐率：2.34req/s] [内存消耗：3,085.41kb] [文件加载：60]
[ info ] [ LANG ] D:\phpStudy\WWW\shop\thinkphp\lang\zh-cn.php
[ info ] [ ROUTE ] array (
  'type' => 'module',
  'module' => 
  array (
    0 => 'admin',
    1 => 'goods',
    2 => 'lst',
  ),
)
[ info ] [ HEADER ] array (
  'host' => 'localhost',
  'connection' => 'keep-alive',
  'upgrade-insecure-requests' => '1',
  'user-agent' => 'Mozilla/5.0 (Windows NT 10.0; WOW64) AppleWebKit/537.36 (KHTML, like Gecko) Chrome/78.0.3904.87 Safari/537.36',
  'sec-fetch-user' => '?1',
  'accept' => 'text/html,application/xhtml+xml,application/xml;q=0.9,image/webp,image/apng,*/*;q=0.8,application/signed-exchange;v=b3',
  'sec-fetch-site' => 'same-origin',
  'sec-fetch-mode' => 'navigate',
  'referer' => 'http://localhost/shop/public/admin',
  'accept-encoding' => 'gzip, deflate, br',
  'accept-language' => 'zh-CN,zh;q=0.9',
  'cookie' => 'pgv_pvi=8154574848',
)
[ info ] [ PARAM ] array (
)
[ info ] [ RUN ] app\admin\controller\Goods->lst[ D:\phpStudy\WWW\shop\application\admin\controller\Goods.php ]
[ info ] [ DB ] INIT mysql
[ info ] [ VIEW ] D:\phpStudy\WWW\shop\public/../application/admin\view\goods\lst.htm [ array (
  0 => 'lst',
) ]
[ info ] [ LOG ] INIT File
[ sql ] [ DB ] CONNECT:[ UseTime:0.002079s ] mysql:host=127.0.0.1;dbname=tpshop;charset=utf8
[ sql ] [ SQL ] SHOW COLUMNS FROM `tp_goods` [ RunTime:0.024290s ]
[ sql ] [ SQL ] SELECT COUNT(*) AS tp_count FROM `tp_goods` LIMIT 1 [ RunTime:0.000322s ]
[ sql ] [ SQL ] SELECT * FROM `tp_goods` ORDER BY `id` DESC LIMIT 0,10 [ RunTime:0.017124s ]
[ error ] [0]类的属性不存在:app\common\model\Goods->type_name[D:\phpStudy\WWW\shop\thinkphp\library\think\Model.php:626]
---------------------------------------------------------------
[ 2019-12-30T17:46:50+08:00 ] 0.0.0.0 GET localhost/shop/public/admin/goods/lst.html
[运行时间：0.070286s] [吞吐率：14.23req/s] [内存消耗：2,942.74kb] [文件加载：53]
[ info ] [ LANG ] D:\phpStudy\WWW\shop\thinkphp\lang\zh-cn.php
[ info ] [ ROUTE ] array (
  'type' => 'module',
  'module' => 
  array (
    0 => 'admin',
    1 => 'goods',
    2 => 'lst',
  ),
)
[ info ] [ HEADER ] array (
  'host' => 'localhost',
  'connection' => 'keep-alive',
  'cache-control' => 'max-age=0',
  'upgrade-insecure-requests' => '1',
  'user-agent' => 'Mozilla/5.0 (Windows NT 10.0; WOW64) AppleWebKit/537.36 (KHTML, like Gecko) Chrome/78.0.3904.87 Safari/537.36',
  'sec-fetch-user' => '?1',
  'accept' => 'text/html,application/xhtml+xml,application/xml;q=0.9,image/webp,image/apng,*/*;q=0.8,application/signed-exchange;v=b3',
  'sec-fetch-site' => 'same-origin',
  'sec-fetch-mode' => 'navigate',
  'referer' => 'http://localhost/shop/public/admin',
  'accept-encoding' => 'gzip, deflate, br',
  'accept-language' => 'zh-CN,zh;q=0.9',
  'cookie' => 'pgv_pvi=8154574848',
)
[ info ] [ PARAM ] array (
)
[ info ] [ RUN ] app\admin\controller\Goods->lst[ D:\phpStudy\WWW\shop\application\admin\controller\Goods.php ]
[ info ] [ DB ] INIT mysql
[ info ] [ LOG ] INIT File
[ sql ] [ DB ] CONNECT:[ UseTime:0.012430s ] mysql:host=127.0.0.1;dbname=tpshop;charset=utf8
[ sql ] [ SQL ] SHOW COLUMNS FROM `tp_goods` [ RunTime:0.001424s ]
[ sql ] [ SQL ] SELECT COUNT(*) AS tp_count FROM `tp_goods` LIMIT 1 [ RunTime:0.000449s ]
[ sql ] [ SQL ] SELECT * FROM `tp_goods` ORDER BY `id` DESC LIMIT 0,10 [ RunTime:0.000717s ]
---------------------------------------------------------------
[ 2019-12-30T17:48:23+08:00 ] 0.0.0.0 GET localhost/shop/public/admin/goods/lst.html
[运行时间：0.114127s] [吞吐率：8.76req/s] [内存消耗：3,239.98kb] [文件加载：60]
[ info ] [ LANG ] D:\phpStudy\WWW\shop\thinkphp\lang\zh-cn.php
[ info ] [ ROUTE ] array (
  'type' => 'module',
  'module' => 
  array (
    0 => 'admin',
    1 => 'goods',
    2 => 'lst',
  ),
)
[ info ] [ HEADER ] array (
  'host' => 'localhost',
  'connection' => 'keep-alive',
  'cache-control' => 'max-age=0',
  'upgrade-insecure-requests' => '1',
  'user-agent' => 'Mozilla/5.0 (Windows NT 10.0; WOW64) AppleWebKit/537.36 (KHTML, like Gecko) Chrome/78.0.3904.87 Safari/537.36',
  'sec-fetch-user' => '?1',
  'accept' => 'text/html,application/xhtml+xml,application/xml;q=0.9,image/webp,image/apng,*/*;q=0.8,application/signed-exchange;v=b3',
  'sec-fetch-site' => 'same-origin',
  'sec-fetch-mode' => 'navigate',
  'referer' => 'http://localhost/shop/public/admin',
  'accept-encoding' => 'gzip, deflate, br',
  'accept-language' => 'zh-CN,zh;q=0.9',
  'cookie' => 'pgv_pvi=8154574848',
)
[ info ] [ PARAM ] array (
)
[ info ] [ RUN ] app\admin\controller\Goods->lst[ D:\phpStudy\WWW\shop\application\admin\controller\Goods.php ]
[ info ] [ DB ] INIT mysql
[ info ] [ VIEW ] D:\phpStudy\WWW\shop\public/../application/admin\view\goods\lst.htm [ array (
  0 => 'lst',
) ]
[ info ] [ LOG ] INIT File
[ sql ] [ DB ] CONNECT:[ UseTime:0.011388s ] mysql:host=127.0.0.1;dbname=tpshop;charset=utf8
[ sql ] [ SQL ] SHOW COLUMNS FROM `tp_goods` [ RunTime:0.001417s ]
[ sql ] [ SQL ] SELECT COUNT(*) AS tp_count FROM `tp_goods` LIMIT 1 [ RunTime:0.000688s ]
[ sql ] [ SQL ] SELECT * FROM `tp_goods` ORDER BY `id` DESC LIMIT 0,10 [ RunTime:0.001194s ]
---------------------------------------------------------------
[ 2019-12-30T17:48:27+08:00 ] 0.0.0.0 GET localhost/shop/public/admin/goods/lst.html
[运行时间：0.071824s] [吞吐率：13.92req/s] [内存消耗：3,067.49kb] [文件加载：58]
[ info ] [ LANG ] D:\phpStudy\WWW\shop\thinkphp\lang\zh-cn.php
[ info ] [ ROUTE ] array (
  'type' => 'module',
  'module' => 
  array (
    0 => 'admin',
    1 => 'goods',
    2 => 'lst',
  ),
)
[ info ] [ HEADER ] array (
  'host' => 'localhost',
  'connection' => 'keep-alive',
  'upgrade-insecure-requests' => '1',
  'user-agent' => 'Mozilla/5.0 (Windows NT 10.0; WOW64) AppleWebKit/537.36 (KHTML, like Gecko) Chrome/78.0.3904.87 Safari/537.36',
  'sec-fetch-user' => '?1',
  'accept' => 'text/html,application/xhtml+xml,application/xml;q=0.9,image/webp,image/apng,*/*;q=0.8,application/signed-exchange;v=b3',
  'sec-fetch-site' => 'same-origin',
  'sec-fetch-mode' => 'navigate',
  'referer' => 'http://localhost/shop/public/admin/goods/lst.html',
  'accept-encoding' => 'gzip, deflate, br',
  'accept-language' => 'zh-CN,zh;q=0.9',
  'cookie' => 'pgv_pvi=8154574848',
)
[ info ] [ PARAM ] array (
)
[ info ] [ RUN ] app\admin\controller\Goods->lst[ D:\phpStudy\WWW\shop\application\admin\controller\Goods.php ]
[ info ] [ DB ] INIT mysql
[ info ] [ VIEW ] D:\phpStudy\WWW\shop\public/../application/admin\view\goods\lst.htm [ array (
  0 => 'lst',
) ]
[ info ] [ LOG ] INIT File
[ sql ] [ DB ] CONNECT:[ UseTime:0.012122s ] mysql:host=127.0.0.1;dbname=tpshop;charset=utf8
[ sql ] [ SQL ] SHOW COLUMNS FROM `tp_goods` [ RunTime:0.011674s ]
[ sql ] [ SQL ] SELECT COUNT(*) AS tp_count FROM `tp_goods` LIMIT 1 [ RunTime:0.000335s ]
[ sql ] [ SQL ] SELECT * FROM `tp_goods` ORDER BY `id` DESC LIMIT 0,10 [ RunTime:0.000570s ]
---------------------------------------------------------------
[ 2019-12-30T17:48:41+08:00 ] 0.0.0.0 GET localhost/shop/public/admin/goods/lst.html
[运行时间：0.060927s] [吞吐率：16.41req/s] [内存消耗：3,067.80kb] [文件加载：58]
[ info ] [ LANG ] D:\phpStudy\WWW\shop\thinkphp\lang\zh-cn.php
[ info ] [ ROUTE ] array (
  'type' => 'module',
  'module' => 
  array (
    0 => 'admin',
    1 => 'goods',
    2 => 'lst',
  ),
)
[ info ] [ HEADER ] array (
  'host' => 'localhost',
  'connection' => 'keep-alive',
  'cache-control' => 'max-age=0',
  'upgrade-insecure-requests' => '1',
  'user-agent' => 'Mozilla/5.0 (Windows NT 10.0; WOW64) AppleWebKit/537.36 (KHTML, like Gecko) Chrome/78.0.3904.87 Safari/537.36',
  'sec-fetch-user' => '?1',
  'accept' => 'text/html,application/xhtml+xml,application/xml;q=0.9,image/webp,image/apng,*/*;q=0.8,application/signed-exchange;v=b3',
  'sec-fetch-site' => 'same-origin',
  'sec-fetch-mode' => 'navigate',
  'referer' => 'http://localhost/shop/public/admin/goods/lst.html',
  'accept-encoding' => 'gzip, deflate, br',
  'accept-language' => 'zh-CN,zh;q=0.9',
  'cookie' => 'pgv_pvi=8154574848',
)
[ info ] [ PARAM ] array (
)
[ info ] [ RUN ] app\admin\controller\Goods->lst[ D:\phpStudy\WWW\shop\application\admin\controller\Goods.php ]
[ info ] [ DB ] INIT mysql
[ info ] [ VIEW ] D:\phpStudy\WWW\shop\public/../application/admin\view\goods\lst.htm [ array (
  0 => 'lst',
) ]
[ info ] [ LOG ] INIT File
[ sql ] [ DB ] CONNECT:[ UseTime:0.011807s ] mysql:host=127.0.0.1;dbname=tpshop;charset=utf8
[ sql ] [ SQL ] SHOW COLUMNS FROM `tp_goods` [ RunTime:0.001680s ]
[ sql ] [ SQL ] SELECT COUNT(*) AS tp_count FROM `tp_goods` LIMIT 1 [ RunTime:0.000476s ]
[ sql ] [ SQL ] SELECT * FROM `tp_goods` ORDER BY `id` DESC LIMIT 0,10 [ RunTime:0.000678s ]
---------------------------------------------------------------
[ 2019-12-30T17:48:42+08:00 ] 0.0.0.0 GET localhost/shop/public/admin/attr/lst/type_id/16.html
[运行时间：0.242656s] [吞吐率：4.12req/s] [内存消耗：2,989.73kb] [文件加载：58]
[ info ] [ LANG ] D:\phpStudy\WWW\shop\thinkphp\lang\zh-cn.php
[ info ] [ ROUTE ] array (
  'type' => 'module',
  'module' => 
  array (
    0 => 'admin',
    1 => 'attr',
    2 => 'lst',
  ),
)
[ info ] [ HEADER ] array (
  'host' => 'localhost',
  'connection' => 'keep-alive',
  'upgrade-insecure-requests' => '1',
  'user-agent' => 'Mozilla/5.0 (Windows NT 10.0; WOW64) AppleWebKit/537.36 (KHTML, like Gecko) Chrome/78.0.3904.87 Safari/537.36',
  'sec-fetch-user' => '?1',
  'accept' => 'text/html,application/xhtml+xml,application/xml;q=0.9,image/webp,image/apng,*/*;q=0.8,application/signed-exchange;v=b3',
  'sec-fetch-site' => 'same-origin',
  'sec-fetch-mode' => 'navigate',
  'referer' => 'http://localhost/shop/public/admin/goods/lst.html',
  'accept-encoding' => 'gzip, deflate, br',
  'accept-language' => 'zh-CN,zh;q=0.9',
  'cookie' => 'pgv_pvi=8154574848',
)
[ info ] [ PARAM ] array (
  'type_id' => '16',
)
[ info ] [ RUN ] app\admin\controller\Attr->lst[ D:\phpStudy\WWW\shop\application\admin\controller\Attr.php ]
[ info ] [ DB ] INIT mysql
[ info ] [ VIEW ] D:\phpStudy\WWW\shop\public/../application/admin\view\attr\lst.htm [ array (
  0 => 'lst',
) ]
[ info ] [ LOG ] INIT File
[ sql ] [ DB ] CONNECT:[ UseTime:0.011069s ] mysql:host=127.0.0.1;dbname=tpshop;charset=utf8
[ sql ] [ SQL ] SHOW COLUMNS FROM `tp_attr` [ RunTime:0.001150s ]
[ sql ] [ SQL ] SELECT COUNT(*) AS tp_count FROM `tp_attr` `a` INNER JOIN `tp_type` `t` ON `a`.`type_id`=`t`.`id` WHERE  `type_id` = 16 LIMIT 1 [ RunTime:0.000839s ]
[ sql ] [ SQL ] SELECT `a`.*,`t`.`type_name` FROM `tp_attr` `a` INNER JOIN `tp_type` `t` ON `a`.`type_id`=`t`.`id` WHERE  `type_id` = 16 ORDER BY `a`.`id` DESC LIMIT 0,10 [ RunTime:0.027025s ]
---------------------------------------------------------------
[ 2019-12-30T17:48:45+08:00 ] 0.0.0.0 GET localhost/shop/public/admin/attr/add.html
[运行时间：0.170191s] [吞吐率：5.88req/s] [内存消耗：2,540.06kb] [文件加载：52]
[ info ] [ LANG ] D:\phpStudy\WWW\shop\thinkphp\lang\zh-cn.php
[ info ] [ ROUTE ] array (
  'type' => 'module',
  'module' => 
  array (
    0 => 'admin',
    1 => 'attr',
    2 => 'add',
  ),
)
[ info ] [ HEADER ] array (
  'host' => 'localhost',
  'connection' => 'keep-alive',
  'upgrade-insecure-requests' => '1',
  'user-agent' => 'Mozilla/5.0 (Windows NT 10.0; WOW64) AppleWebKit/537.36 (KHTML, like Gecko) Chrome/78.0.3904.87 Safari/537.36',
  'sec-fetch-user' => '?1',
  'accept' => 'text/html,application/xhtml+xml,application/xml;q=0.9,image/webp,image/apng,*/*;q=0.8,application/signed-exchange;v=b3',
  'sec-fetch-site' => 'same-origin',
  'sec-fetch-mode' => 'navigate',
  'referer' => 'http://localhost/shop/public/admin/attr/lst/type_id/16.html',
  'accept-encoding' => 'gzip, deflate, br',
  'accept-language' => 'zh-CN,zh;q=0.9',
  'cookie' => 'pgv_pvi=8154574848',
)
[ info ] [ PARAM ] array (
)
[ info ] [ RUN ] app\admin\controller\Attr->add[ D:\phpStudy\WWW\shop\application\admin\controller\Attr.php ]
[ info ] [ DB ] INIT mysql
[ info ] [ VIEW ] D:\phpStudy\WWW\shop\public/../application/admin\view\attr\add.htm [ array (
  0 => 'attr',
) ]
[ info ] [ LOG ] INIT File
[ sql ] [ DB ] CONNECT:[ UseTime:0.010410s ] mysql:host=127.0.0.1;dbname=tpshop;charset=utf8
[ sql ] [ SQL ] SHOW COLUMNS FROM `tp_type` [ RunTime:0.001227s ]
[ sql ] [ SQL ] SELECT * FROM `tp_type` [ RunTime:0.000488s ]
---------------------------------------------------------------
[ 2019-12-30T17:48:48+08:00 ] 0.0.0.0 GET localhost/shop/public/admin/attr/lst.html
[运行时间：0.061745s] [吞吐率：16.20req/s] [内存消耗：3,002.60kb] [文件加载：58]
[ info ] [ LANG ] D:\phpStudy\WWW\shop\thinkphp\lang\zh-cn.php
[ info ] [ ROUTE ] array (
  'type' => 'module',
  'module' => 
  array (
    0 => 'admin',
    1 => 'attr',
    2 => 'lst',
  ),
)
[ info ] [ HEADER ] array (
  'host' => 'localhost',
  'connection' => 'keep-alive',
  'upgrade-insecure-requests' => '1',
  'user-agent' => 'Mozilla/5.0 (Windows NT 10.0; WOW64) AppleWebKit/537.36 (KHTML, like Gecko) Chrome/78.0.3904.87 Safari/537.36',
  'sec-fetch-user' => '?1',
  'accept' => 'text/html,application/xhtml+xml,application/xml;q=0.9,image/webp,image/apng,*/*;q=0.8,application/signed-exchange;v=b3',
  'sec-fetch-site' => 'same-origin',
  'sec-fetch-mode' => 'navigate',
  'referer' => 'http://localhost/shop/public/admin/attr/add.html',
  'accept-encoding' => 'gzip, deflate, br',
  'accept-language' => 'zh-CN,zh;q=0.9',
  'cookie' => 'pgv_pvi=8154574848',
)
[ info ] [ PARAM ] array (
)
[ info ] [ RUN ] app\admin\controller\Attr->lst[ D:\phpStudy\WWW\shop\application\admin\controller\Attr.php ]
[ info ] [ DB ] INIT mysql
[ info ] [ VIEW ] D:\phpStudy\WWW\shop\public/../application/admin\view\attr\lst.htm [ array (
  0 => 'lst',
) ]
[ info ] [ LOG ] INIT File
[ sql ] [ DB ] CONNECT:[ UseTime:0.010718s ] mysql:host=127.0.0.1;dbname=tpshop;charset=utf8
[ sql ] [ SQL ] SHOW COLUMNS FROM `tp_attr` [ RunTime:0.001724s ]
[ sql ] [ SQL ] SELECT COUNT(*) AS tp_count FROM `tp_attr` `a` INNER JOIN `tp_type` `t` ON `a`.`type_id`=`t`.`id` LIMIT 1 [ RunTime:0.000715s ]
[ sql ] [ SQL ] SELECT `a`.*,`t`.`type_name` FROM `tp_attr` `a` INNER JOIN `tp_type` `t` ON `a`.`type_id`=`t`.`id` ORDER BY `a`.`id` DESC LIMIT 0,10 [ RunTime:0.000557s ]
---------------------------------------------------------------
[ 2019-12-30T17:48:52+08:00 ] 0.0.0.0 GET localhost/shop/public/admin/attr/lst.html
[运行时间：0.061101s] [吞吐率：16.37req/s] [内存消耗：3,002.82kb] [文件加载：58]
[ info ] [ LANG ] D:\phpStudy\WWW\shop\thinkphp\lang\zh-cn.php
[ info ] [ ROUTE ] array (
  'type' => 'module',
  'module' => 
  array (
    0 => 'admin',
    1 => 'attr',
    2 => 'lst',
  ),
)
[ info ] [ HEADER ] array (
  'host' => 'localhost',
  'connection' => 'keep-alive',
  'cache-control' => 'max-age=0',
  'upgrade-insecure-requests' => '1',
  'user-agent' => 'Mozilla/5.0 (Windows NT 10.0; WOW64) AppleWebKit/537.36 (KHTML, like Gecko) Chrome/78.0.3904.87 Safari/537.36',
  'sec-fetch-user' => '?1',
  'accept' => 'text/html,application/xhtml+xml,application/xml;q=0.9,image/webp,image/apng,*/*;q=0.8,application/signed-exchange;v=b3',
  'sec-fetch-site' => 'same-origin',
  'sec-fetch-mode' => 'navigate',
  'referer' => 'http://localhost/shop/public/admin/attr/add.html',
  'accept-encoding' => 'gzip, deflate, br',
  'accept-language' => 'zh-CN,zh;q=0.9',
  'cookie' => 'pgv_pvi=8154574848',
)
[ info ] [ PARAM ] array (
)
[ info ] [ RUN ] app\admin\controller\Attr->lst[ D:\phpStudy\WWW\shop\application\admin\controller\Attr.php ]
[ info ] [ DB ] INIT mysql
[ info ] [ VIEW ] D:\phpStudy\WWW\shop\public/../application/admin\view\attr\lst.htm [ array (
  0 => 'lst',
) ]
[ info ] [ LOG ] INIT File
[ sql ] [ DB ] CONNECT:[ UseTime:0.011430s ] mysql:host=127.0.0.1;dbname=tpshop;charset=utf8
[ sql ] [ SQL ] SHOW COLUMNS FROM `tp_attr` [ RunTime:0.001245s ]
[ sql ] [ SQL ] SELECT COUNT(*) AS tp_count FROM `tp_attr` `a` INNER JOIN `tp_type` `t` ON `a`.`type_id`=`t`.`id` LIMIT 1 [ RunTime:0.000651s ]
[ sql ] [ SQL ] SELECT `a`.*,`t`.`type_name` FROM `tp_attr` `a` INNER JOIN `tp_type` `t` ON `a`.`type_id`=`t`.`id` ORDER BY `a`.`id` DESC LIMIT 0,10 [ RunTime:0.000553s ]
---------------------------------------------------------------
[ 2019-12-30T17:48:53+08:00 ] 0.0.0.0 GET localhost/shop/public/admin/goods/lst.html
[运行时间：0.059074s] [吞吐率：16.93req/s] [内存消耗：3,067.49kb] [文件加载：58]
[ info ] [ LANG ] D:\phpStudy\WWW\shop\thinkphp\lang\zh-cn.php
[ info ] [ ROUTE ] array (
  'type' => 'module',
  'module' => 
  array (
    0 => 'admin',
    1 => 'goods',
    2 => 'lst',
  ),
)
[ info ] [ HEADER ] array (
  'host' => 'localhost',
  'connection' => 'keep-alive',
  'upgrade-insecure-requests' => '1',
  'user-agent' => 'Mozilla/5.0 (Windows NT 10.0; WOW64) AppleWebKit/537.36 (KHTML, like Gecko) Chrome/78.0.3904.87 Safari/537.36',
  'sec-fetch-user' => '?1',
  'accept' => 'text/html,application/xhtml+xml,application/xml;q=0.9,image/webp,image/apng,*/*;q=0.8,application/signed-exchange;v=b3',
  'sec-fetch-site' => 'same-origin',
  'sec-fetch-mode' => 'navigate',
  'referer' => 'http://localhost/shop/public/admin/attr/lst.html',
  'accept-encoding' => 'gzip, deflate, br',
  'accept-language' => 'zh-CN,zh;q=0.9',
  'cookie' => 'pgv_pvi=8154574848',
)
[ info ] [ PARAM ] array (
)
[ info ] [ RUN ] app\admin\controller\Goods->lst[ D:\phpStudy\WWW\shop\application\admin\controller\Goods.php ]
[ info ] [ DB ] INIT mysql
[ info ] [ VIEW ] D:\phpStudy\WWW\shop\public/../application/admin\view\goods\lst.htm [ array (
  0 => 'lst',
) ]
[ info ] [ LOG ] INIT File
[ sql ] [ DB ] CONNECT:[ UseTime:0.010620s ] mysql:host=127.0.0.1;dbname=tpshop;charset=utf8
[ sql ] [ SQL ] SHOW COLUMNS FROM `tp_goods` [ RunTime:0.001412s ]
[ sql ] [ SQL ] SELECT COUNT(*) AS tp_count FROM `tp_goods` LIMIT 1 [ RunTime:0.000407s ]
[ sql ] [ SQL ] SELECT * FROM `tp_goods` ORDER BY `id` DESC LIMIT 0,10 [ RunTime:0.000667s ]
---------------------------------------------------------------
[ 2019-12-30T17:48:55+08:00 ] 0.0.0.0 GET localhost/shop/public/admin/attr/lst/type_id/17.html
[运行时间：0.061073s] [吞吐率：16.37req/s] [内存消耗：2,989.73kb] [文件加载：58]
[ info ] [ LANG ] D:\phpStudy\WWW\shop\thinkphp\lang\zh-cn.php
[ info ] [ ROUTE ] array (
  'type' => 'module',
  'module' => 
  array (
    0 => 'admin',
    1 => 'attr',
    2 => 'lst',
  ),
)
[ info ] [ HEADER ] array (
  'host' => 'localhost',
  'connection' => 'keep-alive',
  'upgrade-insecure-requests' => '1',
  'user-agent' => 'Mozilla/5.0 (Windows NT 10.0; WOW64) AppleWebKit/537.36 (KHTML, like Gecko) Chrome/78.0.3904.87 Safari/537.36',
  'sec-fetch-user' => '?1',
  'accept' => 'text/html,application/xhtml+xml,application/xml;q=0.9,image/webp,image/apng,*/*;q=0.8,application/signed-exchange;v=b3',
  'sec-fetch-site' => 'same-origin',
  'sec-fetch-mode' => 'navigate',
  'referer' => 'http://localhost/shop/public/admin/goods/lst.html',
  'accept-encoding' => 'gzip, deflate, br',
  'accept-language' => 'zh-CN,zh;q=0.9',
  'cookie' => 'pgv_pvi=8154574848',
)
[ info ] [ PARAM ] array (
  'type_id' => '17',
)
[ info ] [ RUN ] app\admin\controller\Attr->lst[ D:\phpStudy\WWW\shop\application\admin\controller\Attr.php ]
[ info ] [ DB ] INIT mysql
[ info ] [ VIEW ] D:\phpStudy\WWW\shop\public/../application/admin\view\attr\lst.htm [ array (
  0 => 'lst',
) ]
[ info ] [ LOG ] INIT File
[ sql ] [ DB ] CONNECT:[ UseTime:0.010333s ] mysql:host=127.0.0.1;dbname=tpshop;charset=utf8
[ sql ] [ SQL ] SHOW COLUMNS FROM `tp_attr` [ RunTime:0.001119s ]
[ sql ] [ SQL ] SELECT COUNT(*) AS tp_count FROM `tp_attr` `a` INNER JOIN `tp_type` `t` ON `a`.`type_id`=`t`.`id` WHERE  `type_id` = 17 LIMIT 1 [ RunTime:0.000722s ]
[ sql ] [ SQL ] SELECT `a`.*,`t`.`type_name` FROM `tp_attr` `a` INNER JOIN `tp_type` `t` ON `a`.`type_id`=`t`.`id` WHERE  `type_id` = 17 ORDER BY `a`.`id` DESC LIMIT 0,10 [ RunTime:0.000436s ]
---------------------------------------------------------------
[ 2019-12-30T17:48:57+08:00 ] 0.0.0.0 GET localhost/shop/public/admin/attr/lst/type_id/17.html
[运行时间：0.062131s] [吞吐率：16.10req/s] [内存消耗：2,989.93kb] [文件加载：58]
[ info ] [ LANG ] D:\phpStudy\WWW\shop\thinkphp\lang\zh-cn.php
[ info ] [ ROUTE ] array (
  'type' => 'module',
  'module' => 
  array (
    0 => 'admin',
    1 => 'attr',
    2 => 'lst',
  ),
)
[ info ] [ HEADER ] array (
  'host' => 'localhost',
  'connection' => 'keep-alive',
  'cache-control' => 'max-age=0',
  'upgrade-insecure-requests' => '1',
  'user-agent' => 'Mozilla/5.0 (Windows NT 10.0; WOW64) AppleWebKit/537.36 (KHTML, like Gecko) Chrome/78.0.3904.87 Safari/537.36',
  'sec-fetch-user' => '?1',
  'accept' => 'text/html,application/xhtml+xml,application/xml;q=0.9,image/webp,image/apng,*/*;q=0.8,application/signed-exchange;v=b3',
  'sec-fetch-site' => 'same-origin',
  'sec-fetch-mode' => 'navigate',
  'referer' => 'http://localhost/shop/public/admin/goods/lst.html',
  'accept-encoding' => 'gzip, deflate, br',
  'accept-language' => 'zh-CN,zh;q=0.9',
  'cookie' => 'pgv_pvi=8154574848',
)
[ info ] [ PARAM ] array (
  'type_id' => '17',
)
[ info ] [ RUN ] app\admin\controller\Attr->lst[ D:\phpStudy\WWW\shop\application\admin\controller\Attr.php ]
[ info ] [ DB ] INIT mysql
[ info ] [ VIEW ] D:\phpStudy\WWW\shop\public/../application/admin\view\attr\lst.htm [ array (
  0 => 'lst',
) ]
[ info ] [ LOG ] INIT File
[ sql ] [ DB ] CONNECT:[ UseTime:0.011548s ] mysql:host=127.0.0.1;dbname=tpshop;charset=utf8
[ sql ] [ SQL ] SHOW COLUMNS FROM `tp_attr` [ RunTime:0.001387s ]
[ sql ] [ SQL ] SELECT COUNT(*) AS tp_count FROM `tp_attr` `a` INNER JOIN `tp_type` `t` ON `a`.`type_id`=`t`.`id` WHERE  `type_id` = 17 LIMIT 1 [ RunTime:0.001591s ]
[ sql ] [ SQL ] SELECT `a`.*,`t`.`type_name` FROM `tp_attr` `a` INNER JOIN `tp_type` `t` ON `a`.`type_id`=`t`.`id` WHERE  `type_id` = 17 ORDER BY `a`.`id` DESC LIMIT 0,10 [ RunTime:0.000547s ]
---------------------------------------------------------------
[ 2019-12-30T17:48:58+08:00 ] 0.0.0.0 GET localhost/shop/public/admin/attr/add.html
[运行时间：0.055822s] [吞吐率：17.91req/s] [内存消耗：2,540.06kb] [文件加载：52]
[ info ] [ LANG ] D:\phpStudy\WWW\shop\thinkphp\lang\zh-cn.php
[ info ] [ ROUTE ] array (
  'type' => 'module',
  'module' => 
  array (
    0 => 'admin',
    1 => 'attr',
    2 => 'add',
  ),
)
[ info ] [ HEADER ] array (
  'host' => 'localhost',
  'connection' => 'keep-alive',
  'upgrade-insecure-requests' => '1',
  'user-agent' => 'Mozilla/5.0 (Windows NT 10.0; WOW64) AppleWebKit/537.36 (KHTML, like Gecko) Chrome/78.0.3904.87 Safari/537.36',
  'sec-fetch-user' => '?1',
  'accept' => 'text/html,application/xhtml+xml,application/xml;q=0.9,image/webp,image/apng,*/*;q=0.8,application/signed-exchange;v=b3',
  'sec-fetch-site' => 'same-origin',
  'sec-fetch-mode' => 'navigate',
  'referer' => 'http://localhost/shop/public/admin/attr/lst/type_id/17.html',
  'accept-encoding' => 'gzip, deflate, br',
  'accept-language' => 'zh-CN,zh;q=0.9',
  'cookie' => 'pgv_pvi=8154574848',
)
[ info ] [ PARAM ] array (
)
[ info ] [ RUN ] app\admin\controller\Attr->add[ D:\phpStudy\WWW\shop\application\admin\controller\Attr.php ]
[ info ] [ DB ] INIT mysql
[ info ] [ VIEW ] D:\phpStudy\WWW\shop\public/../application/admin\view\attr\add.htm [ array (
  0 => 'attr',
) ]
[ info ] [ LOG ] INIT File
[ sql ] [ DB ] CONNECT:[ UseTime:0.010790s ] mysql:host=127.0.0.1;dbname=tpshop;charset=utf8
[ sql ] [ SQL ] SHOW COLUMNS FROM `tp_type` [ RunTime:0.004225s ]
[ sql ] [ SQL ] SELECT * FROM `tp_type` [ RunTime:0.000448s ]
---------------------------------------------------------------
[ 2019-12-30T17:49:00+08:00 ] 0.0.0.0 GET localhost/shop/public/admin/attr/lst.html
[运行时间：0.050109s] [吞吐率：19.96req/s] [内存消耗：3,002.60kb] [文件加载：58]
[ info ] [ LANG ] D:\phpStudy\WWW\shop\thinkphp\lang\zh-cn.php
[ info ] [ ROUTE ] array (
  'type' => 'module',
  'module' => 
  array (
    0 => 'admin',
    1 => 'attr',
    2 => 'lst',
  ),
)
[ info ] [ HEADER ] array (
  'host' => 'localhost',
  'connection' => 'keep-alive',
  'upgrade-insecure-requests' => '1',
  'user-agent' => 'Mozilla/5.0 (Windows NT 10.0; WOW64) AppleWebKit/537.36 (KHTML, like Gecko) Chrome/78.0.3904.87 Safari/537.36',
  'sec-fetch-user' => '?1',
  'accept' => 'text/html,application/xhtml+xml,application/xml;q=0.9,image/webp,image/apng,*/*;q=0.8,application/signed-exchange;v=b3',
  'sec-fetch-site' => 'same-origin',
  'sec-fetch-mode' => 'navigate',
  'referer' => 'http://localhost/shop/public/admin/attr/add.html',
  'accept-encoding' => 'gzip, deflate, br',
  'accept-language' => 'zh-CN,zh;q=0.9',
  'cookie' => 'pgv_pvi=8154574848',
)
[ info ] [ PARAM ] array (
)
[ info ] [ RUN ] app\admin\controller\Attr->lst[ D:\phpStudy\WWW\shop\application\admin\controller\Attr.php ]
[ info ] [ DB ] INIT mysql
[ info ] [ VIEW ] D:\phpStudy\WWW\shop\public/../application/admin\view\attr\lst.htm [ array (
  0 => 'lst',
) ]
[ info ] [ LOG ] INIT File
[ sql ] [ DB ] CONNECT:[ UseTime:0.002668s ] mysql:host=127.0.0.1;dbname=tpshop;charset=utf8
[ sql ] [ SQL ] SHOW COLUMNS FROM `tp_attr` [ RunTime:0.001267s ]
[ sql ] [ SQL ] SELECT COUNT(*) AS tp_count FROM `tp_attr` `a` INNER JOIN `tp_type` `t` ON `a`.`type_id`=`t`.`id` LIMIT 1 [ RunTime:0.000679s ]
[ sql ] [ SQL ] SELECT `a`.*,`t`.`type_name` FROM `tp_attr` `a` INNER JOIN `tp_type` `t` ON `a`.`type_id`=`t`.`id` ORDER BY `a`.`id` DESC LIMIT 0,10 [ RunTime:0.000505s ]
---------------------------------------------------------------
[ 2019-12-30T17:49:03+08:00 ] 0.0.0.0 GET localhost/shop/public/admin/goods/add.html
[运行时间：0.220972s] [吞吐率：4.53req/s] [内存消耗：2,934.20kb] [文件加载：55]
[ info ] [ LANG ] D:\phpStudy\WWW\shop\thinkphp\lang\zh-cn.php
[ info ] [ ROUTE ] array (
  'type' => 'module',
  'module' => 
  array (
    0 => 'admin',
    1 => 'goods',
    2 => 'add',
  ),
)
[ info ] [ HEADER ] array (
  'host' => 'localhost',
  'connection' => 'keep-alive',
  'upgrade-insecure-requests' => '1',
  'user-agent' => 'Mozilla/5.0 (Windows NT 10.0; WOW64) AppleWebKit/537.36 (KHTML, like Gecko) Chrome/78.0.3904.87 Safari/537.36',
  'sec-fetch-user' => '?1',
  'accept' => 'text/html,application/xhtml+xml,application/xml;q=0.9,image/webp,image/apng,*/*;q=0.8,application/signed-exchange;v=b3',
  'sec-fetch-site' => 'same-origin',
  'sec-fetch-mode' => 'navigate',
  'referer' => 'http://localhost/shop/public/admin/attr/lst.html',
  'accept-encoding' => 'gzip, deflate, br',
  'accept-language' => 'zh-CN,zh;q=0.9',
  'cookie' => 'pgv_pvi=8154574848',
)
[ info ] [ PARAM ] array (
)
[ info ] [ RUN ] app\admin\controller\Goods->add[ D:\phpStudy\WWW\shop\application\admin\controller\Goods.php ]
[ info ] [ DB ] INIT mysql
[ info ] [ VIEW ] D:\phpStudy\WWW\shop\public/../application/admin\view\goods\add.htm [ array (
  0 => 'mlRes',
  1 => 'typeView',
  2 => 'brandRes',
  3 => 'Category',
) ]
[ info ] [ LOG ] INIT File
[ sql ] [ DB ] CONNECT:[ UseTime:0.010790s ] mysql:host=127.0.0.1;dbname=tpshop;charset=utf8
[ sql ] [ SQL ] SHOW COLUMNS FROM `tp_member_level` [ RunTime:0.001073s ]
[ sql ] [ SQL ] SELECT `id`,`level_name` FROM `tp_member_level` [ RunTime:0.000418s ]
[ sql ] [ SQL ] SHOW COLUMNS FROM `tp_type` [ RunTime:0.000880s ]
[ sql ] [ SQL ] SELECT * FROM `tp_type` [ RunTime:0.000378s ]
[ sql ] [ SQL ] SHOW COLUMNS FROM `tp_brand` [ RunTime:0.001033s ]
[ sql ] [ SQL ] SELECT `id`,`brand_name` FROM `tp_brand` [ RunTime:0.097469s ]
[ sql ] [ SQL ] SHOW COLUMNS FROM `tp_category` [ RunTime:0.001448s ]
[ sql ] [ SQL ] SELECT * FROM `tp_category` ORDER BY `sort` DESC [ RunTime:0.000609s ]
---------------------------------------------------------------
[ 2019-12-30T17:49:07+08:00 ] 0.0.0.0 GET localhost/shop/public/admin/goods/lst.html
[运行时间：0.065459s] [吞吐率：15.28req/s] [内存消耗：3,067.49kb] [文件加载：58]
[ info ] [ LANG ] D:\phpStudy\WWW\shop\thinkphp\lang\zh-cn.php
[ info ] [ ROUTE ] array (
  'type' => 'module',
  'module' => 
  array (
    0 => 'admin',
    1 => 'goods',
    2 => 'lst',
  ),
)
[ info ] [ HEADER ] array (
  'host' => 'localhost',
  'connection' => 'keep-alive',
  'upgrade-insecure-requests' => '1',
  'user-agent' => 'Mozilla/5.0 (Windows NT 10.0; WOW64) AppleWebKit/537.36 (KHTML, like Gecko) Chrome/78.0.3904.87 Safari/537.36',
  'sec-fetch-user' => '?1',
  'accept' => 'text/html,application/xhtml+xml,application/xml;q=0.9,image/webp,image/apng,*/*;q=0.8,application/signed-exchange;v=b3',
  'sec-fetch-site' => 'same-origin',
  'sec-fetch-mode' => 'navigate',
  'referer' => 'http://localhost/shop/public/admin/goods/add.html',
  'accept-encoding' => 'gzip, deflate, br',
  'accept-language' => 'zh-CN,zh;q=0.9',
  'cookie' => 'pgv_pvi=8154574848',
)
[ info ] [ PARAM ] array (
)
[ info ] [ RUN ] app\admin\controller\Goods->lst[ D:\phpStudy\WWW\shop\application\admin\controller\Goods.php ]
[ info ] [ DB ] INIT mysql
[ info ] [ VIEW ] D:\phpStudy\WWW\shop\public/../application/admin\view\goods\lst.htm [ array (
  0 => 'lst',
) ]
[ info ] [ LOG ] INIT File
[ sql ] [ DB ] CONNECT:[ UseTime:0.011580s ] mysql:host=127.0.0.1;dbname=tpshop;charset=utf8
[ sql ] [ SQL ] SHOW COLUMNS FROM `tp_goods` [ RunTime:0.001009s ]
[ sql ] [ SQL ] SELECT COUNT(*) AS tp_count FROM `tp_goods` LIMIT 1 [ RunTime:0.000444s ]
[ sql ] [ SQL ] SELECT * FROM `tp_goods` ORDER BY `id` DESC LIMIT 0,10 [ RunTime:0.000602s ]
---------------------------------------------------------------
[ 2019-12-30T17:49:09+08:00 ] 0.0.0.0 GET localhost/shop/public/admin/goods/lst.html
[运行时间：0.072881s] [吞吐率：13.72req/s] [内存消耗：3,067.49kb] [文件加载：58]
[ info ] [ LANG ] D:\phpStudy\WWW\shop\thinkphp\lang\zh-cn.php
[ info ] [ ROUTE ] array (
  'type' => 'module',
  'module' => 
  array (
    0 => 'admin',
    1 => 'goods',
    2 => 'lst',
  ),
)
[ info ] [ HEADER ] array (
  'host' => 'localhost',
  'connection' => 'keep-alive',
  'upgrade-insecure-requests' => '1',
  'user-agent' => 'Mozilla/5.0 (Windows NT 10.0; WOW64) AppleWebKit/537.36 (KHTML, like Gecko) Chrome/78.0.3904.87 Safari/537.36',
  'sec-fetch-user' => '?1',
  'accept' => 'text/html,application/xhtml+xml,application/xml;q=0.9,image/webp,image/apng,*/*;q=0.8,application/signed-exchange;v=b3',
  'sec-fetch-site' => 'same-origin',
  'sec-fetch-mode' => 'navigate',
  'referer' => 'http://localhost/shop/public/admin/goods/lst.html',
  'accept-encoding' => 'gzip, deflate, br',
  'accept-language' => 'zh-CN,zh;q=0.9',
  'cookie' => 'pgv_pvi=8154574848',
)
[ info ] [ PARAM ] array (
)
[ info ] [ RUN ] app\admin\controller\Goods->lst[ D:\phpStudy\WWW\shop\application\admin\controller\Goods.php ]
[ info ] [ DB ] INIT mysql
[ info ] [ VIEW ] D:\phpStudy\WWW\shop\public/../application/admin\view\goods\lst.htm [ array (
  0 => 'lst',
) ]
[ info ] [ LOG ] INIT File
[ sql ] [ DB ] CONNECT:[ UseTime:0.011353s ] mysql:host=127.0.0.1;dbname=tpshop;charset=utf8
[ sql ] [ SQL ] SHOW COLUMNS FROM `tp_goods` [ RunTime:0.001476s ]
[ sql ] [ SQL ] SELECT COUNT(*) AS tp_count FROM `tp_goods` LIMIT 1 [ RunTime:0.000423s ]
[ sql ] [ SQL ] SELECT * FROM `tp_goods` ORDER BY `id` DESC LIMIT 0,10 [ RunTime:0.009634s ]
---------------------------------------------------------------
[ 2019-12-30T17:49:12+08:00 ] 0.0.0.0 GET localhost/shop/public/admin/attr/lst/type_id/4.html
[运行时间：0.062778s] [吞吐率：15.93req/s] [内存消耗：2,989.69kb] [文件加载：58]
[ info ] [ LANG ] D:\phpStudy\WWW\shop\thinkphp\lang\zh-cn.php
[ info ] [ ROUTE ] array (
  'type' => 'module',
  'module' => 
  array (
    0 => 'admin',
    1 => 'attr',
    2 => 'lst',
  ),
)
[ info ] [ HEADER ] array (
  'host' => 'localhost',
  'connection' => 'keep-alive',
  'upgrade-insecure-requests' => '1',
  'user-agent' => 'Mozilla/5.0 (Windows NT 10.0; WOW64) AppleWebKit/537.36 (KHTML, like Gecko) Chrome/78.0.3904.87 Safari/537.36',
  'sec-fetch-user' => '?1',
  'accept' => 'text/html,application/xhtml+xml,application/xml;q=0.9,image/webp,image/apng,*/*;q=0.8,application/signed-exchange;v=b3',
  'sec-fetch-site' => 'same-origin',
  'sec-fetch-mode' => 'navigate',
  'referer' => 'http://localhost/shop/public/admin/goods/lst.html',
  'accept-encoding' => 'gzip, deflate, br',
  'accept-language' => 'zh-CN,zh;q=0.9',
  'cookie' => 'pgv_pvi=8154574848',
)
[ info ] [ PARAM ] array (
  'type_id' => '4',
)
[ info ] [ RUN ] app\admin\controller\Attr->lst[ D:\phpStudy\WWW\shop\application\admin\controller\Attr.php ]
[ info ] [ DB ] INIT mysql
[ info ] [ VIEW ] D:\phpStudy\WWW\shop\public/../application/admin\view\attr\lst.htm [ array (
  0 => 'lst',
) ]
[ info ] [ LOG ] INIT File
[ sql ] [ DB ] CONNECT:[ UseTime:0.011976s ] mysql:host=127.0.0.1;dbname=tpshop;charset=utf8
[ sql ] [ SQL ] SHOW COLUMNS FROM `tp_attr` [ RunTime:0.001009s ]
[ sql ] [ SQL ] SELECT COUNT(*) AS tp_count FROM `tp_attr` `a` INNER JOIN `tp_type` `t` ON `a`.`type_id`=`t`.`id` WHERE  `type_id` = 4 LIMIT 1 [ RunTime:0.000426s ]
[ sql ] [ SQL ] SELECT `a`.*,`t`.`type_name` FROM `tp_attr` `a` INNER JOIN `tp_type` `t` ON `a`.`type_id`=`t`.`id` WHERE  `type_id` = 4 ORDER BY `a`.`id` DESC LIMIT 0,10 [ RunTime:0.000424s ]
---------------------------------------------------------------
[ 2019-12-30T17:49:18+08:00 ] 0.0.0.0 GET localhost/shop/public/admin/goods/lst.html
[运行时间：0.066002s] [吞吐率：15.15req/s] [内存消耗：3,067.50kb] [文件加载：58]
[ info ] [ LANG ] D:\phpStudy\WWW\shop\thinkphp\lang\zh-cn.php
[ info ] [ ROUTE ] array (
  'type' => 'module',
  'module' => 
  array (
    0 => 'admin',
    1 => 'goods',
    2 => 'lst',
  ),
)
[ info ] [ HEADER ] array (
  'host' => 'localhost',
  'connection' => 'keep-alive',
  'upgrade-insecure-requests' => '1',
  'user-agent' => 'Mozilla/5.0 (Windows NT 10.0; WOW64) AppleWebKit/537.36 (KHTML, like Gecko) Chrome/78.0.3904.87 Safari/537.36',
  'sec-fetch-user' => '?1',
  'accept' => 'text/html,application/xhtml+xml,application/xml;q=0.9,image/webp,image/apng,*/*;q=0.8,application/signed-exchange;v=b3',
  'sec-fetch-site' => 'same-origin',
  'sec-fetch-mode' => 'navigate',
  'referer' => 'http://localhost/shop/public/admin/attr/lst/type_id/4.html',
  'accept-encoding' => 'gzip, deflate, br',
  'accept-language' => 'zh-CN,zh;q=0.9',
  'cookie' => 'pgv_pvi=8154574848',
)
[ info ] [ PARAM ] array (
)
[ info ] [ RUN ] app\admin\controller\Goods->lst[ D:\phpStudy\WWW\shop\application\admin\controller\Goods.php ]
[ info ] [ DB ] INIT mysql
[ info ] [ VIEW ] D:\phpStudy\WWW\shop\public/../application/admin\view\goods\lst.htm [ array (
  0 => 'lst',
) ]
[ info ] [ LOG ] INIT File
[ sql ] [ DB ] CONNECT:[ UseTime:0.010348s ] mysql:host=127.0.0.1;dbname=tpshop;charset=utf8
[ sql ] [ SQL ] SHOW COLUMNS FROM `tp_goods` [ RunTime:0.001018s ]
[ sql ] [ SQL ] SELECT COUNT(*) AS tp_count FROM `tp_goods` LIMIT 1 [ RunTime:0.000329s ]
[ sql ] [ SQL ] SELECT * FROM `tp_goods` ORDER BY `id` DESC LIMIT 0,10 [ RunTime:0.000987s ]
---------------------------------------------------------------
[ 2019-12-30T17:49:19+08:00 ] 0.0.0.0 GET localhost/shop/public/admin/goods/lst.html
[运行时间：0.061187s] [吞吐率：16.34req/s] [内存消耗：3,067.81kb] [文件加载：58]
[ info ] [ LANG ] D:\phpStudy\WWW\shop\thinkphp\lang\zh-cn.php
[ info ] [ ROUTE ] array (
  'type' => 'module',
  'module' => 
  array (
    0 => 'admin',
    1 => 'goods',
    2 => 'lst',
  ),
)
[ info ] [ HEADER ] array (
  'host' => 'localhost',
  'connection' => 'keep-alive',
  'cache-control' => 'max-age=0',
  'upgrade-insecure-requests' => '1',
  'user-agent' => 'Mozilla/5.0 (Windows NT 10.0; WOW64) AppleWebKit/537.36 (KHTML, like Gecko) Chrome/78.0.3904.87 Safari/537.36',
  'sec-fetch-user' => '?1',
  'accept' => 'text/html,application/xhtml+xml,application/xml;q=0.9,image/webp,image/apng,*/*;q=0.8,application/signed-exchange;v=b3',
  'sec-fetch-site' => 'same-origin',
  'sec-fetch-mode' => 'navigate',
  'referer' => 'http://localhost/shop/public/admin/attr/lst/type_id/4.html',
  'accept-encoding' => 'gzip, deflate, br',
  'accept-language' => 'zh-CN,zh;q=0.9',
  'cookie' => 'pgv_pvi=8154574848',
)
[ info ] [ PARAM ] array (
)
[ info ] [ RUN ] app\admin\controller\Goods->lst[ D:\phpStudy\WWW\shop\application\admin\controller\Goods.php ]
[ info ] [ DB ] INIT mysql
[ info ] [ VIEW ] D:\phpStudy\WWW\shop\public/../application/admin\view\goods\lst.htm [ array (
  0 => 'lst',
) ]
[ info ] [ LOG ] INIT File
[ sql ] [ DB ] CONNECT:[ UseTime:0.011802s ] mysql:host=127.0.0.1;dbname=tpshop;charset=utf8
[ sql ] [ SQL ] SHOW COLUMNS FROM `tp_goods` [ RunTime:0.000955s ]
[ sql ] [ SQL ] SELECT COUNT(*) AS tp_count FROM `tp_goods` LIMIT 1 [ RunTime:0.000358s ]
[ sql ] [ SQL ] SELECT * FROM `tp_goods` ORDER BY `id` DESC LIMIT 0,10 [ RunTime:0.000800s ]
---------------------------------------------------------------
[ 2019-12-30T17:49:22+08:00 ] 0.0.0.0 GET localhost/shop/public/admin/type/edit/id/14.html
[运行时间：0.144857s] [吞吐率：6.90req/s] [内存消耗：3,024.45kb] [文件加载：56]
[ info ] [ LANG ] D:\phpStudy\WWW\shop\thinkphp\lang\zh-cn.php
[ info ] [ ROUTE ] array (
  'type' => 'module',
  'module' => 
  array (
    0 => 'admin',
    1 => 'type',
    2 => 'edit',
  ),
)
[ info ] [ HEADER ] array (
  'host' => 'localhost',
  'connection' => 'keep-alive',
  'upgrade-insecure-requests' => '1',
  'user-agent' => 'Mozilla/5.0 (Windows NT 10.0; WOW64) AppleWebKit/537.36 (KHTML, like Gecko) Chrome/78.0.3904.87 Safari/537.36',
  'sec-fetch-user' => '?1',
  'accept' => 'text/html,application/xhtml+xml,application/xml;q=0.9,image/webp,image/apng,*/*;q=0.8,application/signed-exchange;v=b3',
  'sec-fetch-site' => 'same-origin',
  'sec-fetch-mode' => 'navigate',
  'referer' => 'http://localhost/shop/public/admin/goods/lst.html',
  'accept-encoding' => 'gzip, deflate, br',
  'accept-language' => 'zh-CN,zh;q=0.9',
  'cookie' => 'pgv_pvi=8154574848',
)
[ info ] [ PARAM ] array (
  'id' => '14',
)
[ info ] [ RUN ] app\admin\controller\Type->edit[ D:\phpStudy\WWW\shop\application\admin\controller\Type.php ]
[ info ] [ DB ] INIT mysql
[ info ] [ VIEW ] D:\phpStudy\WWW\shop\public/../application/admin\view\type\edit.htm [ array (
  0 => 'TypeInfo',
) ]
[ info ] [ LOG ] INIT File
[ sql ] [ DB ] CONNECT:[ UseTime:0.010456s ] mysql:host=127.0.0.1;dbname=tpshop;charset=utf8
[ sql ] [ SQL ] SHOW COLUMNS FROM `tp_type` [ RunTime:0.003061s ]
[ sql ] [ SQL ] SELECT * FROM `tp_type` WHERE  `id` = 14 LIMIT 1 [ RunTime:0.001464s ]
---------------------------------------------------------------
[ 2019-12-30T17:49:24+08:00 ] 0.0.0.0 GET localhost/shop/public/admin/type/lst.html
[运行时间：0.069003s] [吞吐率：14.49req/s] [内存消耗：2,984.93kb] [文件加载：58]
[ info ] [ LANG ] D:\phpStudy\WWW\shop\thinkphp\lang\zh-cn.php
[ info ] [ ROUTE ] array (
  'type' => 'module',
  'module' => 
  array (
    0 => 'admin',
    1 => 'type',
    2 => 'lst',
  ),
)
[ info ] [ HEADER ] array (
  'host' => 'localhost',
  'connection' => 'keep-alive',
  'upgrade-insecure-requests' => '1',
  'user-agent' => 'Mozilla/5.0 (Windows NT 10.0; WOW64) AppleWebKit/537.36 (KHTML, like Gecko) Chrome/78.0.3904.87 Safari/537.36',
  'sec-fetch-user' => '?1',
  'accept' => 'text/html,application/xhtml+xml,application/xml;q=0.9,image/webp,image/apng,*/*;q=0.8,application/signed-exchange;v=b3',
  'sec-fetch-site' => 'same-origin',
  'sec-fetch-mode' => 'navigate',
  'referer' => 'http://localhost/shop/public/admin/type/edit/id/14.html',
  'accept-encoding' => 'gzip, deflate, br',
  'accept-language' => 'zh-CN,zh;q=0.9',
  'cookie' => 'pgv_pvi=8154574848',
)
[ info ] [ PARAM ] array (
)
[ info ] [ RUN ] app\admin\controller\Type->lst[ D:\phpStudy\WWW\shop\application\admin\controller\Type.php ]
[ info ] [ DB ] INIT mysql
[ info ] [ VIEW ] D:\phpStudy\WWW\shop\public/../application/admin\view\type\lst.htm [ array (
  0 => 'lst',
) ]
[ info ] [ LOG ] INIT File
[ sql ] [ DB ] CONNECT:[ UseTime:0.011033s ] mysql:host=127.0.0.1;dbname=tpshop;charset=utf8
[ sql ] [ SQL ] SHOW COLUMNS FROM `tp_type` [ RunTime:0.000799s ]
[ sql ] [ SQL ] SELECT COUNT(*) AS tp_count FROM `tp_type` LIMIT 1 [ RunTime:0.000402s ]
[ sql ] [ SQL ] SELECT * FROM `tp_type` ORDER BY `id` DESC LIMIT 0,10 [ RunTime:0.000408s ]
---------------------------------------------------------------
[ 2019-12-30T17:49:26+08:00 ] 0.0.0.0 GET localhost/shop/public/admin/type/lst.html
[运行时间：0.059493s] [吞吐率：16.81req/s] [内存消耗：2,985.06kb] [文件加载：58]
[ info ] [ LANG ] D:\phpStudy\WWW\shop\thinkphp\lang\zh-cn.php
[ info ] [ ROUTE ] array (
  'type' => 'module',
  'module' => 
  array (
    0 => 'admin',
    1 => 'type',
    2 => 'lst',
  ),
)
[ info ] [ HEADER ] array (
  'host' => 'localhost',
  'connection' => 'keep-alive',
  'cache-control' => 'max-age=0',
  'upgrade-insecure-requests' => '1',
  'user-agent' => 'Mozilla/5.0 (Windows NT 10.0; WOW64) AppleWebKit/537.36 (KHTML, like Gecko) Chrome/78.0.3904.87 Safari/537.36',
  'sec-fetch-user' => '?1',
  'accept' => 'text/html,application/xhtml+xml,application/xml;q=0.9,image/webp,image/apng,*/*;q=0.8,application/signed-exchange;v=b3',
  'sec-fetch-site' => 'same-origin',
  'sec-fetch-mode' => 'navigate',
  'referer' => 'http://localhost/shop/public/admin/type/edit/id/14.html',
  'accept-encoding' => 'gzip, deflate, br',
  'accept-language' => 'zh-CN,zh;q=0.9',
  'cookie' => 'pgv_pvi=8154574848',
)
[ info ] [ PARAM ] array (
)
[ info ] [ RUN ] app\admin\controller\Type->lst[ D:\phpStudy\WWW\shop\application\admin\controller\Type.php ]
[ info ] [ DB ] INIT mysql
[ info ] [ VIEW ] D:\phpStudy\WWW\shop\public/../application/admin\view\type\lst.htm [ array (
  0 => 'lst',
) ]
[ info ] [ LOG ] INIT File
[ sql ] [ DB ] CONNECT:[ UseTime:0.010870s ] mysql:host=127.0.0.1;dbname=tpshop;charset=utf8
[ sql ] [ SQL ] SHOW COLUMNS FROM `tp_type` [ RunTime:0.000893s ]
[ sql ] [ SQL ] SELECT COUNT(*) AS tp_count FROM `tp_type` LIMIT 1 [ RunTime:0.000471s ]
[ sql ] [ SQL ] SELECT * FROM `tp_type` ORDER BY `id` DESC LIMIT 0,10 [ RunTime:0.000706s ]
---------------------------------------------------------------
[ 2019-12-30T17:49:28+08:00 ] 0.0.0.0 GET localhost/shop/public/admin/index/index.html
[运行时间：0.028954s] [吞吐率：34.54req/s] [内存消耗：1,657.52kb] [文件加载：43]
[ info ] [ LANG ] D:\phpStudy\WWW\shop\thinkphp\lang\zh-cn.php
[ info ] [ ROUTE ] array (
  'type' => 'module',
  'module' => 
  array (
    0 => 'admin',
    1 => 'index',
    2 => 'index',
  ),
)
[ info ] [ HEADER ] array (
  'host' => 'localhost',
  'connection' => 'keep-alive',
  'upgrade-insecure-requests' => '1',
  'user-agent' => 'Mozilla/5.0 (Windows NT 10.0; WOW64) AppleWebKit/537.36 (KHTML, like Gecko) Chrome/78.0.3904.87 Safari/537.36',
  'sec-fetch-user' => '?1',
  'accept' => 'text/html,application/xhtml+xml,application/xml;q=0.9,image/webp,image/apng,*/*;q=0.8,application/signed-exchange;v=b3',
  'sec-fetch-site' => 'same-origin',
  'sec-fetch-mode' => 'navigate',
  'referer' => 'http://localhost/shop/public/admin/type/lst.html',
  'accept-encoding' => 'gzip, deflate, br',
  'accept-language' => 'zh-CN,zh;q=0.9',
  'cookie' => 'pgv_pvi=8154574848',
)
[ info ] [ PARAM ] array (
)
[ info ] [ RUN ] app\admin\controller\Index->index[ D:\phpStudy\WWW\shop\application\admin\controller\Index.php ]
[ info ] [ VIEW ] D:\phpStudy\WWW\shop\public/../application/admin\view\index\index.htm [ array (
) ]
[ info ] [ LOG ] INIT File
---------------------------------------------------------------
[ 2019-12-30T17:49:29+08:00 ] 0.0.0.0 GET localhost/shop/public/admin/goods/lst.html
[运行时间：0.059646s] [吞吐率：16.77req/s] [内存消耗：3,067.52kb] [文件加载：58]
[ info ] [ LANG ] D:\phpStudy\WWW\shop\thinkphp\lang\zh-cn.php
[ info ] [ ROUTE ] array (
  'type' => 'module',
  'module' => 
  array (
    0 => 'admin',
    1 => 'goods',
    2 => 'lst',
  ),
)
[ info ] [ HEADER ] array (
  'host' => 'localhost',
  'connection' => 'keep-alive',
  'upgrade-insecure-requests' => '1',
  'user-agent' => 'Mozilla/5.0 (Windows NT 10.0; WOW64) AppleWebKit/537.36 (KHTML, like Gecko) Chrome/78.0.3904.87 Safari/537.36',
  'sec-fetch-user' => '?1',
  'accept' => 'text/html,application/xhtml+xml,application/xml;q=0.9,image/webp,image/apng,*/*;q=0.8,application/signed-exchange;v=b3',
  'sec-fetch-site' => 'same-origin',
  'sec-fetch-mode' => 'navigate',
  'referer' => 'http://localhost/shop/public/admin/index/index.html',
  'accept-encoding' => 'gzip, deflate, br',
  'accept-language' => 'zh-CN,zh;q=0.9',
  'cookie' => 'pgv_pvi=8154574848',
)
[ info ] [ PARAM ] array (
)
[ info ] [ RUN ] app\admin\controller\Goods->lst[ D:\phpStudy\WWW\shop\application\admin\controller\Goods.php ]
[ info ] [ DB ] INIT mysql
[ info ] [ VIEW ] D:\phpStudy\WWW\shop\public/../application/admin\view\goods\lst.htm [ array (
  0 => 'lst',
) ]
[ info ] [ LOG ] INIT File
[ sql ] [ DB ] CONNECT:[ UseTime:0.010878s ] mysql:host=127.0.0.1;dbname=tpshop;charset=utf8
[ sql ] [ SQL ] SHOW COLUMNS FROM `tp_goods` [ RunTime:0.001320s ]
[ sql ] [ SQL ] SELECT COUNT(*) AS tp_count FROM `tp_goods` LIMIT 1 [ RunTime:0.000376s ]
[ sql ] [ SQL ] SELECT * FROM `tp_goods` ORDER BY `id` DESC LIMIT 0,10 [ RunTime:0.000595s ]
---------------------------------------------------------------
[ 2019-12-30T17:49:32+08:00 ] 0.0.0.0 GET localhost/shop/public/admin/type/edit/id/12.html
[运行时间：0.057892s] [吞吐率：17.27req/s] [内存消耗：2,862.58kb] [文件加载：54]
[ info ] [ LANG ] D:\phpStudy\WWW\shop\thinkphp\lang\zh-cn.php
[ info ] [ ROUTE ] array (
  'type' => 'module',
  'module' => 
  array (
    0 => 'admin',
    1 => 'type',
    2 => 'edit',
  ),
)
[ info ] [ HEADER ] array (
  'host' => 'localhost',
  'connection' => 'keep-alive',
  'upgrade-insecure-requests' => '1',
  'user-agent' => 'Mozilla/5.0 (Windows NT 10.0; WOW64) AppleWebKit/537.36 (KHTML, like Gecko) Chrome/78.0.3904.87 Safari/537.36',
  'sec-fetch-user' => '?1',
  'accept' => 'text/html,application/xhtml+xml,application/xml;q=0.9,image/webp,image/apng,*/*;q=0.8,application/signed-exchange;v=b3',
  'sec-fetch-site' => 'same-origin',
  'sec-fetch-mode' => 'navigate',
  'referer' => 'http://localhost/shop/public/admin/goods/lst.html',
  'accept-encoding' => 'gzip, deflate, br',
  'accept-language' => 'zh-CN,zh;q=0.9',
  'cookie' => 'pgv_pvi=8154574848',
)
[ info ] [ PARAM ] array (
  'id' => '12',
)
[ info ] [ RUN ] app\admin\controller\Type->edit[ D:\phpStudy\WWW\shop\application\admin\controller\Type.php ]
[ info ] [ DB ] INIT mysql
[ info ] [ VIEW ] D:\phpStudy\WWW\shop\public/../application/admin\view\type\edit.htm [ array (
  0 => 'TypeInfo',
) ]
[ info ] [ LOG ] INIT File
[ sql ] [ DB ] CONNECT:[ UseTime:0.011926s ] mysql:host=127.0.0.1;dbname=tpshop;charset=utf8
[ sql ] [ SQL ] SHOW COLUMNS FROM `tp_type` [ RunTime:0.000882s ]
[ sql ] [ SQL ] SELECT * FROM `tp_type` WHERE  `id` = 12 LIMIT 1 [ RunTime:0.000392s ]
---------------------------------------------------------------
[ 2019-12-30T17:49:33+08:00 ] 0.0.0.0 GET localhost/shop/public/admin/type/lst.html
[运行时间：0.061849s] [吞吐率：16.17req/s] [内存消耗：2,984.93kb] [文件加载：58]
[ info ] [ LANG ] D:\phpStudy\WWW\shop\thinkphp\lang\zh-cn.php
[ info ] [ ROUTE ] array (
  'type' => 'module',
  'module' => 
  array (
    0 => 'admin',
    1 => 'type',
    2 => 'lst',
  ),
)
[ info ] [ HEADER ] array (
  'host' => 'localhost',
  'connection' => 'keep-alive',
  'upgrade-insecure-requests' => '1',
  'user-agent' => 'Mozilla/5.0 (Windows NT 10.0; WOW64) AppleWebKit/537.36 (KHTML, like Gecko) Chrome/78.0.3904.87 Safari/537.36',
  'sec-fetch-user' => '?1',
  'accept' => 'text/html,application/xhtml+xml,application/xml;q=0.9,image/webp,image/apng,*/*;q=0.8,application/signed-exchange;v=b3',
  'sec-fetch-site' => 'same-origin',
  'sec-fetch-mode' => 'navigate',
  'referer' => 'http://localhost/shop/public/admin/type/edit/id/12.html',
  'accept-encoding' => 'gzip, deflate, br',
  'accept-language' => 'zh-CN,zh;q=0.9',
  'cookie' => 'pgv_pvi=8154574848',
)
[ info ] [ PARAM ] array (
)
[ info ] [ RUN ] app\admin\controller\Type->lst[ D:\phpStudy\WWW\shop\application\admin\controller\Type.php ]
[ info ] [ DB ] INIT mysql
[ info ] [ VIEW ] D:\phpStudy\WWW\shop\public/../application/admin\view\type\lst.htm [ array (
  0 => 'lst',
) ]
[ info ] [ LOG ] INIT File
[ sql ] [ DB ] CONNECT:[ UseTime:0.011823s ] mysql:host=127.0.0.1;dbname=tpshop;charset=utf8
[ sql ] [ SQL ] SHOW COLUMNS FROM `tp_type` [ RunTime:0.001145s ]
[ sql ] [ SQL ] SELECT COUNT(*) AS tp_count FROM `tp_type` LIMIT 1 [ RunTime:0.000405s ]
[ sql ] [ SQL ] SELECT * FROM `tp_type` ORDER BY `id` DESC LIMIT 0,10 [ RunTime:0.000473s ]
---------------------------------------------------------------
[ 2019-12-30T17:49:36+08:00 ] 0.0.0.0 GET localhost/shop/public/admin/type/edit/id/2.html
[运行时间：0.060889s] [吞吐率：16.42req/s] [内存消耗：2,865.26kb] [文件加载：54]
[ info ] [ LANG ] D:\phpStudy\WWW\shop\thinkphp\lang\zh-cn.php
[ info ] [ ROUTE ] array (
  'type' => 'module',
  'module' => 
  array (
    0 => 'admin',
    1 => 'type',
    2 => 'edit',
  ),
)
[ info ] [ HEADER ] array (
  'host' => 'localhost',
  'connection' => 'keep-alive',
  'upgrade-insecure-requests' => '1',
  'user-agent' => 'Mozilla/5.0 (Windows NT 10.0; WOW64) AppleWebKit/537.36 (KHTML, like Gecko) Chrome/78.0.3904.87 Safari/537.36',
  'sec-fetch-user' => '?1',
  'accept' => 'text/html,application/xhtml+xml,application/xml;q=0.9,image/webp,image/apng,*/*;q=0.8,application/signed-exchange;v=b3',
  'sec-fetch-site' => 'same-origin',
  'sec-fetch-mode' => 'navigate',
  'referer' => 'http://localhost/shop/public/admin/type/lst.html',
  'accept-encoding' => 'gzip, deflate, br',
  'accept-language' => 'zh-CN,zh;q=0.9',
  'cookie' => 'pgv_pvi=8154574848',
)
[ info ] [ PARAM ] array (
  'id' => '2',
)
[ info ] [ RUN ] app\admin\controller\Type->edit[ D:\phpStudy\WWW\shop\application\admin\controller\Type.php ]
[ info ] [ DB ] INIT mysql
[ info ] [ VIEW ] D:\phpStudy\WWW\shop\public/../application/admin\view\type\edit.htm [ array (
  0 => 'TypeInfo',
) ]
[ info ] [ LOG ] INIT File
[ sql ] [ DB ] CONNECT:[ UseTime:0.011934s ] mysql:host=127.0.0.1;dbname=tpshop;charset=utf8
[ sql ] [ SQL ] SHOW COLUMNS FROM `tp_type` [ RunTime:0.000932s ]
[ sql ] [ SQL ] SELECT * FROM `tp_type` WHERE  `id` = 2 LIMIT 1 [ RunTime:0.000588s ]
---------------------------------------------------------------
[ 2019-12-30T17:49:37+08:00 ] 0.0.0.0 GET localhost/shop/public/admin/type/lst.html
[运行时间：0.061210s] [吞吐率：16.34req/s] [内存消耗：2,984.93kb] [文件加载：58]
[ info ] [ LANG ] D:\phpStudy\WWW\shop\thinkphp\lang\zh-cn.php
[ info ] [ ROUTE ] array (
  'type' => 'module',
  'module' => 
  array (
    0 => 'admin',
    1 => 'type',
    2 => 'lst',
  ),
)
[ info ] [ HEADER ] array (
  'host' => 'localhost',
  'connection' => 'keep-alive',
  'upgrade-insecure-requests' => '1',
  'user-agent' => 'Mozilla/5.0 (Windows NT 10.0; WOW64) AppleWebKit/537.36 (KHTML, like Gecko) Chrome/78.0.3904.87 Safari/537.36',
  'sec-fetch-user' => '?1',
  'accept' => 'text/html,application/xhtml+xml,application/xml;q=0.9,image/webp,image/apng,*/*;q=0.8,application/signed-exchange;v=b3',
  'sec-fetch-site' => 'same-origin',
  'sec-fetch-mode' => 'navigate',
  'referer' => 'http://localhost/shop/public/admin/type/edit/id/2.html',
  'accept-encoding' => 'gzip, deflate, br',
  'accept-language' => 'zh-CN,zh;q=0.9',
  'cookie' => 'pgv_pvi=8154574848',
)
[ info ] [ PARAM ] array (
)
[ info ] [ RUN ] app\admin\controller\Type->lst[ D:\phpStudy\WWW\shop\application\admin\controller\Type.php ]
[ info ] [ DB ] INIT mysql
[ info ] [ VIEW ] D:\phpStudy\WWW\shop\public/../application/admin\view\type\lst.htm [ array (
  0 => 'lst',
) ]
[ info ] [ LOG ] INIT File
[ sql ] [ DB ] CONNECT:[ UseTime:0.011159s ] mysql:host=127.0.0.1;dbname=tpshop;charset=utf8
[ sql ] [ SQL ] SHOW COLUMNS FROM `tp_type` [ RunTime:0.001141s ]
[ sql ] [ SQL ] SELECT COUNT(*) AS tp_count FROM `tp_type` LIMIT 1 [ RunTime:0.000649s ]
[ sql ] [ SQL ] SELECT * FROM `tp_type` ORDER BY `id` DESC LIMIT 0,10 [ RunTime:0.000826s ]
---------------------------------------------------------------
[ 2019-12-30T17:49:38+08:00 ] 0.0.0.0 GET localhost/shop/public/admin/attr/lst/type_id/2.html
[运行时间：0.062306s] [吞吐率：16.05req/s] [内存消耗：2,993.03kb] [文件加载：58]
[ info ] [ LANG ] D:\phpStudy\WWW\shop\thinkphp\lang\zh-cn.php
[ info ] [ ROUTE ] array (
  'type' => 'module',
  'module' => 
  array (
    0 => 'admin',
    1 => 'attr',
    2 => 'lst',
  ),
)
[ info ] [ HEADER ] array (
  'host' => 'localhost',
  'connection' => 'keep-alive',
  'upgrade-insecure-requests' => '1',
  'user-agent' => 'Mozilla/5.0 (Windows NT 10.0; WOW64) AppleWebKit/537.36 (KHTML, like Gecko) Chrome/78.0.3904.87 Safari/537.36',
  'sec-fetch-user' => '?1',
  'accept' => 'text/html,application/xhtml+xml,application/xml;q=0.9,image/webp,image/apng,*/*;q=0.8,application/signed-exchange;v=b3',
  'sec-fetch-site' => 'same-origin',
  'sec-fetch-mode' => 'navigate',
  'referer' => 'http://localhost/shop/public/admin/type/lst.html',
  'accept-encoding' => 'gzip, deflate, br',
  'accept-language' => 'zh-CN,zh;q=0.9',
  'cookie' => 'pgv_pvi=8154574848',
)
[ info ] [ PARAM ] array (
  'type_id' => '2',
)
[ info ] [ RUN ] app\admin\controller\Attr->lst[ D:\phpStudy\WWW\shop\application\admin\controller\Attr.php ]
[ info ] [ DB ] INIT mysql
[ info ] [ VIEW ] D:\phpStudy\WWW\shop\public/../application/admin\view\attr\lst.htm [ array (
  0 => 'lst',
) ]
[ info ] [ LOG ] INIT File
[ sql ] [ DB ] CONNECT:[ UseTime:0.011608s ] mysql:host=127.0.0.1;dbname=tpshop;charset=utf8
[ sql ] [ SQL ] SHOW COLUMNS FROM `tp_attr` [ RunTime:0.001155s ]
[ sql ] [ SQL ] SELECT COUNT(*) AS tp_count FROM `tp_attr` `a` INNER JOIN `tp_type` `t` ON `a`.`type_id`=`t`.`id` WHERE  `type_id` = 2 LIMIT 1 [ RunTime:0.000447s ]
[ sql ] [ SQL ] SELECT `a`.*,`t`.`type_name` FROM `tp_attr` `a` INNER JOIN `tp_type` `t` ON `a`.`type_id`=`t`.`id` WHERE  `type_id` = 2 ORDER BY `a`.`id` DESC LIMIT 0,10 [ RunTime:0.000639s ]
---------------------------------------------------------------
[ 2019-12-30T17:49:40+08:00 ] 0.0.0.0 GET localhost/shop/public/admin/index/index.html
[运行时间：0.031543s] [吞吐率：31.70req/s] [内存消耗：1,657.52kb] [文件加载：43]
[ info ] [ LANG ] D:\phpStudy\WWW\shop\thinkphp\lang\zh-cn.php
[ info ] [ ROUTE ] array (
  'type' => 'module',
  'module' => 
  array (
    0 => 'admin',
    1 => 'index',
    2 => 'index',
  ),
)
[ info ] [ HEADER ] array (
  'host' => 'localhost',
  'connection' => 'keep-alive',
  'upgrade-insecure-requests' => '1',
  'user-agent' => 'Mozilla/5.0 (Windows NT 10.0; WOW64) AppleWebKit/537.36 (KHTML, like Gecko) Chrome/78.0.3904.87 Safari/537.36',
  'sec-fetch-user' => '?1',
  'accept' => 'text/html,application/xhtml+xml,application/xml;q=0.9,image/webp,image/apng,*/*;q=0.8,application/signed-exchange;v=b3',
  'sec-fetch-site' => 'same-origin',
  'sec-fetch-mode' => 'navigate',
  'referer' => 'http://localhost/shop/public/admin/attr/lst/type_id/2.html',
  'accept-encoding' => 'gzip, deflate, br',
  'accept-language' => 'zh-CN,zh;q=0.9',
  'cookie' => 'pgv_pvi=8154574848',
)
[ info ] [ PARAM ] array (
)
[ info ] [ RUN ] app\admin\controller\Index->index[ D:\phpStudy\WWW\shop\application\admin\controller\Index.php ]
[ info ] [ VIEW ] D:\phpStudy\WWW\shop\public/../application/admin\view\index\index.htm [ array (
) ]
[ info ] [ LOG ] INIT File
---------------------------------------------------------------
[ 2019-12-30T17:49:41+08:00 ] 0.0.0.0 GET localhost/shop/public/admin/index/index.html
[运行时间：0.032990s] [吞吐率：30.31req/s] [内存消耗：1,657.75kb] [文件加载：43]
[ info ] [ LANG ] D:\phpStudy\WWW\shop\thinkphp\lang\zh-cn.php
[ info ] [ ROUTE ] array (
  'type' => 'module',
  'module' => 
  array (
    0 => 'admin',
    1 => 'index',
    2 => 'index',
  ),
)
[ info ] [ HEADER ] array (
  'host' => 'localhost',
  'connection' => 'keep-alive',
  'cache-control' => 'max-age=0',
  'upgrade-insecure-requests' => '1',
  'user-agent' => 'Mozilla/5.0 (Windows NT 10.0; WOW64) AppleWebKit/537.36 (KHTML, like Gecko) Chrome/78.0.3904.87 Safari/537.36',
  'sec-fetch-user' => '?1',
  'accept' => 'text/html,application/xhtml+xml,application/xml;q=0.9,image/webp,image/apng,*/*;q=0.8,application/signed-exchange;v=b3',
  'sec-fetch-site' => 'same-origin',
  'sec-fetch-mode' => 'navigate',
  'referer' => 'http://localhost/shop/public/admin/attr/lst/type_id/2.html',
  'accept-encoding' => 'gzip, deflate, br',
  'accept-language' => 'zh-CN,zh;q=0.9',
  'cookie' => 'pgv_pvi=8154574848',
)
[ info ] [ PARAM ] array (
)
[ info ] [ RUN ] app\admin\controller\Index->index[ D:\phpStudy\WWW\shop\application\admin\controller\Index.php ]
[ info ] [ VIEW ] D:\phpStudy\WWW\shop\public/../application/admin\view\index\index.htm [ array (
) ]
[ info ] [ LOG ] INIT File
---------------------------------------------------------------
[ 2019-12-30T17:49:44+08:00 ] 0.0.0.0 GET localhost/shop/public/admin/goods/lst.html
[运行时间：0.063343s] [吞吐率：15.79req/s] [内存消耗：3,067.52kb] [文件加载：58]
[ info ] [ LANG ] D:\phpStudy\WWW\shop\thinkphp\lang\zh-cn.php
[ info ] [ ROUTE ] array (
  'type' => 'module',
  'module' => 
  array (
    0 => 'admin',
    1 => 'goods',
    2 => 'lst',
  ),
)
[ info ] [ HEADER ] array (
  'host' => 'localhost',
  'connection' => 'keep-alive',
  'upgrade-insecure-requests' => '1',
  'user-agent' => 'Mozilla/5.0 (Windows NT 10.0; WOW64) AppleWebKit/537.36 (KHTML, like Gecko) Chrome/78.0.3904.87 Safari/537.36',
  'sec-fetch-user' => '?1',
  'accept' => 'text/html,application/xhtml+xml,application/xml;q=0.9,image/webp,image/apng,*/*;q=0.8,application/signed-exchange;v=b3',
  'sec-fetch-site' => 'same-origin',
  'sec-fetch-mode' => 'navigate',
  'referer' => 'http://localhost/shop/public/admin/index/index.html',
  'accept-encoding' => 'gzip, deflate, br',
  'accept-language' => 'zh-CN,zh;q=0.9',
  'cookie' => 'pgv_pvi=8154574848',
)
[ info ] [ PARAM ] array (
)
[ info ] [ RUN ] app\admin\controller\Goods->lst[ D:\phpStudy\WWW\shop\application\admin\controller\Goods.php ]
[ info ] [ DB ] INIT mysql
[ info ] [ VIEW ] D:\phpStudy\WWW\shop\public/../application/admin\view\goods\lst.htm [ array (
  0 => 'lst',
) ]
[ info ] [ LOG ] INIT File
[ sql ] [ DB ] CONNECT:[ UseTime:0.011182s ] mysql:host=127.0.0.1;dbname=tpshop;charset=utf8
[ sql ] [ SQL ] SHOW COLUMNS FROM `tp_goods` [ RunTime:0.004124s ]
[ sql ] [ SQL ] SELECT COUNT(*) AS tp_count FROM `tp_goods` LIMIT 1 [ RunTime:0.000871s ]
[ sql ] [ SQL ] SELECT * FROM `tp_goods` ORDER BY `id` DESC LIMIT 0,10 [ RunTime:0.000659s ]
---------------------------------------------------------------
[ 2019-12-30T17:49:45+08:00 ] 0.0.0.0 GET localhost/shop/public/admin/goods/lst.html
[运行时间：0.051262s] [吞吐率：19.51req/s] [内存消耗：3,067.80kb] [文件加载：58]
[ info ] [ LANG ] D:\phpStudy\WWW\shop\thinkphp\lang\zh-cn.php
[ info ] [ ROUTE ] array (
  'type' => 'module',
  'module' => 
  array (
    0 => 'admin',
    1 => 'goods',
    2 => 'lst',
  ),
)
[ info ] [ HEADER ] array (
  'host' => 'localhost',
  'connection' => 'keep-alive',
  'cache-control' => 'max-age=0',
  'upgrade-insecure-requests' => '1',
  'user-agent' => 'Mozilla/5.0 (Windows NT 10.0; WOW64) AppleWebKit/537.36 (KHTML, like Gecko) Chrome/78.0.3904.87 Safari/537.36',
  'sec-fetch-user' => '?1',
  'accept' => 'text/html,application/xhtml+xml,application/xml;q=0.9,image/webp,image/apng,*/*;q=0.8,application/signed-exchange;v=b3',
  'sec-fetch-site' => 'same-origin',
  'sec-fetch-mode' => 'navigate',
  'referer' => 'http://localhost/shop/public/admin/index/index.html',
  'accept-encoding' => 'gzip, deflate, br',
  'accept-language' => 'zh-CN,zh;q=0.9',
  'cookie' => 'pgv_pvi=8154574848',
)
[ info ] [ PARAM ] array (
)
[ info ] [ RUN ] app\admin\controller\Goods->lst[ D:\phpStudy\WWW\shop\application\admin\controller\Goods.php ]
[ info ] [ DB ] INIT mysql
[ info ] [ VIEW ] D:\phpStudy\WWW\shop\public/../application/admin\view\goods\lst.htm [ array (
  0 => 'lst',
) ]
[ info ] [ LOG ] INIT File
[ sql ] [ DB ] CONNECT:[ UseTime:0.001579s ] mysql:host=127.0.0.1;dbname=tpshop;charset=utf8
[ sql ] [ SQL ] SHOW COLUMNS FROM `tp_goods` [ RunTime:0.000969s ]
[ sql ] [ SQL ] SELECT COUNT(*) AS tp_count FROM `tp_goods` LIMIT 1 [ RunTime:0.000472s ]
[ sql ] [ SQL ] SELECT * FROM `tp_goods` ORDER BY `id` DESC LIMIT 0,10 [ RunTime:0.000595s ]
---------------------------------------------------------------
[ 2019-12-30T17:49:49+08:00 ] 0.0.0.0 GET localhost/shop/public/admin/goods/lst.html
[运行时间：0.057318s] [吞吐率：17.45req/s] [内存消耗：3,067.80kb] [文件加载：58]
[ info ] [ LANG ] D:\phpStudy\WWW\shop\thinkphp\lang\zh-cn.php
[ info ] [ ROUTE ] array (
  'type' => 'module',
  'module' => 
  array (
    0 => 'admin',
    1 => 'goods',
    2 => 'lst',
  ),
)
[ info ] [ HEADER ] array (
  'host' => 'localhost',
  'connection' => 'keep-alive',
  'cache-control' => 'max-age=0',
  'upgrade-insecure-requests' => '1',
  'user-agent' => 'Mozilla/5.0 (Windows NT 10.0; WOW64) AppleWebKit/537.36 (KHTML, like Gecko) Chrome/78.0.3904.87 Safari/537.36',
  'sec-fetch-user' => '?1',
  'accept' => 'text/html,application/xhtml+xml,application/xml;q=0.9,image/webp,image/apng,*/*;q=0.8,application/signed-exchange;v=b3',
  'sec-fetch-site' => 'same-origin',
  'sec-fetch-mode' => 'navigate',
  'referer' => 'http://localhost/shop/public/admin/index/index.html',
  'accept-encoding' => 'gzip, deflate, br',
  'accept-language' => 'zh-CN,zh;q=0.9',
  'cookie' => 'pgv_pvi=8154574848',
)
[ info ] [ PARAM ] array (
)
[ info ] [ RUN ] app\admin\controller\Goods->lst[ D:\phpStudy\WWW\shop\application\admin\controller\Goods.php ]
[ info ] [ DB ] INIT mysql
[ info ] [ VIEW ] D:\phpStudy\WWW\shop\public/../application/admin\view\goods\lst.htm [ array (
  0 => 'lst',
) ]
[ info ] [ LOG ] INIT File
[ sql ] [ DB ] CONNECT:[ UseTime:0.010277s ] mysql:host=127.0.0.1;dbname=tpshop;charset=utf8
[ sql ] [ SQL ] SHOW COLUMNS FROM `tp_goods` [ RunTime:0.000992s ]
[ sql ] [ SQL ] SELECT COUNT(*) AS tp_count FROM `tp_goods` LIMIT 1 [ RunTime:0.000365s ]
[ sql ] [ SQL ] SELECT * FROM `tp_goods` ORDER BY `id` DESC LIMIT 0,10 [ RunTime:0.000599s ]
---------------------------------------------------------------
[ 2019-12-30T17:49:52+08:00 ] 0.0.0.0 GET localhost/shop/public/admin/link/lst.html
[运行时间：0.124477s] [吞吐率：8.03req/s] [内存消耗：2,997.78kb] [文件加载：58]
[ info ] [ LANG ] D:\phpStudy\WWW\shop\thinkphp\lang\zh-cn.php
[ info ] [ ROUTE ] array (
  'type' => 'module',
  'module' => 
  array (
    0 => 'admin',
    1 => 'link',
    2 => 'lst',
  ),
)
[ info ] [ HEADER ] array (
  'host' => 'localhost',
  'connection' => 'keep-alive',
  'upgrade-insecure-requests' => '1',
  'user-agent' => 'Mozilla/5.0 (Windows NT 10.0; WOW64) AppleWebKit/537.36 (KHTML, like Gecko) Chrome/78.0.3904.87 Safari/537.36',
  'sec-fetch-user' => '?1',
  'accept' => 'text/html,application/xhtml+xml,application/xml;q=0.9,image/webp,image/apng,*/*;q=0.8,application/signed-exchange;v=b3',
  'sec-fetch-site' => 'same-origin',
  'sec-fetch-mode' => 'navigate',
  'referer' => 'http://localhost/shop/public/admin/goods/lst.html',
  'accept-encoding' => 'gzip, deflate, br',
  'accept-language' => 'zh-CN,zh;q=0.9',
  'cookie' => 'pgv_pvi=8154574848',
)
[ info ] [ PARAM ] array (
)
[ info ] [ RUN ] app\admin\controller\Link->lst[ D:\phpStudy\WWW\shop\application\admin\controller\Link.php ]
[ info ] [ DB ] INIT mysql
[ info ] [ VIEW ] D:\phpStudy\WWW\shop\public/../application/admin\view\link\lst.htm [ array (
  0 => 'lst',
) ]
[ info ] [ LOG ] INIT File
[ sql ] [ DB ] CONNECT:[ UseTime:0.010970s ] mysql:host=127.0.0.1;dbname=tpshop;charset=utf8
[ sql ] [ SQL ] SHOW COLUMNS FROM `tp_link` [ RunTime:0.001670s ]
[ sql ] [ SQL ] SELECT COUNT(*) AS tp_count FROM `tp_link` LIMIT 1 [ RunTime:0.000390s ]
[ sql ] [ SQL ] SELECT * FROM `tp_link` ORDER BY `id` DESC LIMIT 0,10 [ RunTime:0.000476s ]
---------------------------------------------------------------
[ 2019-12-30T17:49:53+08:00 ] 0.0.0.0 GET localhost/shop/public/admin/link/lst.html
[运行时间：0.063438s] [吞吐率：15.76req/s] [内存消耗：2,997.91kb] [文件加载：58]
[ info ] [ LANG ] D:\phpStudy\WWW\shop\thinkphp\lang\zh-cn.php
[ info ] [ ROUTE ] array (
  'type' => 'module',
  'module' => 
  array (
    0 => 'admin',
    1 => 'link',
    2 => 'lst',
  ),
)
[ info ] [ HEADER ] array (
  'host' => 'localhost',
  'connection' => 'keep-alive',
  'cache-control' => 'max-age=0',
  'upgrade-insecure-requests' => '1',
  'user-agent' => 'Mozilla/5.0 (Windows NT 10.0; WOW64) AppleWebKit/537.36 (KHTML, like Gecko) Chrome/78.0.3904.87 Safari/537.36',
  'sec-fetch-user' => '?1',
  'accept' => 'text/html,application/xhtml+xml,application/xml;q=0.9,image/webp,image/apng,*/*;q=0.8,application/signed-exchange;v=b3',
  'sec-fetch-site' => 'same-origin',
  'sec-fetch-mode' => 'navigate',
  'referer' => 'http://localhost/shop/public/admin/goods/lst.html',
  'accept-encoding' => 'gzip, deflate, br',
  'accept-language' => 'zh-CN,zh;q=0.9',
  'cookie' => 'pgv_pvi=8154574848',
)
[ info ] [ PARAM ] array (
)
[ info ] [ RUN ] app\admin\controller\Link->lst[ D:\phpStudy\WWW\shop\application\admin\controller\Link.php ]
[ info ] [ DB ] INIT mysql
[ info ] [ VIEW ] D:\phpStudy\WWW\shop\public/../application/admin\view\link\lst.htm [ array (
  0 => 'lst',
) ]
[ info ] [ LOG ] INIT File
[ sql ] [ DB ] CONNECT:[ UseTime:0.011903s ] mysql:host=127.0.0.1;dbname=tpshop;charset=utf8
[ sql ] [ SQL ] SHOW COLUMNS FROM `tp_link` [ RunTime:0.001778s ]
[ sql ] [ SQL ] SELECT COUNT(*) AS tp_count FROM `tp_link` LIMIT 1 [ RunTime:0.000524s ]
[ sql ] [ SQL ] SELECT * FROM `tp_link` ORDER BY `id` DESC LIMIT 0,10 [ RunTime:0.000925s ]
