---------------------------------------------------------------
[ 2020-04-10T20:31:13+08:00 ] 0.0.0.0 GET localhost/shop/public/
[运行时间：0.329912s] [吞吐率：3.03req/s] [内存消耗：1,091.15kb] [文件加载：33]
[ info ] [ LANG ] D:\phpStudy\WWW\shop\thinkphp\lang\zh-cn.php
[ info ] [ ROUTE ] array (
  'type' => 'module',
  'module' => 
  array (
    0 => '',
    1 => NULL,
    2 => NULL,
  ),
)
[ info ] [ HEADER ] array (
  'cookie' => 'Webstorm-8eca410e=04526ef6-adf0-4d93-bb13-46e3905d1068; pgv_pvi=7221936128; PHPSESSID=s23v2r8lcpo1i2fc1dntbtfbt2; XSRF-TOKEN=eyJpdiI6IjhqM1Y0WVdybVRrN05HbHpPc0lYNFE9PSIsInZhbHVlIjoiNjMzU0JxXC9tc2pBb0I5NXorZGcxU2hWeFc4SmdvTjlvSnpxK3NoMEVcL0FLZ3lvR29HbkVPaUtGQUh0Y1pNRFQ0UG5DOGdVamZaUzFoMnM3NExJdmcwQT09IiwibWFjIjoiYmViNWQ0ZWVlZGNlOWM5YTBhNGNkYWEyYmQ4ZmI5N2UwOWUwZjdmYTA0MjdkZjVlZGVjYTIyNGE1YjUxNTJhOSJ9; laravel_session=eyJpdiI6IlkzdExNVlRIQ1BRWVRSZnBjNUFleHc9PSIsInZhbHVlIjoidDhEZGdkT1d6R1RUa3cwWkZpSXZVSDkxaThMXC9JeDRZYjNcLzRXWktmanFpdjl4eHZkVU03SGV5YWo1NWhTNmJkS2dmTHo2Vit0N1JxYU5cL0pheWdxY3c9PSIsIm1hYyI6Ijc4N2ZlN2U4MDhhYWU1OTliNmIzYWQ1NGIzODg3MzIzYzFlMGVlOTRhZDJkNDg1MzBkYmU0N2ZlZmU1ZDBkYzIifQ%3D%3D',
  'accept-language' => 'zh-CN,zh;q=0.9',
  'accept-encoding' => 'gzip, deflate, br',
  'referer' => 'http://localhost/shop/',
  'sec-fetch-mode' => 'navigate',
  'sec-fetch-site' => 'same-origin',
  'accept' => 'text/html,application/xhtml+xml,application/xml;q=0.9,image/webp,image/apng,*/*;q=0.8,application/signed-exchange;v=b3',
  'sec-fetch-user' => '?1',
  'user-agent' => 'Mozilla/5.0 (Windows NT 10.0; WOW64) AppleWebKit/537.36 (KHTML, like Gecko) Chrome/78.0.3904.87 Safari/537.36',
  'upgrade-insecure-requests' => '1',
  'connection' => 'close',
  'host' => 'localhost',
)
[ info ] [ PARAM ] array (
)
[ info ] [ RUN ] app\index\controller\Index->index[ D:\phpStudy\WWW\shop\application\index\controller\Index.php ]
[ info ] [ LOG ] INIT File
---------------------------------------------------------------
[ 2020-04-10T20:32:58+08:00 ] 0.0.0.0 GET localhost/shop/public/admin
[运行时间：0.194135s] [吞吐率：5.15req/s] [内存消耗：1,330.91kb] [文件加载：40]
[ info ] [ LANG ] D:\phpStudy\WWW\shop\thinkphp\lang\zh-cn.php
[ info ] [ ROUTE ] array (
  'type' => 'module',
  'module' => 
  array (
    0 => 'admin',
    1 => NULL,
    2 => NULL,
  ),
)
[ info ] [ HEADER ] array (
  'cookie' => 'Webstorm-8eca410e=04526ef6-adf0-4d93-bb13-46e3905d1068; pgv_pvi=7221936128; PHPSESSID=s23v2r8lcpo1i2fc1dntbtfbt2; XSRF-TOKEN=eyJpdiI6IjhqM1Y0WVdybVRrN05HbHpPc0lYNFE9PSIsInZhbHVlIjoiNjMzU0JxXC9tc2pBb0I5NXorZGcxU2hWeFc4SmdvTjlvSnpxK3NoMEVcL0FLZ3lvR29HbkVPaUtGQUh0Y1pNRFQ0UG5DOGdVamZaUzFoMnM3NExJdmcwQT09IiwibWFjIjoiYmViNWQ0ZWVlZGNlOWM5YTBhNGNkYWEyYmQ4ZmI5N2UwOWUwZjdmYTA0MjdkZjVlZGVjYTIyNGE1YjUxNTJhOSJ9; laravel_session=eyJpdiI6IlkzdExNVlRIQ1BRWVRSZnBjNUFleHc9PSIsInZhbHVlIjoidDhEZGdkT1d6R1RUa3cwWkZpSXZVSDkxaThMXC9JeDRZYjNcLzRXWktmanFpdjl4eHZkVU03SGV5YWo1NWhTNmJkS2dmTHo2Vit0N1JxYU5cL0pheWdxY3c9PSIsIm1hYyI6Ijc4N2ZlN2U4MDhhYWU1OTliNmIzYWQ1NGIzODg3MzIzYzFlMGVlOTRhZDJkNDg1MzBkYmU0N2ZlZmU1ZDBkYzIifQ%3D%3D; pgv_si=s4816787456',
  'accept-language' => 'zh-CN,zh;q=0.9',
  'accept-encoding' => 'gzip, deflate, br',
  'sec-fetch-mode' => 'navigate',
  'sec-fetch-site' => 'none',
  'accept' => 'text/html,application/xhtml+xml,application/xml;q=0.9,image/webp,image/apng,*/*;q=0.8,application/signed-exchange;v=b3',
  'sec-fetch-user' => '?1',
  'user-agent' => 'Mozilla/5.0 (Windows NT 10.0; WOW64) AppleWebKit/537.36 (KHTML, like Gecko) Chrome/78.0.3904.87 Safari/537.36',
  'upgrade-insecure-requests' => '1',
  'cache-control' => 'max-age=0',
  'connection' => 'close',
  'host' => 'localhost',
)
[ info ] [ PARAM ] array (
)
[ info ] [ RUN ] app\admin\controller\Index->index[ D:\phpStudy\WWW\shop\application\admin\controller\Index.php ]
[ info ] [ VIEW ] D:\phpStudy\WWW\shop\public/../application/admin\view\index\index.htm [ array (
) ]
[ info ] [ LOG ] INIT File
---------------------------------------------------------------
[ 2020-04-10T20:32:58+08:00 ] 0.0.0.0 GET localhost/shop/public/static/admin/images/adam-jansen.jpg
[运行时间：0.109696s] [吞吐率：9.12req/s] [内存消耗：1,124.60kb] [文件加载：35]
[ info ] [ LANG ] D:\phpStudy\WWW\shop\thinkphp\lang\zh-cn.php
[ info ] [ ROUTE ] array (
  'type' => 'module',
  'module' => 
  array (
    0 => 'static',
    1 => 'admin',
    2 => 'images',
  ),
)
[ info ] [ HEADER ] array (
  'cookie' => 'Webstorm-8eca410e=04526ef6-adf0-4d93-bb13-46e3905d1068; pgv_pvi=7221936128; PHPSESSID=s23v2r8lcpo1i2fc1dntbtfbt2; XSRF-TOKEN=eyJpdiI6IjhqM1Y0WVdybVRrN05HbHpPc0lYNFE9PSIsInZhbHVlIjoiNjMzU0JxXC9tc2pBb0I5NXorZGcxU2hWeFc4SmdvTjlvSnpxK3NoMEVcL0FLZ3lvR29HbkVPaUtGQUh0Y1pNRFQ0UG5DOGdVamZaUzFoMnM3NExJdmcwQT09IiwibWFjIjoiYmViNWQ0ZWVlZGNlOWM5YTBhNGNkYWEyYmQ4ZmI5N2UwOWUwZjdmYTA0MjdkZjVlZGVjYTIyNGE1YjUxNTJhOSJ9; laravel_session=eyJpdiI6IlkzdExNVlRIQ1BRWVRSZnBjNUFleHc9PSIsInZhbHVlIjoidDhEZGdkT1d6R1RUa3cwWkZpSXZVSDkxaThMXC9JeDRZYjNcLzRXWktmanFpdjl4eHZkVU03SGV5YWo1NWhTNmJkS2dmTHo2Vit0N1JxYU5cL0pheWdxY3c9PSIsIm1hYyI6Ijc4N2ZlN2U4MDhhYWU1OTliNmIzYWQ1NGIzODg3MzIzYzFlMGVlOTRhZDJkNDg1MzBkYmU0N2ZlZmU1ZDBkYzIifQ%3D%3D; pgv_si=s4816787456',
  'accept-language' => 'zh-CN,zh;q=0.9',
  'accept-encoding' => 'gzip, deflate, br',
  'referer' => 'http://localhost/shop/public/admin',
  'sec-fetch-mode' => 'no-cors',
  'sec-fetch-site' => 'same-origin',
  'accept' => 'image/webp,image/apng,image/*,*/*;q=0.8',
  'user-agent' => 'Mozilla/5.0 (Windows NT 10.0; WOW64) AppleWebKit/537.36 (KHTML, like Gecko) Chrome/78.0.3904.87 Safari/537.36',
  'connection' => 'close',
  'host' => 'localhost',
)
[ info ] [ PARAM ] array (
)
[ info ] [ LOG ] INIT File
---------------------------------------------------------------
[ 2020-04-10T20:33:02+08:00 ] 0.0.0.0 GET localhost/shop/public/admin/goods/lst.html
[运行时间：0.680171s] [吞吐率：1.47req/s] [内存消耗：2,397.57kb] [文件加载：55]
[ info ] [ LANG ] D:\phpStudy\WWW\shop\thinkphp\lang\zh-cn.php
[ info ] [ ROUTE ] array (
  'type' => 'module',
  'module' => 
  array (
    0 => 'admin',
    1 => 'goods',
    2 => 'lst',
  ),
)
[ info ] [ HEADER ] array (
  'cookie' => 'Webstorm-8eca410e=04526ef6-adf0-4d93-bb13-46e3905d1068; pgv_pvi=7221936128; PHPSESSID=s23v2r8lcpo1i2fc1dntbtfbt2; XSRF-TOKEN=eyJpdiI6IjhqM1Y0WVdybVRrN05HbHpPc0lYNFE9PSIsInZhbHVlIjoiNjMzU0JxXC9tc2pBb0I5NXorZGcxU2hWeFc4SmdvTjlvSnpxK3NoMEVcL0FLZ3lvR29HbkVPaUtGQUh0Y1pNRFQ0UG5DOGdVamZaUzFoMnM3NExJdmcwQT09IiwibWFjIjoiYmViNWQ0ZWVlZGNlOWM5YTBhNGNkYWEyYmQ4ZmI5N2UwOWUwZjdmYTA0MjdkZjVlZGVjYTIyNGE1YjUxNTJhOSJ9; laravel_session=eyJpdiI6IlkzdExNVlRIQ1BRWVRSZnBjNUFleHc9PSIsInZhbHVlIjoidDhEZGdkT1d6R1RUa3cwWkZpSXZVSDkxaThMXC9JeDRZYjNcLzRXWktmanFpdjl4eHZkVU03SGV5YWo1NWhTNmJkS2dmTHo2Vit0N1JxYU5cL0pheWdxY3c9PSIsIm1hYyI6Ijc4N2ZlN2U4MDhhYWU1OTliNmIzYWQ1NGIzODg3MzIzYzFlMGVlOTRhZDJkNDg1MzBkYmU0N2ZlZmU1ZDBkYzIifQ%3D%3D; pgv_si=s4816787456',
  'accept-language' => 'zh-CN,zh;q=0.9',
  'accept-encoding' => 'gzip, deflate, br',
  'referer' => 'http://localhost/shop/public/admin',
  'sec-fetch-mode' => 'navigate',
  'sec-fetch-site' => 'same-origin',
  'accept' => 'text/html,application/xhtml+xml,application/xml;q=0.9,image/webp,image/apng,*/*;q=0.8,application/signed-exchange;v=b3',
  'sec-fetch-user' => '?1',
  'user-agent' => 'Mozilla/5.0 (Windows NT 10.0; WOW64) AppleWebKit/537.36 (KHTML, like Gecko) Chrome/78.0.3904.87 Safari/537.36',
  'upgrade-insecure-requests' => '1',
  'connection' => 'close',
  'host' => 'localhost',
)
[ info ] [ PARAM ] array (
)
[ info ] [ RUN ] app\admin\controller\Goods->lst[ D:\phpStudy\WWW\shop\application\admin\controller\Goods.php ]
[ info ] [ DB ] INIT mysql
[ info ] [ VIEW ] D:\phpStudy\WWW\shop\public/../application/admin\view\goods\lst.htm [ array (
  0 => 'lst',
) ]
[ info ] [ LOG ] INIT File
[ sql ] [ DB ] CONNECT:[ UseTime:0.120231s ] mysql:host=127.0.0.1;dbname=tpshop;charset=utf8
[ sql ] [ SQL ] SHOW COLUMNS FROM `tp_goods` [ RunTime:0.146028s ]
[ sql ] [ SQL ] SELECT COUNT(*) AS tp_count FROM `tp_goods` LIMIT 1 [ RunTime:0.023822s ]
[ sql ] [ SQL ] SELECT * FROM `tp_goods` ORDER BY `id` DESC LIMIT 0,10 [ RunTime:0.026117s ]
---------------------------------------------------------------
[ 2020-04-10T20:33:02+08:00 ] 0.0.0.0 GET localhost/shop/public/static/admin/images/adam-jansen.jpg
[运行时间：0.017712s] [吞吐率：56.46req/s] [内存消耗：1,124.63kb] [文件加载：35]
[ info ] [ LANG ] D:\phpStudy\WWW\shop\thinkphp\lang\zh-cn.php
[ info ] [ ROUTE ] array (
  'type' => 'module',
  'module' => 
  array (
    0 => 'static',
    1 => 'admin',
    2 => 'images',
  ),
)
[ info ] [ HEADER ] array (
  'cookie' => 'Webstorm-8eca410e=04526ef6-adf0-4d93-bb13-46e3905d1068; pgv_pvi=7221936128; PHPSESSID=s23v2r8lcpo1i2fc1dntbtfbt2; XSRF-TOKEN=eyJpdiI6IjhqM1Y0WVdybVRrN05HbHpPc0lYNFE9PSIsInZhbHVlIjoiNjMzU0JxXC9tc2pBb0I5NXorZGcxU2hWeFc4SmdvTjlvSnpxK3NoMEVcL0FLZ3lvR29HbkVPaUtGQUh0Y1pNRFQ0UG5DOGdVamZaUzFoMnM3NExJdmcwQT09IiwibWFjIjoiYmViNWQ0ZWVlZGNlOWM5YTBhNGNkYWEyYmQ4ZmI5N2UwOWUwZjdmYTA0MjdkZjVlZGVjYTIyNGE1YjUxNTJhOSJ9; laravel_session=eyJpdiI6IlkzdExNVlRIQ1BRWVRSZnBjNUFleHc9PSIsInZhbHVlIjoidDhEZGdkT1d6R1RUa3cwWkZpSXZVSDkxaThMXC9JeDRZYjNcLzRXWktmanFpdjl4eHZkVU03SGV5YWo1NWhTNmJkS2dmTHo2Vit0N1JxYU5cL0pheWdxY3c9PSIsIm1hYyI6Ijc4N2ZlN2U4MDhhYWU1OTliNmIzYWQ1NGIzODg3MzIzYzFlMGVlOTRhZDJkNDg1MzBkYmU0N2ZlZmU1ZDBkYzIifQ%3D%3D; pgv_si=s4816787456',
  'accept-language' => 'zh-CN,zh;q=0.9',
  'accept-encoding' => 'gzip, deflate, br',
  'referer' => 'http://localhost/shop/public/admin/goods/lst.html',
  'sec-fetch-mode' => 'no-cors',
  'sec-fetch-site' => 'same-origin',
  'accept' => 'image/webp,image/apng,image/*,*/*;q=0.8',
  'user-agent' => 'Mozilla/5.0 (Windows NT 10.0; WOW64) AppleWebKit/537.36 (KHTML, like Gecko) Chrome/78.0.3904.87 Safari/537.36',
  'connection' => 'close',
  'host' => 'localhost',
)
[ info ] [ PARAM ] array (
)
[ info ] [ LOG ] INIT File
---------------------------------------------------------------
[ 2020-04-10T20:33:06+08:00 ] 0.0.0.0 GET localhost/shop/public/admin/brand/lst.html
[运行时间：0.303740s] [吞吐率：3.29req/s] [内存消耗：2,368.45kb] [文件加载：55]
[ info ] [ LANG ] D:\phpStudy\WWW\shop\thinkphp\lang\zh-cn.php
[ info ] [ ROUTE ] array (
  'type' => 'module',
  'module' => 
  array (
    0 => 'admin',
    1 => 'brand',
    2 => 'lst',
  ),
)
[ info ] [ HEADER ] array (
  'cookie' => 'Webstorm-8eca410e=04526ef6-adf0-4d93-bb13-46e3905d1068; pgv_pvi=7221936128; PHPSESSID=s23v2r8lcpo1i2fc1dntbtfbt2; XSRF-TOKEN=eyJpdiI6IjhqM1Y0WVdybVRrN05HbHpPc0lYNFE9PSIsInZhbHVlIjoiNjMzU0JxXC9tc2pBb0I5NXorZGcxU2hWeFc4SmdvTjlvSnpxK3NoMEVcL0FLZ3lvR29HbkVPaUtGQUh0Y1pNRFQ0UG5DOGdVamZaUzFoMnM3NExJdmcwQT09IiwibWFjIjoiYmViNWQ0ZWVlZGNlOWM5YTBhNGNkYWEyYmQ4ZmI5N2UwOWUwZjdmYTA0MjdkZjVlZGVjYTIyNGE1YjUxNTJhOSJ9; laravel_session=eyJpdiI6IlkzdExNVlRIQ1BRWVRSZnBjNUFleHc9PSIsInZhbHVlIjoidDhEZGdkT1d6R1RUa3cwWkZpSXZVSDkxaThMXC9JeDRZYjNcLzRXWktmanFpdjl4eHZkVU03SGV5YWo1NWhTNmJkS2dmTHo2Vit0N1JxYU5cL0pheWdxY3c9PSIsIm1hYyI6Ijc4N2ZlN2U4MDhhYWU1OTliNmIzYWQ1NGIzODg3MzIzYzFlMGVlOTRhZDJkNDg1MzBkYmU0N2ZlZmU1ZDBkYzIifQ%3D%3D; pgv_si=s4816787456',
  'accept-language' => 'zh-CN,zh;q=0.9',
  'accept-encoding' => 'gzip, deflate, br',
  'referer' => 'http://localhost/shop/public/admin/goods/lst.html',
  'sec-fetch-mode' => 'navigate',
  'sec-fetch-site' => 'same-origin',
  'accept' => 'text/html,application/xhtml+xml,application/xml;q=0.9,image/webp,image/apng,*/*;q=0.8,application/signed-exchange;v=b3',
  'sec-fetch-user' => '?1',
  'user-agent' => 'Mozilla/5.0 (Windows NT 10.0; WOW64) AppleWebKit/537.36 (KHTML, like Gecko) Chrome/78.0.3904.87 Safari/537.36',
  'upgrade-insecure-requests' => '1',
  'connection' => 'close',
  'host' => 'localhost',
)
[ info ] [ PARAM ] array (
)
[ info ] [ RUN ] app\admin\controller\Brand->lst[ D:\phpStudy\WWW\shop\application\admin\controller\Brand.php ]
[ info ] [ DB ] INIT mysql
[ info ] [ VIEW ] D:\phpStudy\WWW\shop\public/../application/admin\view\brand\lst.htm [ array (
  0 => 'lst',
) ]
[ info ] [ LOG ] INIT File
[ sql ] [ DB ] CONNECT:[ UseTime:0.002564s ] mysql:host=127.0.0.1;dbname=tpshop;charset=utf8
[ sql ] [ SQL ] SHOW COLUMNS FROM `tp_brand` [ RunTime:0.110748s ]
[ sql ] [ SQL ] SELECT COUNT(*) AS tp_count FROM `tp_brand` LIMIT 1 [ RunTime:0.000359s ]
[ sql ] [ SQL ] SELECT * FROM `tp_brand` ORDER BY `id` DESC LIMIT 0,10 [ RunTime:0.021708s ]
---------------------------------------------------------------
[ 2020-04-10T20:33:06+08:00 ] 0.0.0.0 GET localhost/shop/public/static/admin/images/adam-jansen.jpg
[运行时间：0.022289s] [吞吐率：44.87req/s] [内存消耗：1,124.63kb] [文件加载：35]
[ info ] [ LANG ] D:\phpStudy\WWW\shop\thinkphp\lang\zh-cn.php
[ info ] [ ROUTE ] array (
  'type' => 'module',
  'module' => 
  array (
    0 => 'static',
    1 => 'admin',
    2 => 'images',
  ),
)
[ info ] [ HEADER ] array (
  'cookie' => 'Webstorm-8eca410e=04526ef6-adf0-4d93-bb13-46e3905d1068; pgv_pvi=7221936128; PHPSESSID=s23v2r8lcpo1i2fc1dntbtfbt2; XSRF-TOKEN=eyJpdiI6IjhqM1Y0WVdybVRrN05HbHpPc0lYNFE9PSIsInZhbHVlIjoiNjMzU0JxXC9tc2pBb0I5NXorZGcxU2hWeFc4SmdvTjlvSnpxK3NoMEVcL0FLZ3lvR29HbkVPaUtGQUh0Y1pNRFQ0UG5DOGdVamZaUzFoMnM3NExJdmcwQT09IiwibWFjIjoiYmViNWQ0ZWVlZGNlOWM5YTBhNGNkYWEyYmQ4ZmI5N2UwOWUwZjdmYTA0MjdkZjVlZGVjYTIyNGE1YjUxNTJhOSJ9; laravel_session=eyJpdiI6IlkzdExNVlRIQ1BRWVRSZnBjNUFleHc9PSIsInZhbHVlIjoidDhEZGdkT1d6R1RUa3cwWkZpSXZVSDkxaThMXC9JeDRZYjNcLzRXWktmanFpdjl4eHZkVU03SGV5YWo1NWhTNmJkS2dmTHo2Vit0N1JxYU5cL0pheWdxY3c9PSIsIm1hYyI6Ijc4N2ZlN2U4MDhhYWU1OTliNmIzYWQ1NGIzODg3MzIzYzFlMGVlOTRhZDJkNDg1MzBkYmU0N2ZlZmU1ZDBkYzIifQ%3D%3D; pgv_si=s4816787456',
  'accept-language' => 'zh-CN,zh;q=0.9',
  'accept-encoding' => 'gzip, deflate, br',
  'referer' => 'http://localhost/shop/public/admin/brand/lst.html',
  'sec-fetch-mode' => 'no-cors',
  'sec-fetch-site' => 'same-origin',
  'accept' => 'image/webp,image/apng,image/*,*/*;q=0.8',
  'user-agent' => 'Mozilla/5.0 (Windows NT 10.0; WOW64) AppleWebKit/537.36 (KHTML, like Gecko) Chrome/78.0.3904.87 Safari/537.36',
  'connection' => 'close',
  'host' => 'localhost',
)
[ info ] [ PARAM ] array (
)
[ info ] [ LOG ] INIT File
