---------------------------------------------------------------
[ 2020-04-14T11:51:41+08:00 ] 0.0.0.0 GET localhost/shop/public/
[运行时间：0.328817s] [吞吐率：3.04req/s] [内存消耗：1,088.53kb] [文件加载：33]
[ info ] [ LANG ] D:\phpStudy\WWW\shop\thinkphp\lang\zh-cn.php
[ info ] [ ROUTE ] array (
  'type' => 'module',
  'module' => 
  array (
    0 => '',
    1 => NULL,
    2 => NULL,
  ),
)
[ info ] [ HEADER ] array (
  'cookie' => 'Webstorm-8eca410e=04526ef6-adf0-4d93-bb13-46e3905d1068; pgv_pvi=7221936128; PHPSESSID=hutlkstu3golb5laqobtio3u42',
  'accept-language' => 'zh-CN,zh;q=0.9',
  'accept-encoding' => 'gzip, deflate, br',
  'referer' => 'http://localhost/shop/',
  'sec-fetch-mode' => 'navigate',
  'sec-fetch-site' => 'same-origin',
  'accept' => 'text/html,application/xhtml+xml,application/xml;q=0.9,image/webp,image/apng,*/*;q=0.8,application/signed-exchange;v=b3',
  'sec-fetch-user' => '?1',
  'user-agent' => 'Mozilla/5.0 (Windows NT 10.0; WOW64) AppleWebKit/537.36 (KHTML, like Gecko) Chrome/78.0.3904.87 Safari/537.36',
  'upgrade-insecure-requests' => '1',
  'connection' => 'close',
  'host' => 'localhost',
)
[ info ] [ PARAM ] array (
)
[ info ] [ RUN ] app\index\controller\Index->index[ D:\phpStudy\WWW\shop\application\index\controller\Index.php ]
[ info ] [ LOG ] INIT File
---------------------------------------------------------------
[ 2020-04-14T11:51:43+08:00 ] 0.0.0.0 GET localhost/shop/public/admin
[运行时间：0.130589s] [吞吐率：7.66req/s] [内存消耗：1,328.05kb] [文件加载：40]
[ info ] [ LANG ] D:\phpStudy\WWW\shop\thinkphp\lang\zh-cn.php
[ info ] [ ROUTE ] array (
  'type' => 'module',
  'module' => 
  array (
    0 => 'admin',
    1 => NULL,
    2 => NULL,
  ),
)
[ info ] [ HEADER ] array (
  'cookie' => 'Webstorm-8eca410e=04526ef6-adf0-4d93-bb13-46e3905d1068; pgv_pvi=7221936128; PHPSESSID=hutlkstu3golb5laqobtio3u42; pgv_si=s1445281792',
  'accept-language' => 'zh-CN,zh;q=0.9',
  'accept-encoding' => 'gzip, deflate, br',
  'sec-fetch-mode' => 'navigate',
  'sec-fetch-site' => 'none',
  'purpose' => 'prefetch',
  'accept' => 'text/html,application/xhtml+xml,application/xml;q=0.9,image/webp,image/apng,*/*;q=0.8,application/signed-exchange;v=b3',
  'sec-fetch-user' => '?1',
  'user-agent' => 'Mozilla/5.0 (Windows NT 10.0; WOW64) AppleWebKit/537.36 (KHTML, like Gecko) Chrome/78.0.3904.87 Safari/537.36',
  'upgrade-insecure-requests' => '1',
  'connection' => 'close',
  'host' => 'localhost',
)
[ info ] [ PARAM ] array (
)
[ info ] [ RUN ] app\admin\controller\Index->index[ D:\phpStudy\WWW\shop\application\admin\controller\Index.php ]
[ info ] [ VIEW ] D:\phpStudy\WWW\shop\public/../application/admin\view\index\index.htm [ array (
) ]
[ info ] [ LOG ] INIT File
---------------------------------------------------------------
[ 2020-04-14T11:51:43+08:00 ] 0.0.0.0 GET localhost/shop/public/static/admin/images/adam-jansen.jpg
[运行时间：0.053004s] [吞吐率：18.87req/s] [内存消耗：1,122.56kb] [文件加载：35]
[ info ] [ LANG ] D:\phpStudy\WWW\shop\thinkphp\lang\zh-cn.php
[ info ] [ ROUTE ] array (
  'type' => 'module',
  'module' => 
  array (
    0 => 'static',
    1 => 'admin',
    2 => 'images',
  ),
)
[ info ] [ HEADER ] array (
  'cookie' => 'Webstorm-8eca410e=04526ef6-adf0-4d93-bb13-46e3905d1068; pgv_pvi=7221936128; PHPSESSID=hutlkstu3golb5laqobtio3u42; pgv_si=s1445281792',
  'accept-language' => 'zh-CN,zh;q=0.9',
  'accept-encoding' => 'gzip, deflate, br',
  'referer' => 'http://localhost/shop/public/admin',
  'sec-fetch-mode' => 'no-cors',
  'sec-fetch-site' => 'same-origin',
  'purpose' => 'prefetch',
  'accept' => 'image/webp,image/apng,image/*,*/*;q=0.8',
  'user-agent' => 'Mozilla/5.0 (Windows NT 10.0; WOW64) AppleWebKit/537.36 (KHTML, like Gecko) Chrome/78.0.3904.87 Safari/537.36',
  'connection' => 'close',
  'host' => 'localhost',
)
[ info ] [ PARAM ] array (
)
[ info ] [ LOG ] INIT File
---------------------------------------------------------------
[ 2020-04-14T11:51:45+08:00 ] 0.0.0.0 GET localhost/shop/public/admin/goods/lst.html
[运行时间：0.456048s] [吞吐率：2.19req/s] [内存消耗：2,395.23kb] [文件加载：55]
[ info ] [ LANG ] D:\phpStudy\WWW\shop\thinkphp\lang\zh-cn.php
[ info ] [ ROUTE ] array (
  'type' => 'module',
  'module' => 
  array (
    0 => 'admin',
    1 => 'goods',
    2 => 'lst',
  ),
)
[ info ] [ HEADER ] array (
  'cookie' => 'Webstorm-8eca410e=04526ef6-adf0-4d93-bb13-46e3905d1068; pgv_pvi=7221936128; PHPSESSID=hutlkstu3golb5laqobtio3u42; pgv_si=s1445281792',
  'accept-language' => 'zh-CN,zh;q=0.9',
  'accept-encoding' => 'gzip, deflate, br',
  'referer' => 'http://localhost/shop/public/admin',
  'sec-fetch-mode' => 'navigate',
  'sec-fetch-site' => 'same-origin',
  'accept' => 'text/html,application/xhtml+xml,application/xml;q=0.9,image/webp,image/apng,*/*;q=0.8,application/signed-exchange;v=b3',
  'sec-fetch-user' => '?1',
  'user-agent' => 'Mozilla/5.0 (Windows NT 10.0; WOW64) AppleWebKit/537.36 (KHTML, like Gecko) Chrome/78.0.3904.87 Safari/537.36',
  'upgrade-insecure-requests' => '1',
  'connection' => 'close',
  'host' => 'localhost',
)
[ info ] [ PARAM ] array (
)
[ info ] [ RUN ] app\admin\controller\Goods->lst[ D:\phpStudy\WWW\shop\application\admin\controller\Goods.php ]
[ info ] [ DB ] INIT mysql
[ info ] [ VIEW ] D:\phpStudy\WWW\shop\public/../application/admin\view\goods\lst.htm [ array (
  0 => 'lst',
) ]
[ info ] [ LOG ] INIT File
[ sql ] [ DB ] CONNECT:[ UseTime:0.001507s ] mysql:host=127.0.0.1;dbname=tpshop;charset=utf8
[ sql ] [ SQL ] SHOW COLUMNS FROM `tp_goods` [ RunTime:0.050035s ]
[ sql ] [ SQL ] SELECT COUNT(*) AS tp_count FROM `tp_goods` LIMIT 1 [ RunTime:0.000376s ]
[ sql ] [ SQL ] SELECT * FROM `tp_goods` ORDER BY `id` DESC LIMIT 0,10 [ RunTime:0.008402s ]
---------------------------------------------------------------
[ 2020-04-14T11:51:45+08:00 ] 0.0.0.0 GET localhost/shop/public/static/admin/images/adam-jansen.jpg
[运行时间：0.026121s] [吞吐率：38.28req/s] [内存消耗：1,122.53kb] [文件加载：35]
[ info ] [ LANG ] D:\phpStudy\WWW\shop\thinkphp\lang\zh-cn.php
[ info ] [ ROUTE ] array (
  'type' => 'module',
  'module' => 
  array (
    0 => 'static',
    1 => 'admin',
    2 => 'images',
  ),
)
[ info ] [ HEADER ] array (
  'cookie' => 'Webstorm-8eca410e=04526ef6-adf0-4d93-bb13-46e3905d1068; pgv_pvi=7221936128; PHPSESSID=hutlkstu3golb5laqobtio3u42; pgv_si=s1445281792',
  'accept-language' => 'zh-CN,zh;q=0.9',
  'accept-encoding' => 'gzip, deflate, br',
  'referer' => 'http://localhost/shop/public/admin/goods/lst.html',
  'sec-fetch-mode' => 'no-cors',
  'sec-fetch-site' => 'same-origin',
  'accept' => 'image/webp,image/apng,image/*,*/*;q=0.8',
  'user-agent' => 'Mozilla/5.0 (Windows NT 10.0; WOW64) AppleWebKit/537.36 (KHTML, like Gecko) Chrome/78.0.3904.87 Safari/537.36',
  'connection' => 'close',
  'host' => 'localhost',
)
[ info ] [ PARAM ] array (
)
[ info ] [ LOG ] INIT File
---------------------------------------------------------------
[ 2020-04-14T11:51:47+08:00 ] 0.0.0.0 GET localhost/shop/public/admin/type/add.html
[运行时间：0.077216s] [吞吐率：12.95req/s] [内存消耗：1,388.37kb] [文件加载：42]
[ info ] [ LANG ] D:\phpStudy\WWW\shop\thinkphp\lang\zh-cn.php
[ info ] [ ROUTE ] array (
  'type' => 'module',
  'module' => 
  array (
    0 => 'admin',
    1 => 'type',
    2 => 'add',
  ),
)
[ info ] [ HEADER ] array (
  'cookie' => 'Webstorm-8eca410e=04526ef6-adf0-4d93-bb13-46e3905d1068; pgv_pvi=7221936128; PHPSESSID=hutlkstu3golb5laqobtio3u42; pgv_si=s1445281792',
  'accept-language' => 'zh-CN,zh;q=0.9',
  'accept-encoding' => 'gzip, deflate, br',
  'referer' => 'http://localhost/shop/public/admin/goods/lst.html',
  'sec-fetch-mode' => 'navigate',
  'sec-fetch-site' => 'same-origin',
  'accept' => 'text/html,application/xhtml+xml,application/xml;q=0.9,image/webp,image/apng,*/*;q=0.8,application/signed-exchange;v=b3',
  'sec-fetch-user' => '?1',
  'user-agent' => 'Mozilla/5.0 (Windows NT 10.0; WOW64) AppleWebKit/537.36 (KHTML, like Gecko) Chrome/78.0.3904.87 Safari/537.36',
  'upgrade-insecure-requests' => '1',
  'connection' => 'close',
  'host' => 'localhost',
)
[ info ] [ PARAM ] array (
)
[ info ] [ RUN ] app\admin\controller\Type->add[ D:\phpStudy\WWW\shop\application\admin\controller\Type.php ]
[ info ] [ VIEW ] D:\phpStudy\WWW\shop\public/../application/admin\view\type\add.htm [ array (
) ]
[ info ] [ LOG ] INIT File
---------------------------------------------------------------
[ 2020-04-14T11:51:47+08:00 ] 0.0.0.0 GET localhost/shop/public/static/admin/images/adam-jansen.jpg
[运行时间：0.021613s] [吞吐率：46.27req/s] [内存消耗：1,122.53kb] [文件加载：35]
[ info ] [ LANG ] D:\phpStudy\WWW\shop\thinkphp\lang\zh-cn.php
[ info ] [ ROUTE ] array (
  'type' => 'module',
  'module' => 
  array (
    0 => 'static',
    1 => 'admin',
    2 => 'images',
  ),
)
[ info ] [ HEADER ] array (
  'cookie' => 'Webstorm-8eca410e=04526ef6-adf0-4d93-bb13-46e3905d1068; pgv_pvi=7221936128; PHPSESSID=hutlkstu3golb5laqobtio3u42; pgv_si=s1445281792',
  'accept-language' => 'zh-CN,zh;q=0.9',
  'accept-encoding' => 'gzip, deflate, br',
  'referer' => 'http://localhost/shop/public/admin/type/add.html',
  'sec-fetch-mode' => 'no-cors',
  'sec-fetch-site' => 'same-origin',
  'accept' => 'image/webp,image/apng,image/*,*/*;q=0.8',
  'user-agent' => 'Mozilla/5.0 (Windows NT 10.0; WOW64) AppleWebKit/537.36 (KHTML, like Gecko) Chrome/78.0.3904.87 Safari/537.36',
  'connection' => 'close',
  'host' => 'localhost',
)
[ info ] [ PARAM ] array (
)
[ info ] [ LOG ] INIT File
---------------------------------------------------------------
[ 2020-04-14T11:51:49+08:00 ] 0.0.0.0 GET localhost/shop/public/admin/type/lst.html
[运行时间：0.181288s] [吞吐率：5.52req/s] [内存消耗：2,347.91kb] [文件加载：55]
[ info ] [ LANG ] D:\phpStudy\WWW\shop\thinkphp\lang\zh-cn.php
[ info ] [ ROUTE ] array (
  'type' => 'module',
  'module' => 
  array (
    0 => 'admin',
    1 => 'type',
    2 => 'lst',
  ),
)
[ info ] [ HEADER ] array (
  'cookie' => 'Webstorm-8eca410e=04526ef6-adf0-4d93-bb13-46e3905d1068; pgv_pvi=7221936128; PHPSESSID=hutlkstu3golb5laqobtio3u42; pgv_si=s1445281792',
  'accept-language' => 'zh-CN,zh;q=0.9',
  'accept-encoding' => 'gzip, deflate, br',
  'referer' => 'http://localhost/shop/public/admin/type/add.html',
  'sec-fetch-mode' => 'navigate',
  'sec-fetch-site' => 'same-origin',
  'accept' => 'text/html,application/xhtml+xml,application/xml;q=0.9,image/webp,image/apng,*/*;q=0.8,application/signed-exchange;v=b3',
  'sec-fetch-user' => '?1',
  'user-agent' => 'Mozilla/5.0 (Windows NT 10.0; WOW64) AppleWebKit/537.36 (KHTML, like Gecko) Chrome/78.0.3904.87 Safari/537.36',
  'upgrade-insecure-requests' => '1',
  'connection' => 'close',
  'host' => 'localhost',
)
[ info ] [ PARAM ] array (
)
[ info ] [ RUN ] app\admin\controller\Type->lst[ D:\phpStudy\WWW\shop\application\admin\controller\Type.php ]
[ info ] [ DB ] INIT mysql
[ info ] [ VIEW ] D:\phpStudy\WWW\shop\public/../application/admin\view\type\lst.htm [ array (
  0 => 'lst',
) ]
[ info ] [ LOG ] INIT File
[ sql ] [ DB ] CONNECT:[ UseTime:0.010932s ] mysql:host=127.0.0.1;dbname=tpshop;charset=utf8
[ sql ] [ SQL ] SHOW COLUMNS FROM `tp_type` [ RunTime:0.001468s ]
[ sql ] [ SQL ] SELECT COUNT(*) AS tp_count FROM `tp_type` LIMIT 1 [ RunTime:0.000603s ]
[ sql ] [ SQL ] SELECT * FROM `tp_type` ORDER BY `id` DESC LIMIT 0,10 [ RunTime:0.000456s ]
---------------------------------------------------------------
[ 2020-04-14T11:51:49+08:00 ] 0.0.0.0 GET localhost/shop/public/static/admin/images/adam-jansen.jpg
[运行时间：0.025237s] [吞吐率：39.62req/s] [内存消耗：1,122.53kb] [文件加载：35]
[ info ] [ LANG ] D:\phpStudy\WWW\shop\thinkphp\lang\zh-cn.php
[ info ] [ ROUTE ] array (
  'type' => 'module',
  'module' => 
  array (
    0 => 'static',
    1 => 'admin',
    2 => 'images',
  ),
)
[ info ] [ HEADER ] array (
  'cookie' => 'Webstorm-8eca410e=04526ef6-adf0-4d93-bb13-46e3905d1068; pgv_pvi=7221936128; PHPSESSID=hutlkstu3golb5laqobtio3u42; pgv_si=s1445281792',
  'accept-language' => 'zh-CN,zh;q=0.9',
  'accept-encoding' => 'gzip, deflate, br',
  'referer' => 'http://localhost/shop/public/admin/type/lst.html',
  'sec-fetch-mode' => 'no-cors',
  'sec-fetch-site' => 'same-origin',
  'accept' => 'image/webp,image/apng,image/*,*/*;q=0.8',
  'user-agent' => 'Mozilla/5.0 (Windows NT 10.0; WOW64) AppleWebKit/537.36 (KHTML, like Gecko) Chrome/78.0.3904.87 Safari/537.36',
  'connection' => 'close',
  'host' => 'localhost',
)
[ info ] [ PARAM ] array (
)
[ info ] [ LOG ] INIT File
---------------------------------------------------------------
[ 2020-04-14T11:52:30+08:00 ] 0.0.0.0 GET localhost/shop/public/admin/type/edit/id/2.html
[运行时间：0.153228s] [吞吐率：6.53req/s] [内存消耗：2,275.24kb] [文件加载：51]
[ info ] [ LANG ] D:\phpStudy\WWW\shop\thinkphp\lang\zh-cn.php
[ info ] [ ROUTE ] array (
  'type' => 'module',
  'module' => 
  array (
    0 => 'admin',
    1 => 'type',
    2 => 'edit',
  ),
)
[ info ] [ HEADER ] array (
  'cookie' => 'Webstorm-8eca410e=04526ef6-adf0-4d93-bb13-46e3905d1068; pgv_pvi=7221936128; PHPSESSID=hutlkstu3golb5laqobtio3u42; pgv_si=s1445281792',
  'accept-language' => 'zh-CN,zh;q=0.9',
  'accept-encoding' => 'gzip, deflate, br',
  'referer' => 'http://localhost/shop/public/admin/type/lst.html',
  'sec-fetch-mode' => 'navigate',
  'sec-fetch-site' => 'same-origin',
  'accept' => 'text/html,application/xhtml+xml,application/xml;q=0.9,image/webp,image/apng,*/*;q=0.8,application/signed-exchange;v=b3',
  'sec-fetch-user' => '?1',
  'user-agent' => 'Mozilla/5.0 (Windows NT 10.0; WOW64) AppleWebKit/537.36 (KHTML, like Gecko) Chrome/78.0.3904.87 Safari/537.36',
  'upgrade-insecure-requests' => '1',
  'connection' => 'close',
  'host' => 'localhost',
)
[ info ] [ PARAM ] array (
  'id' => '2',
)
[ info ] [ RUN ] app\admin\controller\Type->edit[ D:\phpStudy\WWW\shop\application\admin\controller\Type.php ]
[ info ] [ DB ] INIT mysql
[ info ] [ VIEW ] D:\phpStudy\WWW\shop\public/../application/admin\view\type\edit.htm [ array (
  0 => 'TypeInfo',
) ]
[ info ] [ LOG ] INIT File
[ sql ] [ DB ] CONNECT:[ UseTime:0.011164s ] mysql:host=127.0.0.1;dbname=tpshop;charset=utf8
[ sql ] [ SQL ] SHOW COLUMNS FROM `tp_type` [ RunTime:0.002498s ]
[ sql ] [ SQL ] SELECT * FROM `tp_type` WHERE  `id` = 2 LIMIT 1 [ RunTime:0.000607s ]
---------------------------------------------------------------
[ 2020-04-14T11:52:30+08:00 ] 0.0.0.0 GET localhost/shop/public/static/admin/images/adam-jansen.jpg
[运行时间：0.032821s] [吞吐率：30.47req/s] [内存消耗：1,122.53kb] [文件加载：35]
[ info ] [ LANG ] D:\phpStudy\WWW\shop\thinkphp\lang\zh-cn.php
[ info ] [ ROUTE ] array (
  'type' => 'module',
  'module' => 
  array (
    0 => 'static',
    1 => 'admin',
    2 => 'images',
  ),
)
[ info ] [ HEADER ] array (
  'cookie' => 'Webstorm-8eca410e=04526ef6-adf0-4d93-bb13-46e3905d1068; pgv_pvi=7221936128; PHPSESSID=hutlkstu3golb5laqobtio3u42; pgv_si=s1445281792',
  'accept-language' => 'zh-CN,zh;q=0.9',
  'accept-encoding' => 'gzip, deflate, br',
  'referer' => 'http://localhost/shop/public/admin/type/edit/id/2.html',
  'sec-fetch-mode' => 'no-cors',
  'sec-fetch-site' => 'same-origin',
  'accept' => 'image/webp,image/apng,image/*,*/*;q=0.8',
  'user-agent' => 'Mozilla/5.0 (Windows NT 10.0; WOW64) AppleWebKit/537.36 (KHTML, like Gecko) Chrome/78.0.3904.87 Safari/537.36',
  'connection' => 'close',
  'host' => 'localhost',
)
[ info ] [ PARAM ] array (
)
[ info ] [ LOG ] INIT File
---------------------------------------------------------------
[ 2020-04-14T11:52:31+08:00 ] 0.0.0.0 GET localhost/shop/public/admin/type/lst.html
[运行时间：0.048740s] [吞吐率：20.52req/s] [内存消耗：2,347.91kb] [文件加载：55]
[ info ] [ LANG ] D:\phpStudy\WWW\shop\thinkphp\lang\zh-cn.php
[ info ] [ ROUTE ] array (
  'type' => 'module',
  'module' => 
  array (
    0 => 'admin',
    1 => 'type',
    2 => 'lst',
  ),
)
[ info ] [ HEADER ] array (
  'cookie' => 'Webstorm-8eca410e=04526ef6-adf0-4d93-bb13-46e3905d1068; pgv_pvi=7221936128; PHPSESSID=hutlkstu3golb5laqobtio3u42; pgv_si=s1445281792',
  'accept-language' => 'zh-CN,zh;q=0.9',
  'accept-encoding' => 'gzip, deflate, br',
  'referer' => 'http://localhost/shop/public/admin/type/edit/id/2.html',
  'sec-fetch-mode' => 'navigate',
  'sec-fetch-site' => 'same-origin',
  'accept' => 'text/html,application/xhtml+xml,application/xml;q=0.9,image/webp,image/apng,*/*;q=0.8,application/signed-exchange;v=b3',
  'sec-fetch-user' => '?1',
  'user-agent' => 'Mozilla/5.0 (Windows NT 10.0; WOW64) AppleWebKit/537.36 (KHTML, like Gecko) Chrome/78.0.3904.87 Safari/537.36',
  'upgrade-insecure-requests' => '1',
  'connection' => 'close',
  'host' => 'localhost',
)
[ info ] [ PARAM ] array (
)
[ info ] [ RUN ] app\admin\controller\Type->lst[ D:\phpStudy\WWW\shop\application\admin\controller\Type.php ]
[ info ] [ DB ] INIT mysql
[ info ] [ VIEW ] D:\phpStudy\WWW\shop\public/../application/admin\view\type\lst.htm [ array (
  0 => 'lst',
) ]
[ info ] [ LOG ] INIT File
[ sql ] [ DB ] CONNECT:[ UseTime:0.011024s ] mysql:host=127.0.0.1;dbname=tpshop;charset=utf8
[ sql ] [ SQL ] SHOW COLUMNS FROM `tp_type` [ RunTime:0.001053s ]
[ sql ] [ SQL ] SELECT COUNT(*) AS tp_count FROM `tp_type` LIMIT 1 [ RunTime:0.000302s ]
[ sql ] [ SQL ] SELECT * FROM `tp_type` ORDER BY `id` DESC LIMIT 0,10 [ RunTime:0.000465s ]
---------------------------------------------------------------
[ 2020-04-14T11:52:31+08:00 ] 0.0.0.0 GET localhost/shop/public/static/admin/images/adam-jansen.jpg
[运行时间：0.017752s] [吞吐率：56.33req/s] [内存消耗：1,122.53kb] [文件加载：35]
[ info ] [ LANG ] D:\phpStudy\WWW\shop\thinkphp\lang\zh-cn.php
[ info ] [ ROUTE ] array (
  'type' => 'module',
  'module' => 
  array (
    0 => 'static',
    1 => 'admin',
    2 => 'images',
  ),
)
[ info ] [ HEADER ] array (
  'cookie' => 'Webstorm-8eca410e=04526ef6-adf0-4d93-bb13-46e3905d1068; pgv_pvi=7221936128; PHPSESSID=hutlkstu3golb5laqobtio3u42; pgv_si=s1445281792',
  'accept-language' => 'zh-CN,zh;q=0.9',
  'accept-encoding' => 'gzip, deflate, br',
  'referer' => 'http://localhost/shop/public/admin/type/lst.html',
  'sec-fetch-mode' => 'no-cors',
  'sec-fetch-site' => 'same-origin',
  'accept' => 'image/webp,image/apng,image/*,*/*;q=0.8',
  'user-agent' => 'Mozilla/5.0 (Windows NT 10.0; WOW64) AppleWebKit/537.36 (KHTML, like Gecko) Chrome/78.0.3904.87 Safari/537.36',
  'connection' => 'close',
  'host' => 'localhost',
)
[ info ] [ PARAM ] array (
)
[ info ] [ LOG ] INIT File
---------------------------------------------------------------
[ 2020-04-14T11:52:32+08:00 ] 0.0.0.0 GET localhost/shop/public/admin/attr/lst/type_id/2.html
[运行时间：0.240680s] [吞吐率：4.15req/s] [内存消耗：2,355.12kb] [文件加载：55]
[ info ] [ LANG ] D:\phpStudy\WWW\shop\thinkphp\lang\zh-cn.php
[ info ] [ ROUTE ] array (
  'type' => 'module',
  'module' => 
  array (
    0 => 'admin',
    1 => 'attr',
    2 => 'lst',
  ),
)
[ info ] [ HEADER ] array (
  'cookie' => 'Webstorm-8eca410e=04526ef6-adf0-4d93-bb13-46e3905d1068; pgv_pvi=7221936128; PHPSESSID=hutlkstu3golb5laqobtio3u42; pgv_si=s1445281792',
  'accept-language' => 'zh-CN,zh;q=0.9',
  'accept-encoding' => 'gzip, deflate, br',
  'referer' => 'http://localhost/shop/public/admin/type/lst.html',
  'sec-fetch-mode' => 'navigate',
  'sec-fetch-site' => 'same-origin',
  'accept' => 'text/html,application/xhtml+xml,application/xml;q=0.9,image/webp,image/apng,*/*;q=0.8,application/signed-exchange;v=b3',
  'sec-fetch-user' => '?1',
  'user-agent' => 'Mozilla/5.0 (Windows NT 10.0; WOW64) AppleWebKit/537.36 (KHTML, like Gecko) Chrome/78.0.3904.87 Safari/537.36',
  'upgrade-insecure-requests' => '1',
  'connection' => 'close',
  'host' => 'localhost',
)
[ info ] [ PARAM ] array (
  'type_id' => '2',
)
[ info ] [ RUN ] app\admin\controller\Attr->lst[ D:\phpStudy\WWW\shop\application\admin\controller\Attr.php ]
[ info ] [ DB ] INIT mysql
[ info ] [ VIEW ] D:\phpStudy\WWW\shop\public/../application/admin\view\attr\lst.htm [ array (
  0 => 'lst',
) ]
[ info ] [ LOG ] INIT File
[ sql ] [ DB ] CONNECT:[ UseTime:0.011399s ] mysql:host=127.0.0.1;dbname=tpshop;charset=utf8
[ sql ] [ SQL ] SHOW COLUMNS FROM `tp_attr` [ RunTime:0.081115s ]
[ sql ] [ SQL ] SELECT COUNT(*) AS tp_count FROM `tp_attr` `a` INNER JOIN `tp_type` `t` ON `a`.`type_id`=`t`.`id` WHERE  `type_id` = 2 LIMIT 1 [ RunTime:0.012137s ]
[ sql ] [ SQL ] SELECT `a`.*,`t`.`type_name` FROM `tp_attr` `a` INNER JOIN `tp_type` `t` ON `a`.`type_id`=`t`.`id` WHERE  `type_id` = 2 ORDER BY `a`.`id` DESC LIMIT 0,10 [ RunTime:0.022640s ]
---------------------------------------------------------------
[ 2020-04-14T11:52:32+08:00 ] 0.0.0.0 GET localhost/shop/public/static/admin/images/adam-jansen.jpg
[运行时间：0.029844s] [吞吐率：33.51req/s] [内存消耗：1,122.53kb] [文件加载：35]
[ info ] [ LANG ] D:\phpStudy\WWW\shop\thinkphp\lang\zh-cn.php
[ info ] [ ROUTE ] array (
  'type' => 'module',
  'module' => 
  array (
    0 => 'static',
    1 => 'admin',
    2 => 'images',
  ),
)
[ info ] [ HEADER ] array (
  'cookie' => 'Webstorm-8eca410e=04526ef6-adf0-4d93-bb13-46e3905d1068; pgv_pvi=7221936128; PHPSESSID=hutlkstu3golb5laqobtio3u42; pgv_si=s1445281792',
  'accept-language' => 'zh-CN,zh;q=0.9',
  'accept-encoding' => 'gzip, deflate, br',
  'referer' => 'http://localhost/shop/public/admin/attr/lst/type_id/2.html',
  'sec-fetch-mode' => 'no-cors',
  'sec-fetch-site' => 'same-origin',
  'accept' => 'image/webp,image/apng,image/*,*/*;q=0.8',
  'user-agent' => 'Mozilla/5.0 (Windows NT 10.0; WOW64) AppleWebKit/537.36 (KHTML, like Gecko) Chrome/78.0.3904.87 Safari/537.36',
  'connection' => 'close',
  'host' => 'localhost',
)
[ info ] [ PARAM ] array (
)
[ info ] [ LOG ] INIT File
---------------------------------------------------------------
[ 2020-04-14T11:52:34+08:00 ] 0.0.0.0 GET localhost/shop/public/admin/attr/add.html
[运行时间：0.073485s] [吞吐率：13.61req/s] [内存消耗：2,007.80kb] [文件加载：49]
[ info ] [ LANG ] D:\phpStudy\WWW\shop\thinkphp\lang\zh-cn.php
[ info ] [ ROUTE ] array (
  'type' => 'module',
  'module' => 
  array (
    0 => 'admin',
    1 => 'attr',
    2 => 'add',
  ),
)
[ info ] [ HEADER ] array (
  'cookie' => 'Webstorm-8eca410e=04526ef6-adf0-4d93-bb13-46e3905d1068; pgv_pvi=7221936128; PHPSESSID=hutlkstu3golb5laqobtio3u42; pgv_si=s1445281792',
  'accept-language' => 'zh-CN,zh;q=0.9',
  'accept-encoding' => 'gzip, deflate, br',
  'referer' => 'http://localhost/shop/public/admin/attr/lst/type_id/2.html',
  'sec-fetch-mode' => 'navigate',
  'sec-fetch-site' => 'same-origin',
  'accept' => 'text/html,application/xhtml+xml,application/xml;q=0.9,image/webp,image/apng,*/*;q=0.8,application/signed-exchange;v=b3',
  'sec-fetch-user' => '?1',
  'user-agent' => 'Mozilla/5.0 (Windows NT 10.0; WOW64) AppleWebKit/537.36 (KHTML, like Gecko) Chrome/78.0.3904.87 Safari/537.36',
  'upgrade-insecure-requests' => '1',
  'connection' => 'close',
  'host' => 'localhost',
)
[ info ] [ PARAM ] array (
)
[ info ] [ RUN ] app\admin\controller\Attr->add[ D:\phpStudy\WWW\shop\application\admin\controller\Attr.php ]
[ info ] [ DB ] INIT mysql
[ info ] [ VIEW ] D:\phpStudy\WWW\shop\public/../application/admin\view\attr\add.htm [ array (
  0 => 'attr',
) ]
[ info ] [ LOG ] INIT File
[ sql ] [ DB ] CONNECT:[ UseTime:0.010478s ] mysql:host=127.0.0.1;dbname=tpshop;charset=utf8
[ sql ] [ SQL ] SHOW COLUMNS FROM `tp_type` [ RunTime:0.000922s ]
[ sql ] [ SQL ] SELECT * FROM `tp_type` [ RunTime:0.000328s ]
---------------------------------------------------------------
[ 2020-04-14T11:52:34+08:00 ] 0.0.0.0 GET localhost/shop/public/static/admin/images/adam-jansen.jpg
[运行时间：0.019962s] [吞吐率：50.09req/s] [内存消耗：1,122.53kb] [文件加载：35]
[ info ] [ LANG ] D:\phpStudy\WWW\shop\thinkphp\lang\zh-cn.php
[ info ] [ ROUTE ] array (
  'type' => 'module',
  'module' => 
  array (
    0 => 'static',
    1 => 'admin',
    2 => 'images',
  ),
)
[ info ] [ HEADER ] array (
  'cookie' => 'Webstorm-8eca410e=04526ef6-adf0-4d93-bb13-46e3905d1068; pgv_pvi=7221936128; PHPSESSID=hutlkstu3golb5laqobtio3u42; pgv_si=s1445281792',
  'accept-language' => 'zh-CN,zh;q=0.9',
  'accept-encoding' => 'gzip, deflate, br',
  'referer' => 'http://localhost/shop/public/admin/attr/add.html',
  'sec-fetch-mode' => 'no-cors',
  'sec-fetch-site' => 'same-origin',
  'accept' => 'image/webp,image/apng,image/*,*/*;q=0.8',
  'user-agent' => 'Mozilla/5.0 (Windows NT 10.0; WOW64) AppleWebKit/537.36 (KHTML, like Gecko) Chrome/78.0.3904.87 Safari/537.36',
  'connection' => 'close',
  'host' => 'localhost',
)
[ info ] [ PARAM ] array (
)
[ info ] [ LOG ] INIT File
