---------------------------------------------------------------
[ 2020-06-09T21:12:52+08:00 ] 0.0.0.0 GET localhost/shop/public/
[运行时间：0.670310s] [吞吐率：1.49req/s] [内存消耗：2,401.28kb] [文件加载：52]
[ info ] [ LANG ] D:\phpStudy\WWW\shop\thinkphp\lang\zh-cn.php
[ info ] [ ROUTE ] array (
  'type' => 'module',
  'module' => 
  array (
    0 => '',
    1 => NULL,
    2 => NULL,
  ),
)
[ info ] [ HEADER ] array (
  'cookie' => 'Webstorm-8eca410e=04526ef6-adf0-4d93-bb13-46e3905d1068; pgv_pvi=7221936128; __gads=ID=b1212375c27b912c:T=1586869645:S=ALNI_MZYuTOaaBcDo4BiLlNlOJNjz0Pgfw; UM_distinctid=1717d2942a858c-00f116fb452871-514f291a-1fa400-1717d2942a927b; Hm_lvt_afc2b8bbe5afca7b1c77c05445eadd98=1587091294,1587111279,1587169185,1587266304; CNZZDATA1261742514=504053808-1586942326-http%253A%252F%252Flocalhost%252F%7C1587262752; Hm_lvt_b393d153aeb26b46e9431fabaf0f6190=1588648817; PHPSESSID=uvvke2kqhij0bjpe66jmk550f6',
  'accept-language' => 'zh-CN,zh;q=0.9',
  'accept-encoding' => 'gzip, deflate, br',
  'sec-fetch-mode' => 'navigate',
  'sec-fetch-site' => 'none',
  'accept' => 'text/html,application/xhtml+xml,application/xml;q=0.9,image/webp,image/apng,*/*;q=0.8,application/signed-exchange;v=b3',
  'sec-fetch-user' => '?1',
  'user-agent' => 'Mozilla/5.0 (Windows NT 10.0; WOW64) AppleWebKit/537.36 (KHTML, like Gecko) Chrome/78.0.3904.87 Safari/537.36',
  'upgrade-insecure-requests' => '1',
  'connection' => 'close',
  'host' => 'localhost',
)
[ info ] [ PARAM ] array (
)
[ info ] [ DB ] INIT mysql
[ info ] [ RUN ] app\index\controller\Index->index[ D:\phpStudy\WWW\shop\application\index\controller\Index.php ]
[ info ] [ VIEW ] D:\phpStudy\WWW\shop\public/../application/index\view\index\index.htm [ array (
  0 => 'helpCateRes',
) ]
[ info ] [ LOG ] INIT File
[ sql ] [ DB ] CONNECT:[ UseTime:0.010847s ] mysql:host=127.0.0.1;dbname=tpshop;charset=utf8
[ sql ] [ SQL ] SHOW COLUMNS FROM `tp_cate` [ RunTime:0.001113s ]
[ sql ] [ SQL ] SELECT * FROM `tp_cate` WHERE  `cate_type` = 3 ORDER BY `id` ASC [ RunTime:0.000751s ]
[ sql ] [ SQL ] SHOW COLUMNS FROM `tp_article` [ RunTime:0.000980s ]
[ sql ] [ SQL ] SELECT * FROM `tp_article` WHERE  `cate_id` = 4 [ RunTime:0.000578s ]
[ sql ] [ SQL ] SELECT * FROM `tp_article` WHERE  `cate_id` = 5 [ RunTime:0.000362s ]
[ sql ] [ SQL ] SELECT * FROM `tp_article` WHERE  `cate_id` = 52 [ RunTime:0.000388s ]
[ sql ] [ SQL ] SELECT * FROM `tp_article` WHERE  `cate_id` = 62 [ RunTime:0.000285s ]
[ sql ] [ SQL ] SELECT * FROM `tp_article` WHERE  `cate_id` = 63 [ RunTime:0.000332s ]
---------------------------------------------------------------
[ 2020-06-09T21:12:52+08:00 ] 0.0.0.0 GET localhost/shop/public/static/index/img/0_thumb_G_1490174241651.jpg
[运行时间：0.064930s] [吞吐率：15.40req/s] [内存消耗：1,123.67kb] [文件加载：35]
[ info ] [ LANG ] D:\phpStudy\WWW\shop\thinkphp\lang\zh-cn.php
[ info ] [ ROUTE ] array (
  'type' => 'module',
  'module' => 
  array (
    0 => 'static',
    1 => 'index',
    2 => 'img',
  ),
)
[ info ] [ HEADER ] array (
  'cookie' => 'Webstorm-8eca410e=04526ef6-adf0-4d93-bb13-46e3905d1068; pgv_pvi=7221936128; __gads=ID=b1212375c27b912c:T=1586869645:S=ALNI_MZYuTOaaBcDo4BiLlNlOJNjz0Pgfw; UM_distinctid=1717d2942a858c-00f116fb452871-514f291a-1fa400-1717d2942a927b; Hm_lvt_afc2b8bbe5afca7b1c77c05445eadd98=1587091294,1587111279,1587169185,1587266304; CNZZDATA1261742514=504053808-1586942326-http%253A%252F%252Flocalhost%252F%7C1587262752; Hm_lvt_b393d153aeb26b46e9431fabaf0f6190=1588648817; PHPSESSID=uvvke2kqhij0bjpe66jmk550f6',
  'accept-language' => 'zh-CN,zh;q=0.9',
  'accept-encoding' => 'gzip, deflate, br',
  'referer' => 'http://localhost/shop/public/',
  'sec-fetch-mode' => 'no-cors',
  'sec-fetch-site' => 'same-origin',
  'accept' => 'image/webp,image/apng,image/*,*/*;q=0.8',
  'user-agent' => 'Mozilla/5.0 (Windows NT 10.0; WOW64) AppleWebKit/537.36 (KHTML, like Gecko) Chrome/78.0.3904.87 Safari/537.36',
  'connection' => 'close',
  'host' => 'localhost',
)
[ info ] [ PARAM ] array (
)
[ info ] [ LOG ] INIT File
---------------------------------------------------------------
[ 2020-06-09T21:12:52+08:00 ] 0.0.0.0 POST localhost/shop/public/get_ajax_content.php
[运行时间：0.029167s] [吞吐率：34.29req/s] [内存消耗：1,125.13kb] [文件加载：35]
[ info ] [ LANG ] D:\phpStudy\WWW\shop\thinkphp\lang\zh-cn.php
[ info ] [ ROUTE ] array (
  'type' => 'module',
  'module' => 
  array (
    0 => 'get_ajax_content.php',
    1 => NULL,
    2 => NULL,
  ),
)
[ info ] [ HEADER ] array (
  'cookie' => 'Webstorm-8eca410e=04526ef6-adf0-4d93-bb13-46e3905d1068; pgv_pvi=7221936128; __gads=ID=b1212375c27b912c:T=1586869645:S=ALNI_MZYuTOaaBcDo4BiLlNlOJNjz0Pgfw; UM_distinctid=1717d2942a858c-00f116fb452871-514f291a-1fa400-1717d2942a927b; Hm_lvt_afc2b8bbe5afca7b1c77c05445eadd98=1587091294,1587111279,1587169185,1587266304; CNZZDATA1261742514=504053808-1586942326-http%253A%252F%252Flocalhost%252F%7C1587262752; Hm_lvt_b393d153aeb26b46e9431fabaf0f6190=1588648817; PHPSESSID=uvvke2kqhij0bjpe66jmk550f6',
  'accept-language' => 'zh-CN,zh;q=0.9',
  'accept-encoding' => 'gzip, deflate, br',
  'referer' => 'http://localhost/shop/public/',
  'sec-fetch-mode' => 'cors',
  'sec-fetch-site' => 'same-origin',
  'content-type' => 'application/x-www-form-urlencoded; charset=UTF-8',
  'user-agent' => 'Mozilla/5.0 (Windows NT 10.0; WOW64) AppleWebKit/537.36 (KHTML, like Gecko) Chrome/78.0.3904.87 Safari/537.36',
  'x-requested-with' => 'XMLHttpRequest',
  'origin' => 'http://localhost',
  'accept' => 'application/json, text/javascript, */*; q=0.01',
  'content-length' => '81',
  'connection' => 'close',
  'host' => 'localhost',
)
[ info ] [ PARAM ] array (
  'act' => 'get_cat_top_list',
  'tpl' => '1',
  'cat_id' => '347',
  'rome_key' => '0',
  'prent_id' => '6',
  'region_id' => '1',
  'area_id' => '7',
)
[ info ] [ LOG ] INIT File
---------------------------------------------------------------
[ 2020-06-09T21:12:52+08:00 ] 0.0.0.0 GET localhost/shop/public/get_ajax_content.php?act=getCategotyParentTree&cat_id=630&defa=
[运行时间：0.038380s] [吞吐率：26.06req/s] [内存消耗：1,125.02kb] [文件加载：35]
[ info ] [ LANG ] D:\phpStudy\WWW\shop\thinkphp\lang\zh-cn.php
[ info ] [ ROUTE ] array (
  'type' => 'module',
  'module' => 
  array (
    0 => 'get_ajax_content.php',
    1 => NULL,
    2 => NULL,
  ),
)
[ info ] [ HEADER ] array (
  'cookie' => 'Webstorm-8eca410e=04526ef6-adf0-4d93-bb13-46e3905d1068; pgv_pvi=7221936128; __gads=ID=b1212375c27b912c:T=1586869645:S=ALNI_MZYuTOaaBcDo4BiLlNlOJNjz0Pgfw; UM_distinctid=1717d2942a858c-00f116fb452871-514f291a-1fa400-1717d2942a927b; Hm_lvt_afc2b8bbe5afca7b1c77c05445eadd98=1587091294,1587111279,1587169185,1587266304; CNZZDATA1261742514=504053808-1586942326-http%253A%252F%252Flocalhost%252F%7C1587262752; Hm_lvt_b393d153aeb26b46e9431fabaf0f6190=1588648817; PHPSESSID=uvvke2kqhij0bjpe66jmk550f6',
  'accept-language' => 'zh-CN,zh;q=0.9',
  'accept-encoding' => 'gzip, deflate, br',
  'referer' => 'http://localhost/shop/public/',
  'sec-fetch-mode' => 'cors',
  'sec-fetch-site' => 'same-origin',
  'user-agent' => 'Mozilla/5.0 (Windows NT 10.0; WOW64) AppleWebKit/537.36 (KHTML, like Gecko) Chrome/78.0.3904.87 Safari/537.36',
  'x-requested-with' => 'XMLHttpRequest',
  'accept' => 'application/json, text/javascript, */*; q=0.01',
  'connection' => 'close',
  'host' => 'localhost',
)
[ info ] [ PARAM ] array (
  'act' => 'getCategotyParentTree',
  'cat_id' => '630',
  'defa' => '',
)
[ info ] [ LOG ] INIT File
---------------------------------------------------------------
[ 2020-06-09T21:12:53+08:00 ] 0.0.0.0 GET localhost/shop/public/get_ajax_content.php?act=getCategotyParentTree&cat_id=547&defa=
[运行时间：0.020478s] [吞吐率：48.83req/s] [内存消耗：1,125.02kb] [文件加载：35]
[ info ] [ LANG ] D:\phpStudy\WWW\shop\thinkphp\lang\zh-cn.php
[ info ] [ ROUTE ] array (
  'type' => 'module',
  'module' => 
  array (
    0 => 'get_ajax_content.php',
    1 => NULL,
    2 => NULL,
  ),
)
[ info ] [ HEADER ] array (
  'cookie' => 'Webstorm-8eca410e=04526ef6-adf0-4d93-bb13-46e3905d1068; pgv_pvi=7221936128; __gads=ID=b1212375c27b912c:T=1586869645:S=ALNI_MZYuTOaaBcDo4BiLlNlOJNjz0Pgfw; UM_distinctid=1717d2942a858c-00f116fb452871-514f291a-1fa400-1717d2942a927b; Hm_lvt_afc2b8bbe5afca7b1c77c05445eadd98=1587091294,1587111279,1587169185,1587266304; CNZZDATA1261742514=504053808-1586942326-http%253A%252F%252Flocalhost%252F%7C1587262752; Hm_lvt_b393d153aeb26b46e9431fabaf0f6190=1588648817; PHPSESSID=uvvke2kqhij0bjpe66jmk550f6',
  'accept-language' => 'zh-CN,zh;q=0.9',
  'accept-encoding' => 'gzip, deflate, br',
  'referer' => 'http://localhost/shop/public/',
  'sec-fetch-mode' => 'cors',
  'sec-fetch-site' => 'same-origin',
  'user-agent' => 'Mozilla/5.0 (Windows NT 10.0; WOW64) AppleWebKit/537.36 (KHTML, like Gecko) Chrome/78.0.3904.87 Safari/537.36',
  'x-requested-with' => 'XMLHttpRequest',
  'accept' => 'application/json, text/javascript, */*; q=0.01',
  'connection' => 'close',
  'host' => 'localhost',
)
[ info ] [ PARAM ] array (
  'act' => 'getCategotyParentTree',
  'cat_id' => '547',
  'defa' => '',
)
[ info ] [ LOG ] INIT File
---------------------------------------------------------------
[ 2020-06-09T21:12:54+08:00 ] 0.0.0.0 GET localhost/shop/public/get_ajax_content.php?act=getCategotyParentTree&cat_id=1442&defa=
[运行时间：0.033533s] [吞吐率：29.82req/s] [内存消耗：1,125.02kb] [文件加载：35]
[ info ] [ LANG ] D:\phpStudy\WWW\shop\thinkphp\lang\zh-cn.php
[ info ] [ ROUTE ] array (
  'type' => 'module',
  'module' => 
  array (
    0 => 'get_ajax_content.php',
    1 => NULL,
    2 => NULL,
  ),
)
[ info ] [ HEADER ] array (
  'cookie' => 'Webstorm-8eca410e=04526ef6-adf0-4d93-bb13-46e3905d1068; pgv_pvi=7221936128; __gads=ID=b1212375c27b912c:T=1586869645:S=ALNI_MZYuTOaaBcDo4BiLlNlOJNjz0Pgfw; UM_distinctid=1717d2942a858c-00f116fb452871-514f291a-1fa400-1717d2942a927b; Hm_lvt_afc2b8bbe5afca7b1c77c05445eadd98=1587091294,1587111279,1587169185,1587266304; CNZZDATA1261742514=504053808-1586942326-http%253A%252F%252Flocalhost%252F%7C1587262752; Hm_lvt_b393d153aeb26b46e9431fabaf0f6190=1588648817; PHPSESSID=uvvke2kqhij0bjpe66jmk550f6',
  'accept-language' => 'zh-CN,zh;q=0.9',
  'accept-encoding' => 'gzip, deflate, br',
  'referer' => 'http://localhost/shop/public/',
  'sec-fetch-mode' => 'cors',
  'sec-fetch-site' => 'same-origin',
  'user-agent' => 'Mozilla/5.0 (Windows NT 10.0; WOW64) AppleWebKit/537.36 (KHTML, like Gecko) Chrome/78.0.3904.87 Safari/537.36',
  'x-requested-with' => 'XMLHttpRequest',
  'accept' => 'application/json, text/javascript, */*; q=0.01',
  'connection' => 'close',
  'host' => 'localhost',
)
[ info ] [ PARAM ] array (
  'act' => 'getCategotyParentTree',
  'cat_id' => '1442',
  'defa' => '',
)
[ info ] [ LOG ] INIT File
