---------------------------------------------------------------
[ 2020-06-24T20:05:47+08:00 ] 0.0.0.0 GET localhost/shop/
[运行时间：0.140952s] [吞吐率：7.09req/s] [内存消耗：2,723.63kb] [文件加载：57]
[ info ] [ LANG ] D:\phpStudy\WWW\shop\thinkphp\lang\zh-cn.php
[ info ] [ ROUTE ] array (
  'type' => 'module',
  'module' => 
  array (
    0 => '',
    1 => NULL,
    2 => NULL,
  ),
)
[ info ] [ HEADER ] array (
  'cookie' => 'Webstorm-8eca410e=04526ef6-adf0-4d93-bb13-46e3905d1068; pgv_pvi=7221936128; __gads=ID=b1212375c27b912c:T=1586869645:S=ALNI_MZYuTOaaBcDo4BiLlNlOJNjz0Pgfw; UM_distinctid=1717d2942a858c-00f116fb452871-514f291a-1fa400-1717d2942a927b; Hm_lvt_afc2b8bbe5afca7b1c77c05445eadd98=1587091294,1587111279,1587169185,1587266304; CNZZDATA1261742514=504053808-1586942326-http%253A%252F%252Flocalhost%252F%7C1587262752; Hm_lvt_b393d153aeb26b46e9431fabaf0f6190=1588648817; __utma=111872281.1211606754.1591885490.1591885490.1591885490.1; __utmz=111872281.1591885490.1.1.utmcsr=(direct)|utmccn=(direct)|utmcmd=(none); bdshare_firstime=1591885513160; CNZZDATA2467102=cnzz_eid%3D370380495-1591885516-http%253A%252F%252Flocalhost%252F%26ntime%3D1591885516',
  'accept-language' => 'zh-CN,zh;q=0.9',
  'accept-encoding' => 'gzip, deflate, br',
  'referer' => 'http://localhost/',
  'sec-fetch-mode' => 'navigate',
  'sec-fetch-site' => 'same-origin',
  'accept' => 'text/html,application/xhtml+xml,application/xml;q=0.9,image/webp,image/apng,*/*;q=0.8,application/signed-exchange;v=b3',
  'sec-fetch-user' => '?1',
  'user-agent' => 'Mozilla/5.0 (Windows NT 10.0; WOW64) AppleWebKit/537.36 (KHTML, like Gecko) Chrome/78.0.3904.87 Safari/537.36',
  'upgrade-insecure-requests' => '1',
  'connection' => 'close',
  'host' => 'localhost',
)
[ info ] [ PARAM ] array (
)
[ info ] [ DB ] INIT mysql
[ info ] [ RUN ] app\index\controller\Index->index[ D:\phpStudy\WWW\shop\application\index\controller\Index.php ]
[ info ] [ VIEW ] D:\phpStudy\WWW\shop/application/index\view\index\index.htm [ array (
  0 => 'helpCateRes',
  1 => 'shopInfoRes',
  2 => 'navRes',
  3 => 'configs',
  4 => 'cateRes',
  5 => 'show_right',
  6 => 'show_nav',
) ]
[ info ] [ LOG ] INIT File
[ sql ] [ DB ] CONNECT:[ UseTime:0.007037s ] mysql:host=127.0.0.1;dbname=tpshop;charset=utf8
[ sql ] [ SQL ] SHOW COLUMNS FROM `tp_cate` [ RunTime:0.004680s ]
[ sql ] [ SQL ] SELECT * FROM `tp_cate` WHERE  `cate_type` = 3 ORDER BY `id` ASC [ RunTime:0.000794s ]
[ sql ] [ SQL ] SHOW COLUMNS FROM `tp_article` [ RunTime:0.001055s ]
[ sql ] [ SQL ] SELECT * FROM `tp_article` WHERE  `cate_id` = 4 [ RunTime:0.000690s ]
[ sql ] [ SQL ] SELECT * FROM `tp_article` WHERE  `cate_id` = 52 [ RunTime:0.000495s ]
[ sql ] [ SQL ] SELECT * FROM `tp_article` WHERE  `cate_id` = 62 [ RunTime:0.000436s ]
[ sql ] [ SQL ] SELECT * FROM `tp_article` WHERE  `cate_id` = 63 [ RunTime:0.000445s ]
[ sql ] [ SQL ] SELECT `id`,`title` FROM `tp_article` WHERE  `cate_id` = 3 [ RunTime:0.000411s ]
[ sql ] [ SQL ] SHOW COLUMNS FROM `tp_nav` [ RunTime:0.001110s ]
[ sql ] [ SQL ] SELECT * FROM `tp_nav` ORDER BY `sort` DESC [ RunTime:0.000651s ]
[ sql ] [ SQL ] SHOW COLUMNS FROM `tp_conf` [ RunTime:0.001020s ]
[ sql ] [ SQL ] SELECT `ename`,`value` FROM `tp_conf` [ RunTime:0.000419s ]
[ sql ] [ SQL ] SHOW COLUMNS FROM `tp_category` [ RunTime:0.000977s ]
[ sql ] [ SQL ] SELECT * FROM `tp_category` WHERE  `pid` = 0 [ RunTime:0.000470s ]
[ sql ] [ SQL ] SELECT * FROM `tp_category` WHERE  `pid` = 15 [ RunTime:0.000480s ]
[ sql ] [ SQL ] SELECT * FROM `tp_category` WHERE  `pid` = 32 [ RunTime:0.000378s ]
[ sql ] [ SQL ] SELECT * FROM `tp_category` WHERE  `pid` = 37 [ RunTime:0.000506s ]
[ sql ] [ SQL ] SHOW COLUMNS FROM `tp_rec_item` [ RunTime:0.001176s ]
[ sql ] [ SQL ] SELECT * FROM `tp_rec_item` WHERE  `recpos_id` = 4  AND `value_type` = 2 [ RunTime:0.000633s ]
[ sql ] [ SQL ] SELECT * FROM `tp_category` WHERE  `id` = 28  AND `pid` = 0 LIMIT 1 [ RunTime:0.000872s ]
[ sql ] [ SQL ] SELECT * FROM `tp_category` WHERE  `id` = 37  AND `pid` = 0 LIMIT 1 [ RunTime:0.000504s ]
[ sql ] [ SQL ] SELECT * FROM `tp_category` WHERE  `id` = 38  AND `pid` = 0 LIMIT 1 [ RunTime:0.000531s ]
[ sql ] [ SQL ] SELECT * FROM `tp_category` WHERE  `id` = 39  AND `pid` = 0 LIMIT 1 [ RunTime:0.000483s ]
[ sql ] [ SQL ] SELECT * FROM `tp_category` WHERE  `id` = 17  AND `pid` = 0 LIMIT 1 [ RunTime:0.000470s ]
[ sql ] [ SQL ] SELECT * FROM `tp_category` WHERE  `id` = 33  AND `pid` = 0 LIMIT 1 [ RunTime:0.000363s ]
[ sql ] [ SQL ] SELECT * FROM `tp_category` WHERE  `id` = 47  AND `pid` = 0 LIMIT 1 [ RunTime:0.000465s ]
[ sql ] [ SQL ] SELECT * FROM `tp_category` WHERE  `id` = 32  AND `pid` = 0 LIMIT 1 [ RunTime:0.000303s ]
[ sql ] [ SQL ] SELECT * FROM `tp_category` WHERE  `id` = 15  AND `pid` = 0 LIMIT 1 [ RunTime:0.000368s ]
[ sql ] [ SQL ] SELECT * FROM `tp_rec_item` WHERE  `recpos_id` = 4  AND `value_type` = 2 [ RunTime:0.000361s ]
[ sql ] [ SQL ] SELECT * FROM `tp_category` WHERE  `id` = 28  AND `pid` = 37 LIMIT 1 [ RunTime:0.000369s ]
[ sql ] [ SQL ] SELECT * FROM `tp_category` WHERE  `id` = 37  AND `pid` = 37 LIMIT 1 [ RunTime:0.000356s ]
[ sql ] [ SQL ] SELECT * FROM `tp_category` WHERE  `id` = 38  AND `pid` = 37 LIMIT 1 [ RunTime:0.000355s ]
[ sql ] [ SQL ] SELECT * FROM `tp_category` WHERE  `id` = 39  AND `pid` = 37 LIMIT 1 [ RunTime:0.000441s ]
[ sql ] [ SQL ] SELECT * FROM `tp_category` WHERE  `id` = 17  AND `pid` = 37 LIMIT 1 [ RunTime:0.000462s ]
[ sql ] [ SQL ] SELECT * FROM `tp_category` WHERE  `id` = 33  AND `pid` = 37 LIMIT 1 [ RunTime:0.000311s ]
[ sql ] [ SQL ] SELECT * FROM `tp_category` WHERE  `id` = 47  AND `pid` = 37 LIMIT 1 [ RunTime:0.000386s ]
[ sql ] [ SQL ] SELECT * FROM `tp_category` WHERE  `id` = 32  AND `pid` = 37 LIMIT 1 [ RunTime:0.000331s ]
[ sql ] [ SQL ] SELECT * FROM `tp_category` WHERE  `id` = 15  AND `pid` = 37 LIMIT 1 [ RunTime:0.000310s ]
[ sql ] [ SQL ] SELECT `id`,`pid` FROM `tp_category` [ RunTime:0.000353s ]
[ sql ] [ SQL ] SELECT * FROM `tp_rec_item` WHERE  `value_type` = 1  AND `recpos_id` = 6 [ RunTime:0.000297s ]
[ sql ] [ SQL ] SHOW COLUMNS FROM `tp_goods` [ RunTime:0.000781s ]
[ sql ] [ SQL ] SELECT * FROM `tp_goods` WHERE  `category_id` IN (44,45,46,38)  AND `id` IN (15,29,30,31,32,33,34,36) ORDER BY `id` DESC LIMIT 6 [ RunTime:0.000607s ]
[ sql ] [ SQL ] SELECT `id`,`pid` FROM `tp_category` [ RunTime:0.000366s ]
[ sql ] [ SQL ] SELECT * FROM `tp_rec_item` WHERE  `value_type` = 1  AND `recpos_id` = 6 [ RunTime:0.000518s ]
[ sql ] [ SQL ] SELECT * FROM `tp_goods` WHERE  `category_id` IN (40,41,42,43,39)  AND `id` IN (15,29,30,31,32,33,34,36) ORDER BY `id` DESC LIMIT 6 [ RunTime:0.000493s ]
[ sql ] [ SQL ] SELECT `id`,`pid` FROM `tp_category` [ RunTime:0.000332s ]
[ sql ] [ SQL ] SELECT * FROM `tp_rec_item` WHERE  `value_type` = 1  AND `recpos_id` = 3 [ RunTime:0.000281s ]
[ sql ] [ SQL ] SELECT * FROM `tp_goods` WHERE  `category_id` IN (38,44,45,46,39,40,41,42,43,37)  AND `id` IN (17,20,21,22,23,24,25,26,27,7,28,29,30,31,35) ORDER BY `id` DESC LIMIT 6 [ RunTime:0.000486s ]
[ sql ] [ SQL ] SELECT * FROM `tp_rec_item` WHERE  `recpos_id` = 4  AND `value_type` = 2 [ RunTime:0.000367s ]
[ sql ] [ SQL ] SELECT * FROM `tp_category` WHERE  `id` = 28  AND `pid` = 32 LIMIT 1 [ RunTime:0.000423s ]
[ sql ] [ SQL ] SELECT * FROM `tp_category` WHERE  `id` = 37  AND `pid` = 32 LIMIT 1 [ RunTime:0.000476s ]
[ sql ] [ SQL ] SELECT * FROM `tp_category` WHERE  `id` = 38  AND `pid` = 32 LIMIT 1 [ RunTime:0.000537s ]
[ sql ] [ SQL ] SELECT * FROM `tp_category` WHERE  `id` = 39  AND `pid` = 32 LIMIT 1 [ RunTime:0.000399s ]
[ sql ] [ SQL ] SELECT * FROM `tp_category` WHERE  `id` = 17  AND `pid` = 32 LIMIT 1 [ RunTime:0.000338s ]
[ sql ] [ SQL ] SELECT * FROM `tp_category` WHERE  `id` = 33  AND `pid` = 32 LIMIT 1 [ RunTime:0.000399s ]
[ sql ] [ SQL ] SELECT * FROM `tp_category` WHERE  `id` = 47  AND `pid` = 32 LIMIT 1 [ RunTime:0.000308s ]
[ sql ] [ SQL ] SELECT * FROM `tp_category` WHERE  `id` = 32  AND `pid` = 32 LIMIT 1 [ RunTime:0.000285s ]
[ sql ] [ SQL ] SELECT * FROM `tp_category` WHERE  `id` = 15  AND `pid` = 32 LIMIT 1 [ RunTime:0.000262s ]
[ sql ] [ SQL ] SELECT `id`,`pid` FROM `tp_category` [ RunTime:0.000278s ]
[ sql ] [ SQL ] SELECT * FROM `tp_rec_item` WHERE  `value_type` = 1  AND `recpos_id` = 6 [ RunTime:0.000286s ]
[ sql ] [ SQL ] SELECT * FROM `tp_goods` WHERE  `category_id` IN (34,35,36,33)  AND `id` IN (15,29,30,31,32,33,34,36) ORDER BY `id` DESC LIMIT 6 [ RunTime:0.000382s ]
[ sql ] [ SQL ] SELECT `id`,`pid` FROM `tp_category` [ RunTime:0.000278s ]
[ sql ] [ SQL ] SELECT * FROM `tp_rec_item` WHERE  `value_type` = 1  AND `recpos_id` = 6 [ RunTime:0.000250s ]
[ sql ] [ SQL ] SELECT * FROM `tp_goods` WHERE  `category_id` IN (48,49,50,47)  AND `id` IN (15,29,30,31,32,33,34,36) ORDER BY `id` DESC LIMIT 6 [ RunTime:0.000386s ]
[ sql ] [ SQL ] SELECT `id`,`pid` FROM `tp_category` [ RunTime:0.000280s ]
[ sql ] [ SQL ] SELECT * FROM `tp_rec_item` WHERE  `value_type` = 1  AND `recpos_id` = 3 [ RunTime:0.000337s ]
[ sql ] [ SQL ] SELECT * FROM `tp_goods` WHERE  `category_id` IN (33,34,35,36,47,48,49,50,32)  AND `id` IN (17,20,21,22,23,24,25,26,27,7,28,29,30,31,35) ORDER BY `id` DESC LIMIT 6 [ RunTime:0.000537s ]
[ sql ] [ SQL ] SELECT * FROM `tp_rec_item` WHERE  `recpos_id` = 4  AND `value_type` = 2 [ RunTime:0.000350s ]
[ sql ] [ SQL ] SELECT * FROM `tp_category` WHERE  `id` = 28  AND `pid` = 15 LIMIT 1 [ RunTime:0.000304s ]
[ sql ] [ SQL ] SELECT * FROM `tp_category` WHERE  `id` = 37  AND `pid` = 15 LIMIT 1 [ RunTime:0.000286s ]
[ sql ] [ SQL ] SELECT * FROM `tp_category` WHERE  `id` = 38  AND `pid` = 15 LIMIT 1 [ RunTime:0.000279s ]
[ sql ] [ SQL ] SELECT * FROM `tp_category` WHERE  `id` = 39  AND `pid` = 15 LIMIT 1 [ RunTime:0.000276s ]
[ sql ] [ SQL ] SELECT * FROM `tp_category` WHERE  `id` = 17  AND `pid` = 15 LIMIT 1 [ RunTime:0.000263s ]
[ sql ] [ SQL ] SELECT * FROM `tp_category` WHERE  `id` = 33  AND `pid` = 15 LIMIT 1 [ RunTime:0.000247s ]
[ sql ] [ SQL ] SELECT * FROM `tp_category` WHERE  `id` = 47  AND `pid` = 15 LIMIT 1 [ RunTime:0.000251s ]
[ sql ] [ SQL ] SELECT * FROM `tp_category` WHERE  `id` = 32  AND `pid` = 15 LIMIT 1 [ RunTime:0.000362s ]
[ sql ] [ SQL ] SELECT * FROM `tp_category` WHERE  `id` = 15  AND `pid` = 15 LIMIT 1 [ RunTime:0.000302s ]
[ sql ] [ SQL ] SELECT `id`,`pid` FROM `tp_category` [ RunTime:0.000394s ]
[ sql ] [ SQL ] SELECT * FROM `tp_rec_item` WHERE  `value_type` = 1  AND `recpos_id` = 6 [ RunTime:0.000533s ]
[ sql ] [ SQL ] SELECT * FROM `tp_goods` WHERE  `category_id` IN (29,30,31,28)  AND `id` IN (15,29,30,31,32,33,34,36) ORDER BY `id` DESC LIMIT 6 [ RunTime:0.000522s ]
[ sql ] [ SQL ] SELECT `id`,`pid` FROM `tp_category` [ RunTime:0.000363s ]
[ sql ] [ SQL ] SELECT * FROM `tp_rec_item` WHERE  `value_type` = 1  AND `recpos_id` = 6 [ RunTime:0.000375s ]
[ sql ] [ SQL ] SELECT * FROM `tp_goods` WHERE  `category_id` IN (25,26,27,17)  AND `id` IN (15,29,30,31,32,33,34,36) ORDER BY `id` DESC LIMIT 6 [ RunTime:0.000493s ]
[ sql ] [ SQL ] SELECT `id`,`pid` FROM `tp_category` [ RunTime:0.000295s ]
[ sql ] [ SQL ] SELECT * FROM `tp_rec_item` WHERE  `value_type` = 1  AND `recpos_id` = 3 [ RunTime:0.000256s ]
[ sql ] [ SQL ] SELECT * FROM `tp_goods` WHERE  `category_id` IN (16,18,19,20,21,22,23,24,17,25,26,27,28,29,30,31,15)  AND `id` IN (17,20,21,22,23,24,25,26,27,7,28,29,30,31,35) ORDER BY `id` DESC LIMIT 6 [ RunTime:0.000475s ]
